<testsuites id="" name="" tests="615" failures="387" skipped="5" errors="0" time="1031.996897">
<testsuite name="auth.test.ts" timestamp="2025-09-10T03:45:18.181Z" hostname="chromium" tests="6" failures="0" skipped="0" time="63.755" errors="0">
<testcase name="Authentication › should successfully login with valid credentials" classname="auth.test.ts" time="9.993">
</testcase>
<testcase name="Authentication › should show error with invalid credentials" classname="auth.test.ts" time="7.937">
</testcase>
<testcase name="Authentication › should successfully logout" classname="auth.test.ts" time="14.257">
</testcase>
<testcase name="Authentication › should allow access to public notes without login" classname="auth.test.ts" time="4.913">
</testcase>
<testcase name="Authentication › should persist login state across page navigation" classname="auth.test.ts" time="17.063">
</testcase>
<testcase name="Authentication › should handle login form validation" classname="auth.test.ts" time="9.592">
</testcase>
</testsuite>
<testsuite name="notes-comprehensive.test.ts" timestamp="2025-09-10T03:45:18.181Z" hostname="chromium" tests="10" failures="0" skipped="0" time="178.248" errors="0">
<testcase name="Notes Management - Comprehensive › should display notes list page" classname="notes-comprehensive.test.ts" time="12.315">
<system-out>
<![CDATA[✅ Notes list page displayed correctly
]]>
</system-out>
</testcase>
<testcase name="Notes Management - Comprehensive › should create a new note" classname="notes-comprehensive.test.ts" time="14.544">
<system-out>
<![CDATA[✅ Note created successfully
]]>
</system-out>
</testcase>
<testcase name="Notes Management - Comprehensive › should view note details" classname="notes-comprehensive.test.ts" time="11.682">
<system-out>
<![CDATA[✅ Note details viewed successfully
]]>
</system-out>
</testcase>
<testcase name="Notes Management - Comprehensive › should edit an existing note" classname="notes-comprehensive.test.ts" time="16.718">
<system-out>
<![CDATA[ℹ️ Edit link not available
]]>
</system-out>
</testcase>
<testcase name="Notes Management - Comprehensive › should delete a note" classname="notes-comprehensive.test.ts" time="16.357">
<system-out>
<![CDATA[ℹ️ Delete button not available
]]>
</system-out>
</testcase>
<testcase name="Notes Management - Comprehensive › should handle multiple notes" classname="notes-comprehensive.test.ts" time="32.285">
<system-out>
<![CDATA[✅ Created 3 notes. Total: 18
]]>
</system-out>
</testcase>
<testcase name="Notes Management - Comprehensive › should validate note form" classname="notes-comprehensive.test.ts" time="20.557">
<system-out>
<![CDATA[✅ Form validation works correctly
]]>
</system-out>
</testcase>
<testcase name="Notes Management - Comprehensive › should search/filter notes" classname="notes-comprehensive.test.ts" time="17.102">
<system-out>
<![CDATA[✅ Search found 18 matching notes
]]>
</system-out>
</testcase>
<testcase name="Notes Management - Comprehensive › should handle note permissions" classname="notes-comprehensive.test.ts" time="17.203">
<system-out>
<![CDATA[✅ Note permissions: { canCreate: [33mtrue[39m, canEdit: [33mfalse[39m, canDelete: [33mfalse[39m }
]]>
</system-out>
</testcase>
<testcase name="Notes Management - Comprehensive › should handle long note content" classname="notes-comprehensive.test.ts" time="19.485">
<system-out>
<![CDATA[✅ Long content handled successfully
]]>
</system-out>
</testcase>
</testsuite>
<testsuite name="notes-debug.test.ts" timestamp="2025-09-10T03:45:18.181Z" hostname="chromium" tests="1" failures="0" skipped="0" time="24.004" errors="0">
<testcase name="Notes Debug › debug note creation" classname="notes-debug.test.ts" time="24.004">
<system-out>
<![CDATA[On notes page: http://localhost:3000/users/kody/notes
On new note page: http://localhost:3000/users/kody/notes/new
Found inputs: [33m1[39m
Found textareas: [33m2[39m
Found title input with selector: input[name="title"]
Found content textarea with selector: textarea[name="content"]
Found submit button
After submit URL: http://localhost:3000/users/kody/notes/new
Page contains "Test Note Title": [33mfalse[39m
]]>
</system-out>
</testcase>
</testsuite>
<testsuite name="notes-simple.test.ts" timestamp="2025-09-10T03:45:18.181Z" hostname="chromium" tests="6" failures="0" skipped="0" time="79.73" errors="0">
<testcase name="Notes Tests - Simple › can view public notes without login" classname="notes-simple.test.ts" time="6.633">
</testcase>
<testcase name="Notes Tests - Simple › can view individual note" classname="notes-simple.test.ts" time="8.684">
</testcase>
<testcase name="Notes Tests - Simple › requires login to create notes" classname="notes-simple.test.ts" time="5.327">
</testcase>
<testcase name="Notes Tests - Simple › can access note creation when logged in" classname="notes-simple.test.ts" time="25.857">
</testcase>
<testcase name="Notes Tests - Simple › validates note creation form" classname="notes-simple.test.ts" time="24.936">
</testcase>
<testcase name="Notes Tests - Simple › can search notes" classname="notes-simple.test.ts" time="8.293">
</testcase>
</testsuite>
<testsuite name="notes.test.ts" timestamp="2025-09-10T03:45:18.181Z" hostname="chromium" tests="6" failures="3" skipped="0" time="171.2" errors="0">
<testcase name="Notes Management › should allow users to create notes" classname="notes.test.ts" time="32.822">
<failure message="notes.test.ts:7:3 should allow users to create notes" type="FAILURE">
<![CDATA[  [chromium] › notes.test.ts:7:3 › Notes Management › should allow users to create notes ───────────

    Test timeout of 30000ms exceeded.

    attachment #1: screenshot (image/png) ──────────────────────────────────────────────────────────
    ..\..\..\test-results\notes-Notes-Management-should-allow-users-to-create-notes-chromium\test-failed-1.png
    ────────────────────────────────────────────────────────────────────────────────────────────────

    attachment #2: video (video/webm) ──────────────────────────────────────────────────────────────
    ..\..\..\test-results\notes-Notes-Management-should-allow-users-to-create-notes-chromium\video.webm
    ────────────────────────────────────────────────────────────────────────────────────────────────

    Error Context: ..\..\..\test-results\notes-Notes-Management-should-allow-users-to-create-notes-chromium\error-context.md
]]>
</failure>
<system-out>
<![CDATA[
[[ATTACHMENT|..\..\..\test-results\notes-Notes-Management-should-allow-users-to-create-notes-chromium\test-failed-1.png]]

[[ATTACHMENT|..\..\..\test-results\notes-Notes-Management-should-allow-users-to-create-notes-chromium\video.webm]]

[[ATTACHMENT|..\..\..\test-results\notes-Notes-Management-should-allow-users-to-create-notes-chromium\error-context.md]]
]]>
</system-out>
</testcase>
<testcase name="Notes Management › should allow users to edit notes" classname="notes.test.ts" time="33.384">
<failure message="notes.test.ts:34:3 should allow users to edit notes" type="FAILURE">
<![CDATA[  [chromium] › notes.test.ts:34:3 › Notes Management › should allow users to edit notes ────────────

    Test timeout of 30000ms exceeded.

    Error: page.waitForTimeout: Target page, context or browser has been closed

      54 |     
      55 |     // Wait for redirect to note view
    > 56 |     await page.waitForTimeout(2000) // Give it time to save
         |                ^
      57 |     
      58 |     // Verify update - check if we're no longer on edit page
      59 |     const currentUrl = page.url()
        at C:\Users\Angelo A. Dela Cruz\Desktop\Week 4\epic-stack-main-Copy\tests\playwright-parallel\specs\notes.test.ts:56:16

    attachment #1: screenshot (image/png) ──────────────────────────────────────────────────────────
    ..\..\..\test-results\notes-Notes-Management-should-allow-users-to-edit-notes-chromium\test-failed-1.png
    ────────────────────────────────────────────────────────────────────────────────────────────────

    attachment #2: video (video/webm) ──────────────────────────────────────────────────────────────
    ..\..\..\test-results\notes-Notes-Management-should-allow-users-to-edit-notes-chromium\video.webm
    ────────────────────────────────────────────────────────────────────────────────────────────────

    Error Context: ..\..\..\test-results\notes-Notes-Management-should-allow-users-to-edit-notes-chromium\error-context.md
]]>
</failure>
<system-out>
<![CDATA[
[[ATTACHMENT|..\..\..\test-results\notes-Notes-Management-should-allow-users-to-edit-notes-chromium\test-failed-1.png]]

[[ATTACHMENT|..\..\..\test-results\notes-Notes-Management-should-allow-users-to-edit-notes-chromium\video.webm]]

[[ATTACHMENT|..\..\..\test-results\notes-Notes-Management-should-allow-users-to-edit-notes-chromium\error-context.md]]
]]>
</system-out>
</testcase>
<testcase name="Notes Management › should allow users to delete notes" classname="notes.test.ts" time="28.746">
<failure message="notes.test.ts:66:1 should allow users to delete notes" type="FAILURE">
<![CDATA[  [chromium] › notes.test.ts:66:1 › Notes Management › should allow users to delete notes ──────────

    Error: expect(locator).toHaveCount(expected) failed

    Locator:  locator('a:has-text("Note to Delete")')
    Expected: 1
    Received: 0
    Timeout:  5000ms

    Call log:
      - Expect "toHaveCount" with timeout 5000ms
      - waiting for locator('a:has-text("Note to Delete")')
        8 × locator resolved to 0 elements
          - unexpected value "0"


      71 |   // Ensure the note exists before deleting
      72 |   const note = page.locator('a:has-text("Note to Delete")');
    > 73 |   await expect(note).toHaveCount(1);
         |                      ^
      74 |
      75 |   // Click the note to go to its page
      76 |   await note.click();
        at C:\Users\Angelo A. Dela Cruz\Desktop\Week 4\epic-stack-main-Copy\tests\playwright-parallel\specs\notes.test.ts:73:22

    attachment #1: screenshot (image/png) ──────────────────────────────────────────────────────────
    ..\..\..\test-results\notes-Notes-Management-should-allow-users-to-delete-notes-chromium\test-failed-1.png
    ────────────────────────────────────────────────────────────────────────────────────────────────

    attachment #2: video (video/webm) ──────────────────────────────────────────────────────────────
    ..\..\..\test-results\notes-Notes-Management-should-allow-users-to-delete-notes-chromium\video.webm
    ────────────────────────────────────────────────────────────────────────────────────────────────

    Error Context: ..\..\..\test-results\notes-Notes-Management-should-allow-users-to-delete-notes-chromium\error-context.md
]]>
</failure>
<system-out>
<![CDATA[
[[ATTACHMENT|..\..\..\test-results\notes-Notes-Management-should-allow-users-to-delete-notes-chromium\test-failed-1.png]]

[[ATTACHMENT|..\..\..\test-results\notes-Notes-Management-should-allow-users-to-delete-notes-chromium\video.webm]]

[[ATTACHMENT|..\..\..\test-results\notes-Notes-Management-should-allow-users-to-delete-notes-chromium\error-context.md]]
]]>
</system-out>
</testcase>
<testcase name="Notes Management › should validate required fields when creating a note" classname="notes.test.ts" time="24.263">
</testcase>
<testcase name="Notes Management › should search and filter notes" classname="notes.test.ts" time="24.247">
</testcase>
<testcase name="Notes Management › should handle long note content gracefully" classname="notes.test.ts" time="27.738">
</testcase>
</testsuite>
<testsuite name="projects-fixed.test.ts" timestamp="2025-09-10T03:45:18.181Z" hostname="chromium" tests="5" failures="0" skipped="0" time="80.033" errors="0">
<testcase name="Projects Management - Fixed › should access projects page when authenticated" classname="projects-fixed.test.ts" time="20.785">
<system-out>
<![CDATA[✅ Projects page accessible
]]>
</system-out>
</testcase>
<testcase name="Projects Management - Fixed › should redirect to login when not authenticated" classname="projects-fixed.test.ts" time="18.657">
<system-out>
<![CDATA[✅ Authentication required for projects
]]>
</system-out>
</testcase>
<testcase name="Projects Management - Fixed › should handle project creation form" classname="projects-fixed.test.ts" time="14.852">
<system-out>
<![CDATA[✅ Project form submitted
]]>
</system-out>
</testcase>
<testcase name="Projects Management - Fixed › should display project list or empty state" classname="projects-fixed.test.ts" time="12.876">
<system-out>
<![CDATA[✅ Projects page displays content correctly
]]>
</system-out>
</testcase>
<testcase name="Projects Management - Fixed › should have search functionality" classname="projects-fixed.test.ts" time="12.863">
<system-out>
<![CDATA[✅ Search functionality available
]]>
</system-out>
</testcase>
</testsuite>
<testsuite name="projects-simple.test.ts" timestamp="2025-09-10T03:45:18.181Z" hostname="chromium" tests="8" failures="0" skipped="0" time="90.279" errors="0">
<testcase name="Projects Tests - Simple › requires authentication to access projects" classname="projects-simple.test.ts" time="6.183">
</testcase>
<testcase name="Projects Tests - Simple › allows logged in users to view projects page" classname="projects-simple.test.ts" time="13.587">
</testcase>
<testcase name="Projects Tests - Simple › shows project form fields" classname="projects-simple.test.ts" time="12.706">
</testcase>
<testcase name="Projects Tests - Simple › validates required fields" classname="projects-simple.test.ts" time="11.205">
</testcase>
<testcase name="Projects Tests - Simple › can fill project form" classname="projects-simple.test.ts" time="12.413">
</testcase>
<testcase name="Projects Tests - Simple › displays project content or form" classname="projects-simple.test.ts" time="11.972">
</testcase>
<testcase name="Projects Tests - Simple › has search functionality" classname="projects-simple.test.ts" time="11.367">
</testcase>
<testcase name="Projects Tests - Simple › has proper page structure" classname="projects-simple.test.ts" time="10.846">
</testcase>
</testsuite>
<testsuite name="projects.test.ts" timestamp="2025-09-10T03:45:18.181Z" hostname="chromium" tests="9" failures="1" skipped="2" time="95.596" errors="0">
<testcase name="Projects Management › should require authentication to access projects" classname="projects.test.ts" time="4.335">
</testcase>
<testcase name="Projects Management › should allow logged in users to view projects page" classname="projects.test.ts" time="6.806">
</testcase>
<testcase name="Projects Management › should allow users to create a new project" classname="projects.test.ts" time="11.37">
</testcase>
<testcase name="Projects Management › should validate required fields when creating a project" classname="projects.test.ts" time="10.004">
</testcase>
<testcase name="Projects Management › should allow users to edit an existing project" classname="projects.test.ts" time="9.323">
<properties>
<property name="skip" value="">
</property>
</properties>
<skipped>
</skipped>
</testcase>
<testcase name="Projects Management › should allow users to delete a project" classname="projects.test.ts" time="11.169">
<properties>
<property name="skip" value="">
</property>
</properties>
<skipped>
</skipped>
</testcase>
<testcase name="Projects Management › should display empty state when no projects exist" classname="projects.test.ts" time="13.562">
</testcase>
<testcase name="Projects Management › should handle project search/filter" classname="projects.test.ts" time="11.609">
</testcase>
<testcase name="Projects Management › should handle concurrent project operations" classname="projects.test.ts" time="17.418">
<failure message="projects.test.ts:231:3 should handle concurrent project operations" type="FAILURE">
<![CDATA[  [chromium] › projects.test.ts:231:3 › Projects Management › should handle concurrent project operations 

    Error: expect(locator).toBeVisible() failed

    Locator:  locator('text=Playwright Concurrent Test 2 1757476118785')
    Expected: visible
    Received: <element(s) not found>
    Timeout:  5000ms

    Call log:
      - Expect "toBeVisible" with timeout 5000ms
      - waiting for locator('text=Playwright Concurrent Test 2 1757476118785')


      253 |     // Verify both projects were created
      254 |     for (const name of projectNames) {
    > 255 |       await expect(page.locator(`text=${name}`)).toBeVisible({ timeout: 5000 })
          |                                                  ^
      256 |     }
      257 |   })
      258 | })
        at C:\Users\Angelo A. Dela Cruz\Desktop\Week 4\epic-stack-main-Copy\tests\playwright-parallel\specs\projects.test.ts:255:50

    attachment #1: screenshot (image/png) ──────────────────────────────────────────────────────────
    ..\..\..\test-results\projects-Projects-Manageme-aada8-ncurrent-project-operations-chromium\test-failed-1.png
    ────────────────────────────────────────────────────────────────────────────────────────────────

    attachment #2: video (video/webm) ──────────────────────────────────────────────────────────────
    ..\..\..\test-results\projects-Projects-Manageme-aada8-ncurrent-project-operations-chromium\video.webm
    ────────────────────────────────────────────────────────────────────────────────────────────────

    Error Context: ..\..\..\test-results\projects-Projects-Manageme-aada8-ncurrent-project-operations-chromium\error-context.md
]]>
</failure>
<system-out>
<![CDATA[
[[ATTACHMENT|..\..\..\test-results\projects-Projects-Manageme-aada8-ncurrent-project-operations-chromium\test-failed-1.png]]

[[ATTACHMENT|..\..\..\test-results\projects-Projects-Manageme-aada8-ncurrent-project-operations-chromium\video.webm]]

[[ATTACHMENT|..\..\..\test-results\projects-Projects-Manageme-aada8-ncurrent-project-operations-chromium\error-context.md]]
]]>
</system-out>
</testcase>
</testsuite>
<testsuite name="roles-assignment-basic.test.ts" timestamp="2025-09-10T03:45:18.181Z" hostname="chromium" tests="10" failures="0" skipped="0" time="117.523" errors="0">
<testcase name="Roles and Permissions Basic Tests › should require authentication for protected routes" classname="roles-assignment-basic.test.ts" time="9.397">
<system-out>
<![CDATA[✅ Route /users/kody/notes/new requires authentication
✅ Route /projects requires authentication
✅ Route /timesheets requires authentication
]]>
</system-out>
</testcase>
<testcase name="Roles and Permissions Basic Tests › should allow authenticated access to resources" classname="roles-assignment-basic.test.ts" time="12.765">
<system-out>
<![CDATA[✅ Authenticated access to /users/kody
✅ Authenticated access to /users/kody/notes
✅ Authenticated access to /projects
]]>
</system-out>
</testcase>
<testcase name="Roles and Permissions Basic Tests › should show appropriate CRUD permissions for notes" classname="roles-assignment-basic.test.ts" time="7.944">
<system-out>
<![CDATA[✅ Notes page has 21 notes, can create: true
]]>
</system-out>
</testcase>
<testcase name="Roles and Permissions Basic Tests › should handle project permissions correctly" classname="roles-assignment-basic.test.ts" time="10.279">
<system-out>
<![CDATA[✅ Project permissions: { view: [33mtrue[39m, create: [33mtrue[39m, hasProjects: [33mtrue[39m }
]]>
</system-out>
</testcase>
<testcase name="Roles and Permissions Basic Tests › should handle timesheet permissions correctly" classname="roles-assignment-basic.test.ts" time="17.637">
<system-out>
<![CDATA[✅ Timesheet permissions: { view: [33mtrue[39m, hasGrid: [33mtrue[39m, canAdd: [33mtrue[39m }
]]>
</system-out>
</testcase>
<testcase name="Roles and Permissions Basic Tests › should handle session correctly" classname="roles-assignment-basic.test.ts" time="15.651">
<system-out>
<![CDATA[✅ Session management works correctly
]]>
</system-out>
</testcase>
<testcase name="Roles and Permissions Basic Tests › should prevent unauthorized API access" classname="roles-assignment-basic.test.ts" time="1.114">
<system-out>
<![CDATA[✅ Unauthorized API access returns 404
]]>
</system-out>
</testcase>
<testcase name="Roles and Permissions Basic Tests › should show correct UI for authenticated user" classname="roles-assignment-basic.test.ts" time="13.223">
<system-out>
<![CDATA[✅ User UI elements: { username: [33m1[39m, userMenu: [33mtrue[39m, logoutForm: [33mfalse[39m }
]]>
</system-out>
</testcase>
<testcase name="Roles and Permissions Basic Tests › should handle cross-user access appropriately" classname="roles-assignment-basic.test.ts" time="11.842">
<system-out>
<![CDATA[✅ Cross-user access handled appropriately
]]>
</system-out>
</testcase>
<testcase name="Roles and Permissions Basic Tests › should create and manage notes with proper permissions" classname="roles-assignment-basic.test.ts" time="17.671">
<system-out>
<![CDATA[✅ Successfully created note with proper permissions
]]>
</system-out>
</testcase>
</testsuite>
<testsuite name="roles-assignment-fixed.test.ts" timestamp="2025-09-10T03:45:18.181Z" hostname="chromium" tests="12" failures="1" skipped="0" time="117.583" errors="0">
<testcase name="Roles and Assignment Tests - Fixed › should enforce authentication on protected routes" classname="roles-assignment-fixed.test.ts" time="3.097">
<failure message="roles-assignment-fixed.test.ts:7:3 should enforce authentication on protected routes" type="FAILURE">
<![CDATA[  [chromium] › roles-assignment-fixed.test.ts:7:3 › Roles and Assignment Tests - Fixed › should enforce authentication on protected routes 

    Error: expect(received).toBe(expected) // Object.is equality

    Expected: "/login"
    Received: "/users/kody/notes"

      21 |       await page.goto(`${BASE_URL}${route}`)
      22 |       const url = new URL(page.url())
    > 23 |       expect(url.pathname).toBe('/login')
         |                            ^
      24 |     }
      25 |     
      26 |     await context.close()
        at C:\Users\Angelo A. Dela Cruz\Desktop\Week 4\epic-stack-main-Copy\tests\playwright-parallel\specs\roles-assignment-fixed.test.ts:23:28

    attachment #1: screenshot (image/png) ──────────────────────────────────────────────────────────
    ..\..\..\test-results\roles-assignment-fixed-Rol-9d300-ication-on-protected-routes-chromium\test-failed-1.png
    ────────────────────────────────────────────────────────────────────────────────────────────────

    Error Context: ..\..\..\test-results\roles-assignment-fixed-Rol-9d300-ication-on-protected-routes-chromium\error-context.md
]]>
</failure>
<system-out>
<![CDATA[
[[ATTACHMENT|..\..\..\test-results\roles-assignment-fixed-Rol-9d300-ication-on-protected-routes-chromium\test-failed-1.png]]

[[ATTACHMENT|..\..\..\test-results\roles-assignment-fixed-Rol-9d300-ication-on-protected-routes-chromium\error-context.md]]
]]>
</system-out>
</testcase>
<testcase name="Roles and Assignment Tests - Fixed › should allow access to own resources" classname="roles-assignment-fixed.test.ts" time="11.987">
<system-out>
<![CDATA[✅ User can access own resources
]]>
</system-out>
</testcase>
<testcase name="Roles and Assignment Tests - Fixed › should show appropriate actions based on permissions" classname="roles-assignment-fixed.test.ts" time="13.369">
<system-out>
<![CDATA[✅ User permissions: { create: [33mtrue[39m, edit: [33mfalse[39m, delete: [33mfalse[39m }
]]>
</system-out>
</testcase>
<testcase name="Roles and Assignment Tests - Fixed › should handle project permissions" classname="roles-assignment-fixed.test.ts" time="13.07">
<system-out>
<![CDATA[✅ Project permissions: { canCreate: [33mtrue[39m, editButtons: [33m2[39m, deleteButtons: [33m2[39m }
]]>
</system-out>
</testcase>
<testcase name="Roles and Assignment Tests - Fixed › should handle timesheet permissions" classname="roles-assignment-fixed.test.ts" time="13.796">
<system-out>
<![CDATA[✅ Timesheet permissions: { add: [33mtrue[39m, edit: [33mfalse[39m, delete: [33mfalse[39m }
]]>
</system-out>
</testcase>
<testcase name="Roles and Assignment Tests - Fixed › should not show admin features to regular users" classname="roles-assignment-fixed.test.ts" time="14.44">
<system-out>
<![CDATA[✅ Admin features hidden from regular users
]]>
</system-out>
</testcase>
<testcase name="Roles and Assignment Tests - Fixed › should maintain session across navigation" classname="roles-assignment-fixed.test.ts" time="17.202">
<system-out>
<![CDATA[✅ Session maintained for /users/kody
✅ Session maintained for /users/kody/notes
✅ Session maintained for /projects
✅ Session maintained for /timesheets
]]>
</system-out>
</testcase>
<testcase name="Roles and Assignment Tests - Fixed › should handle session expiration" classname="roles-assignment-fixed.test.ts" time="7.471">
<system-out>
<![CDATA[✅ Session expiration handled correctly
]]>
</system-out>
</testcase>
<testcase name="Roles and Assignment Tests - Fixed › should validate API access control" classname="roles-assignment-fixed.test.ts" time="2.865">
<system-out>
<![CDATA[✅ API /api/timesheets returns 404
✅ API /api/projects returns 404
✅ API /api/user returns 404
]]>
</system-out>
</testcase>
<testcase name="Roles and Assignment Tests - Fixed › should prevent cross-user data access" classname="roles-assignment-fixed.test.ts" time="4.256">
<system-out>
<![CDATA[✅ Cross-user data access prevented
]]>
</system-out>
</testcase>
<testcase name="Roles and Assignment Tests - Fixed › should show user-specific UI elements" classname="roles-assignment-fixed.test.ts" time="12.435">
<system-out>
<![CDATA[✅ User-specific UI elements displayed
]]>
</system-out>
</testcase>
<testcase name="Roles and Assignment Tests - Fixed › should handle CRUD operations based on ownership" classname="roles-assignment-fixed.test.ts" time="3.595">
<system-out>
<![CDATA[ℹ️ New note link not found
]]>
</system-out>
</testcase>
</testsuite>
<testsuite name="roles-permissions.test.ts" timestamp="2025-09-10T03:45:18.181Z" hostname="chromium" tests="12" failures="0" skipped="0" time="163.973" errors="0">
<testcase name="Roles and Permissions › should restrict admin features to admin users" classname="roles-permissions.test.ts" time="8.956">
</testcase>
<testcase name="Roles and Permissions › should allow different users to have different permissions" classname="roles-permissions.test.ts" time="11.552">
</testcase>
<testcase name="Roles and Permissions › should enforce ownership rules on notes" classname="roles-permissions.test.ts" time="14.191">
</testcase>
<testcase name="Roles and Permissions › should control project access based on permissions" classname="roles-permissions.test.ts" time="10.738">
</testcase>
<testcase name="Roles and Permissions › should enforce timesheet permissions" classname="roles-permissions.test.ts" time="11.829">
</testcase>
<testcase name="Roles and Permissions › should handle unauthorized access gracefully" classname="roles-permissions.test.ts" time="6.273">
</testcase>
<testcase name="Roles and Permissions › should maintain permission consistency across navigation" classname="roles-permissions.test.ts" time="23.047">
</testcase>
<testcase name="Roles and Permissions › should show appropriate UI elements based on user role" classname="roles-permissions.test.ts" time="16.792">
</testcase>
<testcase name="Roles and Permissions › should handle session expiration" classname="roles-permissions.test.ts" time="14.812">
</testcase>
<testcase name="Roles and Permissions › should validate CRUD permissions on resources" classname="roles-permissions.test.ts" time="15.926">
</testcase>
<testcase name="Roles and Permissions › should prevent cross-user data modification" classname="roles-permissions.test.ts" time="13.483">
</testcase>
<testcase name="Roles and Permissions › should apply role-based API access control" classname="roles-permissions.test.ts" time="16.374">
</testcase>
</testsuite>
<testsuite name="timesheets-basic.test.ts" timestamp="2025-09-10T03:45:18.181Z" hostname="chromium" tests="5" failures="0" skipped="0" time="72.474" errors="0">
<testcase name="Timesheets Basic Tests › should require authentication for timesheets" classname="timesheets-basic.test.ts" time="4.964">
<system-out>
<![CDATA[✅ Authentication required for timesheets
]]>
</system-out>
</testcase>
<testcase name="Timesheets Basic Tests › should access timesheets after login" classname="timesheets-basic.test.ts" time="19.29">
<system-out>
<![CDATA[✅ Timesheets page accessible after login
]]>
</system-out>
</testcase>
<testcase name="Timesheets Basic Tests › should check for AG-Grid or timesheet content" classname="timesheets-basic.test.ts" time="20.19">
<system-out>
<![CDATA[✅ Timesheet content found on page
]]>
</system-out>
</testcase>
<testcase name="Timesheets Basic Tests › should look for AG-Grid elements" classname="timesheets-basic.test.ts" time="15.998">
<system-out>
<![CDATA[✅ Found grid element: .ag-root
]]>
</system-out>
</testcase>
<testcase name="Timesheets Basic Tests › should check for timesheet actions" classname="timesheets-basic.test.ts" time="12.032">
<system-out>
<![CDATA[✅ Found action buttons: Add, Create, Delete, Filter
]]>
</system-out>
</testcase>
</testsuite>
<testsuite name="timesheets-fixed.test.ts" timestamp="2025-09-10T03:45:18.181Z" hostname="chromium" tests="8" failures="0" skipped="0" time="116.063" errors="0">
<testcase name="Timesheets Management - Fixed › should access timesheets page when authenticated" classname="timesheets-fixed.test.ts" time="13.162">
<system-out>
<![CDATA[✅ Timesheets page accessible
]]>
</system-out>
</testcase>
<testcase name="Timesheets Management - Fixed › should redirect to login when not authenticated" classname="timesheets-fixed.test.ts" time="16.454">
<system-out>
<![CDATA[✅ Authentication required for timesheets
]]>
</system-out>
</testcase>
<testcase name="Timesheets Management - Fixed › should display AG-Grid with headers" classname="timesheets-fixed.test.ts" time="14.888">
<system-out>
<![CDATA[✅ AG-Grid displayed with 23 headers
]]>
</system-out>
</testcase>
<testcase name="Timesheets Management - Fixed › should have add timesheet functionality" classname="timesheets-fixed.test.ts" time="18.623">
<system-out>
<![CDATA[✅ Add timesheet functionality works
]]>
</system-out>
</testcase>
<testcase name="Timesheets Management - Fixed › should handle row expansion for DTRs" classname="timesheets-fixed.test.ts" time="15.228">
<system-out>
<![CDATA[ℹ️ Expand button not found
]]>
</system-out>
</testcase>
<testcase name="Timesheets Management - Fixed › should display timesheet data or empty state" classname="timesheets-fixed.test.ts" time="12.837">
<system-out>
<![CDATA[✅ Timesheets page displays content correctly
]]>
</system-out>
</testcase>
<testcase name="Timesheets Management - Fixed › should have filter/search functionality" classname="timesheets-fixed.test.ts" time="12.608">
<system-out>
<![CDATA[✅ Filter functionality available
]]>
</system-out>
</testcase>
<testcase name="Timesheets Management - Fixed › should verify single expansion policy" classname="timesheets-fixed.test.ts" time="12.263">
</testcase>
</testsuite>
<testsuite name="timesheets.test.ts" timestamp="2025-09-10T03:45:18.181Z" hostname="chromium" tests="13" failures="0" skipped="0" time="201.83" errors="0">
<testcase name="Timesheet Management › should require authentication to access timesheets" classname="timesheets.test.ts" time="3.21">
</testcase>
<testcase name="Timesheet Management › should display timesheet grid for authenticated users" classname="timesheets.test.ts" time="12.794">
</testcase>
<testcase name="Timesheet Management › should create a new timesheet" classname="timesheets.test.ts" time="15.644">
</testcase>
<testcase name="Timesheet Management › should expand timesheet to show DTRs" classname="timesheets.test.ts" time="13.447">
</testcase>
<testcase name="Timesheet Management › should add DTR to timesheet" classname="timesheets.test.ts" time="13.858">
</testcase>
<testcase name="Timesheet Management › should add timelog to DTR" classname="timesheets.test.ts" time="17.481">
</testcase>
<testcase name="Timesheet Management › should add clock event to timelog" classname="timesheets.test.ts" time="17.507">
</testcase>
<testcase name="Timesheet Management › should edit timesheet details" classname="timesheets.test.ts" time="17.978">
</testcase>
<testcase name="Timesheet Management › should delete clock event" classname="timesheets.test.ts" time="17.297">
</testcase>
<testcase name="Timesheet Management › should handle single expansion policy" classname="timesheets.test.ts" time="17.832">
</testcase>
<testcase name="Timesheet Management › should calculate total hours correctly" classname="timesheets.test.ts" time="17.742">
</testcase>
<testcase name="Timesheet Management › should filter timesheets by employee" classname="timesheets.test.ts" time="18.411">
</testcase>
<testcase name="Timesheet Management › should export timesheet data" classname="timesheets.test.ts" time="18.629">
</testcase>
</testsuite>
<testsuite name="user-search.test.ts" timestamp="2025-09-10T03:45:18.181Z" hostname="chromium" tests="12" failures="0" skipped="0" time="88.005" errors="0">
<testcase name="User Search Functionality › should handle search with no query" classname="user-search.test.ts" time="5.687">
<system-out>
<![CDATA[✅ Users page loads without search query
]]>
</system-out>
</testcase>
<testcase name="User Search Functionality › should search for existing user" classname="user-search.test.ts" time="6.111">
<system-out>
<![CDATA[✅ Search found user: kody
]]>
</system-out>
</testcase>
<testcase name="User Search Functionality › should handle search with no results" classname="user-search.test.ts" time="6.059">
<system-out>
<![CDATA[✅ Search handles no results correctly
]]>
</system-out>
</testcase>
<testcase name="User Search Functionality › should handle partial search terms" classname="user-search.test.ts" time="7.787">
<system-out>
<![CDATA[✅ Partial search 'kod' found kody
✅ Partial search 'ody' found kody
]]>
</system-out>
</testcase>
<testcase name="User Search Functionality › should handle special characters in search" classname="user-search.test.ts" time="12.456">
<system-out>
<![CDATA[✅ Special character search 'user@example' handled
✅ Special character search 'user+test' handled
✅ Special character search 'user#1' handled
✅ Special character search 'user&name' handled
]]>
</system-out>
</testcase>
<testcase name="User Search Functionality › should handle case-insensitive search" classname="user-search.test.ts" time="11.547">
<system-out>
<![CDATA[✅ Case variation 'KODY' found user
✅ Case variation 'Kody' found user
✅ Case variation 'kOdY' found user
✅ Case variation 'kody' found user
]]>
</system-out>
</testcase>
<testcase name="User Search Functionality › should update search via input field if available" classname="user-search.test.ts" time="6.294">
<system-out>
<![CDATA[✅ Search input field works
]]>
</system-out>
</testcase>
<testcase name="User Search Functionality › should handle empty search parameter" classname="user-search.test.ts" time="5.008">
<system-out>
<![CDATA[✅ Empty search parameter handled
]]>
</system-out>
</testcase>
<testcase name="User Search Functionality › should preserve search across navigation" classname="user-search.test.ts" time="9.975">
<system-out>
<![CDATA[✅ Search not preserved after navigation
]]>
</system-out>
</testcase>
<testcase name="User Search Functionality › should handle multiple search parameters" classname="user-search.test.ts" time="4.594">
<system-out>
<![CDATA[✅ Multiple query parameters handled
]]>
</system-out>
</testcase>
<testcase name="User Search Functionality › should handle very long search queries" classname="user-search.test.ts" time="4.492">
<system-out>
<![CDATA[✅ Long search query handled gracefully
]]>
</system-out>
</testcase>
<testcase name="User Search Functionality › should search from homepage if search is available" classname="user-search.test.ts" time="7.995">
<system-out>
<![CDATA[✅ Homepage search works
]]>
</system-out>
</testcase>
</testsuite>
<testsuite name="auth.test.ts" timestamp="2025-09-10T03:45:18.181Z" hostname="firefox" tests="6" failures="6" skipped="0" time="0.066" errors="0">
<testcase name="Authentication › should successfully login with valid credentials" classname="auth.test.ts" time="0.011">
<failure message="auth.test.ts:11:3 should successfully login with valid credentials" type="FAILURE">
<![CDATA[  [firefox] › auth.test.ts:11:3 › Authentication › should successfully login with valid credentials 

    Error: browserType.launch: Executable doesn't exist at C:\Users\Angelo A. Dela Cruz\AppData\Local\ms-playwright\firefox-1490\firefox\firefox.exe
    ╔═════════════════════════════════════════════════════════════════════════╗
    ║ Looks like Playwright Test or Playwright was just installed or updated. ║
    ║ Please run the following command to download new browsers:              ║
    ║                                                                         ║
    ║     npx playwright install                                              ║
    ║                                                                         ║
    ║ <3 Playwright Team                                                      ║
    ╚═════════════════════════════════════════════════════════════════════════╝
]]>
</failure>
</testcase>
<testcase name="Authentication › should show error with invalid credentials" classname="auth.test.ts" time="0.008">
<failure message="auth.test.ts:32:3 should show error with invalid credentials" type="FAILURE">
<![CDATA[  [firefox] › auth.test.ts:32:3 › Authentication › should show error with invalid credentials ──────

    Error: browserType.launch: Executable doesn't exist at C:\Users\Angelo A. Dela Cruz\AppData\Local\ms-playwright\firefox-1490\firefox\firefox.exe
    ╔═════════════════════════════════════════════════════════════════════════╗
    ║ Looks like Playwright Test or Playwright was just installed or updated. ║
    ║ Please run the following command to download new browsers:              ║
    ║                                                                         ║
    ║     npx playwright install                                              ║
    ║                                                                         ║
    ║ <3 Playwright Team                                                      ║
    ╚═════════════════════════════════════════════════════════════════════════╝
]]>
</failure>
</testcase>
<testcase name="Authentication › should successfully logout" classname="auth.test.ts" time="0.013">
<failure message="auth.test.ts:50:3 should successfully logout" type="FAILURE">
<![CDATA[  [firefox] › auth.test.ts:50:3 › Authentication › should successfully logout ──────────────────────

    Error: browserType.launch: Executable doesn't exist at C:\Users\Angelo A. Dela Cruz\AppData\Local\ms-playwright\firefox-1490\firefox\firefox.exe
    ╔═════════════════════════════════════════════════════════════════════════╗
    ║ Looks like Playwright Test or Playwright was just installed or updated. ║
    ║ Please run the following command to download new browsers:              ║
    ║                                                                         ║
    ║     npx playwright install                                              ║
    ║                                                                         ║
    ║ <3 Playwright Team                                                      ║
    ╚═════════════════════════════════════════════════════════════════════════╝
]]>
</failure>
</testcase>
<testcase name="Authentication › should allow access to public notes without login" classname="auth.test.ts" time="0.008">
<failure message="auth.test.ts:75:3 should allow access to public notes without login" type="FAILURE">
<![CDATA[  [firefox] › auth.test.ts:75:3 › Authentication › should allow access to public notes without login 

    Error: browserType.launch: Executable doesn't exist at C:\Users\Angelo A. Dela Cruz\AppData\Local\ms-playwright\firefox-1490\firefox\firefox.exe
    ╔═════════════════════════════════════════════════════════════════════════╗
    ║ Looks like Playwright Test or Playwright was just installed or updated. ║
    ║ Please run the following command to download new browsers:              ║
    ║                                                                         ║
    ║     npx playwright install                                              ║
    ║                                                                         ║
    ║ <3 Playwright Team                                                      ║
    ╚═════════════════════════════════════════════════════════════════════════╝
]]>
</failure>
</testcase>
<testcase name="Authentication › should persist login state across page navigation" classname="auth.test.ts" time="0.013">
<failure message="auth.test.ts:87:3 should persist login state across page navigation" type="FAILURE">
<![CDATA[  [firefox] › auth.test.ts:87:3 › Authentication › should persist login state across page navigation 

    Error: browserType.launch: Executable doesn't exist at C:\Users\Angelo A. Dela Cruz\AppData\Local\ms-playwright\firefox-1490\firefox\firefox.exe
    ╔═════════════════════════════════════════════════════════════════════════╗
    ║ Looks like Playwright Test or Playwright was just installed or updated. ║
    ║ Please run the following command to download new browsers:              ║
    ║                                                                         ║
    ║     npx playwright install                                              ║
    ║                                                                         ║
    ║ <3 Playwright Team                                                      ║
    ╚═════════════════════════════════════════════════════════════════════════╝
]]>
</failure>
</testcase>
<testcase name="Authentication › should handle login form validation" classname="auth.test.ts" time="0.013">
<failure message="auth.test.ts:111:3 should handle login form validation" type="FAILURE">
<![CDATA[  [firefox] › auth.test.ts:111:3 › Authentication › should handle login form validation ────────────

    Error: browserType.launch: Executable doesn't exist at C:\Users\Angelo A. Dela Cruz\AppData\Local\ms-playwright\firefox-1490\firefox\firefox.exe
    ╔═════════════════════════════════════════════════════════════════════════╗
    ║ Looks like Playwright Test or Playwright was just installed or updated. ║
    ║ Please run the following command to download new browsers:              ║
    ║                                                                         ║
    ║     npx playwright install                                              ║
    ║                                                                         ║
    ║ <3 Playwright Team                                                      ║
    ╚═════════════════════════════════════════════════════════════════════════╝
]]>
</failure>
</testcase>
</testsuite>
<testsuite name="notes-comprehensive.test.ts" timestamp="2025-09-10T03:45:18.181Z" hostname="firefox" tests="10" failures="10" skipped="0" time="0.111" errors="0">
<testcase name="Notes Management - Comprehensive › should display notes list page" classname="notes-comprehensive.test.ts" time="0.01">
<failure message="notes-comprehensive.test.ts:20:3 should display notes list page" type="FAILURE">
<![CDATA[  [firefox] › notes-comprehensive.test.ts:20:3 › Notes Management - Comprehensive › should display notes list page 

    Error: browserType.launch: Executable doesn't exist at C:\Users\Angelo A. Dela Cruz\AppData\Local\ms-playwright\firefox-1490\firefox\firefox.exe
    ╔═════════════════════════════════════════════════════════════════════════╗
    ║ Looks like Playwright Test or Playwright was just installed or updated. ║
    ║ Please run the following command to download new browsers:              ║
    ║                                                                         ║
    ║     npx playwright install                                              ║
    ║                                                                         ║
    ║ <3 Playwright Team                                                      ║
    ╚═════════════════════════════════════════════════════════════════════════╝
]]>
</failure>
</testcase>
<testcase name="Notes Management - Comprehensive › should create a new note" classname="notes-comprehensive.test.ts" time="0.009">
<failure message="notes-comprehensive.test.ts:38:3 should create a new note" type="FAILURE">
<![CDATA[  [firefox] › notes-comprehensive.test.ts:38:3 › Notes Management - Comprehensive › should create a new note 

    Error: browserType.launch: Executable doesn't exist at C:\Users\Angelo A. Dela Cruz\AppData\Local\ms-playwright\firefox-1490\firefox\firefox.exe
    ╔═════════════════════════════════════════════════════════════════════════╗
    ║ Looks like Playwright Test or Playwright was just installed or updated. ║
    ║ Please run the following command to download new browsers:              ║
    ║                                                                         ║
    ║     npx playwright install                                              ║
    ║                                                                         ║
    ║ <3 Playwright Team                                                      ║
    ╚═════════════════════════════════════════════════════════════════════════╝
]]>
</failure>
</testcase>
<testcase name="Notes Management - Comprehensive › should view note details" classname="notes-comprehensive.test.ts" time="0.007">
<failure message="notes-comprehensive.test.ts:77:3 should view note details" type="FAILURE">
<![CDATA[  [firefox] › notes-comprehensive.test.ts:77:3 › Notes Management - Comprehensive › should view note details 

    Error: browserType.launch: Executable doesn't exist at C:\Users\Angelo A. Dela Cruz\AppData\Local\ms-playwright\firefox-1490\firefox\firefox.exe
    ╔═════════════════════════════════════════════════════════════════════════╗
    ║ Looks like Playwright Test or Playwright was just installed or updated. ║
    ║ Please run the following command to download new browsers:              ║
    ║                                                                         ║
    ║     npx playwright install                                              ║
    ║                                                                         ║
    ║ <3 Playwright Team                                                      ║
    ╚═════════════════════════════════════════════════════════════════════════╝
]]>
</failure>
</testcase>
<testcase name="Notes Management - Comprehensive › should edit an existing note" classname="notes-comprehensive.test.ts" time="0.009">
<failure message="notes-comprehensive.test.ts:112:3 should edit an existing note" type="FAILURE">
<![CDATA[  [firefox] › notes-comprehensive.test.ts:112:3 › Notes Management - Comprehensive › should edit an existing note 

    Error: browserType.launch: Executable doesn't exist at C:\Users\Angelo A. Dela Cruz\AppData\Local\ms-playwright\firefox-1490\firefox\firefox.exe
    ╔═════════════════════════════════════════════════════════════════════════╗
    ║ Looks like Playwright Test or Playwright was just installed or updated. ║
    ║ Please run the following command to download new browsers:              ║
    ║                                                                         ║
    ║     npx playwright install                                              ║
    ║                                                                         ║
    ║ <3 Playwright Team                                                      ║
    ╚═════════════════════════════════════════════════════════════════════════╝
]]>
</failure>
</testcase>
<testcase name="Notes Management - Comprehensive › should delete a note" classname="notes-comprehensive.test.ts" time="0.008">
<failure message="notes-comprehensive.test.ts:155:3 should delete a note" type="FAILURE">
<![CDATA[  [firefox] › notes-comprehensive.test.ts:155:3 › Notes Management - Comprehensive › should delete a note 

    Error: browserType.launch: Executable doesn't exist at C:\Users\Angelo A. Dela Cruz\AppData\Local\ms-playwright\firefox-1490\firefox\firefox.exe
    ╔═════════════════════════════════════════════════════════════════════════╗
    ║ Looks like Playwright Test or Playwright was just installed or updated. ║
    ║ Please run the following command to download new browsers:              ║
    ║                                                                         ║
    ║     npx playwright install                                              ║
    ║                                                                         ║
    ║ <3 Playwright Team                                                      ║
    ╚═════════════════════════════════════════════════════════════════════════╝
]]>
</failure>
</testcase>
<testcase name="Notes Management - Comprehensive › should handle multiple notes" classname="notes-comprehensive.test.ts" time="0.009">
<failure message="notes-comprehensive.test.ts:190:3 should handle multiple notes" type="FAILURE">
<![CDATA[  [firefox] › notes-comprehensive.test.ts:190:3 › Notes Management - Comprehensive › should handle multiple notes 

    Error: browserType.launch: Executable doesn't exist at C:\Users\Angelo A. Dela Cruz\AppData\Local\ms-playwright\firefox-1490\firefox\firefox.exe
    ╔═════════════════════════════════════════════════════════════════════════╗
    ║ Looks like Playwright Test or Playwright was just installed or updated. ║
    ║ Please run the following command to download new browsers:              ║
    ║                                                                         ║
    ║     npx playwright install                                              ║
    ║                                                                         ║
    ║ <3 Playwright Team                                                      ║
    ╚═════════════════════════════════════════════════════════════════════════╝
]]>
</failure>
</testcase>
<testcase name="Notes Management - Comprehensive › should validate note form" classname="notes-comprehensive.test.ts" time="0.014">
<failure message="notes-comprehensive.test.ts:227:3 should validate note form" type="FAILURE">
<![CDATA[  [firefox] › notes-comprehensive.test.ts:227:3 › Notes Management - Comprehensive › should validate note form 

    Error: browserType.launch: Executable doesn't exist at C:\Users\Angelo A. Dela Cruz\AppData\Local\ms-playwright\firefox-1490\firefox\firefox.exe
    ╔═════════════════════════════════════════════════════════════════════════╗
    ║ Looks like Playwright Test or Playwright was just installed or updated. ║
    ║ Please run the following command to download new browsers:              ║
    ║                                                                         ║
    ║     npx playwright install                                              ║
    ║                                                                         ║
    ║ <3 Playwright Team                                                      ║
    ╚═════════════════════════════════════════════════════════════════════════╝
]]>
</failure>
</testcase>
<testcase name="Notes Management - Comprehensive › should search/filter notes" classname="notes-comprehensive.test.ts" time="0.022">
<failure message="notes-comprehensive.test.ts:261:3 should search/filter notes" type="FAILURE">
<![CDATA[  [firefox] › notes-comprehensive.test.ts:261:3 › Notes Management - Comprehensive › should search/filter notes 

    Error: browserType.launch: Executable doesn't exist at C:\Users\Angelo A. Dela Cruz\AppData\Local\ms-playwright\firefox-1490\firefox\firefox.exe
    ╔═════════════════════════════════════════════════════════════════════════╗
    ║ Looks like Playwright Test or Playwright was just installed or updated. ║
    ║ Please run the following command to download new browsers:              ║
    ║                                                                         ║
    ║     npx playwright install                                              ║
    ║                                                                         ║
    ║ <3 Playwright Team                                                      ║
    ╚═════════════════════════════════════════════════════════════════════════╝
]]>
</failure>
</testcase>
<testcase name="Notes Management - Comprehensive › should handle note permissions" classname="notes-comprehensive.test.ts" time="0.012">
<failure message="notes-comprehensive.test.ts:283:3 should handle note permissions" type="FAILURE">
<![CDATA[  [firefox] › notes-comprehensive.test.ts:283:3 › Notes Management - Comprehensive › should handle note permissions 

    Error: browserType.launch: Executable doesn't exist at C:\Users\Angelo A. Dela Cruz\AppData\Local\ms-playwright\firefox-1490\firefox\firefox.exe
    ╔═════════════════════════════════════════════════════════════════════════╗
    ║ Looks like Playwright Test or Playwright was just installed or updated. ║
    ║ Please run the following command to download new browsers:              ║
    ║                                                                         ║
    ║     npx playwright install                                              ║
    ║                                                                         ║
    ║ <3 Playwright Team                                                      ║
    ╚═════════════════════════════════════════════════════════════════════════╝
]]>
</failure>
</testcase>
<testcase name="Notes Management - Comprehensive › should handle long note content" classname="notes-comprehensive.test.ts" time="0.011">
<failure message="notes-comprehensive.test.ts:306:3 should handle long note content" type="FAILURE">
<![CDATA[  [firefox] › notes-comprehensive.test.ts:306:3 › Notes Management - Comprehensive › should handle long note content 

    Error: browserType.launch: Executable doesn't exist at C:\Users\Angelo A. Dela Cruz\AppData\Local\ms-playwright\firefox-1490\firefox\firefox.exe
    ╔═════════════════════════════════════════════════════════════════════════╗
    ║ Looks like Playwright Test or Playwright was just installed or updated. ║
    ║ Please run the following command to download new browsers:              ║
    ║                                                                         ║
    ║     npx playwright install                                              ║
    ║                                                                         ║
    ║ <3 Playwright Team                                                      ║
    ╚═════════════════════════════════════════════════════════════════════════╝
]]>
</failure>
</testcase>
</testsuite>
<testsuite name="notes-debug.test.ts" timestamp="2025-09-10T03:45:18.181Z" hostname="firefox" tests="1" failures="1" skipped="0" time="0.011" errors="0">
<testcase name="Notes Debug › debug note creation" classname="notes-debug.test.ts" time="0.011">
<failure message="notes-debug.test.ts:4:3 debug note creation" type="FAILURE">
<![CDATA[  [firefox] › notes-debug.test.ts:4:3 › Notes Debug › debug note creation ──────────────────────────

    Error: browserType.launch: Executable doesn't exist at C:\Users\Angelo A. Dela Cruz\AppData\Local\ms-playwright\firefox-1490\firefox\firefox.exe
    ╔═════════════════════════════════════════════════════════════════════════╗
    ║ Looks like Playwright Test or Playwright was just installed or updated. ║
    ║ Please run the following command to download new browsers:              ║
    ║                                                                         ║
    ║     npx playwright install                                              ║
    ║                                                                         ║
    ║ <3 Playwright Team                                                      ║
    ╚═════════════════════════════════════════════════════════════════════════╝
]]>
</failure>
</testcase>
</testsuite>
<testsuite name="notes-simple.test.ts" timestamp="2025-09-10T03:45:18.181Z" hostname="firefox" tests="6" failures="6" skipped="0" time="0.06" errors="0">
<testcase name="Notes Tests - Simple › can view public notes without login" classname="notes-simple.test.ts" time="0.006">
<failure message="notes-simple.test.ts:4:3 can view public notes without login" type="FAILURE">
<![CDATA[  [firefox] › notes-simple.test.ts:4:3 › Notes Tests - Simple › can view public notes without login 

    Error: browserType.launch: Executable doesn't exist at C:\Users\Angelo A. Dela Cruz\AppData\Local\ms-playwright\firefox-1490\firefox\firefox.exe
    ╔═════════════════════════════════════════════════════════════════════════╗
    ║ Looks like Playwright Test or Playwright was just installed or updated. ║
    ║ Please run the following command to download new browsers:              ║
    ║                                                                         ║
    ║     npx playwright install                                              ║
    ║                                                                         ║
    ║ <3 Playwright Team                                                      ║
    ╚═════════════════════════════════════════════════════════════════════════╝
]]>
</failure>
</testcase>
<testcase name="Notes Tests - Simple › can view individual note" classname="notes-simple.test.ts" time="0.007">
<failure message="notes-simple.test.ts:17:3 can view individual note" type="FAILURE">
<![CDATA[  [firefox] › notes-simple.test.ts:17:3 › Notes Tests - Simple › can view individual note ──────────

    Error: browserType.launch: Executable doesn't exist at C:\Users\Angelo A. Dela Cruz\AppData\Local\ms-playwright\firefox-1490\firefox\firefox.exe
    ╔═════════════════════════════════════════════════════════════════════════╗
    ║ Looks like Playwright Test or Playwright was just installed or updated. ║
    ║ Please run the following command to download new browsers:              ║
    ║                                                                         ║
    ║     npx playwright install                                              ║
    ║                                                                         ║
    ║ <3 Playwright Team                                                      ║
    ╚═════════════════════════════════════════════════════════════════════════╝
]]>
</failure>
</testcase>
<testcase name="Notes Tests - Simple › requires login to create notes" classname="notes-simple.test.ts" time="0.015">
<failure message="notes-simple.test.ts:59:3 requires login to create notes" type="FAILURE">
<![CDATA[  [firefox] › notes-simple.test.ts:59:3 › Notes Tests - Simple › requires login to create notes ────

    Error: browserType.launch: Executable doesn't exist at C:\Users\Angelo A. Dela Cruz\AppData\Local\ms-playwright\firefox-1490\firefox\firefox.exe
    ╔═════════════════════════════════════════════════════════════════════════╗
    ║ Looks like Playwright Test or Playwright was just installed or updated. ║
    ║ Please run the following command to download new browsers:              ║
    ║                                                                         ║
    ║     npx playwright install                                              ║
    ║                                                                         ║
    ║ <3 Playwright Team                                                      ║
    ╚═════════════════════════════════════════════════════════════════════════╝
]]>
</failure>
</testcase>
<testcase name="Notes Tests - Simple › can access note creation when logged in" classname="notes-simple.test.ts" time="0.012">
<failure message="notes-simple.test.ts:68:3 can access note creation when logged in" type="FAILURE">
<![CDATA[  [firefox] › notes-simple.test.ts:68:3 › Notes Tests - Simple › can access note creation when logged in 

    Error: browserType.launch: Executable doesn't exist at C:\Users\Angelo A. Dela Cruz\AppData\Local\ms-playwright\firefox-1490\firefox\firefox.exe
    ╔═════════════════════════════════════════════════════════════════════════╗
    ║ Looks like Playwright Test or Playwright was just installed or updated. ║
    ║ Please run the following command to download new browsers:              ║
    ║                                                                         ║
    ║     npx playwright install                                              ║
    ║                                                                         ║
    ║ <3 Playwright Team                                                      ║
    ╚═════════════════════════════════════════════════════════════════════════╝
]]>
</failure>
</testcase>
<testcase name="Notes Tests - Simple › validates note creation form" classname="notes-simple.test.ts" time="0.009">
<failure message="notes-simple.test.ts:85:3 validates note creation form" type="FAILURE">
<![CDATA[  [firefox] › notes-simple.test.ts:85:3 › Notes Tests - Simple › validates note creation form ──────

    Error: browserType.launch: Executable doesn't exist at C:\Users\Angelo A. Dela Cruz\AppData\Local\ms-playwright\firefox-1490\firefox\firefox.exe
    ╔═════════════════════════════════════════════════════════════════════════╗
    ║ Looks like Playwright Test or Playwright was just installed or updated. ║
    ║ Please run the following command to download new browsers:              ║
    ║                                                                         ║
    ║     npx playwright install                                              ║
    ║                                                                         ║
    ║ <3 Playwright Team                                                      ║
    ╚═════════════════════════════════════════════════════════════════════════╝
]]>
</failure>
</testcase>
<testcase name="Notes Tests - Simple › can search notes" classname="notes-simple.test.ts" time="0.011">
<failure message="notes-simple.test.ts:102:3 can search notes" type="FAILURE">
<![CDATA[  [firefox] › notes-simple.test.ts:102:3 › Notes Tests - Simple › can search notes ─────────────────

    Error: browserType.launch: Executable doesn't exist at C:\Users\Angelo A. Dela Cruz\AppData\Local\ms-playwright\firefox-1490\firefox\firefox.exe
    ╔═════════════════════════════════════════════════════════════════════════╗
    ║ Looks like Playwright Test or Playwright was just installed or updated. ║
    ║ Please run the following command to download new browsers:              ║
    ║                                                                         ║
    ║     npx playwright install                                              ║
    ║                                                                         ║
    ║ <3 Playwright Team                                                      ║
    ╚═════════════════════════════════════════════════════════════════════════╝
]]>
</failure>
</testcase>
</testsuite>
<testsuite name="notes.test.ts" timestamp="2025-09-10T03:45:18.181Z" hostname="firefox" tests="6" failures="6" skipped="0" time="0.06" errors="0">
<testcase name="Notes Management › should allow users to create notes" classname="notes.test.ts" time="0.013">
<failure message="notes.test.ts:7:3 should allow users to create notes" type="FAILURE">
<![CDATA[  [firefox] › notes.test.ts:7:3 › Notes Management › should allow users to create notes ────────────

    Error: browserType.launch: Executable doesn't exist at C:\Users\Angelo A. Dela Cruz\AppData\Local\ms-playwright\firefox-1490\firefox\firefox.exe
    ╔═════════════════════════════════════════════════════════════════════════╗
    ║ Looks like Playwright Test or Playwright was just installed or updated. ║
    ║ Please run the following command to download new browsers:              ║
    ║                                                                         ║
    ║     npx playwright install                                              ║
    ║                                                                         ║
    ║ <3 Playwright Team                                                      ║
    ╚═════════════════════════════════════════════════════════════════════════╝
]]>
</failure>
</testcase>
<testcase name="Notes Management › should allow users to edit notes" classname="notes.test.ts" time="0.01">
<failure message="notes.test.ts:34:3 should allow users to edit notes" type="FAILURE">
<![CDATA[  [firefox] › notes.test.ts:34:3 › Notes Management › should allow users to edit notes ─────────────

    Error: browserType.launch: Executable doesn't exist at C:\Users\Angelo A. Dela Cruz\AppData\Local\ms-playwright\firefox-1490\firefox\firefox.exe
    ╔═════════════════════════════════════════════════════════════════════════╗
    ║ Looks like Playwright Test or Playwright was just installed or updated. ║
    ║ Please run the following command to download new browsers:              ║
    ║                                                                         ║
    ║     npx playwright install                                              ║
    ║                                                                         ║
    ║ <3 Playwright Team                                                      ║
    ╚═════════════════════════════════════════════════════════════════════════╝
]]>
</failure>
</testcase>
<testcase name="Notes Management › should allow users to delete notes" classname="notes.test.ts" time="0.007">
<failure message="notes.test.ts:66:1 should allow users to delete notes" type="FAILURE">
<![CDATA[  [firefox] › notes.test.ts:66:1 › Notes Management › should allow users to delete notes ───────────

    Error: browserType.launch: Executable doesn't exist at C:\Users\Angelo A. Dela Cruz\AppData\Local\ms-playwright\firefox-1490\firefox\firefox.exe
    ╔═════════════════════════════════════════════════════════════════════════╗
    ║ Looks like Playwright Test or Playwright was just installed or updated. ║
    ║ Please run the following command to download new browsers:              ║
    ║                                                                         ║
    ║     npx playwright install                                              ║
    ║                                                                         ║
    ║ <3 Playwright Team                                                      ║
    ╚═════════════════════════════════════════════════════════════════════════╝
]]>
</failure>
</testcase>
<testcase name="Notes Management › should validate required fields when creating a note" classname="notes.test.ts" time="0.009">
<failure message="notes.test.ts:89:3 should validate required fields when creating a note" type="FAILURE">
<![CDATA[  [firefox] › notes.test.ts:89:3 › Notes Management › should validate required fields when creating a note 

    Error: browserType.launch: Executable doesn't exist at C:\Users\Angelo A. Dela Cruz\AppData\Local\ms-playwright\firefox-1490\firefox\firefox.exe
    ╔═════════════════════════════════════════════════════════════════════════╗
    ║ Looks like Playwright Test or Playwright was just installed or updated. ║
    ║ Please run the following command to download new browsers:              ║
    ║                                                                         ║
    ║     npx playwright install                                              ║
    ║                                                                         ║
    ║ <3 Playwright Team                                                      ║
    ╚═════════════════════════════════════════════════════════════════════════╝
]]>
</failure>
</testcase>
<testcase name="Notes Management › should search and filter notes" classname="notes.test.ts" time="0.01">
<failure message="notes.test.ts:111:3 should search and filter notes" type="FAILURE">
<![CDATA[  [firefox] › notes.test.ts:111:3 › Notes Management › should search and filter notes ──────────────

    Error: browserType.launch: Executable doesn't exist at C:\Users\Angelo A. Dela Cruz\AppData\Local\ms-playwright\firefox-1490\firefox\firefox.exe
    ╔═════════════════════════════════════════════════════════════════════════╗
    ║ Looks like Playwright Test or Playwright was just installed or updated. ║
    ║ Please run the following command to download new browsers:              ║
    ║                                                                         ║
    ║     npx playwright install                                              ║
    ║                                                                         ║
    ║ <3 Playwright Team                                                      ║
    ╚═════════════════════════════════════════════════════════════════════════╝
]]>
</failure>
</testcase>
<testcase name="Notes Management › should handle long note content gracefully" classname="notes.test.ts" time="0.011">
<failure message="notes.test.ts:137:3 should handle long note content gracefully" type="FAILURE">
<![CDATA[  [firefox] › notes.test.ts:137:3 › Notes Management › should handle long note content gracefully ──

    Error: browserType.launch: Executable doesn't exist at C:\Users\Angelo A. Dela Cruz\AppData\Local\ms-playwright\firefox-1490\firefox\firefox.exe
    ╔═════════════════════════════════════════════════════════════════════════╗
    ║ Looks like Playwright Test or Playwright was just installed or updated. ║
    ║ Please run the following command to download new browsers:              ║
    ║                                                                         ║
    ║     npx playwright install                                              ║
    ║                                                                         ║
    ║ <3 Playwright Team                                                      ║
    ╚═════════════════════════════════════════════════════════════════════════╝
]]>
</failure>
</testcase>
</testsuite>
<testsuite name="projects-fixed.test.ts" timestamp="2025-09-10T03:45:18.181Z" hostname="firefox" tests="5" failures="5" skipped="0" time="0.055" errors="0">
<testcase name="Projects Management - Fixed › should access projects page when authenticated" classname="projects-fixed.test.ts" time="0.011">
<failure message="projects-fixed.test.ts:15:3 should access projects page when authenticated" type="FAILURE">
<![CDATA[  [firefox] › projects-fixed.test.ts:15:3 › Projects Management - Fixed › should access projects page when authenticated 

    Error: browserType.launch: Executable doesn't exist at C:\Users\Angelo A. Dela Cruz\AppData\Local\ms-playwright\firefox-1490\firefox\firefox.exe
    ╔═════════════════════════════════════════════════════════════════════════╗
    ║ Looks like Playwright Test or Playwright was just installed or updated. ║
    ║ Please run the following command to download new browsers:              ║
    ║                                                                         ║
    ║     npx playwright install                                              ║
    ║                                                                         ║
    ║ <3 Playwright Team                                                      ║
    ╚═════════════════════════════════════════════════════════════════════════╝
]]>
</failure>
</testcase>
<testcase name="Projects Management - Fixed › should redirect to login when not authenticated" classname="projects-fixed.test.ts" time="0.011">
<failure message="projects-fixed.test.ts:29:3 should redirect to login when not authenticated" type="FAILURE">
<![CDATA[  [firefox] › projects-fixed.test.ts:29:3 › Projects Management - Fixed › should redirect to login when not authenticated 

    Error: browserType.launch: Executable doesn't exist at C:\Users\Angelo A. Dela Cruz\AppData\Local\ms-playwright\firefox-1490\firefox\firefox.exe
    ╔═════════════════════════════════════════════════════════════════════════╗
    ║ Looks like Playwright Test or Playwright was just installed or updated. ║
    ║ Please run the following command to download new browsers:              ║
    ║                                                                         ║
    ║     npx playwright install                                              ║
    ║                                                                         ║
    ║ <3 Playwright Team                                                      ║
    ╚═════════════════════════════════════════════════════════════════════════╝
]]>
</failure>
</testcase>
<testcase name="Projects Management - Fixed › should handle project creation form" classname="projects-fixed.test.ts" time="0.01">
<failure message="projects-fixed.test.ts:45:3 should handle project creation form" type="FAILURE">
<![CDATA[  [firefox] › projects-fixed.test.ts:45:3 › Projects Management - Fixed › should handle project creation form 

    Error: browserType.launch: Executable doesn't exist at C:\Users\Angelo A. Dela Cruz\AppData\Local\ms-playwright\firefox-1490\firefox\firefox.exe
    ╔═════════════════════════════════════════════════════════════════════════╗
    ║ Looks like Playwright Test or Playwright was just installed or updated. ║
    ║ Please run the following command to download new browsers:              ║
    ║                                                                         ║
    ║     npx playwright install                                              ║
    ║                                                                         ║
    ║ <3 Playwright Team                                                      ║
    ╚═════════════════════════════════════════════════════════════════════════╝
]]>
</failure>
</testcase>
<testcase name="Projects Management - Fixed › should display project list or empty state" classname="projects-fixed.test.ts" time="0.012">
<failure message="projects-fixed.test.ts:74:3 should display project list or empty state" type="FAILURE">
<![CDATA[  [firefox] › projects-fixed.test.ts:74:3 › Projects Management - Fixed › should display project list or empty state 

    Error: browserType.launch: Executable doesn't exist at C:\Users\Angelo A. Dela Cruz\AppData\Local\ms-playwright\firefox-1490\firefox\firefox.exe
    ╔═════════════════════════════════════════════════════════════════════════╗
    ║ Looks like Playwright Test or Playwright was just installed or updated. ║
    ║ Please run the following command to download new browsers:              ║
    ║                                                                         ║
    ║     npx playwright install                                              ║
    ║                                                                         ║
    ║ <3 Playwright Team                                                      ║
    ╚═════════════════════════════════════════════════════════════════════════╝
]]>
</failure>
</testcase>
<testcase name="Projects Management - Fixed › should have search functionality" classname="projects-fixed.test.ts" time="0.011">
<failure message="projects-fixed.test.ts:91:3 should have search functionality" type="FAILURE">
<![CDATA[  [firefox] › projects-fixed.test.ts:91:3 › Projects Management - Fixed › should have search functionality 

    Error: browserType.launch: Executable doesn't exist at C:\Users\Angelo A. Dela Cruz\AppData\Local\ms-playwright\firefox-1490\firefox\firefox.exe
    ╔═════════════════════════════════════════════════════════════════════════╗
    ║ Looks like Playwright Test or Playwright was just installed or updated. ║
    ║ Please run the following command to download new browsers:              ║
    ║                                                                         ║
    ║     npx playwright install                                              ║
    ║                                                                         ║
    ║ <3 Playwright Team                                                      ║
    ╚═════════════════════════════════════════════════════════════════════════╝
]]>
</failure>
</testcase>
</testsuite>
<testsuite name="projects-simple.test.ts" timestamp="2025-09-10T03:45:18.181Z" hostname="firefox" tests="8" failures="8" skipped="0" time="0.097" errors="0">
<testcase name="Projects Tests - Simple › requires authentication to access projects" classname="projects-simple.test.ts" time="0.009">
<failure message="projects-simple.test.ts:4:3 requires authentication to access projects" type="FAILURE">
<![CDATA[  [firefox] › projects-simple.test.ts:4:3 › Projects Tests - Simple › requires authentication to access projects 

    Error: browserType.launch: Executable doesn't exist at C:\Users\Angelo A. Dela Cruz\AppData\Local\ms-playwright\firefox-1490\firefox\firefox.exe
    ╔═════════════════════════════════════════════════════════════════════════╗
    ║ Looks like Playwright Test or Playwright was just installed or updated. ║
    ║ Please run the following command to download new browsers:              ║
    ║                                                                         ║
    ║     npx playwright install                                              ║
    ║                                                                         ║
    ║ <3 Playwright Team                                                      ║
    ╚═════════════════════════════════════════════════════════════════════════╝
]]>
</failure>
</testcase>
<testcase name="Projects Tests - Simple › allows logged in users to view projects page" classname="projects-simple.test.ts" time="0.009">
<failure message="projects-simple.test.ts:13:3 allows logged in users to view projects page" type="FAILURE">
<![CDATA[  [firefox] › projects-simple.test.ts:13:3 › Projects Tests - Simple › allows logged in users to view projects page 

    Error: browserType.launch: Executable doesn't exist at C:\Users\Angelo A. Dela Cruz\AppData\Local\ms-playwright\firefox-1490\firefox\firefox.exe
    ╔═════════════════════════════════════════════════════════════════════════╗
    ║ Looks like Playwright Test or Playwright was just installed or updated. ║
    ║ Please run the following command to download new browsers:              ║
    ║                                                                         ║
    ║     npx playwright install                                              ║
    ║                                                                         ║
    ║ <3 Playwright Team                                                      ║
    ╚═════════════════════════════════════════════════════════════════════════╝
]]>
</failure>
</testcase>
<testcase name="Projects Tests - Simple › shows project form fields" classname="projects-simple.test.ts" time="0.013">
<failure message="projects-simple.test.ts:32:3 shows project form fields" type="FAILURE">
<![CDATA[  [firefox] › projects-simple.test.ts:32:3 › Projects Tests - Simple › shows project form fields ───

    Error: browserType.launch: Executable doesn't exist at C:\Users\Angelo A. Dela Cruz\AppData\Local\ms-playwright\firefox-1490\firefox\firefox.exe
    ╔═════════════════════════════════════════════════════════════════════════╗
    ║ Looks like Playwright Test or Playwright was just installed or updated. ║
    ║ Please run the following command to download new browsers:              ║
    ║                                                                         ║
    ║     npx playwright install                                              ║
    ║                                                                         ║
    ║ <3 Playwright Team                                                      ║
    ╚═════════════════════════════════════════════════════════════════════════╝
]]>
</failure>
</testcase>
<testcase name="Projects Tests - Simple › validates required fields" classname="projects-simple.test.ts" time="0.022">
<failure message="projects-simple.test.ts:48:3 validates required fields" type="FAILURE">
<![CDATA[  [firefox] › projects-simple.test.ts:48:3 › Projects Tests - Simple › validates required fields ───

    Error: browserType.launch: Executable doesn't exist at C:\Users\Angelo A. Dela Cruz\AppData\Local\ms-playwright\firefox-1490\firefox\firefox.exe
    ╔═════════════════════════════════════════════════════════════════════════╗
    ║ Looks like Playwright Test or Playwright was just installed or updated. ║
    ║ Please run the following command to download new browsers:              ║
    ║                                                                         ║
    ║     npx playwright install                                              ║
    ║                                                                         ║
    ║ <3 Playwright Team                                                      ║
    ╚═════════════════════════════════════════════════════════════════════════╝
]]>
</failure>
</testcase>
<testcase name="Projects Tests - Simple › can fill project form" classname="projects-simple.test.ts" time="0.007">
<failure message="projects-simple.test.ts:78:3 can fill project form" type="FAILURE">
<![CDATA[  [firefox] › projects-simple.test.ts:78:3 › Projects Tests - Simple › can fill project form ───────

    Error: browserType.launch: Executable doesn't exist at C:\Users\Angelo A. Dela Cruz\AppData\Local\ms-playwright\firefox-1490\firefox\firefox.exe
    ╔═════════════════════════════════════════════════════════════════════════╗
    ║ Looks like Playwright Test or Playwright was just installed or updated. ║
    ║ Please run the following command to download new browsers:              ║
    ║                                                                         ║
    ║     npx playwright install                                              ║
    ║                                                                         ║
    ║ <3 Playwright Team                                                      ║
    ╚═════════════════════════════════════════════════════════════════════════╝
]]>
</failure>
</testcase>
<testcase name="Projects Tests - Simple › displays project content or form" classname="projects-simple.test.ts" time="0.007">
<failure message="projects-simple.test.ts:101:3 displays project content or form" type="FAILURE">
<![CDATA[  [firefox] › projects-simple.test.ts:101:3 › Projects Tests - Simple › displays project content or form 

    Error: browserType.launch: Executable doesn't exist at C:\Users\Angelo A. Dela Cruz\AppData\Local\ms-playwright\firefox-1490\firefox\firefox.exe
    ╔═════════════════════════════════════════════════════════════════════════╗
    ║ Looks like Playwright Test or Playwright was just installed or updated. ║
    ║ Please run the following command to download new browsers:              ║
    ║                                                                         ║
    ║     npx playwright install                                              ║
    ║                                                                         ║
    ║ <3 Playwright Team                                                      ║
    ╚═════════════════════════════════════════════════════════════════════════╝
]]>
</failure>
</testcase>
<testcase name="Projects Tests - Simple › has search functionality" classname="projects-simple.test.ts" time="0.021">
<failure message="projects-simple.test.ts:124:3 has search functionality" type="FAILURE">
<![CDATA[  [firefox] › projects-simple.test.ts:124:3 › Projects Tests - Simple › has search functionality ───

    Error: browserType.launch: Executable doesn't exist at C:\Users\Angelo A. Dela Cruz\AppData\Local\ms-playwright\firefox-1490\firefox\firefox.exe
    ╔═════════════════════════════════════════════════════════════════════════╗
    ║ Looks like Playwright Test or Playwright was just installed or updated. ║
    ║ Please run the following command to download new browsers:              ║
    ║                                                                         ║
    ║     npx playwright install                                              ║
    ║                                                                         ║
    ║ <3 Playwright Team                                                      ║
    ╚═════════════════════════════════════════════════════════════════════════╝
]]>
</failure>
</testcase>
<testcase name="Projects Tests - Simple › has proper page structure" classname="projects-simple.test.ts" time="0.009">
<failure message="projects-simple.test.ts:148:3 has proper page structure" type="FAILURE">
<![CDATA[  [firefox] › projects-simple.test.ts:148:3 › Projects Tests - Simple › has proper page structure ──

    Error: browserType.launch: Executable doesn't exist at C:\Users\Angelo A. Dela Cruz\AppData\Local\ms-playwright\firefox-1490\firefox\firefox.exe
    ╔═════════════════════════════════════════════════════════════════════════╗
    ║ Looks like Playwright Test or Playwright was just installed or updated. ║
    ║ Please run the following command to download new browsers:              ║
    ║                                                                         ║
    ║     npx playwright install                                              ║
    ║                                                                         ║
    ║ <3 Playwright Team                                                      ║
    ╚═════════════════════════════════════════════════════════════════════════╝
]]>
</failure>
</testcase>
</testsuite>
<testsuite name="projects.test.ts" timestamp="2025-09-10T03:45:18.181Z" hostname="firefox" tests="9" failures="9" skipped="0" time="0.085" errors="0">
<testcase name="Projects Management › should require authentication to access projects" classname="projects.test.ts" time="0.008">
<failure message="projects.test.ts:7:3 should require authentication to access projects" type="FAILURE">
<![CDATA[  [firefox] › projects.test.ts:7:3 › Projects Management › should require authentication to access projects 

    Error: browserType.launch: Executable doesn't exist at C:\Users\Angelo A. Dela Cruz\AppData\Local\ms-playwright\firefox-1490\firefox\firefox.exe
    ╔═════════════════════════════════════════════════════════════════════════╗
    ║ Looks like Playwright Test or Playwright was just installed or updated. ║
    ║ Please run the following command to download new browsers:              ║
    ║                                                                         ║
    ║     npx playwright install                                              ║
    ║                                                                         ║
    ║ <3 Playwright Team                                                      ║
    ╚═════════════════════════════════════════════════════════════════════════╝
]]>
</failure>
</testcase>
<testcase name="Projects Management › should allow logged in users to view projects page" classname="projects.test.ts" time="0.009">
<failure message="projects.test.ts:16:3 should allow logged in users to view projects page" type="FAILURE">
<![CDATA[  [firefox] › projects.test.ts:16:3 › Projects Management › should allow logged in users to view projects page 

    Error: browserType.launch: Executable doesn't exist at C:\Users\Angelo A. Dela Cruz\AppData\Local\ms-playwright\firefox-1490\firefox\firefox.exe
    ╔═════════════════════════════════════════════════════════════════════════╗
    ║ Looks like Playwright Test or Playwright was just installed or updated. ║
    ║ Please run the following command to download new browsers:              ║
    ║                                                                         ║
    ║     npx playwright install                                              ║
    ║                                                                         ║
    ║ <3 Playwright Team                                                      ║
    ╚═════════════════════════════════════════════════════════════════════════╝
]]>
</failure>
</testcase>
<testcase name="Projects Management › should allow users to create a new project" classname="projects.test.ts" time="0.009">
<failure message="projects.test.ts:37:3 should allow users to create a new project" type="FAILURE">
<![CDATA[  [firefox] › projects.test.ts:37:3 › Projects Management › should allow users to create a new project 

    Error: browserType.launch: Executable doesn't exist at C:\Users\Angelo A. Dela Cruz\AppData\Local\ms-playwright\firefox-1490\firefox\firefox.exe
    ╔═════════════════════════════════════════════════════════════════════════╗
    ║ Looks like Playwright Test or Playwright was just installed or updated. ║
    ║ Please run the following command to download new browsers:              ║
    ║                                                                         ║
    ║     npx playwright install                                              ║
    ║                                                                         ║
    ║ <3 Playwright Team                                                      ║
    ╚═════════════════════════════════════════════════════════════════════════╝
]]>
</failure>
</testcase>
<testcase name="Projects Management › should validate required fields when creating a project" classname="projects.test.ts" time="0.01">
<failure message="projects.test.ts:66:3 should validate required fields when creating a project" type="FAILURE">
<![CDATA[  [firefox] › projects.test.ts:66:3 › Projects Management › should validate required fields when creating a project 

    Error: browserType.launch: Executable doesn't exist at C:\Users\Angelo A. Dela Cruz\AppData\Local\ms-playwright\firefox-1490\firefox\firefox.exe
    ╔═════════════════════════════════════════════════════════════════════════╗
    ║ Looks like Playwright Test or Playwright was just installed or updated. ║
    ║ Please run the following command to download new browsers:              ║
    ║                                                                         ║
    ║     npx playwright install                                              ║
    ║                                                                         ║
    ║ <3 Playwright Team                                                      ║
    ╚═════════════════════════════════════════════════════════════════════════╝
]]>
</failure>
</testcase>
<testcase name="Projects Management › should allow users to edit an existing project" classname="projects.test.ts" time="0.007">
<failure message="projects.test.ts:104:3 should allow users to edit an existing project" type="FAILURE">
<![CDATA[  [firefox] › projects.test.ts:104:3 › Projects Management › should allow users to edit an existing project 

    Error: browserType.launch: Executable doesn't exist at C:\Users\Angelo A. Dela Cruz\AppData\Local\ms-playwright\firefox-1490\firefox\firefox.exe
    ╔═════════════════════════════════════════════════════════════════════════╗
    ║ Looks like Playwright Test or Playwright was just installed or updated. ║
    ║ Please run the following command to download new browsers:              ║
    ║                                                                         ║
    ║     npx playwright install                                              ║
    ║                                                                         ║
    ║ <3 Playwright Team                                                      ║
    ╚═════════════════════════════════════════════════════════════════════════╝
]]>
</failure>
</testcase>
<testcase name="Projects Management › should allow users to delete a project" classname="projects.test.ts" time="0.008">
<failure message="projects.test.ts:139:3 should allow users to delete a project" type="FAILURE">
<![CDATA[  [firefox] › projects.test.ts:139:3 › Projects Management › should allow users to delete a project 

    Error: browserType.launch: Executable doesn't exist at C:\Users\Angelo A. Dela Cruz\AppData\Local\ms-playwright\firefox-1490\firefox\firefox.exe
    ╔═════════════════════════════════════════════════════════════════════════╗
    ║ Looks like Playwright Test or Playwright was just installed or updated. ║
    ║ Please run the following command to download new browsers:              ║
    ║                                                                         ║
    ║     npx playwright install                                              ║
    ║                                                                         ║
    ║ <3 Playwright Team                                                      ║
    ╚═════════════════════════════════════════════════════════════════════════╝
]]>
</failure>
</testcase>
<testcase name="Projects Management › should display empty state when no projects exist" classname="projects.test.ts" time="0.008">
<failure message="projects.test.ts:177:3 should display empty state when no projects exist" type="FAILURE">
<![CDATA[  [firefox] › projects.test.ts:177:3 › Projects Management › should display empty state when no projects exist 

    Error: browserType.launch: Executable doesn't exist at C:\Users\Angelo A. Dela Cruz\AppData\Local\ms-playwright\firefox-1490\firefox\firefox.exe
    ╔═════════════════════════════════════════════════════════════════════════╗
    ║ Looks like Playwright Test or Playwright was just installed or updated. ║
    ║ Please run the following command to download new browsers:              ║
    ║                                                                         ║
    ║     npx playwright install                                              ║
    ║                                                                         ║
    ║ <3 Playwright Team                                                      ║
    ╚═════════════════════════════════════════════════════════════════════════╝
]]>
</failure>
</testcase>
<testcase name="Projects Management › should handle project search/filter" classname="projects.test.ts" time="0.015">
<failure message="projects.test.ts:205:3 should handle project search/filter" type="FAILURE">
<![CDATA[  [firefox] › projects.test.ts:205:3 › Projects Management › should handle project search/filter ───

    Error: browserType.launch: Executable doesn't exist at C:\Users\Angelo A. Dela Cruz\AppData\Local\ms-playwright\firefox-1490\firefox\firefox.exe
    ╔═════════════════════════════════════════════════════════════════════════╗
    ║ Looks like Playwright Test or Playwright was just installed or updated. ║
    ║ Please run the following command to download new browsers:              ║
    ║                                                                         ║
    ║     npx playwright install                                              ║
    ║                                                                         ║
    ║ <3 Playwright Team                                                      ║
    ╚═════════════════════════════════════════════════════════════════════════╝
]]>
</failure>
</testcase>
<testcase name="Projects Management › should handle concurrent project operations" classname="projects.test.ts" time="0.011">
<failure message="projects.test.ts:231:3 should handle concurrent project operations" type="FAILURE">
<![CDATA[  [firefox] › projects.test.ts:231:3 › Projects Management › should handle concurrent project operations 

    Error: browserType.launch: Executable doesn't exist at C:\Users\Angelo A. Dela Cruz\AppData\Local\ms-playwright\firefox-1490\firefox\firefox.exe
    ╔═════════════════════════════════════════════════════════════════════════╗
    ║ Looks like Playwright Test or Playwright was just installed or updated. ║
    ║ Please run the following command to download new browsers:              ║
    ║                                                                         ║
    ║     npx playwright install                                              ║
    ║                                                                         ║
    ║ <3 Playwright Team                                                      ║
    ╚═════════════════════════════════════════════════════════════════════════╝
]]>
</failure>
</testcase>
</testsuite>
<testsuite name="roles-assignment-basic.test.ts" timestamp="2025-09-10T03:45:18.181Z" hostname="firefox" tests="10" failures="10" skipped="0" time="0.113" errors="0">
<testcase name="Roles and Permissions Basic Tests › should require authentication for protected routes" classname="roles-assignment-basic.test.ts" time="0.013">
<failure message="roles-assignment-basic.test.ts:9:3 should require authentication for protected routes" type="FAILURE">
<![CDATA[  [firefox] › roles-assignment-basic.test.ts:9:3 › Roles and Permissions Basic Tests › should require authentication for protected routes 

    Error: browserType.launch: Executable doesn't exist at C:\Users\Angelo A. Dela Cruz\AppData\Local\ms-playwright\firefox-1490\firefox\firefox.exe
    ╔═════════════════════════════════════════════════════════════════════════╗
    ║ Looks like Playwright Test or Playwright was just installed or updated. ║
    ║ Please run the following command to download new browsers:              ║
    ║                                                                         ║
    ║     npx playwright install                                              ║
    ║                                                                         ║
    ║ <3 Playwright Team                                                      ║
    ╚═════════════════════════════════════════════════════════════════════════╝
]]>
</failure>
</testcase>
<testcase name="Roles and Permissions Basic Tests › should allow authenticated access to resources" classname="roles-assignment-basic.test.ts" time="0.008">
<failure message="roles-assignment-basic.test.ts:27:3 should allow authenticated access to resources" type="FAILURE">
<![CDATA[  [firefox] › roles-assignment-basic.test.ts:27:3 › Roles and Permissions Basic Tests › should allow authenticated access to resources 

    Error: browserType.launch: Executable doesn't exist at C:\Users\Angelo A. Dela Cruz\AppData\Local\ms-playwright\firefox-1490\firefox\firefox.exe
    ╔═════════════════════════════════════════════════════════════════════════╗
    ║ Looks like Playwright Test or Playwright was just installed or updated. ║
    ║ Please run the following command to download new browsers:              ║
    ║                                                                         ║
    ║     npx playwright install                                              ║
    ║                                                                         ║
    ║ <3 Playwright Team                                                      ║
    ╚═════════════════════════════════════════════════════════════════════════╝
]]>
</failure>
</testcase>
<testcase name="Roles and Permissions Basic Tests › should show appropriate CRUD permissions for notes" classname="roles-assignment-basic.test.ts" time="0.014">
<failure message="roles-assignment-basic.test.ts:56:3 should show appropriate CRUD permissions for notes" type="FAILURE">
<![CDATA[  [firefox] › roles-assignment-basic.test.ts:56:3 › Roles and Permissions Basic Tests › should show appropriate CRUD permissions for notes 

    Error: browserType.launch: Executable doesn't exist at C:\Users\Angelo A. Dela Cruz\AppData\Local\ms-playwright\firefox-1490\firefox\firefox.exe
    ╔═════════════════════════════════════════════════════════════════════════╗
    ║ Looks like Playwright Test or Playwright was just installed or updated. ║
    ║ Please run the following command to download new browsers:              ║
    ║                                                                         ║
    ║     npx playwright install                                              ║
    ║                                                                         ║
    ║ <3 Playwright Team                                                      ║
    ╚═════════════════════════════════════════════════════════════════════════╝
]]>
</failure>
</testcase>
<testcase name="Roles and Permissions Basic Tests › should handle project permissions correctly" classname="roles-assignment-basic.test.ts" time="0.01">
<failure message="roles-assignment-basic.test.ts:78:3 should handle project permissions correctly" type="FAILURE">
<![CDATA[  [firefox] › roles-assignment-basic.test.ts:78:3 › Roles and Permissions Basic Tests › should handle project permissions correctly 

    Error: browserType.launch: Executable doesn't exist at C:\Users\Angelo A. Dela Cruz\AppData\Local\ms-playwright\firefox-1490\firefox\firefox.exe
    ╔═════════════════════════════════════════════════════════════════════════╗
    ║ Looks like Playwright Test or Playwright was just installed or updated. ║
    ║ Please run the following command to download new browsers:              ║
    ║                                                                         ║
    ║     npx playwright install                                              ║
    ║                                                                         ║
    ║ <3 Playwright Team                                                      ║
    ╚═════════════════════════════════════════════════════════════════════════╝
]]>
</failure>
</testcase>
<testcase name="Roles and Permissions Basic Tests › should handle timesheet permissions correctly" classname="roles-assignment-basic.test.ts" time="0.008">
<failure message="roles-assignment-basic.test.ts:100:3 should handle timesheet permissions correctly" type="FAILURE">
<![CDATA[  [firefox] › roles-assignment-basic.test.ts:100:3 › Roles and Permissions Basic Tests › should handle timesheet permissions correctly 

    Error: browserType.launch: Executable doesn't exist at C:\Users\Angelo A. Dela Cruz\AppData\Local\ms-playwright\firefox-1490\firefox\firefox.exe
    ╔═════════════════════════════════════════════════════════════════════════╗
    ║ Looks like Playwright Test or Playwright was just installed or updated. ║
    ║ Please run the following command to download new browsers:              ║
    ║                                                                         ║
    ║     npx playwright install                                              ║
    ║                                                                         ║
    ║ <3 Playwright Team                                                      ║
    ╚═════════════════════════════════════════════════════════════════════════╝
]]>
</failure>
</testcase>
<testcase name="Roles and Permissions Basic Tests › should handle session correctly" classname="roles-assignment-basic.test.ts" time="0.009">
<failure message="roles-assignment-basic.test.ts:125:3 should handle session correctly" type="FAILURE">
<![CDATA[  [firefox] › roles-assignment-basic.test.ts:125:3 › Roles and Permissions Basic Tests › should handle session correctly 

    Error: browserType.launch: Executable doesn't exist at C:\Users\Angelo A. Dela Cruz\AppData\Local\ms-playwright\firefox-1490\firefox\firefox.exe
    ╔═════════════════════════════════════════════════════════════════════════╗
    ║ Looks like Playwright Test or Playwright was just installed or updated. ║
    ║ Please run the following command to download new browsers:              ║
    ║                                                                         ║
    ║     npx playwright install                                              ║
    ║                                                                         ║
    ║ <3 Playwright Team                                                      ║
    ╚═════════════════════════════════════════════════════════════════════════╝
]]>
</failure>
</testcase>
<testcase name="Roles and Permissions Basic Tests › should prevent unauthorized API access" classname="roles-assignment-basic.test.ts" time="0.011">
<failure message="roles-assignment-basic.test.ts:150:3 should prevent unauthorized API access" type="FAILURE">
<![CDATA[  [firefox] › roles-assignment-basic.test.ts:150:3 › Roles and Permissions Basic Tests › should prevent unauthorized API access 

    Error: browserType.launch: Executable doesn't exist at C:\Users\Angelo A. Dela Cruz\AppData\Local\ms-playwright\firefox-1490\firefox\firefox.exe
    ╔═════════════════════════════════════════════════════════════════════════╗
    ║ Looks like Playwright Test or Playwright was just installed or updated. ║
    ║ Please run the following command to download new browsers:              ║
    ║                                                                         ║
    ║     npx playwright install                                              ║
    ║                                                                         ║
    ║ <3 Playwright Team                                                      ║
    ╚═════════════════════════════════════════════════════════════════════════╝
]]>
</failure>
</testcase>
<testcase name="Roles and Permissions Basic Tests › should show correct UI for authenticated user" classname="roles-assignment-basic.test.ts" time="0.013">
<failure message="roles-assignment-basic.test.ts:163:3 should show correct UI for authenticated user" type="FAILURE">
<![CDATA[  [firefox] › roles-assignment-basic.test.ts:163:3 › Roles and Permissions Basic Tests › should show correct UI for authenticated user 

    Error: browserType.launch: Executable doesn't exist at C:\Users\Angelo A. Dela Cruz\AppData\Local\ms-playwright\firefox-1490\firefox\firefox.exe
    ╔═════════════════════════════════════════════════════════════════════════╗
    ║ Looks like Playwright Test or Playwright was just installed or updated. ║
    ║ Please run the following command to download new browsers:              ║
    ║                                                                         ║
    ║     npx playwright install                                              ║
    ║                                                                         ║
    ║ <3 Playwright Team                                                      ║
    ╚═════════════════════════════════════════════════════════════════════════╝
]]>
</failure>
</testcase>
<testcase name="Roles and Permissions Basic Tests › should handle cross-user access appropriately" classname="roles-assignment-basic.test.ts" time="0.013">
<failure message="roles-assignment-basic.test.ts:186:3 should handle cross-user access appropriately" type="FAILURE">
<![CDATA[  [firefox] › roles-assignment-basic.test.ts:186:3 › Roles and Permissions Basic Tests › should handle cross-user access appropriately 

    Error: browserType.launch: Executable doesn't exist at C:\Users\Angelo A. Dela Cruz\AppData\Local\ms-playwright\firefox-1490\firefox\firefox.exe
    ╔═════════════════════════════════════════════════════════════════════════╗
    ║ Looks like Playwright Test or Playwright was just installed or updated. ║
    ║ Please run the following command to download new browsers:              ║
    ║                                                                         ║
    ║     npx playwright install                                              ║
    ║                                                                         ║
    ║ <3 Playwright Team                                                      ║
    ╚═════════════════════════════════════════════════════════════════════════╝
]]>
</failure>
</testcase>
<testcase name="Roles and Permissions Basic Tests › should create and manage notes with proper permissions" classname="roles-assignment-basic.test.ts" time="0.014">
<failure message="roles-assignment-basic.test.ts:212:3 should create and manage notes with proper permissions" type="FAILURE">
<![CDATA[  [firefox] › roles-assignment-basic.test.ts:212:3 › Roles and Permissions Basic Tests › should create and manage notes with proper permissions 

    Error: browserType.launch: Executable doesn't exist at C:\Users\Angelo A. Dela Cruz\AppData\Local\ms-playwright\firefox-1490\firefox\firefox.exe
    ╔═════════════════════════════════════════════════════════════════════════╗
    ║ Looks like Playwright Test or Playwright was just installed or updated. ║
    ║ Please run the following command to download new browsers:              ║
    ║                                                                         ║
    ║     npx playwright install                                              ║
    ║                                                                         ║
    ║ <3 Playwright Team                                                      ║
    ╚═════════════════════════════════════════════════════════════════════════╝
]]>
</failure>
</testcase>
</testsuite>
<testsuite name="roles-assignment-fixed.test.ts" timestamp="2025-09-10T03:45:18.181Z" hostname="firefox" tests="12" failures="12" skipped="0" time="0.159" errors="0">
<testcase name="Roles and Assignment Tests - Fixed › should enforce authentication on protected routes" classname="roles-assignment-fixed.test.ts" time="0.013">
<failure message="roles-assignment-fixed.test.ts:7:3 should enforce authentication on protected routes" type="FAILURE">
<![CDATA[  [firefox] › roles-assignment-fixed.test.ts:7:3 › Roles and Assignment Tests - Fixed › should enforce authentication on protected routes 

    Error: browserType.launch: Executable doesn't exist at C:\Users\Angelo A. Dela Cruz\AppData\Local\ms-playwright\firefox-1490\firefox\firefox.exe
    ╔═════════════════════════════════════════════════════════════════════════╗
    ║ Looks like Playwright Test or Playwright was just installed or updated. ║
    ║ Please run the following command to download new browsers:              ║
    ║                                                                         ║
    ║     npx playwright install                                              ║
    ║                                                                         ║
    ║ <3 Playwright Team                                                      ║
    ╚═════════════════════════════════════════════════════════════════════════╝
]]>
</failure>
</testcase>
<testcase name="Roles and Assignment Tests - Fixed › should allow access to own resources" classname="roles-assignment-fixed.test.ts" time="0.011">
<failure message="roles-assignment-fixed.test.ts:29:3 should allow access to own resources" type="FAILURE">
<![CDATA[  [firefox] › roles-assignment-fixed.test.ts:29:3 › Roles and Assignment Tests - Fixed › should allow access to own resources 

    Error: browserType.launch: Executable doesn't exist at C:\Users\Angelo A. Dela Cruz\AppData\Local\ms-playwright\firefox-1490\firefox\firefox.exe
    ╔═════════════════════════════════════════════════════════════════════════╗
    ║ Looks like Playwright Test or Playwright was just installed or updated. ║
    ║ Please run the following command to download new browsers:              ║
    ║                                                                         ║
    ║     npx playwright install                                              ║
    ║                                                                         ║
    ║ <3 Playwright Team                                                      ║
    ╚═════════════════════════════════════════════════════════════════════════╝
]]>
</failure>
</testcase>
<testcase name="Roles and Assignment Tests - Fixed › should show appropriate actions based on permissions" classname="roles-assignment-fixed.test.ts" time="0.013">
<failure message="roles-assignment-fixed.test.ts:52:3 should show appropriate actions based on permissions" type="FAILURE">
<![CDATA[  [firefox] › roles-assignment-fixed.test.ts:52:3 › Roles and Assignment Tests - Fixed › should show appropriate actions based on permissions 

    Error: browserType.launch: Executable doesn't exist at C:\Users\Angelo A. Dela Cruz\AppData\Local\ms-playwright\firefox-1490\firefox\firefox.exe
    ╔═════════════════════════════════════════════════════════════════════════╗
    ║ Looks like Playwright Test or Playwright was just installed or updated. ║
    ║ Please run the following command to download new browsers:              ║
    ║                                                                         ║
    ║     npx playwright install                                              ║
    ║                                                                         ║
    ║ <3 Playwright Team                                                      ║
    ╚═════════════════════════════════════════════════════════════════════════╝
]]>
</failure>
</testcase>
<testcase name="Roles and Assignment Tests - Fixed › should handle project permissions" classname="roles-assignment-fixed.test.ts" time="0.015">
<failure message="roles-assignment-fixed.test.ts:76:3 should handle project permissions" type="FAILURE">
<![CDATA[  [firefox] › roles-assignment-fixed.test.ts:76:3 › Roles and Assignment Tests - Fixed › should handle project permissions 

    Error: browserType.launch: Executable doesn't exist at C:\Users\Angelo A. Dela Cruz\AppData\Local\ms-playwright\firefox-1490\firefox\firefox.exe
    ╔═════════════════════════════════════════════════════════════════════════╗
    ║ Looks like Playwright Test or Playwright was just installed or updated. ║
    ║ Please run the following command to download new browsers:              ║
    ║                                                                         ║
    ║     npx playwright install                                              ║
    ║                                                                         ║
    ║ <3 Playwright Team                                                      ║
    ╚═════════════════════════════════════════════════════════════════════════╝
]]>
</failure>
</testcase>
<testcase name="Roles and Assignment Tests - Fixed › should handle timesheet permissions" classname="roles-assignment-fixed.test.ts" time="0.013">
<failure message="roles-assignment-fixed.test.ts:104:3 should handle timesheet permissions" type="FAILURE">
<![CDATA[  [firefox] › roles-assignment-fixed.test.ts:104:3 › Roles and Assignment Tests - Fixed › should handle timesheet permissions 

    Error: browserType.launch: Executable doesn't exist at C:\Users\Angelo A. Dela Cruz\AppData\Local\ms-playwright\firefox-1490\firefox\firefox.exe
    ╔═════════════════════════════════════════════════════════════════════════╗
    ║ Looks like Playwright Test or Playwright was just installed or updated. ║
    ║ Please run the following command to download new browsers:              ║
    ║                                                                         ║
    ║     npx playwright install                                              ║
    ║                                                                         ║
    ║ <3 Playwright Team                                                      ║
    ╚═════════════════════════════════════════════════════════════════════════╝
]]>
</failure>
</testcase>
<testcase name="Roles and Assignment Tests - Fixed › should not show admin features to regular users" classname="roles-assignment-fixed.test.ts" time="0.013">
<failure message="roles-assignment-fixed.test.ts:131:3 should not show admin features to regular users" type="FAILURE">
<![CDATA[  [firefox] › roles-assignment-fixed.test.ts:131:3 › Roles and Assignment Tests - Fixed › should not show admin features to regular users 

    Error: browserType.launch: Executable doesn't exist at C:\Users\Angelo A. Dela Cruz\AppData\Local\ms-playwright\firefox-1490\firefox\firefox.exe
    ╔═════════════════════════════════════════════════════════════════════════╗
    ║ Looks like Playwright Test or Playwright was just installed or updated. ║
    ║ Please run the following command to download new browsers:              ║
    ║                                                                         ║
    ║     npx playwright install                                              ║
    ║                                                                         ║
    ║ <3 Playwright Team                                                      ║
    ╚═════════════════════════════════════════════════════════════════════════╝
]]>
</failure>
</testcase>
<testcase name="Roles and Assignment Tests - Fixed › should maintain session across navigation" classname="roles-assignment-fixed.test.ts" time="0.014">
<failure message="roles-assignment-fixed.test.ts:159:3 should maintain session across navigation" type="FAILURE">
<![CDATA[  [firefox] › roles-assignment-fixed.test.ts:159:3 › Roles and Assignment Tests - Fixed › should maintain session across navigation 

    Error: browserType.launch: Executable doesn't exist at C:\Users\Angelo A. Dela Cruz\AppData\Local\ms-playwright\firefox-1490\firefox\firefox.exe
    ╔═════════════════════════════════════════════════════════════════════════╗
    ║ Looks like Playwright Test or Playwright was just installed or updated. ║
    ║ Please run the following command to download new browsers:              ║
    ║                                                                         ║
    ║     npx playwright install                                              ║
    ║                                                                         ║
    ║ <3 Playwright Team                                                      ║
    ╚═════════════════════════════════════════════════════════════════════════╝
]]>
</failure>
</testcase>
<testcase name="Roles and Assignment Tests - Fixed › should handle session expiration" classname="roles-assignment-fixed.test.ts" time="0.017">
<failure message="roles-assignment-fixed.test.ts:184:3 should handle session expiration" type="FAILURE">
<![CDATA[  [firefox] › roles-assignment-fixed.test.ts:184:3 › Roles and Assignment Tests - Fixed › should handle session expiration 

    Error: browserType.launch: Executable doesn't exist at C:\Users\Angelo A. Dela Cruz\AppData\Local\ms-playwright\firefox-1490\firefox\firefox.exe
    ╔═════════════════════════════════════════════════════════════════════════╗
    ║ Looks like Playwright Test or Playwright was just installed or updated. ║
    ║ Please run the following command to download new browsers:              ║
    ║                                                                         ║
    ║     npx playwright install                                              ║
    ║                                                                         ║
    ║ <3 Playwright Team                                                      ║
    ╚═════════════════════════════════════════════════════════════════════════╝
]]>
</failure>
</testcase>
<testcase name="Roles and Assignment Tests - Fixed › should validate API access control" classname="roles-assignment-fixed.test.ts" time="0.015">
<failure message="roles-assignment-fixed.test.ts:202:3 should validate API access control" type="FAILURE">
<![CDATA[  [firefox] › roles-assignment-fixed.test.ts:202:3 › Roles and Assignment Tests - Fixed › should validate API access control 

    Error: browserType.launch: Executable doesn't exist at C:\Users\Angelo A. Dela Cruz\AppData\Local\ms-playwright\firefox-1490\firefox\firefox.exe
    ╔═════════════════════════════════════════════════════════════════════════╗
    ║ Looks like Playwright Test or Playwright was just installed or updated. ║
    ║ Please run the following command to download new browsers:              ║
    ║                                                                         ║
    ║     npx playwright install                                              ║
    ║                                                                         ║
    ║ <3 Playwright Team                                                      ║
    ╚═════════════════════════════════════════════════════════════════════════╝
]]>
</failure>
</testcase>
<testcase name="Roles and Assignment Tests - Fixed › should prevent cross-user data access" classname="roles-assignment-fixed.test.ts" time="0.012">
<failure message="roles-assignment-fixed.test.ts:229:3 should prevent cross-user data access" type="FAILURE">
<![CDATA[  [firefox] › roles-assignment-fixed.test.ts:229:3 › Roles and Assignment Tests - Fixed › should prevent cross-user data access 

    Error: browserType.launch: Executable doesn't exist at C:\Users\Angelo A. Dela Cruz\AppData\Local\ms-playwright\firefox-1490\firefox\firefox.exe
    ╔═════════════════════════════════════════════════════════════════════════╗
    ║ Looks like Playwright Test or Playwright was just installed or updated. ║
    ║ Please run the following command to download new browsers:              ║
    ║                                                                         ║
    ║     npx playwright install                                              ║
    ║                                                                         ║
    ║ <3 Playwright Team                                                      ║
    ╚═════════════════════════════════════════════════════════════════════════╝
]]>
</failure>
</testcase>
<testcase name="Roles and Assignment Tests - Fixed › should show user-specific UI elements" classname="roles-assignment-fixed.test.ts" time="0.013">
<failure message="roles-assignment-fixed.test.ts:249:3 should show user-specific UI elements" type="FAILURE">
<![CDATA[  [firefox] › roles-assignment-fixed.test.ts:249:3 › Roles and Assignment Tests - Fixed › should show user-specific UI elements 

    Error: browserType.launch: Executable doesn't exist at C:\Users\Angelo A. Dela Cruz\AppData\Local\ms-playwright\firefox-1490\firefox\firefox.exe
    ╔═════════════════════════════════════════════════════════════════════════╗
    ║ Looks like Playwright Test or Playwright was just installed or updated. ║
    ║ Please run the following command to download new browsers:              ║
    ║                                                                         ║
    ║     npx playwright install                                              ║
    ║                                                                         ║
    ║ <3 Playwright Team                                                      ║
    ╚═════════════════════════════════════════════════════════════════════════╝
]]>
</failure>
</testcase>
<testcase name="Roles and Assignment Tests - Fixed › should handle CRUD operations based on ownership" classname="roles-assignment-fixed.test.ts" time="0.01">
<failure message="roles-assignment-fixed.test.ts:271:3 should handle CRUD operations based on ownership" type="FAILURE">
<![CDATA[  [firefox] › roles-assignment-fixed.test.ts:271:3 › Roles and Assignment Tests - Fixed › should handle CRUD operations based on ownership 

    Error: browserType.launch: Executable doesn't exist at C:\Users\Angelo A. Dela Cruz\AppData\Local\ms-playwright\firefox-1490\firefox\firefox.exe
    ╔═════════════════════════════════════════════════════════════════════════╗
    ║ Looks like Playwright Test or Playwright was just installed or updated. ║
    ║ Please run the following command to download new browsers:              ║
    ║                                                                         ║
    ║     npx playwright install                                              ║
    ║                                                                         ║
    ║ <3 Playwright Team                                                      ║
    ╚═════════════════════════════════════════════════════════════════════════╝
]]>
</failure>
</testcase>
</testsuite>
<testsuite name="roles-permissions.test.ts" timestamp="2025-09-10T03:45:18.181Z" hostname="firefox" tests="12" failures="12" skipped="0" time="0.15" errors="0">
<testcase name="Roles and Permissions › should restrict admin features to admin users" classname="roles-permissions.test.ts" time="0.013">
<failure message="roles-permissions.test.ts:13:3 should restrict admin features to admin users" type="FAILURE">
<![CDATA[  [firefox] › roles-permissions.test.ts:13:3 › Roles and Permissions › should restrict admin features to admin users 

    Error: browserType.launch: Executable doesn't exist at C:\Users\Angelo A. Dela Cruz\AppData\Local\ms-playwright\firefox-1490\firefox\firefox.exe
    ╔═════════════════════════════════════════════════════════════════════════╗
    ║ Looks like Playwright Test or Playwright was just installed or updated. ║
    ║ Please run the following command to download new browsers:              ║
    ║                                                                         ║
    ║     npx playwright install                                              ║
    ║                                                                         ║
    ║ <3 Playwright Team                                                      ║
    ╚═════════════════════════════════════════════════════════════════════════╝
]]>
</failure>
</testcase>
<testcase name="Roles and Permissions › should allow different users to have different permissions" classname="roles-permissions.test.ts" time="0.011">
<failure message="roles-permissions.test.ts:26:3 should allow different users to have different permissions" type="FAILURE">
<![CDATA[  [firefox] › roles-permissions.test.ts:26:3 › Roles and Permissions › should allow different users to have different permissions 

    Error: browserType.launch: Executable doesn't exist at C:\Users\Angelo A. Dela Cruz\AppData\Local\ms-playwright\firefox-1490\firefox\firefox.exe
    ╔═════════════════════════════════════════════════════════════════════════╗
    ║ Looks like Playwright Test or Playwright was just installed or updated. ║
    ║ Please run the following command to download new browsers:              ║
    ║                                                                         ║
    ║     npx playwright install                                              ║
    ║                                                                         ║
    ║ <3 Playwright Team                                                      ║
    ╚═════════════════════════════════════════════════════════════════════════╝
]]>
</failure>
</testcase>
<testcase name="Roles and Permissions › should enforce ownership rules on notes" classname="roles-permissions.test.ts" time="0.014">
<failure message="roles-permissions.test.ts:38:3 should enforce ownership rules on notes" type="FAILURE">
<![CDATA[  [firefox] › roles-permissions.test.ts:38:3 › Roles and Permissions › should enforce ownership rules on notes 

    Error: browserType.launch: Executable doesn't exist at C:\Users\Angelo A. Dela Cruz\AppData\Local\ms-playwright\firefox-1490\firefox\firefox.exe
    ╔═════════════════════════════════════════════════════════════════════════╗
    ║ Looks like Playwright Test or Playwright was just installed or updated. ║
    ║ Please run the following command to download new browsers:              ║
    ║                                                                         ║
    ║     npx playwright install                                              ║
    ║                                                                         ║
    ║ <3 Playwright Team                                                      ║
    ╚═════════════════════════════════════════════════════════════════════════╝
]]>
</failure>
</testcase>
<testcase name="Roles and Permissions › should control project access based on permissions" classname="roles-permissions.test.ts" time="0.012">
<failure message="roles-permissions.test.ts:60:3 should control project access based on permissions" type="FAILURE">
<![CDATA[  [firefox] › roles-permissions.test.ts:60:3 › Roles and Permissions › should control project access based on permissions 

    Error: browserType.launch: Executable doesn't exist at C:\Users\Angelo A. Dela Cruz\AppData\Local\ms-playwright\firefox-1490\firefox\firefox.exe
    ╔═════════════════════════════════════════════════════════════════════════╗
    ║ Looks like Playwright Test or Playwright was just installed or updated. ║
    ║ Please run the following command to download new browsers:              ║
    ║                                                                         ║
    ║     npx playwright install                                              ║
    ║                                                                         ║
    ║ <3 Playwright Team                                                      ║
    ╚═════════════════════════════════════════════════════════════════════════╝
]]>
</failure>
</testcase>
<testcase name="Roles and Permissions › should enforce timesheet permissions" classname="roles-permissions.test.ts" time="0.018">
<failure message="roles-permissions.test.ts:79:3 should enforce timesheet permissions" type="FAILURE">
<![CDATA[  [firefox] › roles-permissions.test.ts:79:3 › Roles and Permissions › should enforce timesheet permissions 

    Error: browserType.launch: Executable doesn't exist at C:\Users\Angelo A. Dela Cruz\AppData\Local\ms-playwright\firefox-1490\firefox\firefox.exe
    ╔═════════════════════════════════════════════════════════════════════════╗
    ║ Looks like Playwright Test or Playwright was just installed or updated. ║
    ║ Please run the following command to download new browsers:              ║
    ║                                                                         ║
    ║     npx playwright install                                              ║
    ║                                                                         ║
    ║ <3 Playwright Team                                                      ║
    ╚═════════════════════════════════════════════════════════════════════════╝
]]>
</failure>
</testcase>
<testcase name="Roles and Permissions › should handle unauthorized access gracefully" classname="roles-permissions.test.ts" time="0.011">
<failure message="roles-permissions.test.ts:110:3 should handle unauthorized access gracefully" type="FAILURE">
<![CDATA[  [firefox] › roles-permissions.test.ts:110:3 › Roles and Permissions › should handle unauthorized access gracefully 

    Error: browserType.launch: Executable doesn't exist at C:\Users\Angelo A. Dela Cruz\AppData\Local\ms-playwright\firefox-1490\firefox\firefox.exe
    ╔═════════════════════════════════════════════════════════════════════════╗
    ║ Looks like Playwright Test or Playwright was just installed or updated. ║
    ║ Please run the following command to download new browsers:              ║
    ║                                                                         ║
    ║     npx playwright install                                              ║
    ║                                                                         ║
    ║ <3 Playwright Team                                                      ║
    ╚═════════════════════════════════════════════════════════════════════════╝
]]>
</failure>
</testcase>
<testcase name="Roles and Permissions › should maintain permission consistency across navigation" classname="roles-permissions.test.ts" time="0.013">
<failure message="roles-permissions.test.ts:125:3 should maintain permission consistency across navigation" type="FAILURE">
<![CDATA[  [firefox] › roles-permissions.test.ts:125:3 › Roles and Permissions › should maintain permission consistency across navigation 

    Error: browserType.launch: Executable doesn't exist at C:\Users\Angelo A. Dela Cruz\AppData\Local\ms-playwright\firefox-1490\firefox\firefox.exe
    ╔═════════════════════════════════════════════════════════════════════════╗
    ║ Looks like Playwright Test or Playwright was just installed or updated. ║
    ║ Please run the following command to download new browsers:              ║
    ║                                                                         ║
    ║     npx playwright install                                              ║
    ║                                                                         ║
    ║ <3 Playwright Team                                                      ║
    ╚═════════════════════════════════════════════════════════════════════════╝
]]>
</failure>
</testcase>
<testcase name="Roles and Permissions › should show appropriate UI elements based on user role" classname="roles-permissions.test.ts" time="0.012">
<failure message="roles-permissions.test.ts:148:3 should show appropriate UI elements based on user role" type="FAILURE">
<![CDATA[  [firefox] › roles-permissions.test.ts:148:3 › Roles and Permissions › should show appropriate UI elements based on user role 

    Error: browserType.launch: Executable doesn't exist at C:\Users\Angelo A. Dela Cruz\AppData\Local\ms-playwright\firefox-1490\firefox\firefox.exe
    ╔═════════════════════════════════════════════════════════════════════════╗
    ║ Looks like Playwright Test or Playwright was just installed or updated. ║
    ║ Please run the following command to download new browsers:              ║
    ║                                                                         ║
    ║     npx playwright install                                              ║
    ║                                                                         ║
    ║ <3 Playwright Team                                                      ║
    ╚═════════════════════════════════════════════════════════════════════════╝
]]>
</failure>
</testcase>
<testcase name="Roles and Permissions › should handle session expiration" classname="roles-permissions.test.ts" time="0.013">
<failure message="roles-permissions.test.ts:166:3 should handle session expiration" type="FAILURE">
<![CDATA[  [firefox] › roles-permissions.test.ts:166:3 › Roles and Permissions › should handle session expiration 

    Error: browserType.launch: Executable doesn't exist at C:\Users\Angelo A. Dela Cruz\AppData\Local\ms-playwright\firefox-1490\firefox\firefox.exe
    ╔═════════════════════════════════════════════════════════════════════════╗
    ║ Looks like Playwright Test or Playwright was just installed or updated. ║
    ║ Please run the following command to download new browsers:              ║
    ║                                                                         ║
    ║     npx playwright install                                              ║
    ║                                                                         ║
    ║ <3 Playwright Team                                                      ║
    ╚═════════════════════════════════════════════════════════════════════════╝
]]>
</failure>
</testcase>
<testcase name="Roles and Permissions › should validate CRUD permissions on resources" classname="roles-permissions.test.ts" time="0.009">
<failure message="roles-permissions.test.ts:181:3 should validate CRUD permissions on resources" type="FAILURE">
<![CDATA[  [firefox] › roles-permissions.test.ts:181:3 › Roles and Permissions › should validate CRUD permissions on resources 

    Error: browserType.launch: Executable doesn't exist at C:\Users\Angelo A. Dela Cruz\AppData\Local\ms-playwright\firefox-1490\firefox\firefox.exe
    ╔═════════════════════════════════════════════════════════════════════════╗
    ║ Looks like Playwright Test or Playwright was just installed or updated. ║
    ║ Please run the following command to download new browsers:              ║
    ║                                                                         ║
    ║     npx playwright install                                              ║
    ║                                                                         ║
    ║ <3 Playwright Team                                                      ║
    ╚═════════════════════════════════════════════════════════════════════════╝
]]>
</failure>
</testcase>
<testcase name="Roles and Permissions › should prevent cross-user data modification" classname="roles-permissions.test.ts" time="0.013">
<failure message="roles-permissions.test.ts:207:3 should prevent cross-user data modification" type="FAILURE">
<![CDATA[  [firefox] › roles-permissions.test.ts:207:3 › Roles and Permissions › should prevent cross-user data modification 

    Error: browserType.launch: Executable doesn't exist at C:\Users\Angelo A. Dela Cruz\AppData\Local\ms-playwright\firefox-1490\firefox\firefox.exe
    ╔═════════════════════════════════════════════════════════════════════════╗
    ║ Looks like Playwright Test or Playwright was just installed or updated. ║
    ║ Please run the following command to download new browsers:              ║
    ║                                                                         ║
    ║     npx playwright install                                              ║
    ║                                                                         ║
    ║ <3 Playwright Team                                                      ║
    ╚═════════════════════════════════════════════════════════════════════════╝
]]>
</failure>
</testcase>
<testcase name="Roles and Permissions › should apply role-based API access control" classname="roles-permissions.test.ts" time="0.011">
<failure message="roles-permissions.test.ts:222:3 should apply role-based API access control" type="FAILURE">
<![CDATA[  [firefox] › roles-permissions.test.ts:222:3 › Roles and Permissions › should apply role-based API access control 

    Error: browserType.launch: Executable doesn't exist at C:\Users\Angelo A. Dela Cruz\AppData\Local\ms-playwright\firefox-1490\firefox\firefox.exe
    ╔═════════════════════════════════════════════════════════════════════════╗
    ║ Looks like Playwright Test or Playwright was just installed or updated. ║
    ║ Please run the following command to download new browsers:              ║
    ║                                                                         ║
    ║     npx playwright install                                              ║
    ║                                                                         ║
    ║ <3 Playwright Team                                                      ║
    ╚═════════════════════════════════════════════════════════════════════════╝
]]>
</failure>
</testcase>
</testsuite>
<testsuite name="timesheets-basic.test.ts" timestamp="2025-09-10T03:45:18.181Z" hostname="firefox" tests="5" failures="5" skipped="0" time="0.055" errors="0">
<testcase name="Timesheets Basic Tests › should require authentication for timesheets" classname="timesheets-basic.test.ts" time="0.013">
<failure message="timesheets-basic.test.ts:7:3 should require authentication for timesheets" type="FAILURE">
<![CDATA[  [firefox] › timesheets-basic.test.ts:7:3 › Timesheets Basic Tests › should require authentication for timesheets 

    Error: browserType.launch: Executable doesn't exist at C:\Users\Angelo A. Dela Cruz\AppData\Local\ms-playwright\firefox-1490\firefox\firefox.exe
    ╔═════════════════════════════════════════════════════════════════════════╗
    ║ Looks like Playwright Test or Playwright was just installed or updated. ║
    ║ Please run the following command to download new browsers:              ║
    ║                                                                         ║
    ║     npx playwright install                                              ║
    ║                                                                         ║
    ║ <3 Playwright Team                                                      ║
    ╚═════════════════════════════════════════════════════════════════════════╝
]]>
</failure>
</testcase>
<testcase name="Timesheets Basic Tests › should access timesheets after login" classname="timesheets-basic.test.ts" time="0.011">
<failure message="timesheets-basic.test.ts:18:3 should access timesheets after login" type="FAILURE">
<![CDATA[  [firefox] › timesheets-basic.test.ts:18:3 › Timesheets Basic Tests › should access timesheets after login 

    Error: browserType.launch: Executable doesn't exist at C:\Users\Angelo A. Dela Cruz\AppData\Local\ms-playwright\firefox-1490\firefox\firefox.exe
    ╔═════════════════════════════════════════════════════════════════════════╗
    ║ Looks like Playwright Test or Playwright was just installed or updated. ║
    ║ Please run the following command to download new browsers:              ║
    ║                                                                         ║
    ║     npx playwright install                                              ║
    ║                                                                         ║
    ║ <3 Playwright Team                                                      ║
    ╚═════════════════════════════════════════════════════════════════════════╝
]]>
</failure>
</testcase>
<testcase name="Timesheets Basic Tests › should check for AG-Grid or timesheet content" classname="timesheets-basic.test.ts" time="0.009">
<failure message="timesheets-basic.test.ts:40:3 should check for AG-Grid or timesheet content" type="FAILURE">
<![CDATA[  [firefox] › timesheets-basic.test.ts:40:3 › Timesheets Basic Tests › should check for AG-Grid or timesheet content 

    Error: browserType.launch: Executable doesn't exist at C:\Users\Angelo A. Dela Cruz\AppData\Local\ms-playwright\firefox-1490\firefox\firefox.exe
    ╔═════════════════════════════════════════════════════════════════════════╗
    ║ Looks like Playwright Test or Playwright was just installed or updated. ║
    ║ Please run the following command to download new browsers:              ║
    ║                                                                         ║
    ║     npx playwright install                                              ║
    ║                                                                         ║
    ║ <3 Playwright Team                                                      ║
    ╚═════════════════════════════════════════════════════════════════════════╝
]]>
</failure>
</testcase>
<testcase name="Timesheets Basic Tests › should look for AG-Grid elements" classname="timesheets-basic.test.ts" time="0.011">
<failure message="timesheets-basic.test.ts:67:3 should look for AG-Grid elements" type="FAILURE">
<![CDATA[  [firefox] › timesheets-basic.test.ts:67:3 › Timesheets Basic Tests › should look for AG-Grid elements 

    Error: browserType.launch: Executable doesn't exist at C:\Users\Angelo A. Dela Cruz\AppData\Local\ms-playwright\firefox-1490\firefox\firefox.exe
    ╔═════════════════════════════════════════════════════════════════════════╗
    ║ Looks like Playwright Test or Playwright was just installed or updated. ║
    ║ Please run the following command to download new browsers:              ║
    ║                                                                         ║
    ║     npx playwright install                                              ║
    ║                                                                         ║
    ║ <3 Playwright Team                                                      ║
    ╚═════════════════════════════════════════════════════════════════════════╝
]]>
</failure>
</testcase>
<testcase name="Timesheets Basic Tests › should check for timesheet actions" classname="timesheets-basic.test.ts" time="0.011">
<failure message="timesheets-basic.test.ts:106:3 should check for timesheet actions" type="FAILURE">
<![CDATA[  [firefox] › timesheets-basic.test.ts:106:3 › Timesheets Basic Tests › should check for timesheet actions 

    Error: browserType.launch: Executable doesn't exist at C:\Users\Angelo A. Dela Cruz\AppData\Local\ms-playwright\firefox-1490\firefox\firefox.exe
    ╔═════════════════════════════════════════════════════════════════════════╗
    ║ Looks like Playwright Test or Playwright was just installed or updated. ║
    ║ Please run the following command to download new browsers:              ║
    ║                                                                         ║
    ║     npx playwright install                                              ║
    ║                                                                         ║
    ║ <3 Playwright Team                                                      ║
    ╚═════════════════════════════════════════════════════════════════════════╝
]]>
</failure>
</testcase>
</testsuite>
<testsuite name="timesheets-fixed.test.ts" timestamp="2025-09-10T03:45:18.181Z" hostname="firefox" tests="8" failures="8" skipped="0" time="0.108" errors="0">
<testcase name="Timesheets Management - Fixed › should access timesheets page when authenticated" classname="timesheets-fixed.test.ts" time="0.014">
<failure message="timesheets-fixed.test.ts:15:3 should access timesheets page when authenticated" type="FAILURE">
<![CDATA[  [firefox] › timesheets-fixed.test.ts:15:3 › Timesheets Management - Fixed › should access timesheets page when authenticated 

    Error: browserType.launch: Executable doesn't exist at C:\Users\Angelo A. Dela Cruz\AppData\Local\ms-playwright\firefox-1490\firefox\firefox.exe
    ╔═════════════════════════════════════════════════════════════════════════╗
    ║ Looks like Playwright Test or Playwright was just installed or updated. ║
    ║ Please run the following command to download new browsers:              ║
    ║                                                                         ║
    ║     npx playwright install                                              ║
    ║                                                                         ║
    ║ <3 Playwright Team                                                      ║
    ╚═════════════════════════════════════════════════════════════════════════╝
]]>
</failure>
</testcase>
<testcase name="Timesheets Management - Fixed › should redirect to login when not authenticated" classname="timesheets-fixed.test.ts" time="0.013">
<failure message="timesheets-fixed.test.ts:33:3 should redirect to login when not authenticated" type="FAILURE">
<![CDATA[  [firefox] › timesheets-fixed.test.ts:33:3 › Timesheets Management - Fixed › should redirect to login when not authenticated 

    Error: browserType.launch: Executable doesn't exist at C:\Users\Angelo A. Dela Cruz\AppData\Local\ms-playwright\firefox-1490\firefox\firefox.exe
    ╔═════════════════════════════════════════════════════════════════════════╗
    ║ Looks like Playwright Test or Playwright was just installed or updated. ║
    ║ Please run the following command to download new browsers:              ║
    ║                                                                         ║
    ║     npx playwright install                                              ║
    ║                                                                         ║
    ║ <3 Playwright Team                                                      ║
    ╚═════════════════════════════════════════════════════════════════════════╝
]]>
</failure>
</testcase>
<testcase name="Timesheets Management - Fixed › should display AG-Grid with headers" classname="timesheets-fixed.test.ts" time="0.016">
<failure message="timesheets-fixed.test.ts:49:3 should display AG-Grid with headers" type="FAILURE">
<![CDATA[  [firefox] › timesheets-fixed.test.ts:49:3 › Timesheets Management - Fixed › should display AG-Grid with headers 

    Error: browserType.launch: Executable doesn't exist at C:\Users\Angelo A. Dela Cruz\AppData\Local\ms-playwright\firefox-1490\firefox\firefox.exe
    ╔═════════════════════════════════════════════════════════════════════════╗
    ║ Looks like Playwright Test or Playwright was just installed or updated. ║
    ║ Please run the following command to download new browsers:              ║
    ║                                                                         ║
    ║     npx playwright install                                              ║
    ║                                                                         ║
    ║ <3 Playwright Team                                                      ║
    ╚═════════════════════════════════════════════════════════════════════════╝
]]>
</failure>
</testcase>
<testcase name="Timesheets Management - Fixed › should have add timesheet functionality" classname="timesheets-fixed.test.ts" time="0.014">
<failure message="timesheets-fixed.test.ts:69:3 should have add timesheet functionality" type="FAILURE">
<![CDATA[  [firefox] › timesheets-fixed.test.ts:69:3 › Timesheets Management - Fixed › should have add timesheet functionality 

    Error: browserType.launch: Executable doesn't exist at C:\Users\Angelo A. Dela Cruz\AppData\Local\ms-playwright\firefox-1490\firefox\firefox.exe
    ╔═════════════════════════════════════════════════════════════════════════╗
    ║ Looks like Playwright Test or Playwright was just installed or updated. ║
    ║ Please run the following command to download new browsers:              ║
    ║                                                                         ║
    ║     npx playwright install                                              ║
    ║                                                                         ║
    ║ <3 Playwright Team                                                      ║
    ╚═════════════════════════════════════════════════════════════════════════╝
]]>
</failure>
</testcase>
<testcase name="Timesheets Management - Fixed › should handle row expansion for DTRs" classname="timesheets-fixed.test.ts" time="0.01">
<failure message="timesheets-fixed.test.ts:95:3 should handle row expansion for DTRs" type="FAILURE">
<![CDATA[  [firefox] › timesheets-fixed.test.ts:95:3 › Timesheets Management - Fixed › should handle row expansion for DTRs 

    Error: browserType.launch: Executable doesn't exist at C:\Users\Angelo A. Dela Cruz\AppData\Local\ms-playwright\firefox-1490\firefox\firefox.exe
    ╔═════════════════════════════════════════════════════════════════════════╗
    ║ Looks like Playwright Test or Playwright was just installed or updated. ║
    ║ Please run the following command to download new browsers:              ║
    ║                                                                         ║
    ║     npx playwright install                                              ║
    ║                                                                         ║
    ║ <3 Playwright Team                                                      ║
    ╚═════════════════════════════════════════════════════════════════════════╝
]]>
</failure>
</testcase>
<testcase name="Timesheets Management - Fixed › should display timesheet data or empty state" classname="timesheets-fixed.test.ts" time="0.017">
<failure message="timesheets-fixed.test.ts:128:3 should display timesheet data or empty state" type="FAILURE">
<![CDATA[  [firefox] › timesheets-fixed.test.ts:128:3 › Timesheets Management - Fixed › should display timesheet data or empty state 

    Error: browserType.launch: Executable doesn't exist at C:\Users\Angelo A. Dela Cruz\AppData\Local\ms-playwright\firefox-1490\firefox\firefox.exe
    ╔═════════════════════════════════════════════════════════════════════════╗
    ║ Looks like Playwright Test or Playwright was just installed or updated. ║
    ║ Please run the following command to download new browsers:              ║
    ║                                                                         ║
    ║     npx playwright install                                              ║
    ║                                                                         ║
    ║ <3 Playwright Team                                                      ║
    ╚═════════════════════════════════════════════════════════════════════════╝
]]>
</failure>
</testcase>
<testcase name="Timesheets Management - Fixed › should have filter/search functionality" classname="timesheets-fixed.test.ts" time="0.015">
<failure message="timesheets-fixed.test.ts:147:3 should have filter/search functionality" type="FAILURE">
<![CDATA[  [firefox] › timesheets-fixed.test.ts:147:3 › Timesheets Management - Fixed › should have filter/search functionality 

    Error: browserType.launch: Executable doesn't exist at C:\Users\Angelo A. Dela Cruz\AppData\Local\ms-playwright\firefox-1490\firefox\firefox.exe
    ╔═════════════════════════════════════════════════════════════════════════╗
    ║ Looks like Playwright Test or Playwright was just installed or updated. ║
    ║ Please run the following command to download new browsers:              ║
    ║                                                                         ║
    ║     npx playwright install                                              ║
    ║                                                                         ║
    ║ <3 Playwright Team                                                      ║
    ╚═════════════════════════════════════════════════════════════════════════╝
]]>
</failure>
</testcase>
<testcase name="Timesheets Management - Fixed › should verify single expansion policy" classname="timesheets-fixed.test.ts" time="0.009">
<failure message="timesheets-fixed.test.ts:164:3 should verify single expansion policy" type="FAILURE">
<![CDATA[  [firefox] › timesheets-fixed.test.ts:164:3 › Timesheets Management - Fixed › should verify single expansion policy 

    Error: browserType.launch: Executable doesn't exist at C:\Users\Angelo A. Dela Cruz\AppData\Local\ms-playwright\firefox-1490\firefox\firefox.exe
    ╔═════════════════════════════════════════════════════════════════════════╗
    ║ Looks like Playwright Test or Playwright was just installed or updated. ║
    ║ Please run the following command to download new browsers:              ║
    ║                                                                         ║
    ║     npx playwright install                                              ║
    ║                                                                         ║
    ║ <3 Playwright Team                                                      ║
    ╚═════════════════════════════════════════════════════════════════════════╝
]]>
</failure>
</testcase>
</testsuite>
<testsuite name="timesheets.test.ts" timestamp="2025-09-10T03:45:18.181Z" hostname="firefox" tests="13" failures="13" skipped="0" time="0.154" errors="0">
<testcase name="Timesheet Management › should require authentication to access timesheets" classname="timesheets.test.ts" time="0.014">
<failure message="timesheets.test.ts:7:3 should require authentication to access timesheets" type="FAILURE">
<![CDATA[  [firefox] › timesheets.test.ts:7:3 › Timesheet Management › should require authentication to access timesheets 

    Error: browserType.launch: Executable doesn't exist at C:\Users\Angelo A. Dela Cruz\AppData\Local\ms-playwright\firefox-1490\firefox\firefox.exe
    ╔═════════════════════════════════════════════════════════════════════════╗
    ║ Looks like Playwright Test or Playwright was just installed or updated. ║
    ║ Please run the following command to download new browsers:              ║
    ║                                                                         ║
    ║     npx playwright install                                              ║
    ║                                                                         ║
    ║ <3 Playwright Team                                                      ║
    ╚═════════════════════════════════════════════════════════════════════════╝
]]>
</failure>
</testcase>
<testcase name="Timesheet Management › should display timesheet grid for authenticated users" classname="timesheets.test.ts" time="0.009">
<failure message="timesheets.test.ts:16:3 should display timesheet grid for authenticated users" type="FAILURE">
<![CDATA[  [firefox] › timesheets.test.ts:16:3 › Timesheet Management › should display timesheet grid for authenticated users 

    Error: browserType.launch: Executable doesn't exist at C:\Users\Angelo A. Dela Cruz\AppData\Local\ms-playwright\firefox-1490\firefox\firefox.exe
    ╔═════════════════════════════════════════════════════════════════════════╗
    ║ Looks like Playwright Test or Playwright was just installed or updated. ║
    ║ Please run the following command to download new browsers:              ║
    ║                                                                         ║
    ║     npx playwright install                                              ║
    ║                                                                         ║
    ║ <3 Playwright Team                                                      ║
    ╚═════════════════════════════════════════════════════════════════════════╝
]]>
</failure>
</testcase>
<testcase name="Timesheet Management › should create a new timesheet" classname="timesheets.test.ts" time="0.011">
<failure message="timesheets.test.ts:33:3 should create a new timesheet" type="FAILURE">
<![CDATA[  [firefox] › timesheets.test.ts:33:3 › Timesheet Management › should create a new timesheet ───────

    Error: browserType.launch: Executable doesn't exist at C:\Users\Angelo A. Dela Cruz\AppData\Local\ms-playwright\firefox-1490\firefox\firefox.exe
    ╔═════════════════════════════════════════════════════════════════════════╗
    ║ Looks like Playwright Test or Playwright was just installed or updated. ║
    ║ Please run the following command to download new browsers:              ║
    ║                                                                         ║
    ║     npx playwright install                                              ║
    ║                                                                         ║
    ║ <3 Playwright Team                                                      ║
    ╚═════════════════════════════════════════════════════════════════════════╝
]]>
</failure>
</testcase>
<testcase name="Timesheet Management › should expand timesheet to show DTRs" classname="timesheets.test.ts" time="0.011">
<failure message="timesheets.test.ts:78:3 should expand timesheet to show DTRs" type="FAILURE">
<![CDATA[  [firefox] › timesheets.test.ts:78:3 › Timesheet Management › should expand timesheet to show DTRs 

    Error: browserType.launch: Executable doesn't exist at C:\Users\Angelo A. Dela Cruz\AppData\Local\ms-playwright\firefox-1490\firefox\firefox.exe
    ╔═════════════════════════════════════════════════════════════════════════╗
    ║ Looks like Playwright Test or Playwright was just installed or updated. ║
    ║ Please run the following command to download new browsers:              ║
    ║                                                                         ║
    ║     npx playwright install                                              ║
    ║                                                                         ║
    ║ <3 Playwright Team                                                      ║
    ╚═════════════════════════════════════════════════════════════════════════╝
]]>
</failure>
</testcase>
<testcase name="Timesheet Management › should add DTR to timesheet" classname="timesheets.test.ts" time="0.011">
<failure message="timesheets.test.ts:99:3 should add DTR to timesheet" type="FAILURE">
<![CDATA[  [firefox] › timesheets.test.ts:99:3 › Timesheet Management › should add DTR to timesheet ─────────

    Error: browserType.launch: Executable doesn't exist at C:\Users\Angelo A. Dela Cruz\AppData\Local\ms-playwright\firefox-1490\firefox\firefox.exe
    ╔═════════════════════════════════════════════════════════════════════════╗
    ║ Looks like Playwright Test or Playwright was just installed or updated. ║
    ║ Please run the following command to download new browsers:              ║
    ║                                                                         ║
    ║     npx playwright install                                              ║
    ║                                                                         ║
    ║ <3 Playwright Team                                                      ║
    ╚═════════════════════════════════════════════════════════════════════════╝
]]>
</failure>
</testcase>
<testcase name="Timesheet Management › should add timelog to DTR" classname="timesheets.test.ts" time="0.011">
<failure message="timesheets.test.ts:132:3 should add timelog to DTR" type="FAILURE">
<![CDATA[  [firefox] › timesheets.test.ts:132:3 › Timesheet Management › should add timelog to DTR ──────────

    Error: browserType.launch: Executable doesn't exist at C:\Users\Angelo A. Dela Cruz\AppData\Local\ms-playwright\firefox-1490\firefox\firefox.exe
    ╔═════════════════════════════════════════════════════════════════════════╗
    ║ Looks like Playwright Test or Playwright was just installed or updated. ║
    ║ Please run the following command to download new browsers:              ║
    ║                                                                         ║
    ║     npx playwright install                                              ║
    ║                                                                         ║
    ║ <3 Playwright Team                                                      ║
    ╚═════════════════════════════════════════════════════════════════════════╝
]]>
</failure>
</testcase>
<testcase name="Timesheet Management › should add clock event to timelog" classname="timesheets.test.ts" time="0.014">
<failure message="timesheets.test.ts:177:3 should add clock event to timelog" type="FAILURE">
<![CDATA[  [firefox] › timesheets.test.ts:177:3 › Timesheet Management › should add clock event to timelog ──

    Error: browserType.launch: Executable doesn't exist at C:\Users\Angelo A. Dela Cruz\AppData\Local\ms-playwright\firefox-1490\firefox\firefox.exe
    ╔═════════════════════════════════════════════════════════════════════════╗
    ║ Looks like Playwright Test or Playwright was just installed or updated. ║
    ║ Please run the following command to download new browsers:              ║
    ║                                                                         ║
    ║     npx playwright install                                              ║
    ║                                                                         ║
    ║ <3 Playwright Team                                                      ║
    ╚═════════════════════════════════════════════════════════════════════════╝
]]>
</failure>
</testcase>
<testcase name="Timesheet Management › should edit timesheet details" classname="timesheets.test.ts" time="0.016">
<failure message="timesheets.test.ts:225:3 should edit timesheet details" type="FAILURE">
<![CDATA[  [firefox] › timesheets.test.ts:225:3 › Timesheet Management › should edit timesheet details ──────

    Error: browserType.launch: Executable doesn't exist at C:\Users\Angelo A. Dela Cruz\AppData\Local\ms-playwright\firefox-1490\firefox\firefox.exe
    ╔═════════════════════════════════════════════════════════════════════════╗
    ║ Looks like Playwright Test or Playwright was just installed or updated. ║
    ║ Please run the following command to download new browsers:              ║
    ║                                                                         ║
    ║     npx playwright install                                              ║
    ║                                                                         ║
    ║ <3 Playwright Team                                                      ║
    ╚═════════════════════════════════════════════════════════════════════════╝
]]>
</failure>
</testcase>
<testcase name="Timesheet Management › should delete clock event" classname="timesheets.test.ts" time="0.01">
<failure message="timesheets.test.ts:255:3 should delete clock event" type="FAILURE">
<![CDATA[  [firefox] › timesheets.test.ts:255:3 › Timesheet Management › should delete clock event ──────────

    Error: browserType.launch: Executable doesn't exist at C:\Users\Angelo A. Dela Cruz\AppData\Local\ms-playwright\firefox-1490\firefox\firefox.exe
    ╔═════════════════════════════════════════════════════════════════════════╗
    ║ Looks like Playwright Test or Playwright was just installed or updated. ║
    ║ Please run the following command to download new browsers:              ║
    ║                                                                         ║
    ║     npx playwright install                                              ║
    ║                                                                         ║
    ║ <3 Playwright Team                                                      ║
    ╚═════════════════════════════════════════════════════════════════════════╝
]]>
</failure>
</testcase>
<testcase name="Timesheet Management › should handle single expansion policy" classname="timesheets.test.ts" time="0.011">
<failure message="timesheets.test.ts:280:3 should handle single expansion policy" type="FAILURE">
<![CDATA[  [firefox] › timesheets.test.ts:280:3 › Timesheet Management › should handle single expansion policy 

    Error: browserType.launch: Executable doesn't exist at C:\Users\Angelo A. Dela Cruz\AppData\Local\ms-playwright\firefox-1490\firefox\firefox.exe
    ╔═════════════════════════════════════════════════════════════════════════╗
    ║ Looks like Playwright Test or Playwright was just installed or updated. ║
    ║ Please run the following command to download new browsers:              ║
    ║                                                                         ║
    ║     npx playwright install                                              ║
    ║                                                                         ║
    ║ <3 Playwright Team                                                      ║
    ╚═════════════════════════════════════════════════════════════════════════╝
]]>
</failure>
</testcase>
<testcase name="Timesheet Management › should calculate total hours correctly" classname="timesheets.test.ts" time="0.012">
<failure message="timesheets.test.ts:308:3 should calculate total hours correctly" type="FAILURE">
<![CDATA[  [firefox] › timesheets.test.ts:308:3 › Timesheet Management › should calculate total hours correctly 

    Error: browserType.launch: Executable doesn't exist at C:\Users\Angelo A. Dela Cruz\AppData\Local\ms-playwright\firefox-1490\firefox\firefox.exe
    ╔═════════════════════════════════════════════════════════════════════════╗
    ║ Looks like Playwright Test or Playwright was just installed or updated. ║
    ║ Please run the following command to download new browsers:              ║
    ║                                                                         ║
    ║     npx playwright install                                              ║
    ║                                                                         ║
    ║ <3 Playwright Team                                                      ║
    ╚═════════════════════════════════════════════════════════════════════════╝
]]>
</failure>
</testcase>
<testcase name="Timesheet Management › should filter timesheets by employee" classname="timesheets.test.ts" time="0.015">
<failure message="timesheets.test.ts:324:3 should filter timesheets by employee" type="FAILURE">
<![CDATA[  [firefox] › timesheets.test.ts:324:3 › Timesheet Management › should filter timesheets by employee 

    Error: browserType.launch: Executable doesn't exist at C:\Users\Angelo A. Dela Cruz\AppData\Local\ms-playwright\firefox-1490\firefox\firefox.exe
    ╔═════════════════════════════════════════════════════════════════════════╗
    ║ Looks like Playwright Test or Playwright was just installed or updated. ║
    ║ Please run the following command to download new browsers:              ║
    ║                                                                         ║
    ║     npx playwright install                                              ║
    ║                                                                         ║
    ║ <3 Playwright Team                                                      ║
    ╚═════════════════════════════════════════════════════════════════════════╝
]]>
</failure>
</testcase>
<testcase name="Timesheet Management › should export timesheet data" classname="timesheets.test.ts" time="0.009">
<failure message="timesheets.test.ts:345:3 should export timesheet data" type="FAILURE">
<![CDATA[  [firefox] › timesheets.test.ts:345:3 › Timesheet Management › should export timesheet data ───────

    Error: browserType.launch: Executable doesn't exist at C:\Users\Angelo A. Dela Cruz\AppData\Local\ms-playwright\firefox-1490\firefox\firefox.exe
    ╔═════════════════════════════════════════════════════════════════════════╗
    ║ Looks like Playwright Test or Playwright was just installed or updated. ║
    ║ Please run the following command to download new browsers:              ║
    ║                                                                         ║
    ║     npx playwright install                                              ║
    ║                                                                         ║
    ║ <3 Playwright Team                                                      ║
    ╚═════════════════════════════════════════════════════════════════════════╝
]]>
</failure>
</testcase>
</testsuite>
<testsuite name="user-search.test.ts" timestamp="2025-09-10T03:45:18.181Z" hostname="firefox" tests="12" failures="12" skipped="0" time="0.152" errors="0">
<testcase name="User Search Functionality › should handle search with no query" classname="user-search.test.ts" time="0.013">
<failure message="user-search.test.ts:9:3 should handle search with no query" type="FAILURE">
<![CDATA[  [firefox] › user-search.test.ts:9:3 › User Search Functionality › should handle search with no query 

    Error: browserType.launch: Executable doesn't exist at C:\Users\Angelo A. Dela Cruz\AppData\Local\ms-playwright\firefox-1490\firefox\firefox.exe
    ╔═════════════════════════════════════════════════════════════════════════╗
    ║ Looks like Playwright Test or Playwright was just installed or updated. ║
    ║ Please run the following command to download new browsers:              ║
    ║                                                                         ║
    ║     npx playwright install                                              ║
    ║                                                                         ║
    ║ <3 Playwright Team                                                      ║
    ╚═════════════════════════════════════════════════════════════════════════╝
]]>
</failure>
</testcase>
<testcase name="User Search Functionality › should search for existing user" classname="user-search.test.ts" time="0.011">
<failure message="user-search.test.ts:27:3 should search for existing user" type="FAILURE">
<![CDATA[  [firefox] › user-search.test.ts:27:3 › User Search Functionality › should search for existing user 

    Error: browserType.launch: Executable doesn't exist at C:\Users\Angelo A. Dela Cruz\AppData\Local\ms-playwright\firefox-1490\firefox\firefox.exe
    ╔═════════════════════════════════════════════════════════════════════════╗
    ║ Looks like Playwright Test or Playwright was just installed or updated. ║
    ║ Please run the following command to download new browsers:              ║
    ║                                                                         ║
    ║     npx playwright install                                              ║
    ║                                                                         ║
    ║ <3 Playwright Team                                                      ║
    ╚═════════════════════════════════════════════════════════════════════════╝
]]>
</failure>
</testcase>
<testcase name="User Search Functionality › should handle search with no results" classname="user-search.test.ts" time="0.014">
<failure message="user-search.test.ts:46:3 should handle search with no results" type="FAILURE">
<![CDATA[  [firefox] › user-search.test.ts:46:3 › User Search Functionality › should handle search with no results 

    Error: browserType.launch: Executable doesn't exist at C:\Users\Angelo A. Dela Cruz\AppData\Local\ms-playwright\firefox-1490\firefox\firefox.exe
    ╔═════════════════════════════════════════════════════════════════════════╗
    ║ Looks like Playwright Test or Playwright was just installed or updated. ║
    ║ Please run the following command to download new browsers:              ║
    ║                                                                         ║
    ║     npx playwright install                                              ║
    ║                                                                         ║
    ║ <3 Playwright Team                                                      ║
    ╚═════════════════════════════════════════════════════════════════════════╝
]]>
</failure>
</testcase>
<testcase name="User Search Functionality › should handle partial search terms" classname="user-search.test.ts" time="0.01">
<failure message="user-search.test.ts:66:3 should handle partial search terms" type="FAILURE">
<![CDATA[  [firefox] › user-search.test.ts:66:3 › User Search Functionality › should handle partial search terms 

    Error: browserType.launch: Executable doesn't exist at C:\Users\Angelo A. Dela Cruz\AppData\Local\ms-playwright\firefox-1490\firefox\firefox.exe
    ╔═════════════════════════════════════════════════════════════════════════╗
    ║ Looks like Playwright Test or Playwright was just installed or updated. ║
    ║ Please run the following command to download new browsers:              ║
    ║                                                                         ║
    ║     npx playwright install                                              ║
    ║                                                                         ║
    ║ <3 Playwright Team                                                      ║
    ╚═════════════════════════════════════════════════════════════════════════╝
]]>
</failure>
</testcase>
<testcase name="User Search Functionality › should handle special characters in search" classname="user-search.test.ts" time="0.015">
<failure message="user-search.test.ts:89:3 should handle special characters in search" type="FAILURE">
<![CDATA[  [firefox] › user-search.test.ts:89:3 › User Search Functionality › should handle special characters in search 

    Error: browserType.launch: Executable doesn't exist at C:\Users\Angelo A. Dela Cruz\AppData\Local\ms-playwright\firefox-1490\firefox\firefox.exe
    ╔═════════════════════════════════════════════════════════════════════════╗
    ║ Looks like Playwright Test or Playwright was just installed or updated. ║
    ║ Please run the following command to download new browsers:              ║
    ║                                                                         ║
    ║     npx playwright install                                              ║
    ║                                                                         ║
    ║ <3 Playwright Team                                                      ║
    ╚═════════════════════════════════════════════════════════════════════════╝
]]>
</failure>
</testcase>
<testcase name="User Search Functionality › should handle case-insensitive search" classname="user-search.test.ts" time="0.014">
<failure message="user-search.test.ts:110:3 should handle case-insensitive search" type="FAILURE">
<![CDATA[  [firefox] › user-search.test.ts:110:3 › User Search Functionality › should handle case-insensitive search 

    Error: browserType.launch: Executable doesn't exist at C:\Users\Angelo A. Dela Cruz\AppData\Local\ms-playwright\firefox-1490\firefox\firefox.exe
    ╔═════════════════════════════════════════════════════════════════════════╗
    ║ Looks like Playwright Test or Playwright was just installed or updated. ║
    ║ Please run the following command to download new browsers:              ║
    ║                                                                         ║
    ║     npx playwright install                                              ║
    ║                                                                         ║
    ║ <3 Playwright Team                                                      ║
    ╚═════════════════════════════════════════════════════════════════════════╝
]]>
</failure>
</testcase>
<testcase name="User Search Functionality › should update search via input field if available" classname="user-search.test.ts" time="0.013">
<failure message="user-search.test.ts:125:3 should update search via input field if available" type="FAILURE">
<![CDATA[  [firefox] › user-search.test.ts:125:3 › User Search Functionality › should update search via input field if available 

    Error: browserType.launch: Executable doesn't exist at C:\Users\Angelo A. Dela Cruz\AppData\Local\ms-playwright\firefox-1490\firefox\firefox.exe
    ╔═════════════════════════════════════════════════════════════════════════╗
    ║ Looks like Playwright Test or Playwright was just installed or updated. ║
    ║ Please run the following command to download new browsers:              ║
    ║                                                                         ║
    ║     npx playwright install                                              ║
    ║                                                                         ║
    ║ <3 Playwright Team                                                      ║
    ╚═════════════════════════════════════════════════════════════════════════╝
]]>
</failure>
</testcase>
<testcase name="User Search Functionality › should handle empty search parameter" classname="user-search.test.ts" time="0.01">
<failure message="user-search.test.ts:156:3 should handle empty search parameter" type="FAILURE">
<![CDATA[  [firefox] › user-search.test.ts:156:3 › User Search Functionality › should handle empty search parameter 

    Error: browserType.launch: Executable doesn't exist at C:\Users\Angelo A. Dela Cruz\AppData\Local\ms-playwright\firefox-1490\firefox\firefox.exe
    ╔═════════════════════════════════════════════════════════════════════════╗
    ║ Looks like Playwright Test or Playwright was just installed or updated. ║
    ║ Please run the following command to download new browsers:              ║
    ║                                                                         ║
    ║     npx playwright install                                              ║
    ║                                                                         ║
    ║ <3 Playwright Team                                                      ║
    ╚═════════════════════════════════════════════════════════════════════════╝
]]>
</failure>
</testcase>
<testcase name="User Search Functionality › should preserve search across navigation" classname="user-search.test.ts" time="0.013">
<failure message="user-search.test.ts:172:3 should preserve search across navigation" type="FAILURE">
<![CDATA[  [firefox] › user-search.test.ts:172:3 › User Search Functionality › should preserve search across navigation 

    Error: browserType.launch: Executable doesn't exist at C:\Users\Angelo A. Dela Cruz\AppData\Local\ms-playwright\firefox-1490\firefox\firefox.exe
    ╔═════════════════════════════════════════════════════════════════════════╗
    ║ Looks like Playwright Test or Playwright was just installed or updated. ║
    ║ Please run the following command to download new browsers:              ║
    ║                                                                         ║
    ║     npx playwright install                                              ║
    ║                                                                         ║
    ║ <3 Playwright Team                                                      ║
    ╚═════════════════════════════════════════════════════════════════════════╝
]]>
</failure>
</testcase>
<testcase name="User Search Functionality › should handle multiple search parameters" classname="user-search.test.ts" time="0.015">
<failure message="user-search.test.ts:202:3 should handle multiple search parameters" type="FAILURE">
<![CDATA[  [firefox] › user-search.test.ts:202:3 › User Search Functionality › should handle multiple search parameters 

    Error: browserType.launch: Executable doesn't exist at C:\Users\Angelo A. Dela Cruz\AppData\Local\ms-playwright\firefox-1490\firefox\firefox.exe
    ╔═════════════════════════════════════════════════════════════════════════╗
    ║ Looks like Playwright Test or Playwright was just installed or updated. ║
    ║ Please run the following command to download new browsers:              ║
    ║                                                                         ║
    ║     npx playwright install                                              ║
    ║                                                                         ║
    ║ <3 Playwright Team                                                      ║
    ╚═════════════════════════════════════════════════════════════════════════╝
]]>
</failure>
</testcase>
<testcase name="User Search Functionality › should handle very long search queries" classname="user-search.test.ts" time="0.015">
<failure message="user-search.test.ts:219:3 should handle very long search queries" type="FAILURE">
<![CDATA[  [firefox] › user-search.test.ts:219:3 › User Search Functionality › should handle very long search queries 

    Error: browserType.launch: Executable doesn't exist at C:\Users\Angelo A. Dela Cruz\AppData\Local\ms-playwright\firefox-1490\firefox\firefox.exe
    ╔═════════════════════════════════════════════════════════════════════════╗
    ║ Looks like Playwright Test or Playwright was just installed or updated. ║
    ║ Please run the following command to download new browsers:              ║
    ║                                                                         ║
    ║     npx playwright install                                              ║
    ║                                                                         ║
    ║ <3 Playwright Team                                                      ║
    ╚═════════════════════════════════════════════════════════════════════════╝
]]>
</failure>
</testcase>
<testcase name="User Search Functionality › should search from homepage if search is available" classname="user-search.test.ts" time="0.009">
<failure message="user-search.test.ts:241:3 should search from homepage if search is available" type="FAILURE">
<![CDATA[  [firefox] › user-search.test.ts:241:3 › User Search Functionality › should search from homepage if search is available 

    Error: browserType.launch: Executable doesn't exist at C:\Users\Angelo A. Dela Cruz\AppData\Local\ms-playwright\firefox-1490\firefox\firefox.exe
    ╔═════════════════════════════════════════════════════════════════════════╗
    ║ Looks like Playwright Test or Playwright was just installed or updated. ║
    ║ Please run the following command to download new browsers:              ║
    ║                                                                         ║
    ║     npx playwright install                                              ║
    ║                                                                         ║
    ║ <3 Playwright Team                                                      ║
    ╚═════════════════════════════════════════════════════════════════════════╝
]]>
</failure>
</testcase>
</testsuite>
<testsuite name="auth.test.ts" timestamp="2025-09-10T03:45:18.181Z" hostname="webkit" tests="6" failures="6" skipped="0" time="0.061" errors="0">
<testcase name="Authentication › should successfully login with valid credentials" classname="auth.test.ts" time="0.01">
<failure message="auth.test.ts:11:3 should successfully login with valid credentials" type="FAILURE">
<![CDATA[  [webkit] › auth.test.ts:11:3 › Authentication › should successfully login with valid credentials ─

    Error: browserType.launch: Executable doesn't exist at C:\Users\Angelo A. Dela Cruz\AppData\Local\ms-playwright\webkit-2203\Playwright.exe
    ╔═════════════════════════════════════════════════════════════════════════╗
    ║ Looks like Playwright Test or Playwright was just installed or updated. ║
    ║ Please run the following command to download new browsers:              ║
    ║                                                                         ║
    ║     npx playwright install                                              ║
    ║                                                                         ║
    ║ <3 Playwright Team                                                      ║
    ╚═════════════════════════════════════════════════════════════════════════╝
]]>
</failure>
</testcase>
<testcase name="Authentication › should show error with invalid credentials" classname="auth.test.ts" time="0.011">
<failure message="auth.test.ts:32:3 should show error with invalid credentials" type="FAILURE">
<![CDATA[  [webkit] › auth.test.ts:32:3 › Authentication › should show error with invalid credentials ───────

    Error: browserType.launch: Executable doesn't exist at C:\Users\Angelo A. Dela Cruz\AppData\Local\ms-playwright\webkit-2203\Playwright.exe
    ╔═════════════════════════════════════════════════════════════════════════╗
    ║ Looks like Playwright Test or Playwright was just installed or updated. ║
    ║ Please run the following command to download new browsers:              ║
    ║                                                                         ║
    ║     npx playwright install                                              ║
    ║                                                                         ║
    ║ <3 Playwright Team                                                      ║
    ╚═════════════════════════════════════════════════════════════════════════╝
]]>
</failure>
</testcase>
<testcase name="Authentication › should successfully logout" classname="auth.test.ts" time="0.011">
<failure message="auth.test.ts:50:3 should successfully logout" type="FAILURE">
<![CDATA[  [webkit] › auth.test.ts:50:3 › Authentication › should successfully logout ───────────────────────

    Error: browserType.launch: Executable doesn't exist at C:\Users\Angelo A. Dela Cruz\AppData\Local\ms-playwright\webkit-2203\Playwright.exe
    ╔═════════════════════════════════════════════════════════════════════════╗
    ║ Looks like Playwright Test or Playwright was just installed or updated. ║
    ║ Please run the following command to download new browsers:              ║
    ║                                                                         ║
    ║     npx playwright install                                              ║
    ║                                                                         ║
    ║ <3 Playwright Team                                                      ║
    ╚═════════════════════════════════════════════════════════════════════════╝
]]>
</failure>
</testcase>
<testcase name="Authentication › should allow access to public notes without login" classname="auth.test.ts" time="0.01">
<failure message="auth.test.ts:75:3 should allow access to public notes without login" type="FAILURE">
<![CDATA[  [webkit] › auth.test.ts:75:3 › Authentication › should allow access to public notes without login 

    Error: browserType.launch: Executable doesn't exist at C:\Users\Angelo A. Dela Cruz\AppData\Local\ms-playwright\webkit-2203\Playwright.exe
    ╔═════════════════════════════════════════════════════════════════════════╗
    ║ Looks like Playwright Test or Playwright was just installed or updated. ║
    ║ Please run the following command to download new browsers:              ║
    ║                                                                         ║
    ║     npx playwright install                                              ║
    ║                                                                         ║
    ║ <3 Playwright Team                                                      ║
    ╚═════════════════════════════════════════════════════════════════════════╝
]]>
</failure>
</testcase>
<testcase name="Authentication › should persist login state across page navigation" classname="auth.test.ts" time="0.01">
<failure message="auth.test.ts:87:3 should persist login state across page navigation" type="FAILURE">
<![CDATA[  [webkit] › auth.test.ts:87:3 › Authentication › should persist login state across page navigation 

    Error: browserType.launch: Executable doesn't exist at C:\Users\Angelo A. Dela Cruz\AppData\Local\ms-playwright\webkit-2203\Playwright.exe
    ╔═════════════════════════════════════════════════════════════════════════╗
    ║ Looks like Playwright Test or Playwright was just installed or updated. ║
    ║ Please run the following command to download new browsers:              ║
    ║                                                                         ║
    ║     npx playwright install                                              ║
    ║                                                                         ║
    ║ <3 Playwright Team                                                      ║
    ╚═════════════════════════════════════════════════════════════════════════╝
]]>
</failure>
</testcase>
<testcase name="Authentication › should handle login form validation" classname="auth.test.ts" time="0.009">
<failure message="auth.test.ts:111:3 should handle login form validation" type="FAILURE">
<![CDATA[  [webkit] › auth.test.ts:111:3 › Authentication › should handle login form validation ─────────────

    Error: browserType.launch: Executable doesn't exist at C:\Users\Angelo A. Dela Cruz\AppData\Local\ms-playwright\webkit-2203\Playwright.exe
    ╔═════════════════════════════════════════════════════════════════════════╗
    ║ Looks like Playwright Test or Playwright was just installed or updated. ║
    ║ Please run the following command to download new browsers:              ║
    ║                                                                         ║
    ║     npx playwright install                                              ║
    ║                                                                         ║
    ║ <3 Playwright Team                                                      ║
    ╚═════════════════════════════════════════════════════════════════════════╝
]]>
</failure>
</testcase>
</testsuite>
<testsuite name="notes-comprehensive.test.ts" timestamp="2025-09-10T03:45:18.181Z" hostname="webkit" tests="10" failures="10" skipped="0" time="0.094" errors="0">
<testcase name="Notes Management - Comprehensive › should display notes list page" classname="notes-comprehensive.test.ts" time="0.01">
<failure message="notes-comprehensive.test.ts:20:3 should display notes list page" type="FAILURE">
<![CDATA[  [webkit] › notes-comprehensive.test.ts:20:3 › Notes Management - Comprehensive › should display notes list page 

    Error: browserType.launch: Executable doesn't exist at C:\Users\Angelo A. Dela Cruz\AppData\Local\ms-playwright\webkit-2203\Playwright.exe
    ╔═════════════════════════════════════════════════════════════════════════╗
    ║ Looks like Playwright Test or Playwright was just installed or updated. ║
    ║ Please run the following command to download new browsers:              ║
    ║                                                                         ║
    ║     npx playwright install                                              ║
    ║                                                                         ║
    ║ <3 Playwright Team                                                      ║
    ╚═════════════════════════════════════════════════════════════════════════╝
]]>
</failure>
</testcase>
<testcase name="Notes Management - Comprehensive › should create a new note" classname="notes-comprehensive.test.ts" time="0.012">
<failure message="notes-comprehensive.test.ts:38:3 should create a new note" type="FAILURE">
<![CDATA[  [webkit] › notes-comprehensive.test.ts:38:3 › Notes Management - Comprehensive › should create a new note 

    Error: browserType.launch: Executable doesn't exist at C:\Users\Angelo A. Dela Cruz\AppData\Local\ms-playwright\webkit-2203\Playwright.exe
    ╔═════════════════════════════════════════════════════════════════════════╗
    ║ Looks like Playwright Test or Playwright was just installed or updated. ║
    ║ Please run the following command to download new browsers:              ║
    ║                                                                         ║
    ║     npx playwright install                                              ║
    ║                                                                         ║
    ║ <3 Playwright Team                                                      ║
    ╚═════════════════════════════════════════════════════════════════════════╝
]]>
</failure>
</testcase>
<testcase name="Notes Management - Comprehensive › should view note details" classname="notes-comprehensive.test.ts" time="0.011">
<failure message="notes-comprehensive.test.ts:77:3 should view note details" type="FAILURE">
<![CDATA[  [webkit] › notes-comprehensive.test.ts:77:3 › Notes Management - Comprehensive › should view note details 

    Error: browserType.launch: Executable doesn't exist at C:\Users\Angelo A. Dela Cruz\AppData\Local\ms-playwright\webkit-2203\Playwright.exe
    ╔═════════════════════════════════════════════════════════════════════════╗
    ║ Looks like Playwright Test or Playwright was just installed or updated. ║
    ║ Please run the following command to download new browsers:              ║
    ║                                                                         ║
    ║     npx playwright install                                              ║
    ║                                                                         ║
    ║ <3 Playwright Team                                                      ║
    ╚═════════════════════════════════════════════════════════════════════════╝
]]>
</failure>
</testcase>
<testcase name="Notes Management - Comprehensive › should edit an existing note" classname="notes-comprehensive.test.ts" time="0.011">
<failure message="notes-comprehensive.test.ts:112:3 should edit an existing note" type="FAILURE">
<![CDATA[  [webkit] › notes-comprehensive.test.ts:112:3 › Notes Management - Comprehensive › should edit an existing note 

    Error: browserType.launch: Executable doesn't exist at C:\Users\Angelo A. Dela Cruz\AppData\Local\ms-playwright\webkit-2203\Playwright.exe
    ╔═════════════════════════════════════════════════════════════════════════╗
    ║ Looks like Playwright Test or Playwright was just installed or updated. ║
    ║ Please run the following command to download new browsers:              ║
    ║                                                                         ║
    ║     npx playwright install                                              ║
    ║                                                                         ║
    ║ <3 Playwright Team                                                      ║
    ╚═════════════════════════════════════════════════════════════════════════╝
]]>
</failure>
</testcase>
<testcase name="Notes Management - Comprehensive › should delete a note" classname="notes-comprehensive.test.ts" time="0.009">
<failure message="notes-comprehensive.test.ts:155:3 should delete a note" type="FAILURE">
<![CDATA[  [webkit] › notes-comprehensive.test.ts:155:3 › Notes Management - Comprehensive › should delete a note 

    Error: browserType.launch: Executable doesn't exist at C:\Users\Angelo A. Dela Cruz\AppData\Local\ms-playwright\webkit-2203\Playwright.exe
    ╔═════════════════════════════════════════════════════════════════════════╗
    ║ Looks like Playwright Test or Playwright was just installed or updated. ║
    ║ Please run the following command to download new browsers:              ║
    ║                                                                         ║
    ║     npx playwright install                                              ║
    ║                                                                         ║
    ║ <3 Playwright Team                                                      ║
    ╚═════════════════════════════════════════════════════════════════════════╝
]]>
</failure>
</testcase>
<testcase name="Notes Management - Comprehensive › should handle multiple notes" classname="notes-comprehensive.test.ts" time="0.007">
<failure message="notes-comprehensive.test.ts:190:3 should handle multiple notes" type="FAILURE">
<![CDATA[  [webkit] › notes-comprehensive.test.ts:190:3 › Notes Management - Comprehensive › should handle multiple notes 

    Error: browserType.launch: Executable doesn't exist at C:\Users\Angelo A. Dela Cruz\AppData\Local\ms-playwright\webkit-2203\Playwright.exe
    ╔═════════════════════════════════════════════════════════════════════════╗
    ║ Looks like Playwright Test or Playwright was just installed or updated. ║
    ║ Please run the following command to download new browsers:              ║
    ║                                                                         ║
    ║     npx playwright install                                              ║
    ║                                                                         ║
    ║ <3 Playwright Team                                                      ║
    ╚═════════════════════════════════════════════════════════════════════════╝
]]>
</failure>
</testcase>
<testcase name="Notes Management - Comprehensive › should validate note form" classname="notes-comprehensive.test.ts" time="0.009">
<failure message="notes-comprehensive.test.ts:227:3 should validate note form" type="FAILURE">
<![CDATA[  [webkit] › notes-comprehensive.test.ts:227:3 › Notes Management - Comprehensive › should validate note form 

    Error: browserType.launch: Executable doesn't exist at C:\Users\Angelo A. Dela Cruz\AppData\Local\ms-playwright\webkit-2203\Playwright.exe
    ╔═════════════════════════════════════════════════════════════════════════╗
    ║ Looks like Playwright Test or Playwright was just installed or updated. ║
    ║ Please run the following command to download new browsers:              ║
    ║                                                                         ║
    ║     npx playwright install                                              ║
    ║                                                                         ║
    ║ <3 Playwright Team                                                      ║
    ╚═════════════════════════════════════════════════════════════════════════╝
]]>
</failure>
</testcase>
<testcase name="Notes Management - Comprehensive › should search/filter notes" classname="notes-comprehensive.test.ts" time="0.008">
<failure message="notes-comprehensive.test.ts:261:3 should search/filter notes" type="FAILURE">
<![CDATA[  [webkit] › notes-comprehensive.test.ts:261:3 › Notes Management - Comprehensive › should search/filter notes 

    Error: browserType.launch: Executable doesn't exist at C:\Users\Angelo A. Dela Cruz\AppData\Local\ms-playwright\webkit-2203\Playwright.exe
    ╔═════════════════════════════════════════════════════════════════════════╗
    ║ Looks like Playwright Test or Playwright was just installed or updated. ║
    ║ Please run the following command to download new browsers:              ║
    ║                                                                         ║
    ║     npx playwright install                                              ║
    ║                                                                         ║
    ║ <3 Playwright Team                                                      ║
    ╚═════════════════════════════════════════════════════════════════════════╝
]]>
</failure>
</testcase>
<testcase name="Notes Management - Comprehensive › should handle note permissions" classname="notes-comprehensive.test.ts" time="0.007">
<failure message="notes-comprehensive.test.ts:283:3 should handle note permissions" type="FAILURE">
<![CDATA[  [webkit] › notes-comprehensive.test.ts:283:3 › Notes Management - Comprehensive › should handle note permissions 

    Error: browserType.launch: Executable doesn't exist at C:\Users\Angelo A. Dela Cruz\AppData\Local\ms-playwright\webkit-2203\Playwright.exe
    ╔═════════════════════════════════════════════════════════════════════════╗
    ║ Looks like Playwright Test or Playwright was just installed or updated. ║
    ║ Please run the following command to download new browsers:              ║
    ║                                                                         ║
    ║     npx playwright install                                              ║
    ║                                                                         ║
    ║ <3 Playwright Team                                                      ║
    ╚═════════════════════════════════════════════════════════════════════════╝
]]>
</failure>
</testcase>
<testcase name="Notes Management - Comprehensive › should handle long note content" classname="notes-comprehensive.test.ts" time="0.01">
<failure message="notes-comprehensive.test.ts:306:3 should handle long note content" type="FAILURE">
<![CDATA[  [webkit] › notes-comprehensive.test.ts:306:3 › Notes Management - Comprehensive › should handle long note content 

    Error: browserType.launch: Executable doesn't exist at C:\Users\Angelo A. Dela Cruz\AppData\Local\ms-playwright\webkit-2203\Playwright.exe
    ╔═════════════════════════════════════════════════════════════════════════╗
    ║ Looks like Playwright Test or Playwright was just installed or updated. ║
    ║ Please run the following command to download new browsers:              ║
    ║                                                                         ║
    ║     npx playwright install                                              ║
    ║                                                                         ║
    ║ <3 Playwright Team                                                      ║
    ╚═════════════════════════════════════════════════════════════════════════╝
]]>
</failure>
</testcase>
</testsuite>
<testsuite name="notes-debug.test.ts" timestamp="2025-09-10T03:45:18.181Z" hostname="webkit" tests="1" failures="1" skipped="0" time="0.016" errors="0">
<testcase name="Notes Debug › debug note creation" classname="notes-debug.test.ts" time="0.016">
<failure message="notes-debug.test.ts:4:3 debug note creation" type="FAILURE">
<![CDATA[  [webkit] › notes-debug.test.ts:4:3 › Notes Debug › debug note creation ───────────────────────────

    Error: browserType.launch: Executable doesn't exist at C:\Users\Angelo A. Dela Cruz\AppData\Local\ms-playwright\webkit-2203\Playwright.exe
    ╔═════════════════════════════════════════════════════════════════════════╗
    ║ Looks like Playwright Test or Playwright was just installed or updated. ║
    ║ Please run the following command to download new browsers:              ║
    ║                                                                         ║
    ║     npx playwright install                                              ║
    ║                                                                         ║
    ║ <3 Playwright Team                                                      ║
    ╚═════════════════════════════════════════════════════════════════════════╝
]]>
</failure>
</testcase>
</testsuite>
<testsuite name="notes-simple.test.ts" timestamp="2025-09-10T03:45:18.181Z" hostname="webkit" tests="6" failures="6" skipped="0" time="0.062" errors="0">
<testcase name="Notes Tests - Simple › can view public notes without login" classname="notes-simple.test.ts" time="0.017">
<failure message="notes-simple.test.ts:4:3 can view public notes without login" type="FAILURE">
<![CDATA[  [webkit] › notes-simple.test.ts:4:3 › Notes Tests - Simple › can view public notes without login ─

    Error: browserType.launch: Executable doesn't exist at C:\Users\Angelo A. Dela Cruz\AppData\Local\ms-playwright\webkit-2203\Playwright.exe
    ╔═════════════════════════════════════════════════════════════════════════╗
    ║ Looks like Playwright Test or Playwright was just installed or updated. ║
    ║ Please run the following command to download new browsers:              ║
    ║                                                                         ║
    ║     npx playwright install                                              ║
    ║                                                                         ║
    ║ <3 Playwright Team                                                      ║
    ╚═════════════════════════════════════════════════════════════════════════╝
]]>
</failure>
</testcase>
<testcase name="Notes Tests - Simple › can view individual note" classname="notes-simple.test.ts" time="0.011">
<failure message="notes-simple.test.ts:17:3 can view individual note" type="FAILURE">
<![CDATA[  [webkit] › notes-simple.test.ts:17:3 › Notes Tests - Simple › can view individual note ───────────

    Error: browserType.launch: Executable doesn't exist at C:\Users\Angelo A. Dela Cruz\AppData\Local\ms-playwright\webkit-2203\Playwright.exe
    ╔═════════════════════════════════════════════════════════════════════════╗
    ║ Looks like Playwright Test or Playwright was just installed or updated. ║
    ║ Please run the following command to download new browsers:              ║
    ║                                                                         ║
    ║     npx playwright install                                              ║
    ║                                                                         ║
    ║ <3 Playwright Team                                                      ║
    ╚═════════════════════════════════════════════════════════════════════════╝
]]>
</failure>
</testcase>
<testcase name="Notes Tests - Simple › requires login to create notes" classname="notes-simple.test.ts" time="0.008">
<failure message="notes-simple.test.ts:59:3 requires login to create notes" type="FAILURE">
<![CDATA[  [webkit] › notes-simple.test.ts:59:3 › Notes Tests - Simple › requires login to create notes ─────

    Error: browserType.launch: Executable doesn't exist at C:\Users\Angelo A. Dela Cruz\AppData\Local\ms-playwright\webkit-2203\Playwright.exe
    ╔═════════════════════════════════════════════════════════════════════════╗
    ║ Looks like Playwright Test or Playwright was just installed or updated. ║
    ║ Please run the following command to download new browsers:              ║
    ║                                                                         ║
    ║     npx playwright install                                              ║
    ║                                                                         ║
    ║ <3 Playwright Team                                                      ║
    ╚═════════════════════════════════════════════════════════════════════════╝
]]>
</failure>
</testcase>
<testcase name="Notes Tests - Simple › can access note creation when logged in" classname="notes-simple.test.ts" time="0.008">
<failure message="notes-simple.test.ts:68:3 can access note creation when logged in" type="FAILURE">
<![CDATA[  [webkit] › notes-simple.test.ts:68:3 › Notes Tests - Simple › can access note creation when logged in 

    Error: browserType.launch: Executable doesn't exist at C:\Users\Angelo A. Dela Cruz\AppData\Local\ms-playwright\webkit-2203\Playwright.exe
    ╔═════════════════════════════════════════════════════════════════════════╗
    ║ Looks like Playwright Test or Playwright was just installed or updated. ║
    ║ Please run the following command to download new browsers:              ║
    ║                                                                         ║
    ║     npx playwright install                                              ║
    ║                                                                         ║
    ║ <3 Playwright Team                                                      ║
    ╚═════════════════════════════════════════════════════════════════════════╝
]]>
</failure>
</testcase>
<testcase name="Notes Tests - Simple › validates note creation form" classname="notes-simple.test.ts" time="0.013">
<failure message="notes-simple.test.ts:85:3 validates note creation form" type="FAILURE">
<![CDATA[  [webkit] › notes-simple.test.ts:85:3 › Notes Tests - Simple › validates note creation form ───────

    Error: browserType.launch: Executable doesn't exist at C:\Users\Angelo A. Dela Cruz\AppData\Local\ms-playwright\webkit-2203\Playwright.exe
    ╔═════════════════════════════════════════════════════════════════════════╗
    ║ Looks like Playwright Test or Playwright was just installed or updated. ║
    ║ Please run the following command to download new browsers:              ║
    ║                                                                         ║
    ║     npx playwright install                                              ║
    ║                                                                         ║
    ║ <3 Playwright Team                                                      ║
    ╚═════════════════════════════════════════════════════════════════════════╝
]]>
</failure>
</testcase>
<testcase name="Notes Tests - Simple › can search notes" classname="notes-simple.test.ts" time="0.005">
<failure message="notes-simple.test.ts:102:3 can search notes" type="FAILURE">
<![CDATA[  [webkit] › notes-simple.test.ts:102:3 › Notes Tests - Simple › can search notes ──────────────────

    Error: browserType.launch: Executable doesn't exist at C:\Users\Angelo A. Dela Cruz\AppData\Local\ms-playwright\webkit-2203\Playwright.exe
    ╔═════════════════════════════════════════════════════════════════════════╗
    ║ Looks like Playwright Test or Playwright was just installed or updated. ║
    ║ Please run the following command to download new browsers:              ║
    ║                                                                         ║
    ║     npx playwright install                                              ║
    ║                                                                         ║
    ║ <3 Playwright Team                                                      ║
    ╚═════════════════════════════════════════════════════════════════════════╝
]]>
</failure>
</testcase>
</testsuite>
<testsuite name="notes.test.ts" timestamp="2025-09-10T03:45:18.181Z" hostname="webkit" tests="6" failures="6" skipped="0" time="0.045" errors="0">
<testcase name="Notes Management › should allow users to create notes" classname="notes.test.ts" time="0.006">
<failure message="notes.test.ts:7:3 should allow users to create notes" type="FAILURE">
<![CDATA[  [webkit] › notes.test.ts:7:3 › Notes Management › should allow users to create notes ─────────────

    Error: browserType.launch: Executable doesn't exist at C:\Users\Angelo A. Dela Cruz\AppData\Local\ms-playwright\webkit-2203\Playwright.exe
    ╔═════════════════════════════════════════════════════════════════════════╗
    ║ Looks like Playwright Test or Playwright was just installed or updated. ║
    ║ Please run the following command to download new browsers:              ║
    ║                                                                         ║
    ║     npx playwright install                                              ║
    ║                                                                         ║
    ║ <3 Playwright Team                                                      ║
    ╚═════════════════════════════════════════════════════════════════════════╝
]]>
</failure>
</testcase>
<testcase name="Notes Management › should allow users to edit notes" classname="notes.test.ts" time="0.005">
<failure message="notes.test.ts:34:3 should allow users to edit notes" type="FAILURE">
<![CDATA[  [webkit] › notes.test.ts:34:3 › Notes Management › should allow users to edit notes ──────────────

    Error: browserType.launch: Executable doesn't exist at C:\Users\Angelo A. Dela Cruz\AppData\Local\ms-playwright\webkit-2203\Playwright.exe
    ╔═════════════════════════════════════════════════════════════════════════╗
    ║ Looks like Playwright Test or Playwright was just installed or updated. ║
    ║ Please run the following command to download new browsers:              ║
    ║                                                                         ║
    ║     npx playwright install                                              ║
    ║                                                                         ║
    ║ <3 Playwright Team                                                      ║
    ╚═════════════════════════════════════════════════════════════════════════╝
]]>
</failure>
</testcase>
<testcase name="Notes Management › should allow users to delete notes" classname="notes.test.ts" time="0.007">
<failure message="notes.test.ts:66:1 should allow users to delete notes" type="FAILURE">
<![CDATA[  [webkit] › notes.test.ts:66:1 › Notes Management › should allow users to delete notes ────────────

    Error: browserType.launch: Executable doesn't exist at C:\Users\Angelo A. Dela Cruz\AppData\Local\ms-playwright\webkit-2203\Playwright.exe
    ╔═════════════════════════════════════════════════════════════════════════╗
    ║ Looks like Playwright Test or Playwright was just installed or updated. ║
    ║ Please run the following command to download new browsers:              ║
    ║                                                                         ║
    ║     npx playwright install                                              ║
    ║                                                                         ║
    ║ <3 Playwright Team                                                      ║
    ╚═════════════════════════════════════════════════════════════════════════╝
]]>
</failure>
</testcase>
<testcase name="Notes Management › should validate required fields when creating a note" classname="notes.test.ts" time="0.009">
<failure message="notes.test.ts:89:3 should validate required fields when creating a note" type="FAILURE">
<![CDATA[  [webkit] › notes.test.ts:89:3 › Notes Management › should validate required fields when creating a note 

    Error: browserType.launch: Executable doesn't exist at C:\Users\Angelo A. Dela Cruz\AppData\Local\ms-playwright\webkit-2203\Playwright.exe
    ╔═════════════════════════════════════════════════════════════════════════╗
    ║ Looks like Playwright Test or Playwright was just installed or updated. ║
    ║ Please run the following command to download new browsers:              ║
    ║                                                                         ║
    ║     npx playwright install                                              ║
    ║                                                                         ║
    ║ <3 Playwright Team                                                      ║
    ╚═════════════════════════════════════════════════════════════════════════╝
]]>
</failure>
</testcase>
<testcase name="Notes Management › should search and filter notes" classname="notes.test.ts" time="0.009">
<failure message="notes.test.ts:111:3 should search and filter notes" type="FAILURE">
<![CDATA[  [webkit] › notes.test.ts:111:3 › Notes Management › should search and filter notes ───────────────

    Error: browserType.launch: Executable doesn't exist at C:\Users\Angelo A. Dela Cruz\AppData\Local\ms-playwright\webkit-2203\Playwright.exe
    ╔═════════════════════════════════════════════════════════════════════════╗
    ║ Looks like Playwright Test or Playwright was just installed or updated. ║
    ║ Please run the following command to download new browsers:              ║
    ║                                                                         ║
    ║     npx playwright install                                              ║
    ║                                                                         ║
    ║ <3 Playwright Team                                                      ║
    ╚═════════════════════════════════════════════════════════════════════════╝
]]>
</failure>
</testcase>
<testcase name="Notes Management › should handle long note content gracefully" classname="notes.test.ts" time="0.009">
<failure message="notes.test.ts:137:3 should handle long note content gracefully" type="FAILURE">
<![CDATA[  [webkit] › notes.test.ts:137:3 › Notes Management › should handle long note content gracefully ───

    Error: browserType.launch: Executable doesn't exist at C:\Users\Angelo A. Dela Cruz\AppData\Local\ms-playwright\webkit-2203\Playwright.exe
    ╔═════════════════════════════════════════════════════════════════════════╗
    ║ Looks like Playwright Test or Playwright was just installed or updated. ║
    ║ Please run the following command to download new browsers:              ║
    ║                                                                         ║
    ║     npx playwright install                                              ║
    ║                                                                         ║
    ║ <3 Playwright Team                                                      ║
    ╚═════════════════════════════════════════════════════════════════════════╝
]]>
</failure>
</testcase>
</testsuite>
<testsuite name="projects-fixed.test.ts" timestamp="2025-09-10T03:45:18.181Z" hostname="webkit" tests="5" failures="5" skipped="0" time="0.044" errors="0">
<testcase name="Projects Management - Fixed › should access projects page when authenticated" classname="projects-fixed.test.ts" time="0.009">
<failure message="projects-fixed.test.ts:15:3 should access projects page when authenticated" type="FAILURE">
<![CDATA[  [webkit] › projects-fixed.test.ts:15:3 › Projects Management - Fixed › should access projects page when authenticated 

    Error: browserType.launch: Executable doesn't exist at C:\Users\Angelo A. Dela Cruz\AppData\Local\ms-playwright\webkit-2203\Playwright.exe
    ╔═════════════════════════════════════════════════════════════════════════╗
    ║ Looks like Playwright Test or Playwright was just installed or updated. ║
    ║ Please run the following command to download new browsers:              ║
    ║                                                                         ║
    ║     npx playwright install                                              ║
    ║                                                                         ║
    ║ <3 Playwright Team                                                      ║
    ╚═════════════════════════════════════════════════════════════════════════╝
]]>
</failure>
</testcase>
<testcase name="Projects Management - Fixed › should redirect to login when not authenticated" classname="projects-fixed.test.ts" time="0.005">
<failure message="projects-fixed.test.ts:29:3 should redirect to login when not authenticated" type="FAILURE">
<![CDATA[  [webkit] › projects-fixed.test.ts:29:3 › Projects Management - Fixed › should redirect to login when not authenticated 

    Error: browserType.launch: Executable doesn't exist at C:\Users\Angelo A. Dela Cruz\AppData\Local\ms-playwright\webkit-2203\Playwright.exe
    ╔═════════════════════════════════════════════════════════════════════════╗
    ║ Looks like Playwright Test or Playwright was just installed or updated. ║
    ║ Please run the following command to download new browsers:              ║
    ║                                                                         ║
    ║     npx playwright install                                              ║
    ║                                                                         ║
    ║ <3 Playwright Team                                                      ║
    ╚═════════════════════════════════════════════════════════════════════════╝
]]>
</failure>
</testcase>
<testcase name="Projects Management - Fixed › should handle project creation form" classname="projects-fixed.test.ts" time="0.007">
<failure message="projects-fixed.test.ts:45:3 should handle project creation form" type="FAILURE">
<![CDATA[  [webkit] › projects-fixed.test.ts:45:3 › Projects Management - Fixed › should handle project creation form 

    Error: browserType.launch: Executable doesn't exist at C:\Users\Angelo A. Dela Cruz\AppData\Local\ms-playwright\webkit-2203\Playwright.exe
    ╔═════════════════════════════════════════════════════════════════════════╗
    ║ Looks like Playwright Test or Playwright was just installed or updated. ║
    ║ Please run the following command to download new browsers:              ║
    ║                                                                         ║
    ║     npx playwright install                                              ║
    ║                                                                         ║
    ║ <3 Playwright Team                                                      ║
    ╚═════════════════════════════════════════════════════════════════════════╝
]]>
</failure>
</testcase>
<testcase name="Projects Management - Fixed › should display project list or empty state" classname="projects-fixed.test.ts" time="0.014">
<failure message="projects-fixed.test.ts:74:3 should display project list or empty state" type="FAILURE">
<![CDATA[  [webkit] › projects-fixed.test.ts:74:3 › Projects Management - Fixed › should display project list or empty state 

    Error: browserType.launch: Executable doesn't exist at C:\Users\Angelo A. Dela Cruz\AppData\Local\ms-playwright\webkit-2203\Playwright.exe
    ╔═════════════════════════════════════════════════════════════════════════╗
    ║ Looks like Playwright Test or Playwright was just installed or updated. ║
    ║ Please run the following command to download new browsers:              ║
    ║                                                                         ║
    ║     npx playwright install                                              ║
    ║                                                                         ║
    ║ <3 Playwright Team                                                      ║
    ╚═════════════════════════════════════════════════════════════════════════╝
]]>
</failure>
</testcase>
<testcase name="Projects Management - Fixed › should have search functionality" classname="projects-fixed.test.ts" time="0.009">
<failure message="projects-fixed.test.ts:91:3 should have search functionality" type="FAILURE">
<![CDATA[  [webkit] › projects-fixed.test.ts:91:3 › Projects Management - Fixed › should have search functionality 

    Error: browserType.launch: Executable doesn't exist at C:\Users\Angelo A. Dela Cruz\AppData\Local\ms-playwright\webkit-2203\Playwright.exe
    ╔═════════════════════════════════════════════════════════════════════════╗
    ║ Looks like Playwright Test or Playwright was just installed or updated. ║
    ║ Please run the following command to download new browsers:              ║
    ║                                                                         ║
    ║     npx playwright install                                              ║
    ║                                                                         ║
    ║ <3 Playwright Team                                                      ║
    ╚═════════════════════════════════════════════════════════════════════════╝
]]>
</failure>
</testcase>
</testsuite>
<testsuite name="projects-simple.test.ts" timestamp="2025-09-10T03:45:18.181Z" hostname="webkit" tests="8" failures="8" skipped="0" time="0.099" errors="0">
<testcase name="Projects Tests - Simple › requires authentication to access projects" classname="projects-simple.test.ts" time="0.006">
<failure message="projects-simple.test.ts:4:3 requires authentication to access projects" type="FAILURE">
<![CDATA[  [webkit] › projects-simple.test.ts:4:3 › Projects Tests - Simple › requires authentication to access projects 

    Error: browserType.launch: Executable doesn't exist at C:\Users\Angelo A. Dela Cruz\AppData\Local\ms-playwright\webkit-2203\Playwright.exe
    ╔═════════════════════════════════════════════════════════════════════════╗
    ║ Looks like Playwright Test or Playwright was just installed or updated. ║
    ║ Please run the following command to download new browsers:              ║
    ║                                                                         ║
    ║     npx playwright install                                              ║
    ║                                                                         ║
    ║ <3 Playwright Team                                                      ║
    ╚═════════════════════════════════════════════════════════════════════════╝
]]>
</failure>
</testcase>
<testcase name="Projects Tests - Simple › allows logged in users to view projects page" classname="projects-simple.test.ts" time="0.012">
<failure message="projects-simple.test.ts:13:3 allows logged in users to view projects page" type="FAILURE">
<![CDATA[  [webkit] › projects-simple.test.ts:13:3 › Projects Tests - Simple › allows logged in users to view projects page 

    Error: browserType.launch: Executable doesn't exist at C:\Users\Angelo A. Dela Cruz\AppData\Local\ms-playwright\webkit-2203\Playwright.exe
    ╔═════════════════════════════════════════════════════════════════════════╗
    ║ Looks like Playwright Test or Playwright was just installed or updated. ║
    ║ Please run the following command to download new browsers:              ║
    ║                                                                         ║
    ║     npx playwright install                                              ║
    ║                                                                         ║
    ║ <3 Playwright Team                                                      ║
    ╚═════════════════════════════════════════════════════════════════════════╝
]]>
</failure>
</testcase>
<testcase name="Projects Tests - Simple › shows project form fields" classname="projects-simple.test.ts" time="0.008">
<failure message="projects-simple.test.ts:32:3 shows project form fields" type="FAILURE">
<![CDATA[  [webkit] › projects-simple.test.ts:32:3 › Projects Tests - Simple › shows project form fields ────

    Error: browserType.launch: Executable doesn't exist at C:\Users\Angelo A. Dela Cruz\AppData\Local\ms-playwright\webkit-2203\Playwright.exe
    ╔═════════════════════════════════════════════════════════════════════════╗
    ║ Looks like Playwright Test or Playwright was just installed or updated. ║
    ║ Please run the following command to download new browsers:              ║
    ║                                                                         ║
    ║     npx playwright install                                              ║
    ║                                                                         ║
    ║ <3 Playwright Team                                                      ║
    ╚═════════════════════════════════════════════════════════════════════════╝
]]>
</failure>
</testcase>
<testcase name="Projects Tests - Simple › validates required fields" classname="projects-simple.test.ts" time="0.013">
<failure message="projects-simple.test.ts:48:3 validates required fields" type="FAILURE">
<![CDATA[  [webkit] › projects-simple.test.ts:48:3 › Projects Tests - Simple › validates required fields ────

    Error: browserType.launch: Executable doesn't exist at C:\Users\Angelo A. Dela Cruz\AppData\Local\ms-playwright\webkit-2203\Playwright.exe
    ╔═════════════════════════════════════════════════════════════════════════╗
    ║ Looks like Playwright Test or Playwright was just installed or updated. ║
    ║ Please run the following command to download new browsers:              ║
    ║                                                                         ║
    ║     npx playwright install                                              ║
    ║                                                                         ║
    ║ <3 Playwright Team                                                      ║
    ╚═════════════════════════════════════════════════════════════════════════╝
]]>
</failure>
</testcase>
<testcase name="Projects Tests - Simple › can fill project form" classname="projects-simple.test.ts" time="0.009">
<failure message="projects-simple.test.ts:78:3 can fill project form" type="FAILURE">
<![CDATA[  [webkit] › projects-simple.test.ts:78:3 › Projects Tests - Simple › can fill project form ────────

    Error: browserType.launch: Executable doesn't exist at C:\Users\Angelo A. Dela Cruz\AppData\Local\ms-playwright\webkit-2203\Playwright.exe
    ╔═════════════════════════════════════════════════════════════════════════╗
    ║ Looks like Playwright Test or Playwright was just installed or updated. ║
    ║ Please run the following command to download new browsers:              ║
    ║                                                                         ║
    ║     npx playwright install                                              ║
    ║                                                                         ║
    ║ <3 Playwright Team                                                      ║
    ╚═════════════════════════════════════════════════════════════════════════╝
]]>
</failure>
</testcase>
<testcase name="Projects Tests - Simple › displays project content or form" classname="projects-simple.test.ts" time="0.009">
<failure message="projects-simple.test.ts:101:3 displays project content or form" type="FAILURE">
<![CDATA[  [webkit] › projects-simple.test.ts:101:3 › Projects Tests - Simple › displays project content or form 

    Error: browserType.launch: Executable doesn't exist at C:\Users\Angelo A. Dela Cruz\AppData\Local\ms-playwright\webkit-2203\Playwright.exe
    ╔═════════════════════════════════════════════════════════════════════════╗
    ║ Looks like Playwright Test or Playwright was just installed or updated. ║
    ║ Please run the following command to download new browsers:              ║
    ║                                                                         ║
    ║     npx playwright install                                              ║
    ║                                                                         ║
    ║ <3 Playwright Team                                                      ║
    ╚═════════════════════════════════════════════════════════════════════════╝
]]>
</failure>
</testcase>
<testcase name="Projects Tests - Simple › has search functionality" classname="projects-simple.test.ts" time="0.033">
<failure message="projects-simple.test.ts:124:3 has search functionality" type="FAILURE">
<![CDATA[  [webkit] › projects-simple.test.ts:124:3 › Projects Tests - Simple › has search functionality ────

    Error: browserType.launch: Executable doesn't exist at C:\Users\Angelo A. Dela Cruz\AppData\Local\ms-playwright\webkit-2203\Playwright.exe
    ╔═════════════════════════════════════════════════════════════════════════╗
    ║ Looks like Playwright Test or Playwright was just installed or updated. ║
    ║ Please run the following command to download new browsers:              ║
    ║                                                                         ║
    ║     npx playwright install                                              ║
    ║                                                                         ║
    ║ <3 Playwright Team                                                      ║
    ╚═════════════════════════════════════════════════════════════════════════╝
]]>
</failure>
</testcase>
<testcase name="Projects Tests - Simple › has proper page structure" classname="projects-simple.test.ts" time="0.009">
<failure message="projects-simple.test.ts:148:3 has proper page structure" type="FAILURE">
<![CDATA[  [webkit] › projects-simple.test.ts:148:3 › Projects Tests - Simple › has proper page structure ───

    Error: browserType.launch: Executable doesn't exist at C:\Users\Angelo A. Dela Cruz\AppData\Local\ms-playwright\webkit-2203\Playwright.exe
    ╔═════════════════════════════════════════════════════════════════════════╗
    ║ Looks like Playwright Test or Playwright was just installed or updated. ║
    ║ Please run the following command to download new browsers:              ║
    ║                                                                         ║
    ║     npx playwright install                                              ║
    ║                                                                         ║
    ║ <3 Playwright Team                                                      ║
    ╚═════════════════════════════════════════════════════════════════════════╝
]]>
</failure>
</testcase>
</testsuite>
<testsuite name="projects.test.ts" timestamp="2025-09-10T03:45:18.181Z" hostname="webkit" tests="9" failures="9" skipped="0" time="0.087" errors="0">
<testcase name="Projects Management › should require authentication to access projects" classname="projects.test.ts" time="0.008">
<failure message="projects.test.ts:7:3 should require authentication to access projects" type="FAILURE">
<![CDATA[  [webkit] › projects.test.ts:7:3 › Projects Management › should require authentication to access projects 

    Error: browserType.launch: Executable doesn't exist at C:\Users\Angelo A. Dela Cruz\AppData\Local\ms-playwright\webkit-2203\Playwright.exe
    ╔═════════════════════════════════════════════════════════════════════════╗
    ║ Looks like Playwright Test or Playwright was just installed or updated. ║
    ║ Please run the following command to download new browsers:              ║
    ║                                                                         ║
    ║     npx playwright install                                              ║
    ║                                                                         ║
    ║ <3 Playwright Team                                                      ║
    ╚═════════════════════════════════════════════════════════════════════════╝
]]>
</failure>
</testcase>
<testcase name="Projects Management › should allow logged in users to view projects page" classname="projects.test.ts" time="0.008">
<failure message="projects.test.ts:16:3 should allow logged in users to view projects page" type="FAILURE">
<![CDATA[  [webkit] › projects.test.ts:16:3 › Projects Management › should allow logged in users to view projects page 

    Error: browserType.launch: Executable doesn't exist at C:\Users\Angelo A. Dela Cruz\AppData\Local\ms-playwright\webkit-2203\Playwright.exe
    ╔═════════════════════════════════════════════════════════════════════════╗
    ║ Looks like Playwright Test or Playwright was just installed or updated. ║
    ║ Please run the following command to download new browsers:              ║
    ║                                                                         ║
    ║     npx playwright install                                              ║
    ║                                                                         ║
    ║ <3 Playwright Team                                                      ║
    ╚═════════════════════════════════════════════════════════════════════════╝
]]>
</failure>
</testcase>
<testcase name="Projects Management › should allow users to create a new project" classname="projects.test.ts" time="0.01">
<failure message="projects.test.ts:37:3 should allow users to create a new project" type="FAILURE">
<![CDATA[  [webkit] › projects.test.ts:37:3 › Projects Management › should allow users to create a new project 

    Error: browserType.launch: Executable doesn't exist at C:\Users\Angelo A. Dela Cruz\AppData\Local\ms-playwright\webkit-2203\Playwright.exe
    ╔═════════════════════════════════════════════════════════════════════════╗
    ║ Looks like Playwright Test or Playwright was just installed or updated. ║
    ║ Please run the following command to download new browsers:              ║
    ║                                                                         ║
    ║     npx playwright install                                              ║
    ║                                                                         ║
    ║ <3 Playwright Team                                                      ║
    ╚═════════════════════════════════════════════════════════════════════════╝
]]>
</failure>
</testcase>
<testcase name="Projects Management › should validate required fields when creating a project" classname="projects.test.ts" time="0.009">
<failure message="projects.test.ts:66:3 should validate required fields when creating a project" type="FAILURE">
<![CDATA[  [webkit] › projects.test.ts:66:3 › Projects Management › should validate required fields when creating a project 

    Error: browserType.launch: Executable doesn't exist at C:\Users\Angelo A. Dela Cruz\AppData\Local\ms-playwright\webkit-2203\Playwright.exe
    ╔═════════════════════════════════════════════════════════════════════════╗
    ║ Looks like Playwright Test or Playwright was just installed or updated. ║
    ║ Please run the following command to download new browsers:              ║
    ║                                                                         ║
    ║     npx playwright install                                              ║
    ║                                                                         ║
    ║ <3 Playwright Team                                                      ║
    ╚═════════════════════════════════════════════════════════════════════════╝
]]>
</failure>
</testcase>
<testcase name="Projects Management › should allow users to edit an existing project" classname="projects.test.ts" time="0.008">
<failure message="projects.test.ts:104:3 should allow users to edit an existing project" type="FAILURE">
<![CDATA[  [webkit] › projects.test.ts:104:3 › Projects Management › should allow users to edit an existing project 

    Error: browserType.launch: Executable doesn't exist at C:\Users\Angelo A. Dela Cruz\AppData\Local\ms-playwright\webkit-2203\Playwright.exe
    ╔═════════════════════════════════════════════════════════════════════════╗
    ║ Looks like Playwright Test or Playwright was just installed or updated. ║
    ║ Please run the following command to download new browsers:              ║
    ║                                                                         ║
    ║     npx playwright install                                              ║
    ║                                                                         ║
    ║ <3 Playwright Team                                                      ║
    ╚═════════════════════════════════════════════════════════════════════════╝
]]>
</failure>
</testcase>
<testcase name="Projects Management › should allow users to delete a project" classname="projects.test.ts" time="0.014">
<failure message="projects.test.ts:139:3 should allow users to delete a project" type="FAILURE">
<![CDATA[  [webkit] › projects.test.ts:139:3 › Projects Management › should allow users to delete a project ─

    Error: browserType.launch: Executable doesn't exist at C:\Users\Angelo A. Dela Cruz\AppData\Local\ms-playwright\webkit-2203\Playwright.exe
    ╔═════════════════════════════════════════════════════════════════════════╗
    ║ Looks like Playwright Test or Playwright was just installed or updated. ║
    ║ Please run the following command to download new browsers:              ║
    ║                                                                         ║
    ║     npx playwright install                                              ║
    ║                                                                         ║
    ║ <3 Playwright Team                                                      ║
    ╚═════════════════════════════════════════════════════════════════════════╝
]]>
</failure>
</testcase>
<testcase name="Projects Management › should display empty state when no projects exist" classname="projects.test.ts" time="0.01">
<failure message="projects.test.ts:177:3 should display empty state when no projects exist" type="FAILURE">
<![CDATA[  [webkit] › projects.test.ts:177:3 › Projects Management › should display empty state when no projects exist 

    Error: browserType.launch: Executable doesn't exist at C:\Users\Angelo A. Dela Cruz\AppData\Local\ms-playwright\webkit-2203\Playwright.exe
    ╔═════════════════════════════════════════════════════════════════════════╗
    ║ Looks like Playwright Test or Playwright was just installed or updated. ║
    ║ Please run the following command to download new browsers:              ║
    ║                                                                         ║
    ║     npx playwright install                                              ║
    ║                                                                         ║
    ║ <3 Playwright Team                                                      ║
    ╚═════════════════════════════════════════════════════════════════════════╝
]]>
</failure>
</testcase>
<testcase name="Projects Management › should handle project search/filter" classname="projects.test.ts" time="0.011">
<failure message="projects.test.ts:205:3 should handle project search/filter" type="FAILURE">
<![CDATA[  [webkit] › projects.test.ts:205:3 › Projects Management › should handle project search/filter ────

    Error: browserType.launch: Executable doesn't exist at C:\Users\Angelo A. Dela Cruz\AppData\Local\ms-playwright\webkit-2203\Playwright.exe
    ╔═════════════════════════════════════════════════════════════════════════╗
    ║ Looks like Playwright Test or Playwright was just installed or updated. ║
    ║ Please run the following command to download new browsers:              ║
    ║                                                                         ║
    ║     npx playwright install                                              ║
    ║                                                                         ║
    ║ <3 Playwright Team                                                      ║
    ╚═════════════════════════════════════════════════════════════════════════╝
]]>
</failure>
</testcase>
<testcase name="Projects Management › should handle concurrent project operations" classname="projects.test.ts" time="0.009">
<failure message="projects.test.ts:231:3 should handle concurrent project operations" type="FAILURE">
<![CDATA[  [webkit] › projects.test.ts:231:3 › Projects Management › should handle concurrent project operations 

    Error: browserType.launch: Executable doesn't exist at C:\Users\Angelo A. Dela Cruz\AppData\Local\ms-playwright\webkit-2203\Playwright.exe
    ╔═════════════════════════════════════════════════════════════════════════╗
    ║ Looks like Playwright Test or Playwright was just installed or updated. ║
    ║ Please run the following command to download new browsers:              ║
    ║                                                                         ║
    ║     npx playwright install                                              ║
    ║                                                                         ║
    ║ <3 Playwright Team                                                      ║
    ╚═════════════════════════════════════════════════════════════════════════╝
]]>
</failure>
</testcase>
</testsuite>
<testsuite name="roles-assignment-basic.test.ts" timestamp="2025-09-10T03:45:18.181Z" hostname="webkit" tests="10" failures="10" skipped="0" time="0.118" errors="0">
<testcase name="Roles and Permissions Basic Tests › should require authentication for protected routes" classname="roles-assignment-basic.test.ts" time="0.009">
<failure message="roles-assignment-basic.test.ts:9:3 should require authentication for protected routes" type="FAILURE">
<![CDATA[  [webkit] › roles-assignment-basic.test.ts:9:3 › Roles and Permissions Basic Tests › should require authentication for protected routes 

    Error: browserType.launch: Executable doesn't exist at C:\Users\Angelo A. Dela Cruz\AppData\Local\ms-playwright\webkit-2203\Playwright.exe
    ╔═════════════════════════════════════════════════════════════════════════╗
    ║ Looks like Playwright Test or Playwright was just installed or updated. ║
    ║ Please run the following command to download new browsers:              ║
    ║                                                                         ║
    ║     npx playwright install                                              ║
    ║                                                                         ║
    ║ <3 Playwright Team                                                      ║
    ╚═════════════════════════════════════════════════════════════════════════╝
]]>
</failure>
</testcase>
<testcase name="Roles and Permissions Basic Tests › should allow authenticated access to resources" classname="roles-assignment-basic.test.ts" time="0.01">
<failure message="roles-assignment-basic.test.ts:27:3 should allow authenticated access to resources" type="FAILURE">
<![CDATA[  [webkit] › roles-assignment-basic.test.ts:27:3 › Roles and Permissions Basic Tests › should allow authenticated access to resources 

    Error: browserType.launch: Executable doesn't exist at C:\Users\Angelo A. Dela Cruz\AppData\Local\ms-playwright\webkit-2203\Playwright.exe
    ╔═════════════════════════════════════════════════════════════════════════╗
    ║ Looks like Playwright Test or Playwright was just installed or updated. ║
    ║ Please run the following command to download new browsers:              ║
    ║                                                                         ║
    ║     npx playwright install                                              ║
    ║                                                                         ║
    ║ <3 Playwright Team                                                      ║
    ╚═════════════════════════════════════════════════════════════════════════╝
]]>
</failure>
</testcase>
<testcase name="Roles and Permissions Basic Tests › should show appropriate CRUD permissions for notes" classname="roles-assignment-basic.test.ts" time="0.013">
<failure message="roles-assignment-basic.test.ts:56:3 should show appropriate CRUD permissions for notes" type="FAILURE">
<![CDATA[  [webkit] › roles-assignment-basic.test.ts:56:3 › Roles and Permissions Basic Tests › should show appropriate CRUD permissions for notes 

    Error: browserType.launch: Executable doesn't exist at C:\Users\Angelo A. Dela Cruz\AppData\Local\ms-playwright\webkit-2203\Playwright.exe
    ╔═════════════════════════════════════════════════════════════════════════╗
    ║ Looks like Playwright Test or Playwright was just installed or updated. ║
    ║ Please run the following command to download new browsers:              ║
    ║                                                                         ║
    ║     npx playwright install                                              ║
    ║                                                                         ║
    ║ <3 Playwright Team                                                      ║
    ╚═════════════════════════════════════════════════════════════════════════╝
]]>
</failure>
</testcase>
<testcase name="Roles and Permissions Basic Tests › should handle project permissions correctly" classname="roles-assignment-basic.test.ts" time="0.019">
<failure message="roles-assignment-basic.test.ts:78:3 should handle project permissions correctly" type="FAILURE">
<![CDATA[  [webkit] › roles-assignment-basic.test.ts:78:3 › Roles and Permissions Basic Tests › should handle project permissions correctly 

    Error: browserType.launch: Executable doesn't exist at C:\Users\Angelo A. Dela Cruz\AppData\Local\ms-playwright\webkit-2203\Playwright.exe
    ╔═════════════════════════════════════════════════════════════════════════╗
    ║ Looks like Playwright Test or Playwright was just installed or updated. ║
    ║ Please run the following command to download new browsers:              ║
    ║                                                                         ║
    ║     npx playwright install                                              ║
    ║                                                                         ║
    ║ <3 Playwright Team                                                      ║
    ╚═════════════════════════════════════════════════════════════════════════╝
]]>
</failure>
</testcase>
<testcase name="Roles and Permissions Basic Tests › should handle timesheet permissions correctly" classname="roles-assignment-basic.test.ts" time="0.009">
<failure message="roles-assignment-basic.test.ts:100:3 should handle timesheet permissions correctly" type="FAILURE">
<![CDATA[  [webkit] › roles-assignment-basic.test.ts:100:3 › Roles and Permissions Basic Tests › should handle timesheet permissions correctly 

    Error: browserType.launch: Executable doesn't exist at C:\Users\Angelo A. Dela Cruz\AppData\Local\ms-playwright\webkit-2203\Playwright.exe
    ╔═════════════════════════════════════════════════════════════════════════╗
    ║ Looks like Playwright Test or Playwright was just installed or updated. ║
    ║ Please run the following command to download new browsers:              ║
    ║                                                                         ║
    ║     npx playwright install                                              ║
    ║                                                                         ║
    ║ <3 Playwright Team                                                      ║
    ╚═════════════════════════════════════════════════════════════════════════╝
]]>
</failure>
</testcase>
<testcase name="Roles and Permissions Basic Tests › should handle session correctly" classname="roles-assignment-basic.test.ts" time="0.011">
<failure message="roles-assignment-basic.test.ts:125:3 should handle session correctly" type="FAILURE">
<![CDATA[  [webkit] › roles-assignment-basic.test.ts:125:3 › Roles and Permissions Basic Tests › should handle session correctly 

    Error: browserType.launch: Executable doesn't exist at C:\Users\Angelo A. Dela Cruz\AppData\Local\ms-playwright\webkit-2203\Playwright.exe
    ╔═════════════════════════════════════════════════════════════════════════╗
    ║ Looks like Playwright Test or Playwright was just installed or updated. ║
    ║ Please run the following command to download new browsers:              ║
    ║                                                                         ║
    ║     npx playwright install                                              ║
    ║                                                                         ║
    ║ <3 Playwright Team                                                      ║
    ╚═════════════════════════════════════════════════════════════════════════╝
]]>
</failure>
</testcase>
<testcase name="Roles and Permissions Basic Tests › should prevent unauthorized API access" classname="roles-assignment-basic.test.ts" time="0.013">
<failure message="roles-assignment-basic.test.ts:150:3 should prevent unauthorized API access" type="FAILURE">
<![CDATA[  [webkit] › roles-assignment-basic.test.ts:150:3 › Roles and Permissions Basic Tests › should prevent unauthorized API access 

    Error: browserType.launch: Executable doesn't exist at C:\Users\Angelo A. Dela Cruz\AppData\Local\ms-playwright\webkit-2203\Playwright.exe
    ╔═════════════════════════════════════════════════════════════════════════╗
    ║ Looks like Playwright Test or Playwright was just installed or updated. ║
    ║ Please run the following command to download new browsers:              ║
    ║                                                                         ║
    ║     npx playwright install                                              ║
    ║                                                                         ║
    ║ <3 Playwright Team                                                      ║
    ╚═════════════════════════════════════════════════════════════════════════╝
]]>
</failure>
</testcase>
<testcase name="Roles and Permissions Basic Tests › should show correct UI for authenticated user" classname="roles-assignment-basic.test.ts" time="0.011">
<failure message="roles-assignment-basic.test.ts:163:3 should show correct UI for authenticated user" type="FAILURE">
<![CDATA[  [webkit] › roles-assignment-basic.test.ts:163:3 › Roles and Permissions Basic Tests › should show correct UI for authenticated user 

    Error: browserType.launch: Executable doesn't exist at C:\Users\Angelo A. Dela Cruz\AppData\Local\ms-playwright\webkit-2203\Playwright.exe
    ╔═════════════════════════════════════════════════════════════════════════╗
    ║ Looks like Playwright Test or Playwright was just installed or updated. ║
    ║ Please run the following command to download new browsers:              ║
    ║                                                                         ║
    ║     npx playwright install                                              ║
    ║                                                                         ║
    ║ <3 Playwright Team                                                      ║
    ╚═════════════════════════════════════════════════════════════════════════╝
]]>
</failure>
</testcase>
<testcase name="Roles and Permissions Basic Tests › should handle cross-user access appropriately" classname="roles-assignment-basic.test.ts" time="0.008">
<failure message="roles-assignment-basic.test.ts:186:3 should handle cross-user access appropriately" type="FAILURE">
<![CDATA[  [webkit] › roles-assignment-basic.test.ts:186:3 › Roles and Permissions Basic Tests › should handle cross-user access appropriately 

    Error: browserType.launch: Executable doesn't exist at C:\Users\Angelo A. Dela Cruz\AppData\Local\ms-playwright\webkit-2203\Playwright.exe
    ╔═════════════════════════════════════════════════════════════════════════╗
    ║ Looks like Playwright Test or Playwright was just installed or updated. ║
    ║ Please run the following command to download new browsers:              ║
    ║                                                                         ║
    ║     npx playwright install                                              ║
    ║                                                                         ║
    ║ <3 Playwright Team                                                      ║
    ╚═════════════════════════════════════════════════════════════════════════╝
]]>
</failure>
</testcase>
<testcase name="Roles and Permissions Basic Tests › should create and manage notes with proper permissions" classname="roles-assignment-basic.test.ts" time="0.015">
<failure message="roles-assignment-basic.test.ts:212:3 should create and manage notes with proper permissions" type="FAILURE">
<![CDATA[  [webkit] › roles-assignment-basic.test.ts:212:3 › Roles and Permissions Basic Tests › should create and manage notes with proper permissions 

    Error: browserType.launch: Executable doesn't exist at C:\Users\Angelo A. Dela Cruz\AppData\Local\ms-playwright\webkit-2203\Playwright.exe
    ╔═════════════════════════════════════════════════════════════════════════╗
    ║ Looks like Playwright Test or Playwright was just installed or updated. ║
    ║ Please run the following command to download new browsers:              ║
    ║                                                                         ║
    ║     npx playwright install                                              ║
    ║                                                                         ║
    ║ <3 Playwright Team                                                      ║
    ╚═════════════════════════════════════════════════════════════════════════╝
]]>
</failure>
</testcase>
</testsuite>
<testsuite name="roles-assignment-fixed.test.ts" timestamp="2025-09-10T03:45:18.181Z" hostname="webkit" tests="12" failures="12" skipped="0" time="0.136" errors="0">
<testcase name="Roles and Assignment Tests - Fixed › should enforce authentication on protected routes" classname="roles-assignment-fixed.test.ts" time="0.014">
<failure message="roles-assignment-fixed.test.ts:7:3 should enforce authentication on protected routes" type="FAILURE">
<![CDATA[  [webkit] › roles-assignment-fixed.test.ts:7:3 › Roles and Assignment Tests - Fixed › should enforce authentication on protected routes 

    Error: browserType.launch: Executable doesn't exist at C:\Users\Angelo A. Dela Cruz\AppData\Local\ms-playwright\webkit-2203\Playwright.exe
    ╔═════════════════════════════════════════════════════════════════════════╗
    ║ Looks like Playwright Test or Playwright was just installed or updated. ║
    ║ Please run the following command to download new browsers:              ║
    ║                                                                         ║
    ║     npx playwright install                                              ║
    ║                                                                         ║
    ║ <3 Playwright Team                                                      ║
    ╚═════════════════════════════════════════════════════════════════════════╝
]]>
</failure>
</testcase>
<testcase name="Roles and Assignment Tests - Fixed › should allow access to own resources" classname="roles-assignment-fixed.test.ts" time="0.009">
<failure message="roles-assignment-fixed.test.ts:29:3 should allow access to own resources" type="FAILURE">
<![CDATA[  [webkit] › roles-assignment-fixed.test.ts:29:3 › Roles and Assignment Tests - Fixed › should allow access to own resources 

    Error: browserType.launch: Executable doesn't exist at C:\Users\Angelo A. Dela Cruz\AppData\Local\ms-playwright\webkit-2203\Playwright.exe
    ╔═════════════════════════════════════════════════════════════════════════╗
    ║ Looks like Playwright Test or Playwright was just installed or updated. ║
    ║ Please run the following command to download new browsers:              ║
    ║                                                                         ║
    ║     npx playwright install                                              ║
    ║                                                                         ║
    ║ <3 Playwright Team                                                      ║
    ╚═════════════════════════════════════════════════════════════════════════╝
]]>
</failure>
</testcase>
<testcase name="Roles and Assignment Tests - Fixed › should show appropriate actions based on permissions" classname="roles-assignment-fixed.test.ts" time="0.012">
<failure message="roles-assignment-fixed.test.ts:52:3 should show appropriate actions based on permissions" type="FAILURE">
<![CDATA[  [webkit] › roles-assignment-fixed.test.ts:52:3 › Roles and Assignment Tests - Fixed › should show appropriate actions based on permissions 

    Error: browserType.launch: Executable doesn't exist at C:\Users\Angelo A. Dela Cruz\AppData\Local\ms-playwright\webkit-2203\Playwright.exe
    ╔═════════════════════════════════════════════════════════════════════════╗
    ║ Looks like Playwright Test or Playwright was just installed or updated. ║
    ║ Please run the following command to download new browsers:              ║
    ║                                                                         ║
    ║     npx playwright install                                              ║
    ║                                                                         ║
    ║ <3 Playwright Team                                                      ║
    ╚═════════════════════════════════════════════════════════════════════════╝
]]>
</failure>
</testcase>
<testcase name="Roles and Assignment Tests - Fixed › should handle project permissions" classname="roles-assignment-fixed.test.ts" time="0.013">
<failure message="roles-assignment-fixed.test.ts:76:3 should handle project permissions" type="FAILURE">
<![CDATA[  [webkit] › roles-assignment-fixed.test.ts:76:3 › Roles and Assignment Tests - Fixed › should handle project permissions 

    Error: browserType.launch: Executable doesn't exist at C:\Users\Angelo A. Dela Cruz\AppData\Local\ms-playwright\webkit-2203\Playwright.exe
    ╔═════════════════════════════════════════════════════════════════════════╗
    ║ Looks like Playwright Test or Playwright was just installed or updated. ║
    ║ Please run the following command to download new browsers:              ║
    ║                                                                         ║
    ║     npx playwright install                                              ║
    ║                                                                         ║
    ║ <3 Playwright Team                                                      ║
    ╚═════════════════════════════════════════════════════════════════════════╝
]]>
</failure>
</testcase>
<testcase name="Roles and Assignment Tests - Fixed › should handle timesheet permissions" classname="roles-assignment-fixed.test.ts" time="0.017">
<failure message="roles-assignment-fixed.test.ts:104:3 should handle timesheet permissions" type="FAILURE">
<![CDATA[  [webkit] › roles-assignment-fixed.test.ts:104:3 › Roles and Assignment Tests - Fixed › should handle timesheet permissions 

    Error: browserType.launch: Executable doesn't exist at C:\Users\Angelo A. Dela Cruz\AppData\Local\ms-playwright\webkit-2203\Playwright.exe
    ╔═════════════════════════════════════════════════════════════════════════╗
    ║ Looks like Playwright Test or Playwright was just installed or updated. ║
    ║ Please run the following command to download new browsers:              ║
    ║                                                                         ║
    ║     npx playwright install                                              ║
    ║                                                                         ║
    ║ <3 Playwright Team                                                      ║
    ╚═════════════════════════════════════════════════════════════════════════╝
]]>
</failure>
</testcase>
<testcase name="Roles and Assignment Tests - Fixed › should not show admin features to regular users" classname="roles-assignment-fixed.test.ts" time="0.009">
<failure message="roles-assignment-fixed.test.ts:131:3 should not show admin features to regular users" type="FAILURE">
<![CDATA[  [webkit] › roles-assignment-fixed.test.ts:131:3 › Roles and Assignment Tests - Fixed › should not show admin features to regular users 

    Error: browserType.launch: Executable doesn't exist at C:\Users\Angelo A. Dela Cruz\AppData\Local\ms-playwright\webkit-2203\Playwright.exe
    ╔═════════════════════════════════════════════════════════════════════════╗
    ║ Looks like Playwright Test or Playwright was just installed or updated. ║
    ║ Please run the following command to download new browsers:              ║
    ║                                                                         ║
    ║     npx playwright install                                              ║
    ║                                                                         ║
    ║ <3 Playwright Team                                                      ║
    ╚═════════════════════════════════════════════════════════════════════════╝
]]>
</failure>
</testcase>
<testcase name="Roles and Assignment Tests - Fixed › should maintain session across navigation" classname="roles-assignment-fixed.test.ts" time="0.009">
<failure message="roles-assignment-fixed.test.ts:159:3 should maintain session across navigation" type="FAILURE">
<![CDATA[  [webkit] › roles-assignment-fixed.test.ts:159:3 › Roles and Assignment Tests - Fixed › should maintain session across navigation 

    Error: browserType.launch: Executable doesn't exist at C:\Users\Angelo A. Dela Cruz\AppData\Local\ms-playwright\webkit-2203\Playwright.exe
    ╔═════════════════════════════════════════════════════════════════════════╗
    ║ Looks like Playwright Test or Playwright was just installed or updated. ║
    ║ Please run the following command to download new browsers:              ║
    ║                                                                         ║
    ║     npx playwright install                                              ║
    ║                                                                         ║
    ║ <3 Playwright Team                                                      ║
    ╚═════════════════════════════════════════════════════════════════════════╝
]]>
</failure>
</testcase>
<testcase name="Roles and Assignment Tests - Fixed › should handle session expiration" classname="roles-assignment-fixed.test.ts" time="0.01">
<failure message="roles-assignment-fixed.test.ts:184:3 should handle session expiration" type="FAILURE">
<![CDATA[  [webkit] › roles-assignment-fixed.test.ts:184:3 › Roles and Assignment Tests - Fixed › should handle session expiration 

    Error: browserType.launch: Executable doesn't exist at C:\Users\Angelo A. Dela Cruz\AppData\Local\ms-playwright\webkit-2203\Playwright.exe
    ╔═════════════════════════════════════════════════════════════════════════╗
    ║ Looks like Playwright Test or Playwright was just installed or updated. ║
    ║ Please run the following command to download new browsers:              ║
    ║                                                                         ║
    ║     npx playwright install                                              ║
    ║                                                                         ║
    ║ <3 Playwright Team                                                      ║
    ╚═════════════════════════════════════════════════════════════════════════╝
]]>
</failure>
</testcase>
<testcase name="Roles and Assignment Tests - Fixed › should validate API access control" classname="roles-assignment-fixed.test.ts" time="0.014">
<failure message="roles-assignment-fixed.test.ts:202:3 should validate API access control" type="FAILURE">
<![CDATA[  [webkit] › roles-assignment-fixed.test.ts:202:3 › Roles and Assignment Tests - Fixed › should validate API access control 

    Error: browserType.launch: Executable doesn't exist at C:\Users\Angelo A. Dela Cruz\AppData\Local\ms-playwright\webkit-2203\Playwright.exe
    ╔═════════════════════════════════════════════════════════════════════════╗
    ║ Looks like Playwright Test or Playwright was just installed or updated. ║
    ║ Please run the following command to download new browsers:              ║
    ║                                                                         ║
    ║     npx playwright install                                              ║
    ║                                                                         ║
    ║ <3 Playwright Team                                                      ║
    ╚═════════════════════════════════════════════════════════════════════════╝
]]>
</failure>
</testcase>
<testcase name="Roles and Assignment Tests - Fixed › should prevent cross-user data access" classname="roles-assignment-fixed.test.ts" time="0.008">
<failure message="roles-assignment-fixed.test.ts:229:3 should prevent cross-user data access" type="FAILURE">
<![CDATA[  [webkit] › roles-assignment-fixed.test.ts:229:3 › Roles and Assignment Tests - Fixed › should prevent cross-user data access 

    Error: browserType.launch: Executable doesn't exist at C:\Users\Angelo A. Dela Cruz\AppData\Local\ms-playwright\webkit-2203\Playwright.exe
    ╔═════════════════════════════════════════════════════════════════════════╗
    ║ Looks like Playwright Test or Playwright was just installed or updated. ║
    ║ Please run the following command to download new browsers:              ║
    ║                                                                         ║
    ║     npx playwright install                                              ║
    ║                                                                         ║
    ║ <3 Playwright Team                                                      ║
    ╚═════════════════════════════════════════════════════════════════════════╝
]]>
</failure>
</testcase>
<testcase name="Roles and Assignment Tests - Fixed › should show user-specific UI elements" classname="roles-assignment-fixed.test.ts" time="0.009">
<failure message="roles-assignment-fixed.test.ts:249:3 should show user-specific UI elements" type="FAILURE">
<![CDATA[  [webkit] › roles-assignment-fixed.test.ts:249:3 › Roles and Assignment Tests - Fixed › should show user-specific UI elements 

    Error: browserType.launch: Executable doesn't exist at C:\Users\Angelo A. Dela Cruz\AppData\Local\ms-playwright\webkit-2203\Playwright.exe
    ╔═════════════════════════════════════════════════════════════════════════╗
    ║ Looks like Playwright Test or Playwright was just installed or updated. ║
    ║ Please run the following command to download new browsers:              ║
    ║                                                                         ║
    ║     npx playwright install                                              ║
    ║                                                                         ║
    ║ <3 Playwright Team                                                      ║
    ╚═════════════════════════════════════════════════════════════════════════╝
]]>
</failure>
</testcase>
<testcase name="Roles and Assignment Tests - Fixed › should handle CRUD operations based on ownership" classname="roles-assignment-fixed.test.ts" time="0.012">
<failure message="roles-assignment-fixed.test.ts:271:3 should handle CRUD operations based on ownership" type="FAILURE">
<![CDATA[  [webkit] › roles-assignment-fixed.test.ts:271:3 › Roles and Assignment Tests - Fixed › should handle CRUD operations based on ownership 

    Error: browserType.launch: Executable doesn't exist at C:\Users\Angelo A. Dela Cruz\AppData\Local\ms-playwright\webkit-2203\Playwright.exe
    ╔═════════════════════════════════════════════════════════════════════════╗
    ║ Looks like Playwright Test or Playwright was just installed or updated. ║
    ║ Please run the following command to download new browsers:              ║
    ║                                                                         ║
    ║     npx playwright install                                              ║
    ║                                                                         ║
    ║ <3 Playwright Team                                                      ║
    ╚═════════════════════════════════════════════════════════════════════════╝
]]>
</failure>
</testcase>
</testsuite>
<testsuite name="roles-permissions.test.ts" timestamp="2025-09-10T03:45:18.181Z" hostname="webkit" tests="12" failures="12" skipped="0" time="0.144" errors="0">
<testcase name="Roles and Permissions › should restrict admin features to admin users" classname="roles-permissions.test.ts" time="0.02">
<failure message="roles-permissions.test.ts:13:3 should restrict admin features to admin users" type="FAILURE">
<![CDATA[  [webkit] › roles-permissions.test.ts:13:3 › Roles and Permissions › should restrict admin features to admin users 

    Error: browserType.launch: Executable doesn't exist at C:\Users\Angelo A. Dela Cruz\AppData\Local\ms-playwright\webkit-2203\Playwright.exe
    ╔═════════════════════════════════════════════════════════════════════════╗
    ║ Looks like Playwright Test or Playwright was just installed or updated. ║
    ║ Please run the following command to download new browsers:              ║
    ║                                                                         ║
    ║     npx playwright install                                              ║
    ║                                                                         ║
    ║ <3 Playwright Team                                                      ║
    ╚═════════════════════════════════════════════════════════════════════════╝
]]>
</failure>
</testcase>
<testcase name="Roles and Permissions › should allow different users to have different permissions" classname="roles-permissions.test.ts" time="0.009">
<failure message="roles-permissions.test.ts:26:3 should allow different users to have different permissions" type="FAILURE">
<![CDATA[  [webkit] › roles-permissions.test.ts:26:3 › Roles and Permissions › should allow different users to have different permissions 

    Error: browserType.launch: Executable doesn't exist at C:\Users\Angelo A. Dela Cruz\AppData\Local\ms-playwright\webkit-2203\Playwright.exe
    ╔═════════════════════════════════════════════════════════════════════════╗
    ║ Looks like Playwright Test or Playwright was just installed or updated. ║
    ║ Please run the following command to download new browsers:              ║
    ║                                                                         ║
    ║     npx playwright install                                              ║
    ║                                                                         ║
    ║ <3 Playwright Team                                                      ║
    ╚═════════════════════════════════════════════════════════════════════════╝
]]>
</failure>
</testcase>
<testcase name="Roles and Permissions › should enforce ownership rules on notes" classname="roles-permissions.test.ts" time="0.008">
<failure message="roles-permissions.test.ts:38:3 should enforce ownership rules on notes" type="FAILURE">
<![CDATA[  [webkit] › roles-permissions.test.ts:38:3 › Roles and Permissions › should enforce ownership rules on notes 

    Error: browserType.launch: Executable doesn't exist at C:\Users\Angelo A. Dela Cruz\AppData\Local\ms-playwright\webkit-2203\Playwright.exe
    ╔═════════════════════════════════════════════════════════════════════════╗
    ║ Looks like Playwright Test or Playwright was just installed or updated. ║
    ║ Please run the following command to download new browsers:              ║
    ║                                                                         ║
    ║     npx playwright install                                              ║
    ║                                                                         ║
    ║ <3 Playwright Team                                                      ║
    ╚═════════════════════════════════════════════════════════════════════════╝
]]>
</failure>
</testcase>
<testcase name="Roles and Permissions › should control project access based on permissions" classname="roles-permissions.test.ts" time="0.013">
<failure message="roles-permissions.test.ts:60:3 should control project access based on permissions" type="FAILURE">
<![CDATA[  [webkit] › roles-permissions.test.ts:60:3 › Roles and Permissions › should control project access based on permissions 

    Error: browserType.launch: Executable doesn't exist at C:\Users\Angelo A. Dela Cruz\AppData\Local\ms-playwright\webkit-2203\Playwright.exe
    ╔═════════════════════════════════════════════════════════════════════════╗
    ║ Looks like Playwright Test or Playwright was just installed or updated. ║
    ║ Please run the following command to download new browsers:              ║
    ║                                                                         ║
    ║     npx playwright install                                              ║
    ║                                                                         ║
    ║ <3 Playwright Team                                                      ║
    ╚═════════════════════════════════════════════════════════════════════════╝
]]>
</failure>
</testcase>
<testcase name="Roles and Permissions › should enforce timesheet permissions" classname="roles-permissions.test.ts" time="0.011">
<failure message="roles-permissions.test.ts:79:3 should enforce timesheet permissions" type="FAILURE">
<![CDATA[  [webkit] › roles-permissions.test.ts:79:3 › Roles and Permissions › should enforce timesheet permissions 

    Error: browserType.launch: Executable doesn't exist at C:\Users\Angelo A. Dela Cruz\AppData\Local\ms-playwright\webkit-2203\Playwright.exe
    ╔═════════════════════════════════════════════════════════════════════════╗
    ║ Looks like Playwright Test or Playwright was just installed or updated. ║
    ║ Please run the following command to download new browsers:              ║
    ║                                                                         ║
    ║     npx playwright install                                              ║
    ║                                                                         ║
    ║ <3 Playwright Team                                                      ║
    ╚═════════════════════════════════════════════════════════════════════════╝
]]>
</failure>
</testcase>
<testcase name="Roles and Permissions › should handle unauthorized access gracefully" classname="roles-permissions.test.ts" time="0.009">
<failure message="roles-permissions.test.ts:110:3 should handle unauthorized access gracefully" type="FAILURE">
<![CDATA[  [webkit] › roles-permissions.test.ts:110:3 › Roles and Permissions › should handle unauthorized access gracefully 

    Error: browserType.launch: Executable doesn't exist at C:\Users\Angelo A. Dela Cruz\AppData\Local\ms-playwright\webkit-2203\Playwright.exe
    ╔═════════════════════════════════════════════════════════════════════════╗
    ║ Looks like Playwright Test or Playwright was just installed or updated. ║
    ║ Please run the following command to download new browsers:              ║
    ║                                                                         ║
    ║     npx playwright install                                              ║
    ║                                                                         ║
    ║ <3 Playwright Team                                                      ║
    ╚═════════════════════════════════════════════════════════════════════════╝
]]>
</failure>
</testcase>
<testcase name="Roles and Permissions › should maintain permission consistency across navigation" classname="roles-permissions.test.ts" time="0.019">
<failure message="roles-permissions.test.ts:125:3 should maintain permission consistency across navigation" type="FAILURE">
<![CDATA[  [webkit] › roles-permissions.test.ts:125:3 › Roles and Permissions › should maintain permission consistency across navigation 

    Error: browserType.launch: Executable doesn't exist at C:\Users\Angelo A. Dela Cruz\AppData\Local\ms-playwright\webkit-2203\Playwright.exe
    ╔═════════════════════════════════════════════════════════════════════════╗
    ║ Looks like Playwright Test or Playwright was just installed or updated. ║
    ║ Please run the following command to download new browsers:              ║
    ║                                                                         ║
    ║     npx playwright install                                              ║
    ║                                                                         ║
    ║ <3 Playwright Team                                                      ║
    ╚═════════════════════════════════════════════════════════════════════════╝
]]>
</failure>
</testcase>
<testcase name="Roles and Permissions › should show appropriate UI elements based on user role" classname="roles-permissions.test.ts" time="0.014">
<failure message="roles-permissions.test.ts:148:3 should show appropriate UI elements based on user role" type="FAILURE">
<![CDATA[  [webkit] › roles-permissions.test.ts:148:3 › Roles and Permissions › should show appropriate UI elements based on user role 

    Error: browserType.launch: Executable doesn't exist at C:\Users\Angelo A. Dela Cruz\AppData\Local\ms-playwright\webkit-2203\Playwright.exe
    ╔═════════════════════════════════════════════════════════════════════════╗
    ║ Looks like Playwright Test or Playwright was just installed or updated. ║
    ║ Please run the following command to download new browsers:              ║
    ║                                                                         ║
    ║     npx playwright install                                              ║
    ║                                                                         ║
    ║ <3 Playwright Team                                                      ║
    ╚═════════════════════════════════════════════════════════════════════════╝
]]>
</failure>
</testcase>
<testcase name="Roles and Permissions › should handle session expiration" classname="roles-permissions.test.ts" time="0.012">
<failure message="roles-permissions.test.ts:166:3 should handle session expiration" type="FAILURE">
<![CDATA[  [webkit] › roles-permissions.test.ts:166:3 › Roles and Permissions › should handle session expiration 

    Error: browserType.launch: Executable doesn't exist at C:\Users\Angelo A. Dela Cruz\AppData\Local\ms-playwright\webkit-2203\Playwright.exe
    ╔═════════════════════════════════════════════════════════════════════════╗
    ║ Looks like Playwright Test or Playwright was just installed or updated. ║
    ║ Please run the following command to download new browsers:              ║
    ║                                                                         ║
    ║     npx playwright install                                              ║
    ║                                                                         ║
    ║ <3 Playwright Team                                                      ║
    ╚═════════════════════════════════════════════════════════════════════════╝
]]>
</failure>
</testcase>
<testcase name="Roles and Permissions › should validate CRUD permissions on resources" classname="roles-permissions.test.ts" time="0.007">
<failure message="roles-permissions.test.ts:181:3 should validate CRUD permissions on resources" type="FAILURE">
<![CDATA[  [webkit] › roles-permissions.test.ts:181:3 › Roles and Permissions › should validate CRUD permissions on resources 

    Error: browserType.launch: Executable doesn't exist at C:\Users\Angelo A. Dela Cruz\AppData\Local\ms-playwright\webkit-2203\Playwright.exe
    ╔═════════════════════════════════════════════════════════════════════════╗
    ║ Looks like Playwright Test or Playwright was just installed or updated. ║
    ║ Please run the following command to download new browsers:              ║
    ║                                                                         ║
    ║     npx playwright install                                              ║
    ║                                                                         ║
    ║ <3 Playwright Team                                                      ║
    ╚═════════════════════════════════════════════════════════════════════════╝
]]>
</failure>
</testcase>
<testcase name="Roles and Permissions › should prevent cross-user data modification" classname="roles-permissions.test.ts" time="0.01">
<failure message="roles-permissions.test.ts:207:3 should prevent cross-user data modification" type="FAILURE">
<![CDATA[  [webkit] › roles-permissions.test.ts:207:3 › Roles and Permissions › should prevent cross-user data modification 

    Error: browserType.launch: Executable doesn't exist at C:\Users\Angelo A. Dela Cruz\AppData\Local\ms-playwright\webkit-2203\Playwright.exe
    ╔═════════════════════════════════════════════════════════════════════════╗
    ║ Looks like Playwright Test or Playwright was just installed or updated. ║
    ║ Please run the following command to download new browsers:              ║
    ║                                                                         ║
    ║     npx playwright install                                              ║
    ║                                                                         ║
    ║ <3 Playwright Team                                                      ║
    ╚═════════════════════════════════════════════════════════════════════════╝
]]>
</failure>
</testcase>
<testcase name="Roles and Permissions › should apply role-based API access control" classname="roles-permissions.test.ts" time="0.012">
<failure message="roles-permissions.test.ts:222:3 should apply role-based API access control" type="FAILURE">
<![CDATA[  [webkit] › roles-permissions.test.ts:222:3 › Roles and Permissions › should apply role-based API access control 

    Error: browserType.launch: Executable doesn't exist at C:\Users\Angelo A. Dela Cruz\AppData\Local\ms-playwright\webkit-2203\Playwright.exe
    ╔═════════════════════════════════════════════════════════════════════════╗
    ║ Looks like Playwright Test or Playwright was just installed or updated. ║
    ║ Please run the following command to download new browsers:              ║
    ║                                                                         ║
    ║     npx playwright install                                              ║
    ║                                                                         ║
    ║ <3 Playwright Team                                                      ║
    ╚═════════════════════════════════════════════════════════════════════════╝
]]>
</failure>
</testcase>
</testsuite>
<testsuite name="timesheets-basic.test.ts" timestamp="2025-09-10T03:45:18.181Z" hostname="webkit" tests="5" failures="5" skipped="0" time="0.056" errors="0">
<testcase name="Timesheets Basic Tests › should require authentication for timesheets" classname="timesheets-basic.test.ts" time="0.011">
<failure message="timesheets-basic.test.ts:7:3 should require authentication for timesheets" type="FAILURE">
<![CDATA[  [webkit] › timesheets-basic.test.ts:7:3 › Timesheets Basic Tests › should require authentication for timesheets 

    Error: browserType.launch: Executable doesn't exist at C:\Users\Angelo A. Dela Cruz\AppData\Local\ms-playwright\webkit-2203\Playwright.exe
    ╔═════════════════════════════════════════════════════════════════════════╗
    ║ Looks like Playwright Test or Playwright was just installed or updated. ║
    ║ Please run the following command to download new browsers:              ║
    ║                                                                         ║
    ║     npx playwright install                                              ║
    ║                                                                         ║
    ║ <3 Playwright Team                                                      ║
    ╚═════════════════════════════════════════════════════════════════════════╝
]]>
</failure>
</testcase>
<testcase name="Timesheets Basic Tests › should access timesheets after login" classname="timesheets-basic.test.ts" time="0.011">
<failure message="timesheets-basic.test.ts:18:3 should access timesheets after login" type="FAILURE">
<![CDATA[  [webkit] › timesheets-basic.test.ts:18:3 › Timesheets Basic Tests › should access timesheets after login 

    Error: browserType.launch: Executable doesn't exist at C:\Users\Angelo A. Dela Cruz\AppData\Local\ms-playwright\webkit-2203\Playwright.exe
    ╔═════════════════════════════════════════════════════════════════════════╗
    ║ Looks like Playwright Test or Playwright was just installed or updated. ║
    ║ Please run the following command to download new browsers:              ║
    ║                                                                         ║
    ║     npx playwright install                                              ║
    ║                                                                         ║
    ║ <3 Playwright Team                                                      ║
    ╚═════════════════════════════════════════════════════════════════════════╝
]]>
</failure>
</testcase>
<testcase name="Timesheets Basic Tests › should check for AG-Grid or timesheet content" classname="timesheets-basic.test.ts" time="0.012">
<failure message="timesheets-basic.test.ts:40:3 should check for AG-Grid or timesheet content" type="FAILURE">
<![CDATA[  [webkit] › timesheets-basic.test.ts:40:3 › Timesheets Basic Tests › should check for AG-Grid or timesheet content 

    Error: browserType.launch: Executable doesn't exist at C:\Users\Angelo A. Dela Cruz\AppData\Local\ms-playwright\webkit-2203\Playwright.exe
    ╔═════════════════════════════════════════════════════════════════════════╗
    ║ Looks like Playwright Test or Playwright was just installed or updated. ║
    ║ Please run the following command to download new browsers:              ║
    ║                                                                         ║
    ║     npx playwright install                                              ║
    ║                                                                         ║
    ║ <3 Playwright Team                                                      ║
    ╚═════════════════════════════════════════════════════════════════════════╝
]]>
</failure>
</testcase>
<testcase name="Timesheets Basic Tests › should look for AG-Grid elements" classname="timesheets-basic.test.ts" time="0.011">
<failure message="timesheets-basic.test.ts:67:3 should look for AG-Grid elements" type="FAILURE">
<![CDATA[  [webkit] › timesheets-basic.test.ts:67:3 › Timesheets Basic Tests › should look for AG-Grid elements 

    Error: browserType.launch: Executable doesn't exist at C:\Users\Angelo A. Dela Cruz\AppData\Local\ms-playwright\webkit-2203\Playwright.exe
    ╔═════════════════════════════════════════════════════════════════════════╗
    ║ Looks like Playwright Test or Playwright was just installed or updated. ║
    ║ Please run the following command to download new browsers:              ║
    ║                                                                         ║
    ║     npx playwright install                                              ║
    ║                                                                         ║
    ║ <3 Playwright Team                                                      ║
    ╚═════════════════════════════════════════════════════════════════════════╝
]]>
</failure>
</testcase>
<testcase name="Timesheets Basic Tests › should check for timesheet actions" classname="timesheets-basic.test.ts" time="0.011">
<failure message="timesheets-basic.test.ts:106:3 should check for timesheet actions" type="FAILURE">
<![CDATA[  [webkit] › timesheets-basic.test.ts:106:3 › Timesheets Basic Tests › should check for timesheet actions 

    Error: browserType.launch: Executable doesn't exist at C:\Users\Angelo A. Dela Cruz\AppData\Local\ms-playwright\webkit-2203\Playwright.exe
    ╔═════════════════════════════════════════════════════════════════════════╗
    ║ Looks like Playwright Test or Playwright was just installed or updated. ║
    ║ Please run the following command to download new browsers:              ║
    ║                                                                         ║
    ║     npx playwright install                                              ║
    ║                                                                         ║
    ║ <3 Playwright Team                                                      ║
    ╚═════════════════════════════════════════════════════════════════════════╝
]]>
</failure>
</testcase>
</testsuite>
<testsuite name="timesheets-fixed.test.ts" timestamp="2025-09-10T03:45:18.181Z" hostname="webkit" tests="8" failures="8" skipped="0" time="0.096" errors="0">
<testcase name="Timesheets Management - Fixed › should access timesheets page when authenticated" classname="timesheets-fixed.test.ts" time="0.014">
<failure message="timesheets-fixed.test.ts:15:3 should access timesheets page when authenticated" type="FAILURE">
<![CDATA[  [webkit] › timesheets-fixed.test.ts:15:3 › Timesheets Management - Fixed › should access timesheets page when authenticated 

    Error: browserType.launch: Executable doesn't exist at C:\Users\Angelo A. Dela Cruz\AppData\Local\ms-playwright\webkit-2203\Playwright.exe
    ╔═════════════════════════════════════════════════════════════════════════╗
    ║ Looks like Playwright Test or Playwright was just installed or updated. ║
    ║ Please run the following command to download new browsers:              ║
    ║                                                                         ║
    ║     npx playwright install                                              ║
    ║                                                                         ║
    ║ <3 Playwright Team                                                      ║
    ╚═════════════════════════════════════════════════════════════════════════╝
]]>
</failure>
</testcase>
<testcase name="Timesheets Management - Fixed › should redirect to login when not authenticated" classname="timesheets-fixed.test.ts" time="0.011">
<failure message="timesheets-fixed.test.ts:33:3 should redirect to login when not authenticated" type="FAILURE">
<![CDATA[  [webkit] › timesheets-fixed.test.ts:33:3 › Timesheets Management - Fixed › should redirect to login when not authenticated 

    Error: browserType.launch: Executable doesn't exist at C:\Users\Angelo A. Dela Cruz\AppData\Local\ms-playwright\webkit-2203\Playwright.exe
    ╔═════════════════════════════════════════════════════════════════════════╗
    ║ Looks like Playwright Test or Playwright was just installed or updated. ║
    ║ Please run the following command to download new browsers:              ║
    ║                                                                         ║
    ║     npx playwright install                                              ║
    ║                                                                         ║
    ║ <3 Playwright Team                                                      ║
    ╚═════════════════════════════════════════════════════════════════════════╝
]]>
</failure>
</testcase>
<testcase name="Timesheets Management - Fixed › should display AG-Grid with headers" classname="timesheets-fixed.test.ts" time="0.014">
<failure message="timesheets-fixed.test.ts:49:3 should display AG-Grid with headers" type="FAILURE">
<![CDATA[  [webkit] › timesheets-fixed.test.ts:49:3 › Timesheets Management - Fixed › should display AG-Grid with headers 

    Error: browserType.launch: Executable doesn't exist at C:\Users\Angelo A. Dela Cruz\AppData\Local\ms-playwright\webkit-2203\Playwright.exe
    ╔═════════════════════════════════════════════════════════════════════════╗
    ║ Looks like Playwright Test or Playwright was just installed or updated. ║
    ║ Please run the following command to download new browsers:              ║
    ║                                                                         ║
    ║     npx playwright install                                              ║
    ║                                                                         ║
    ║ <3 Playwright Team                                                      ║
    ╚═════════════════════════════════════════════════════════════════════════╝
]]>
</failure>
</testcase>
<testcase name="Timesheets Management - Fixed › should have add timesheet functionality" classname="timesheets-fixed.test.ts" time="0.011">
<failure message="timesheets-fixed.test.ts:69:3 should have add timesheet functionality" type="FAILURE">
<![CDATA[  [webkit] › timesheets-fixed.test.ts:69:3 › Timesheets Management - Fixed › should have add timesheet functionality 

    Error: browserType.launch: Executable doesn't exist at C:\Users\Angelo A. Dela Cruz\AppData\Local\ms-playwright\webkit-2203\Playwright.exe
    ╔═════════════════════════════════════════════════════════════════════════╗
    ║ Looks like Playwright Test or Playwright was just installed or updated. ║
    ║ Please run the following command to download new browsers:              ║
    ║                                                                         ║
    ║     npx playwright install                                              ║
    ║                                                                         ║
    ║ <3 Playwright Team                                                      ║
    ╚═════════════════════════════════════════════════════════════════════════╝
]]>
</failure>
</testcase>
<testcase name="Timesheets Management - Fixed › should handle row expansion for DTRs" classname="timesheets-fixed.test.ts" time="0.013">
<failure message="timesheets-fixed.test.ts:95:3 should handle row expansion for DTRs" type="FAILURE">
<![CDATA[  [webkit] › timesheets-fixed.test.ts:95:3 › Timesheets Management - Fixed › should handle row expansion for DTRs 

    Error: browserType.launch: Executable doesn't exist at C:\Users\Angelo A. Dela Cruz\AppData\Local\ms-playwright\webkit-2203\Playwright.exe
    ╔═════════════════════════════════════════════════════════════════════════╗
    ║ Looks like Playwright Test or Playwright was just installed or updated. ║
    ║ Please run the following command to download new browsers:              ║
    ║                                                                         ║
    ║     npx playwright install                                              ║
    ║                                                                         ║
    ║ <3 Playwright Team                                                      ║
    ╚═════════════════════════════════════════════════════════════════════════╝
]]>
</failure>
</testcase>
<testcase name="Timesheets Management - Fixed › should display timesheet data or empty state" classname="timesheets-fixed.test.ts" time="0.009">
<failure message="timesheets-fixed.test.ts:128:3 should display timesheet data or empty state" type="FAILURE">
<![CDATA[  [webkit] › timesheets-fixed.test.ts:128:3 › Timesheets Management - Fixed › should display timesheet data or empty state 

    Error: browserType.launch: Executable doesn't exist at C:\Users\Angelo A. Dela Cruz\AppData\Local\ms-playwright\webkit-2203\Playwright.exe
    ╔═════════════════════════════════════════════════════════════════════════╗
    ║ Looks like Playwright Test or Playwright was just installed or updated. ║
    ║ Please run the following command to download new browsers:              ║
    ║                                                                         ║
    ║     npx playwright install                                              ║
    ║                                                                         ║
    ║ <3 Playwright Team                                                      ║
    ╚═════════════════════════════════════════════════════════════════════════╝
]]>
</failure>
</testcase>
<testcase name="Timesheets Management - Fixed › should have filter/search functionality" classname="timesheets-fixed.test.ts" time="0.013">
<failure message="timesheets-fixed.test.ts:147:3 should have filter/search functionality" type="FAILURE">
<![CDATA[  [webkit] › timesheets-fixed.test.ts:147:3 › Timesheets Management - Fixed › should have filter/search functionality 

    Error: browserType.launch: Executable doesn't exist at C:\Users\Angelo A. Dela Cruz\AppData\Local\ms-playwright\webkit-2203\Playwright.exe
    ╔═════════════════════════════════════════════════════════════════════════╗
    ║ Looks like Playwright Test or Playwright was just installed or updated. ║
    ║ Please run the following command to download new browsers:              ║
    ║                                                                         ║
    ║     npx playwright install                                              ║
    ║                                                                         ║
    ║ <3 Playwright Team                                                      ║
    ╚═════════════════════════════════════════════════════════════════════════╝
]]>
</failure>
</testcase>
<testcase name="Timesheets Management - Fixed › should verify single expansion policy" classname="timesheets-fixed.test.ts" time="0.011">
<failure message="timesheets-fixed.test.ts:164:3 should verify single expansion policy" type="FAILURE">
<![CDATA[  [webkit] › timesheets-fixed.test.ts:164:3 › Timesheets Management - Fixed › should verify single expansion policy 

    Error: browserType.launch: Executable doesn't exist at C:\Users\Angelo A. Dela Cruz\AppData\Local\ms-playwright\webkit-2203\Playwright.exe
    ╔═════════════════════════════════════════════════════════════════════════╗
    ║ Looks like Playwright Test or Playwright was just installed or updated. ║
    ║ Please run the following command to download new browsers:              ║
    ║                                                                         ║
    ║     npx playwright install                                              ║
    ║                                                                         ║
    ║ <3 Playwright Team                                                      ║
    ╚═════════════════════════════════════════════════════════════════════════╝
]]>
</failure>
</testcase>
</testsuite>
<testsuite name="timesheets.test.ts" timestamp="2025-09-10T03:45:18.181Z" hostname="webkit" tests="13" failures="13" skipped="0" time="0.168" errors="0">
<testcase name="Timesheet Management › should require authentication to access timesheets" classname="timesheets.test.ts" time="0.011">
<failure message="timesheets.test.ts:7:3 should require authentication to access timesheets" type="FAILURE">
<![CDATA[  [webkit] › timesheets.test.ts:7:3 › Timesheet Management › should require authentication to access timesheets 

    Error: browserType.launch: Executable doesn't exist at C:\Users\Angelo A. Dela Cruz\AppData\Local\ms-playwright\webkit-2203\Playwright.exe
    ╔═════════════════════════════════════════════════════════════════════════╗
    ║ Looks like Playwright Test or Playwright was just installed or updated. ║
    ║ Please run the following command to download new browsers:              ║
    ║                                                                         ║
    ║     npx playwright install                                              ║
    ║                                                                         ║
    ║ <3 Playwright Team                                                      ║
    ╚═════════════════════════════════════════════════════════════════════════╝
]]>
</failure>
</testcase>
<testcase name="Timesheet Management › should display timesheet grid for authenticated users" classname="timesheets.test.ts" time="0.01">
<failure message="timesheets.test.ts:16:3 should display timesheet grid for authenticated users" type="FAILURE">
<![CDATA[  [webkit] › timesheets.test.ts:16:3 › Timesheet Management › should display timesheet grid for authenticated users 

    Error: browserType.launch: Executable doesn't exist at C:\Users\Angelo A. Dela Cruz\AppData\Local\ms-playwright\webkit-2203\Playwright.exe
    ╔═════════════════════════════════════════════════════════════════════════╗
    ║ Looks like Playwright Test or Playwright was just installed or updated. ║
    ║ Please run the following command to download new browsers:              ║
    ║                                                                         ║
    ║     npx playwright install                                              ║
    ║                                                                         ║
    ║ <3 Playwright Team                                                      ║
    ╚═════════════════════════════════════════════════════════════════════════╝
]]>
</failure>
</testcase>
<testcase name="Timesheet Management › should create a new timesheet" classname="timesheets.test.ts" time="0.013">
<failure message="timesheets.test.ts:33:3 should create a new timesheet" type="FAILURE">
<![CDATA[  [webkit] › timesheets.test.ts:33:3 › Timesheet Management › should create a new timesheet ────────

    Error: browserType.launch: Executable doesn't exist at C:\Users\Angelo A. Dela Cruz\AppData\Local\ms-playwright\webkit-2203\Playwright.exe
    ╔═════════════════════════════════════════════════════════════════════════╗
    ║ Looks like Playwright Test or Playwright was just installed or updated. ║
    ║ Please run the following command to download new browsers:              ║
    ║                                                                         ║
    ║     npx playwright install                                              ║
    ║                                                                         ║
    ║ <3 Playwright Team                                                      ║
    ╚═════════════════════════════════════════════════════════════════════════╝
]]>
</failure>
</testcase>
<testcase name="Timesheet Management › should expand timesheet to show DTRs" classname="timesheets.test.ts" time="0.011">
<failure message="timesheets.test.ts:78:3 should expand timesheet to show DTRs" type="FAILURE">
<![CDATA[  [webkit] › timesheets.test.ts:78:3 › Timesheet Management › should expand timesheet to show DTRs ─

    Error: browserType.launch: Executable doesn't exist at C:\Users\Angelo A. Dela Cruz\AppData\Local\ms-playwright\webkit-2203\Playwright.exe
    ╔═════════════════════════════════════════════════════════════════════════╗
    ║ Looks like Playwright Test or Playwright was just installed or updated. ║
    ║ Please run the following command to download new browsers:              ║
    ║                                                                         ║
    ║     npx playwright install                                              ║
    ║                                                                         ║
    ║ <3 Playwright Team                                                      ║
    ╚═════════════════════════════════════════════════════════════════════════╝
]]>
</failure>
</testcase>
<testcase name="Timesheet Management › should add DTR to timesheet" classname="timesheets.test.ts" time="0.012">
<failure message="timesheets.test.ts:99:3 should add DTR to timesheet" type="FAILURE">
<![CDATA[  [webkit] › timesheets.test.ts:99:3 › Timesheet Management › should add DTR to timesheet ──────────

    Error: browserType.launch: Executable doesn't exist at C:\Users\Angelo A. Dela Cruz\AppData\Local\ms-playwright\webkit-2203\Playwright.exe
    ╔═════════════════════════════════════════════════════════════════════════╗
    ║ Looks like Playwright Test or Playwright was just installed or updated. ║
    ║ Please run the following command to download new browsers:              ║
    ║                                                                         ║
    ║     npx playwright install                                              ║
    ║                                                                         ║
    ║ <3 Playwright Team                                                      ║
    ╚═════════════════════════════════════════════════════════════════════════╝
]]>
</failure>
</testcase>
<testcase name="Timesheet Management › should add timelog to DTR" classname="timesheets.test.ts" time="0.015">
<failure message="timesheets.test.ts:132:3 should add timelog to DTR" type="FAILURE">
<![CDATA[  [webkit] › timesheets.test.ts:132:3 › Timesheet Management › should add timelog to DTR ───────────

    Error: browserType.launch: Executable doesn't exist at C:\Users\Angelo A. Dela Cruz\AppData\Local\ms-playwright\webkit-2203\Playwright.exe
    ╔═════════════════════════════════════════════════════════════════════════╗
    ║ Looks like Playwright Test or Playwright was just installed or updated. ║
    ║ Please run the following command to download new browsers:              ║
    ║                                                                         ║
    ║     npx playwright install                                              ║
    ║                                                                         ║
    ║ <3 Playwright Team                                                      ║
    ╚═════════════════════════════════════════════════════════════════════════╝
]]>
</failure>
</testcase>
<testcase name="Timesheet Management › should add clock event to timelog" classname="timesheets.test.ts" time="0.012">
<failure message="timesheets.test.ts:177:3 should add clock event to timelog" type="FAILURE">
<![CDATA[  [webkit] › timesheets.test.ts:177:3 › Timesheet Management › should add clock event to timelog ───

    Error: browserType.launch: Executable doesn't exist at C:\Users\Angelo A. Dela Cruz\AppData\Local\ms-playwright\webkit-2203\Playwright.exe
    ╔═════════════════════════════════════════════════════════════════════════╗
    ║ Looks like Playwright Test or Playwright was just installed or updated. ║
    ║ Please run the following command to download new browsers:              ║
    ║                                                                         ║
    ║     npx playwright install                                              ║
    ║                                                                         ║
    ║ <3 Playwright Team                                                      ║
    ╚═════════════════════════════════════════════════════════════════════════╝
]]>
</failure>
</testcase>
<testcase name="Timesheet Management › should edit timesheet details" classname="timesheets.test.ts" time="0.009">
<failure message="timesheets.test.ts:225:3 should edit timesheet details" type="FAILURE">
<![CDATA[  [webkit] › timesheets.test.ts:225:3 › Timesheet Management › should edit timesheet details ───────

    Error: browserType.launch: Executable doesn't exist at C:\Users\Angelo A. Dela Cruz\AppData\Local\ms-playwright\webkit-2203\Playwright.exe
    ╔═════════════════════════════════════════════════════════════════════════╗
    ║ Looks like Playwright Test or Playwright was just installed or updated. ║
    ║ Please run the following command to download new browsers:              ║
    ║                                                                         ║
    ║     npx playwright install                                              ║
    ║                                                                         ║
    ║ <3 Playwright Team                                                      ║
    ╚═════════════════════════════════════════════════════════════════════════╝
]]>
</failure>
</testcase>
<testcase name="Timesheet Management › should delete clock event" classname="timesheets.test.ts" time="0.018">
<failure message="timesheets.test.ts:255:3 should delete clock event" type="FAILURE">
<![CDATA[  [webkit] › timesheets.test.ts:255:3 › Timesheet Management › should delete clock event ───────────

    Error: browserType.launch: Executable doesn't exist at C:\Users\Angelo A. Dela Cruz\AppData\Local\ms-playwright\webkit-2203\Playwright.exe
    ╔═════════════════════════════════════════════════════════════════════════╗
    ║ Looks like Playwright Test or Playwright was just installed or updated. ║
    ║ Please run the following command to download new browsers:              ║
    ║                                                                         ║
    ║     npx playwright install                                              ║
    ║                                                                         ║
    ║ <3 Playwright Team                                                      ║
    ╚═════════════════════════════════════════════════════════════════════════╝
]]>
</failure>
</testcase>
<testcase name="Timesheet Management › should handle single expansion policy" classname="timesheets.test.ts" time="0.02">
<failure message="timesheets.test.ts:280:3 should handle single expansion policy" type="FAILURE">
<![CDATA[  [webkit] › timesheets.test.ts:280:3 › Timesheet Management › should handle single expansion policy 

    Error: browserType.launch: Executable doesn't exist at C:\Users\Angelo A. Dela Cruz\AppData\Local\ms-playwright\webkit-2203\Playwright.exe
    ╔═════════════════════════════════════════════════════════════════════════╗
    ║ Looks like Playwright Test or Playwright was just installed or updated. ║
    ║ Please run the following command to download new browsers:              ║
    ║                                                                         ║
    ║     npx playwright install                                              ║
    ║                                                                         ║
    ║ <3 Playwright Team                                                      ║
    ╚═════════════════════════════════════════════════════════════════════════╝
]]>
</failure>
</testcase>
<testcase name="Timesheet Management › should calculate total hours correctly" classname="timesheets.test.ts" time="0.012">
<failure message="timesheets.test.ts:308:3 should calculate total hours correctly" type="FAILURE">
<![CDATA[  [webkit] › timesheets.test.ts:308:3 › Timesheet Management › should calculate total hours correctly 

    Error: browserType.launch: Executable doesn't exist at C:\Users\Angelo A. Dela Cruz\AppData\Local\ms-playwright\webkit-2203\Playwright.exe
    ╔═════════════════════════════════════════════════════════════════════════╗
    ║ Looks like Playwright Test or Playwright was just installed or updated. ║
    ║ Please run the following command to download new browsers:              ║
    ║                                                                         ║
    ║     npx playwright install                                              ║
    ║                                                                         ║
    ║ <3 Playwright Team                                                      ║
    ╚═════════════════════════════════════════════════════════════════════════╝
]]>
</failure>
</testcase>
<testcase name="Timesheet Management › should filter timesheets by employee" classname="timesheets.test.ts" time="0.012">
<failure message="timesheets.test.ts:324:3 should filter timesheets by employee" type="FAILURE">
<![CDATA[  [webkit] › timesheets.test.ts:324:3 › Timesheet Management › should filter timesheets by employee 

    Error: browserType.launch: Executable doesn't exist at C:\Users\Angelo A. Dela Cruz\AppData\Local\ms-playwright\webkit-2203\Playwright.exe
    ╔═════════════════════════════════════════════════════════════════════════╗
    ║ Looks like Playwright Test or Playwright was just installed or updated. ║
    ║ Please run the following command to download new browsers:              ║
    ║                                                                         ║
    ║     npx playwright install                                              ║
    ║                                                                         ║
    ║ <3 Playwright Team                                                      ║
    ╚═════════════════════════════════════════════════════════════════════════╝
]]>
</failure>
</testcase>
<testcase name="Timesheet Management › should export timesheet data" classname="timesheets.test.ts" time="0.013">
<failure message="timesheets.test.ts:345:3 should export timesheet data" type="FAILURE">
<![CDATA[  [webkit] › timesheets.test.ts:345:3 › Timesheet Management › should export timesheet data ────────

    Error: browserType.launch: Executable doesn't exist at C:\Users\Angelo A. Dela Cruz\AppData\Local\ms-playwright\webkit-2203\Playwright.exe
    ╔═════════════════════════════════════════════════════════════════════════╗
    ║ Looks like Playwright Test or Playwright was just installed or updated. ║
    ║ Please run the following command to download new browsers:              ║
    ║                                                                         ║
    ║     npx playwright install                                              ║
    ║                                                                         ║
    ║ <3 Playwright Team                                                      ║
    ╚═════════════════════════════════════════════════════════════════════════╝
]]>
</failure>
</testcase>
</testsuite>
<testsuite name="user-search.test.ts" timestamp="2025-09-10T03:45:18.181Z" hostname="webkit" tests="12" failures="12" skipped="0" time="0.142" errors="0">
<testcase name="User Search Functionality › should handle search with no query" classname="user-search.test.ts" time="0.014">
<failure message="user-search.test.ts:9:3 should handle search with no query" type="FAILURE">
<![CDATA[  [webkit] › user-search.test.ts:9:3 › User Search Functionality › should handle search with no query 

    Error: browserType.launch: Executable doesn't exist at C:\Users\Angelo A. Dela Cruz\AppData\Local\ms-playwright\webkit-2203\Playwright.exe
    ╔═════════════════════════════════════════════════════════════════════════╗
    ║ Looks like Playwright Test or Playwright was just installed or updated. ║
    ║ Please run the following command to download new browsers:              ║
    ║                                                                         ║
    ║     npx playwright install                                              ║
    ║                                                                         ║
    ║ <3 Playwright Team                                                      ║
    ╚═════════════════════════════════════════════════════════════════════════╝
]]>
</failure>
</testcase>
<testcase name="User Search Functionality › should search for existing user" classname="user-search.test.ts" time="0.012">
<failure message="user-search.test.ts:27:3 should search for existing user" type="FAILURE">
<![CDATA[  [webkit] › user-search.test.ts:27:3 › User Search Functionality › should search for existing user 

    Error: browserType.launch: Executable doesn't exist at C:\Users\Angelo A. Dela Cruz\AppData\Local\ms-playwright\webkit-2203\Playwright.exe
    ╔═════════════════════════════════════════════════════════════════════════╗
    ║ Looks like Playwright Test or Playwright was just installed or updated. ║
    ║ Please run the following command to download new browsers:              ║
    ║                                                                         ║
    ║     npx playwright install                                              ║
    ║                                                                         ║
    ║ <3 Playwright Team                                                      ║
    ╚═════════════════════════════════════════════════════════════════════════╝
]]>
</failure>
</testcase>
<testcase name="User Search Functionality › should handle search with no results" classname="user-search.test.ts" time="0.012">
<failure message="user-search.test.ts:46:3 should handle search with no results" type="FAILURE">
<![CDATA[  [webkit] › user-search.test.ts:46:3 › User Search Functionality › should handle search with no results 

    Error: browserType.launch: Executable doesn't exist at C:\Users\Angelo A. Dela Cruz\AppData\Local\ms-playwright\webkit-2203\Playwright.exe
    ╔═════════════════════════════════════════════════════════════════════════╗
    ║ Looks like Playwright Test or Playwright was just installed or updated. ║
    ║ Please run the following command to download new browsers:              ║
    ║                                                                         ║
    ║     npx playwright install                                              ║
    ║                                                                         ║
    ║ <3 Playwright Team                                                      ║
    ╚═════════════════════════════════════════════════════════════════════════╝
]]>
</failure>
</testcase>
<testcase name="User Search Functionality › should handle partial search terms" classname="user-search.test.ts" time="0.009">
<failure message="user-search.test.ts:66:3 should handle partial search terms" type="FAILURE">
<![CDATA[  [webkit] › user-search.test.ts:66:3 › User Search Functionality › should handle partial search terms 

    Error: browserType.launch: Executable doesn't exist at C:\Users\Angelo A. Dela Cruz\AppData\Local\ms-playwright\webkit-2203\Playwright.exe
    ╔═════════════════════════════════════════════════════════════════════════╗
    ║ Looks like Playwright Test or Playwright was just installed or updated. ║
    ║ Please run the following command to download new browsers:              ║
    ║                                                                         ║
    ║     npx playwright install                                              ║
    ║                                                                         ║
    ║ <3 Playwright Team                                                      ║
    ╚═════════════════════════════════════════════════════════════════════════╝
]]>
</failure>
</testcase>
<testcase name="User Search Functionality › should handle special characters in search" classname="user-search.test.ts" time="0.011">
<failure message="user-search.test.ts:89:3 should handle special characters in search" type="FAILURE">
<![CDATA[  [webkit] › user-search.test.ts:89:3 › User Search Functionality › should handle special characters in search 

    Error: browserType.launch: Executable doesn't exist at C:\Users\Angelo A. Dela Cruz\AppData\Local\ms-playwright\webkit-2203\Playwright.exe
    ╔═════════════════════════════════════════════════════════════════════════╗
    ║ Looks like Playwright Test or Playwright was just installed or updated. ║
    ║ Please run the following command to download new browsers:              ║
    ║                                                                         ║
    ║     npx playwright install                                              ║
    ║                                                                         ║
    ║ <3 Playwright Team                                                      ║
    ╚═════════════════════════════════════════════════════════════════════════╝
]]>
</failure>
</testcase>
<testcase name="User Search Functionality › should handle case-insensitive search" classname="user-search.test.ts" time="0.016">
<failure message="user-search.test.ts:110:3 should handle case-insensitive search" type="FAILURE">
<![CDATA[  [webkit] › user-search.test.ts:110:3 › User Search Functionality › should handle case-insensitive search 

    Error: browserType.launch: Executable doesn't exist at C:\Users\Angelo A. Dela Cruz\AppData\Local\ms-playwright\webkit-2203\Playwright.exe
    ╔═════════════════════════════════════════════════════════════════════════╗
    ║ Looks like Playwright Test or Playwright was just installed or updated. ║
    ║ Please run the following command to download new browsers:              ║
    ║                                                                         ║
    ║     npx playwright install                                              ║
    ║                                                                         ║
    ║ <3 Playwright Team                                                      ║
    ╚═════════════════════════════════════════════════════════════════════════╝
]]>
</failure>
</testcase>
<testcase name="User Search Functionality › should update search via input field if available" classname="user-search.test.ts" time="0.009">
<failure message="user-search.test.ts:125:3 should update search via input field if available" type="FAILURE">
<![CDATA[  [webkit] › user-search.test.ts:125:3 › User Search Functionality › should update search via input field if available 

    Error: browserType.launch: Executable doesn't exist at C:\Users\Angelo A. Dela Cruz\AppData\Local\ms-playwright\webkit-2203\Playwright.exe
    ╔═════════════════════════════════════════════════════════════════════════╗
    ║ Looks like Playwright Test or Playwright was just installed or updated. ║
    ║ Please run the following command to download new browsers:              ║
    ║                                                                         ║
    ║     npx playwright install                                              ║
    ║                                                                         ║
    ║ <3 Playwright Team                                                      ║
    ╚═════════════════════════════════════════════════════════════════════════╝
]]>
</failure>
</testcase>
<testcase name="User Search Functionality › should handle empty search parameter" classname="user-search.test.ts" time="0.009">
<failure message="user-search.test.ts:156:3 should handle empty search parameter" type="FAILURE">
<![CDATA[  [webkit] › user-search.test.ts:156:3 › User Search Functionality › should handle empty search parameter 

    Error: browserType.launch: Executable doesn't exist at C:\Users\Angelo A. Dela Cruz\AppData\Local\ms-playwright\webkit-2203\Playwright.exe
    ╔═════════════════════════════════════════════════════════════════════════╗
    ║ Looks like Playwright Test or Playwright was just installed or updated. ║
    ║ Please run the following command to download new browsers:              ║
    ║                                                                         ║
    ║     npx playwright install                                              ║
    ║                                                                         ║
    ║ <3 Playwright Team                                                      ║
    ╚═════════════════════════════════════════════════════════════════════════╝
]]>
</failure>
</testcase>
<testcase name="User Search Functionality › should preserve search across navigation" classname="user-search.test.ts" time="0.011">
<failure message="user-search.test.ts:172:3 should preserve search across navigation" type="FAILURE">
<![CDATA[  [webkit] › user-search.test.ts:172:3 › User Search Functionality › should preserve search across navigation 

    Error: browserType.launch: Executable doesn't exist at C:\Users\Angelo A. Dela Cruz\AppData\Local\ms-playwright\webkit-2203\Playwright.exe
    ╔═════════════════════════════════════════════════════════════════════════╗
    ║ Looks like Playwright Test or Playwright was just installed or updated. ║
    ║ Please run the following command to download new browsers:              ║
    ║                                                                         ║
    ║     npx playwright install                                              ║
    ║                                                                         ║
    ║ <3 Playwright Team                                                      ║
    ╚═════════════════════════════════════════════════════════════════════════╝
]]>
</failure>
</testcase>
<testcase name="User Search Functionality › should handle multiple search parameters" classname="user-search.test.ts" time="0.014">
<failure message="user-search.test.ts:202:3 should handle multiple search parameters" type="FAILURE">
<![CDATA[  [webkit] › user-search.test.ts:202:3 › User Search Functionality › should handle multiple search parameters 

    Error: browserType.launch: Executable doesn't exist at C:\Users\Angelo A. Dela Cruz\AppData\Local\ms-playwright\webkit-2203\Playwright.exe
    ╔═════════════════════════════════════════════════════════════════════════╗
    ║ Looks like Playwright Test or Playwright was just installed or updated. ║
    ║ Please run the following command to download new browsers:              ║
    ║                                                                         ║
    ║     npx playwright install                                              ║
    ║                                                                         ║
    ║ <3 Playwright Team                                                      ║
    ╚═════════════════════════════════════════════════════════════════════════╝
]]>
</failure>
</testcase>
<testcase name="User Search Functionality › should handle very long search queries" classname="user-search.test.ts" time="0.012">
<failure message="user-search.test.ts:219:3 should handle very long search queries" type="FAILURE">
<![CDATA[  [webkit] › user-search.test.ts:219:3 › User Search Functionality › should handle very long search queries 

    Error: browserType.launch: Executable doesn't exist at C:\Users\Angelo A. Dela Cruz\AppData\Local\ms-playwright\webkit-2203\Playwright.exe
    ╔═════════════════════════════════════════════════════════════════════════╗
    ║ Looks like Playwright Test or Playwright was just installed or updated. ║
    ║ Please run the following command to download new browsers:              ║
    ║                                                                         ║
    ║     npx playwright install                                              ║
    ║                                                                         ║
    ║ <3 Playwright Team                                                      ║
    ╚═════════════════════════════════════════════════════════════════════════╝
]]>
</failure>
</testcase>
<testcase name="User Search Functionality › should search from homepage if search is available" classname="user-search.test.ts" time="0.013">
<failure message="user-search.test.ts:241:3 should search from homepage if search is available" type="FAILURE">
<![CDATA[  [webkit] › user-search.test.ts:241:3 › User Search Functionality › should search from homepage if search is available 

    Error: browserType.launch: Executable doesn't exist at C:\Users\Angelo A. Dela Cruz\AppData\Local\ms-playwright\webkit-2203\Playwright.exe
    ╔═════════════════════════════════════════════════════════════════════════╗
    ║ Looks like Playwright Test or Playwright was just installed or updated. ║
    ║ Please run the following command to download new browsers:              ║
    ║                                                                         ║
    ║     npx playwright install                                              ║
    ║                                                                         ║
    ║ <3 Playwright Team                                                      ║
    ╚═════════════════════════════════════════════════════════════════════════╝
]]>
</failure>
</testcase>
</testsuite>
<testsuite name="auth.test.ts" timestamp="2025-09-10T03:45:18.181Z" hostname="Mobile Chrome" tests="6" failures="1" skipped="0" time="67.31" errors="0">
<testcase name="Authentication › should successfully login with valid credentials" classname="auth.test.ts" time="11.754">
</testcase>
<testcase name="Authentication › should show error with invalid credentials" classname="auth.test.ts" time="7.619">
</testcase>
<testcase name="Authentication › should successfully logout" classname="auth.test.ts" time="14.766">
<failure message="auth.test.ts:50:3 should successfully logout" type="FAILURE">
<![CDATA[  [Mobile Chrome] › auth.test.ts:50:3 › Authentication › should successfully logout ────────────────

    Error: expect(received).toBe(expected) // Object.is equality

    Expected: true
    Received: false

      70 |     await page.waitForTimeout(1000)
      71 |     const url = page.url()
    > 72 |     expect(url.includes('/login') || url === 'http://localhost:3000/').toBe(true)
         |                                                                        ^
      73 |   })
      74 |
      75 |   test('should allow access to public notes without login', async ({ page }) => {
        at C:\Users\Angelo A. Dela Cruz\Desktop\Week 4\epic-stack-main-Copy\tests\playwright-parallel\specs\auth.test.ts:72:72

    attachment #1: screenshot (image/png) ──────────────────────────────────────────────────────────
    ..\..\..\test-results\auth-Authentication-should-successfully-logout-Mobile-Chrome\test-failed-1.png
    ────────────────────────────────────────────────────────────────────────────────────────────────

    attachment #2: video (video/webm) ──────────────────────────────────────────────────────────────
    ..\..\..\test-results\auth-Authentication-should-successfully-logout-Mobile-Chrome\video.webm
    ────────────────────────────────────────────────────────────────────────────────────────────────

    Error Context: ..\..\..\test-results\auth-Authentication-should-successfully-logout-Mobile-Chrome\error-context.md
]]>
</failure>
<system-out>
<![CDATA[
[[ATTACHMENT|..\..\..\test-results\auth-Authentication-should-successfully-logout-Mobile-Chrome\test-failed-1.png]]

[[ATTACHMENT|..\..\..\test-results\auth-Authentication-should-successfully-logout-Mobile-Chrome\video.webm]]

[[ATTACHMENT|..\..\..\test-results\auth-Authentication-should-successfully-logout-Mobile-Chrome\error-context.md]]
]]>
</system-out>
</testcase>
<testcase name="Authentication › should allow access to public notes without login" classname="auth.test.ts" time="5.562">
</testcase>
<testcase name="Authentication › should persist login state across page navigation" classname="auth.test.ts" time="18.122">
</testcase>
<testcase name="Authentication › should handle login form validation" classname="auth.test.ts" time="9.487">
</testcase>
</testsuite>
<testsuite name="notes-comprehensive.test.ts" timestamp="2025-09-10T03:45:18.181Z" hostname="Mobile Chrome" tests="10" failures="4" skipped="0" time="179.459" errors="0">
<testcase name="Notes Management - Comprehensive › should display notes list page" classname="notes-comprehensive.test.ts" time="13.201">
<system-out>
<![CDATA[✅ Notes list page displayed correctly
]]>
</system-out>
</testcase>
<testcase name="Notes Management - Comprehensive › should create a new note" classname="notes-comprehensive.test.ts" time="16.886">
<system-out>
<![CDATA[✅ Note created successfully
]]>
</system-out>
</testcase>
<testcase name="Notes Management - Comprehensive › should view note details" classname="notes-comprehensive.test.ts" time="14.889">
<system-out>
<![CDATA[✅ Note details viewed successfully
]]>
</system-out>
</testcase>
<testcase name="Notes Management - Comprehensive › should edit an existing note" classname="notes-comprehensive.test.ts" time="26.571">
<failure message="notes-comprehensive.test.ts:112:3 should edit an existing note" type="FAILURE">
<![CDATA[  [Mobile Chrome] › notes-comprehensive.test.ts:112:3 › Notes Management - Comprehensive › should edit an existing note 

    TimeoutError: page.click: Timeout 10000ms exceeded.
    Call log:
      - waiting for locator('button[type="submit"]')
        - locator resolved to 5 elements. Proceeding with the first one: <button type="submit" data-slot="button" data-rrdt-source="/app/components/search-bar.tsx:52:4" class="ring-ring ring-offset-background rounded-md text-sm font-medium ring-offset-2 outline-hidden transition-colors focus-within:ring-2 focus-visible:ring-2 disabled:pointer-events-none disabled:opacity-50 bg-primary text-primary-foreground hover:bg-primary/80 h-10 px-4 py-2 gap-4 flex w-full items-center justify-center">…</button>
      - attempting click action
        2 × waiting for element to be visible, enabled and stable
          - element is not visible
        - retrying click action
        - waiting 20ms
        2 × waiting for element to be visible, enabled and stable
          - element is not visible
        - retrying click action
          - waiting 100ms
        18 × waiting for element to be visible, enabled and stable
           - element is not visible
         - retrying click action
           - waiting 500ms


      120 |     await page.fill('input[name="title"]', originalTitle)
      121 |     await page.fill('textarea[name="content"]', originalContent)
    > 122 |     await page.click('button[type="submit"]')
          |                ^
      123 |     
      124 |     // Wait for save
      125 |     await page.waitForURL(url => !url.pathname.includes('/new'), { timeout: 10000 }).catch(() => {})
        at C:\Users\Angelo A. Dela Cruz\Desktop\Week 4\epic-stack-main-Copy\tests\playwright-parallel\specs\notes-comprehensive.test.ts:122:16

    attachment #1: screenshot (image/png) ──────────────────────────────────────────────────────────
    ..\..\..\test-results\notes-comprehensive-Notes--a0c1c-hould-edit-an-existing-note-Mobile-Chrome\test-failed-1.png
    ────────────────────────────────────────────────────────────────────────────────────────────────

    attachment #2: video (video/webm) ──────────────────────────────────────────────────────────────
    ..\..\..\test-results\notes-comprehensive-Notes--a0c1c-hould-edit-an-existing-note-Mobile-Chrome\video.webm
    ────────────────────────────────────────────────────────────────────────────────────────────────

    Error Context: ..\..\..\test-results\notes-comprehensive-Notes--a0c1c-hould-edit-an-existing-note-Mobile-Chrome\error-context.md
]]>
</failure>
<system-out>
<![CDATA[
[[ATTACHMENT|..\..\..\test-results\notes-comprehensive-Notes--a0c1c-hould-edit-an-existing-note-Mobile-Chrome\test-failed-1.png]]

[[ATTACHMENT|..\..\..\test-results\notes-comprehensive-Notes--a0c1c-hould-edit-an-existing-note-Mobile-Chrome\video.webm]]

[[ATTACHMENT|..\..\..\test-results\notes-comprehensive-Notes--a0c1c-hould-edit-an-existing-note-Mobile-Chrome\error-context.md]]
]]>
</system-out>
</testcase>
<testcase name="Notes Management - Comprehensive › should delete a note" classname="notes-comprehensive.test.ts" time="25.362">
<failure message="notes-comprehensive.test.ts:155:3 should delete a note" type="FAILURE">
<![CDATA[  [Mobile Chrome] › notes-comprehensive.test.ts:155:3 › Notes Management - Comprehensive › should delete a note 

    TimeoutError: page.click: Timeout 10000ms exceeded.
    Call log:
      - waiting for locator('button[type="submit"]')
        - locator resolved to 5 elements. Proceeding with the first one: <button type="submit" data-slot="button" data-rrdt-source="/app/components/search-bar.tsx:52:4" class="ring-ring ring-offset-background rounded-md text-sm font-medium ring-offset-2 outline-hidden transition-colors focus-within:ring-2 focus-visible:ring-2 disabled:pointer-events-none disabled:opacity-50 bg-primary text-primary-foreground hover:bg-primary/80 h-10 px-4 py-2 gap-4 flex w-full items-center justify-center">…</button>
      - attempting click action
        2 × waiting for element to be visible, enabled and stable
          - element is not visible
        - retrying click action
        - waiting 20ms
        2 × waiting for element to be visible, enabled and stable
          - element is not visible
        - retrying click action
          - waiting 100ms
        18 × waiting for element to be visible, enabled and stable
           - element is not visible
         - retrying click action
           - waiting 500ms


      162 |     await page.fill('input[name="title"]', noteTitle)
      163 |     await page.fill('textarea[name="content"]', 'This note will be deleted')
    > 164 |     await page.click('button[type="submit"]')
          |                ^
      165 |     
      166 |     // Wait for save
      167 |     await page.waitForURL(url => !url.pathname.includes('/new'), { timeout: 10000 }).catch(() => {})
        at C:\Users\Angelo A. Dela Cruz\Desktop\Week 4\epic-stack-main-Copy\tests\playwright-parallel\specs\notes-comprehensive.test.ts:164:16

    attachment #1: screenshot (image/png) ──────────────────────────────────────────────────────────
    ..\..\..\test-results\notes-comprehensive-Notes--cbfe5-ensive-should-delete-a-note-Mobile-Chrome\test-failed-1.png
    ────────────────────────────────────────────────────────────────────────────────────────────────

    attachment #2: video (video/webm) ──────────────────────────────────────────────────────────────
    ..\..\..\test-results\notes-comprehensive-Notes--cbfe5-ensive-should-delete-a-note-Mobile-Chrome\video.webm
    ────────────────────────────────────────────────────────────────────────────────────────────────

    Error Context: ..\..\..\test-results\notes-comprehensive-Notes--cbfe5-ensive-should-delete-a-note-Mobile-Chrome\error-context.md
]]>
</failure>
<system-out>
<![CDATA[
[[ATTACHMENT|..\..\..\test-results\notes-comprehensive-Notes--cbfe5-ensive-should-delete-a-note-Mobile-Chrome\test-failed-1.png]]

[[ATTACHMENT|..\..\..\test-results\notes-comprehensive-Notes--cbfe5-ensive-should-delete-a-note-Mobile-Chrome\video.webm]]

[[ATTACHMENT|..\..\..\test-results\notes-comprehensive-Notes--cbfe5-ensive-should-delete-a-note-Mobile-Chrome\error-context.md]]
]]>
</system-out>
</testcase>
<testcase name="Notes Management - Comprehensive › should handle multiple notes" classname="notes-comprehensive.test.ts" time="19.266">
<failure message="notes-comprehensive.test.ts:190:3 should handle multiple notes" type="FAILURE">
<![CDATA[  [Mobile Chrome] › notes-comprehensive.test.ts:190:3 › Notes Management - Comprehensive › should handle multiple notes 

    TimeoutError: page.click: Timeout 10000ms exceeded.
    Call log:
      - waiting for locator('button[type="submit"]')
        - locator resolved to 5 elements. Proceeding with the first one: <button type="submit" data-slot="button" data-rrdt-source="/app/components/search-bar.tsx:52:4" class="ring-ring ring-offset-background rounded-md text-sm font-medium ring-offset-2 outline-hidden transition-colors focus-within:ring-2 focus-visible:ring-2 disabled:pointer-events-none disabled:opacity-50 bg-primary text-primary-foreground hover:bg-primary/80 h-10 px-4 py-2 gap-4 flex w-full items-center justify-center">…</button>
      - attempting click action
        2 × waiting for element to be visible, enabled and stable
          - element is not visible
        - retrying click action
        - waiting 20ms
        2 × waiting for element to be visible, enabled and stable
          - element is not visible
        - retrying click action
          - waiting 100ms
        18 × waiting for element to be visible, enabled and stable
           - element is not visible
         - retrying click action
           - waiting 500ms


      205 |       await page.fill('input[name="title"]', title)
      206 |       await page.fill('textarea[name="content"]', `Content for note ${i}`)
    > 207 |       await page.click('button[type="submit"]')
          |                  ^
      208 |       
      209 |       createdNotes.push(title)
      210 |       
        at C:\Users\Angelo A. Dela Cruz\Desktop\Week 4\epic-stack-main-Copy\tests\playwright-parallel\specs\notes-comprehensive.test.ts:207:18

    attachment #1: screenshot (image/png) ──────────────────────────────────────────────────────────
    ..\..\..\test-results\notes-comprehensive-Notes--d6091-hould-handle-multiple-notes-Mobile-Chrome\test-failed-1.png
    ────────────────────────────────────────────────────────────────────────────────────────────────

    attachment #2: video (video/webm) ──────────────────────────────────────────────────────────────
    ..\..\..\test-results\notes-comprehensive-Notes--d6091-hould-handle-multiple-notes-Mobile-Chrome\video.webm
    ────────────────────────────────────────────────────────────────────────────────────────────────

    Error Context: ..\..\..\test-results\notes-comprehensive-Notes--d6091-hould-handle-multiple-notes-Mobile-Chrome\error-context.md
]]>
</failure>
<system-out>
<![CDATA[
[[ATTACHMENT|..\..\..\test-results\notes-comprehensive-Notes--d6091-hould-handle-multiple-notes-Mobile-Chrome\test-failed-1.png]]

[[ATTACHMENT|..\..\..\test-results\notes-comprehensive-Notes--d6091-hould-handle-multiple-notes-Mobile-Chrome\video.webm]]

[[ATTACHMENT|..\..\..\test-results\notes-comprehensive-Notes--d6091-hould-handle-multiple-notes-Mobile-Chrome\error-context.md]]
]]>
</system-out>
</testcase>
<testcase name="Notes Management - Comprehensive › should validate note form" classname="notes-comprehensive.test.ts" time="8.085">
<system-out>
<![CDATA[✅ Form validation works correctly
]]>
</system-out>
</testcase>
<testcase name="Notes Management - Comprehensive › should search/filter notes" classname="notes-comprehensive.test.ts" time="2.416">
<system-out>
<![CDATA[ℹ️ Search functionality not available
]]>
</system-out>
</testcase>
<testcase name="Notes Management - Comprehensive › should handle note permissions" classname="notes-comprehensive.test.ts" time="20.193">
<system-out>
<![CDATA[✅ Note permissions: { canCreate: [33mtrue[39m, canEdit: [33mfalse[39m, canDelete: [33mfalse[39m }
]]>
</system-out>
</testcase>
<testcase name="Notes Management - Comprehensive › should handle long note content" classname="notes-comprehensive.test.ts" time="32.59">
<failure message="notes-comprehensive.test.ts:306:3 should handle long note content" type="FAILURE">
<![CDATA[  [Mobile Chrome] › notes-comprehensive.test.ts:306:3 › Notes Management - Comprehensive › should handle long note content 

    TimeoutError: page.click: Timeout 10000ms exceeded.
    Call log:
      - waiting for locator('button[type="submit"]')
        - locator resolved to 5 elements. Proceeding with the first one: <button type="submit" data-slot="button" data-rrdt-source="/app/components/search-bar.tsx:52:4" class="ring-ring ring-offset-background rounded-md text-sm font-medium ring-offset-2 outline-hidden transition-colors focus-within:ring-2 focus-visible:ring-2 disabled:pointer-events-none disabled:opacity-50 bg-primary text-primary-foreground hover:bg-primary/80 h-10 px-4 py-2 gap-4 flex w-full items-center justify-center">…</button>
      - attempting click action
        2 × waiting for element to be visible, enabled and stable
          - element is not visible
        - retrying click action
        - waiting 20ms
        2 × waiting for element to be visible, enabled and stable
          - element is not visible
        - retrying click action
          - waiting 100ms
        17 × waiting for element to be visible, enabled and stable
           - element is not visible
         - retrying click action
           - waiting 500ms
        - waiting for element to be visible, enabled and stable


      316 |     
      317 |     // Submit
    > 318 |     await page.click('button[type="submit"]')
          |                ^
      319 |     
      320 |     // Wait for save
      321 |     await page.waitForTimeout(2000)
        at C:\Users\Angelo A. Dela Cruz\Desktop\Week 4\epic-stack-main-Copy\tests\playwright-parallel\specs\notes-comprehensive.test.ts:318:16

    attachment #1: screenshot (image/png) ──────────────────────────────────────────────────────────
    ..\..\..\test-results\notes-comprehensive-Notes--acdae-ld-handle-long-note-content-Mobile-Chrome\test-failed-1.png
    ────────────────────────────────────────────────────────────────────────────────────────────────

    attachment #2: video (video/webm) ──────────────────────────────────────────────────────────────
    ..\..\..\test-results\notes-comprehensive-Notes--acdae-ld-handle-long-note-content-Mobile-Chrome\video.webm
    ────────────────────────────────────────────────────────────────────────────────────────────────

    Error Context: ..\..\..\test-results\notes-comprehensive-Notes--acdae-ld-handle-long-note-content-Mobile-Chrome\error-context.md
]]>
</failure>
<system-out>
<![CDATA[
[[ATTACHMENT|..\..\..\test-results\notes-comprehensive-Notes--acdae-ld-handle-long-note-content-Mobile-Chrome\test-failed-1.png]]

[[ATTACHMENT|..\..\..\test-results\notes-comprehensive-Notes--acdae-ld-handle-long-note-content-Mobile-Chrome\video.webm]]

[[ATTACHMENT|..\..\..\test-results\notes-comprehensive-Notes--acdae-ld-handle-long-note-content-Mobile-Chrome\error-context.md]]
]]>
</system-out>
</testcase>
</testsuite>
<testsuite name="notes-debug.test.ts" timestamp="2025-09-10T03:45:18.181Z" hostname="Mobile Chrome" tests="1" failures="0" skipped="0" time="28.182" errors="0">
<testcase name="Notes Debug › debug note creation" classname="notes-debug.test.ts" time="28.182">
<system-out>
<![CDATA[On notes page: http://localhost:3000/users/kody/notes
On new note page: http://localhost:3000/users/kody/notes/new
Found inputs: [33m1[39m
Found textareas: [33m2[39m
Found title input with selector: input[name="title"]
Found content textarea with selector: textarea[name="content"]
After submit URL: http://localhost:3000/users/kody/notes/new
Page contains "Test Note Title": [33mfalse[39m
]]>
</system-out>
</testcase>
</testsuite>
<testsuite name="notes-simple.test.ts" timestamp="2025-09-10T03:45:18.181Z" hostname="Mobile Chrome" tests="6" failures="1" skipped="0" time="67.827" errors="0">
<testcase name="Notes Tests - Simple › can view public notes without login" classname="notes-simple.test.ts" time="8.481">
</testcase>
<testcase name="Notes Tests - Simple › can view individual note" classname="notes-simple.test.ts" time="12.094">
</testcase>
<testcase name="Notes Tests - Simple › requires login to create notes" classname="notes-simple.test.ts" time="7.577">
</testcase>
<testcase name="Notes Tests - Simple › can access note creation when logged in" classname="notes-simple.test.ts" time="12.689">
</testcase>
<testcase name="Notes Tests - Simple › validates note creation form" classname="notes-simple.test.ts" time="22.061">
<failure message="notes-simple.test.ts:85:3 validates note creation form" type="FAILURE">
<![CDATA[  [Mobile Chrome] › notes-simple.test.ts:85:3 › Notes Tests - Simple › validates note creation form 

    TimeoutError: page.click: Timeout 10000ms exceeded.
    Call log:
      - waiting for locator('button[type="submit"]')
        - locator resolved to 5 elements. Proceeding with the first one: <button type="submit" data-slot="button" data-rrdt-source="/app/components/search-bar.tsx:52:4" class="ring-ring ring-offset-background rounded-md text-sm font-medium ring-offset-2 outline-hidden transition-colors focus-within:ring-2 focus-visible:ring-2 disabled:pointer-events-none disabled:opacity-50 bg-primary text-primary-foreground hover:bg-primary/80 h-10 px-4 py-2 gap-4 flex w-full items-center justify-center">…</button>
      - attempting click action
        2 × waiting for element to be visible, enabled and stable
          - element is not visible
        - retrying click action
        - waiting 20ms
        2 × waiting for element to be visible, enabled and stable
          - element is not visible
        - retrying click action
          - waiting 100ms
        16 × waiting for element to be visible, enabled and stable
           - element is not visible
         - retrying click action
           - waiting 500ms


      90 |     
      91 |     // Try to submit empty form
    > 92 |     await page.click('button[type="submit"]')
         |                ^
      93 |     
      94 |     // Check for validation
      95 |     const titleInput = page.locator('input[name="title"]')
        at C:\Users\Angelo A. Dela Cruz\Desktop\Week 4\epic-stack-main-Copy\tests\playwright-parallel\specs\notes-simple.test.ts:92:16

    attachment #1: screenshot (image/png) ──────────────────────────────────────────────────────────
    ..\..\..\test-results\notes-simple-Notes-Tests---049b2-alidates-note-creation-form-Mobile-Chrome\test-failed-1.png
    ────────────────────────────────────────────────────────────────────────────────────────────────

    attachment #2: video (video/webm) ──────────────────────────────────────────────────────────────
    ..\..\..\test-results\notes-simple-Notes-Tests---049b2-alidates-note-creation-form-Mobile-Chrome\video.webm
    ────────────────────────────────────────────────────────────────────────────────────────────────

    Error Context: ..\..\..\test-results\notes-simple-Notes-Tests---049b2-alidates-note-creation-form-Mobile-Chrome\error-context.md
]]>
</failure>
<system-out>
<![CDATA[
[[ATTACHMENT|..\..\..\test-results\notes-simple-Notes-Tests---049b2-alidates-note-creation-form-Mobile-Chrome\test-failed-1.png]]

[[ATTACHMENT|..\..\..\test-results\notes-simple-Notes-Tests---049b2-alidates-note-creation-form-Mobile-Chrome\video.webm]]

[[ATTACHMENT|..\..\..\test-results\notes-simple-Notes-Tests---049b2-alidates-note-creation-form-Mobile-Chrome\error-context.md]]
]]>
</system-out>
</testcase>
<testcase name="Notes Tests - Simple › can search notes" classname="notes-simple.test.ts" time="4.925">
</testcase>
</testsuite>
<testsuite name="notes.test.ts" timestamp="2025-09-10T03:45:18.181Z" hostname="Mobile Chrome" tests="6" failures="2" skipped="1" time="105.394" errors="0">
<testcase name="Notes Management › should allow users to create notes" classname="notes.test.ts" time="14.276">
</testcase>
<testcase name="Notes Management › should allow users to edit notes" classname="notes.test.ts" time="21.576">
</testcase>
<testcase name="Notes Management › should allow users to delete notes" classname="notes.test.ts" time="17.442">
<failure message="notes.test.ts:66:1 should allow users to delete notes" type="FAILURE">
<![CDATA[  [Mobile Chrome] › notes.test.ts:66:1 › Notes Management › should allow users to delete notes ─────

    Error: expect(locator).toHaveCount(expected) failed

    Locator:  locator('a:has-text("Note to Delete")')
    Expected: 1
    Received: 0
    Timeout:  5000ms

    Call log:
      - Expect "toHaveCount" with timeout 5000ms
      - waiting for locator('a:has-text("Note to Delete")')
        8 × locator resolved to 0 elements
          - unexpected value "0"


      71 |   // Ensure the note exists before deleting
      72 |   const note = page.locator('a:has-text("Note to Delete")');
    > 73 |   await expect(note).toHaveCount(1);
         |                      ^
      74 |
      75 |   // Click the note to go to its page
      76 |   await note.click();
        at C:\Users\Angelo A. Dela Cruz\Desktop\Week 4\epic-stack-main-Copy\tests\playwright-parallel\specs\notes.test.ts:73:22

    attachment #1: screenshot (image/png) ──────────────────────────────────────────────────────────
    ..\..\..\test-results\notes-Notes-Management-should-allow-users-to-delete-notes-Mobile-Chrome\test-failed-1.png
    ────────────────────────────────────────────────────────────────────────────────────────────────

    attachment #2: video (video/webm) ──────────────────────────────────────────────────────────────
    ..\..\..\test-results\notes-Notes-Management-should-allow-users-to-delete-notes-Mobile-Chrome\video.webm
    ────────────────────────────────────────────────────────────────────────────────────────────────

    Error Context: ..\..\..\test-results\notes-Notes-Management-should-allow-users-to-delete-notes-Mobile-Chrome\error-context.md
]]>
</failure>
<system-out>
<![CDATA[
[[ATTACHMENT|..\..\..\test-results\notes-Notes-Management-should-allow-users-to-delete-notes-Mobile-Chrome\test-failed-1.png]]

[[ATTACHMENT|..\..\..\test-results\notes-Notes-Management-should-allow-users-to-delete-notes-Mobile-Chrome\video.webm]]

[[ATTACHMENT|..\..\..\test-results\notes-Notes-Management-should-allow-users-to-delete-notes-Mobile-Chrome\error-context.md]]
]]>
</system-out>
</testcase>
<testcase name="Notes Management › should validate required fields when creating a note" classname="notes.test.ts" time="22.672">
<failure message="notes.test.ts:89:3 should validate required fields when creating a note" type="FAILURE">
<![CDATA[  [Mobile Chrome] › notes.test.ts:89:3 › Notes Management › should validate required fields when creating a note 

    TimeoutError: page.click: Timeout 10000ms exceeded.
    Call log:
      - waiting for locator('button[type="submit"]')
        - locator resolved to 5 elements. Proceeding with the first one: <button type="submit" data-slot="button" data-rrdt-source="/app/components/search-bar.tsx:52:4" class="ring-ring ring-offset-background rounded-md text-sm font-medium ring-offset-2 outline-hidden transition-colors focus-within:ring-2 focus-visible:ring-2 disabled:pointer-events-none disabled:opacity-50 bg-primary text-primary-foreground hover:bg-primary/80 h-10 px-4 py-2 gap-4 flex w-full items-center justify-center">…</button>
      - attempting click action
        2 × waiting for element to be visible, enabled and stable
          - element is not visible
        - retrying click action
        - waiting 20ms
        2 × waiting for element to be visible, enabled and stable
          - element is not visible
        - retrying click action
          - waiting 100ms
        17 × waiting for element to be visible, enabled and stable
           - element is not visible
         - retrying click action
           - waiting 500ms


      94 |     
      95 |     // Try to submit without filling fields
    > 96 |     await page.click('button[type="submit"]')
         |                ^
      97 |     
      98 |     // Check for validation
      99 |     const titleInput = page.locator('input[name="title"]')
        at C:\Users\Angelo A. Dela Cruz\Desktop\Week 4\epic-stack-main-Copy\tests\playwright-parallel\specs\notes.test.ts:96:16

    attachment #1: screenshot (image/png) ──────────────────────────────────────────────────────────
    ..\..\..\test-results\notes-Notes-Management-sho-4d5a4-fields-when-creating-a-note-Mobile-Chrome\test-failed-1.png
    ────────────────────────────────────────────────────────────────────────────────────────────────

    attachment #2: video (video/webm) ──────────────────────────────────────────────────────────────
    ..\..\..\test-results\notes-Notes-Management-sho-4d5a4-fields-when-creating-a-note-Mobile-Chrome\video.webm
    ────────────────────────────────────────────────────────────────────────────────────────────────

    Error Context: ..\..\..\test-results\notes-Notes-Management-sho-4d5a4-fields-when-creating-a-note-Mobile-Chrome\error-context.md
]]>
</failure>
<system-out>
<![CDATA[
[[ATTACHMENT|..\..\..\test-results\notes-Notes-Management-sho-4d5a4-fields-when-creating-a-note-Mobile-Chrome\test-failed-1.png]]

[[ATTACHMENT|..\..\..\test-results\notes-Notes-Management-sho-4d5a4-fields-when-creating-a-note-Mobile-Chrome\video.webm]]

[[ATTACHMENT|..\..\..\test-results\notes-Notes-Management-sho-4d5a4-fields-when-creating-a-note-Mobile-Chrome\error-context.md]]
]]>
</system-out>
</testcase>
<testcase name="Notes Management › should search and filter notes" classname="notes.test.ts" time="14.476">
<properties>
<property name="skip" value="">
</property>
</properties>
<skipped>
</skipped>
</testcase>
<testcase name="Notes Management › should handle long note content gracefully" classname="notes.test.ts" time="14.952">
</testcase>
</testsuite>
<testsuite name="projects-fixed.test.ts" timestamp="2025-09-10T03:45:18.181Z" hostname="Mobile Chrome" tests="5" failures="0" skipped="0" time="58.576" errors="0">
<testcase name="Projects Management - Fixed › should access projects page when authenticated" classname="projects-fixed.test.ts" time="12.263">
<system-out>
<![CDATA[✅ Projects page accessible
]]>
</system-out>
</testcase>
<testcase name="Projects Management - Fixed › should redirect to login when not authenticated" classname="projects-fixed.test.ts" time="13.342">
<system-out>
<![CDATA[✅ Authentication required for projects
]]>
</system-out>
</testcase>
<testcase name="Projects Management - Fixed › should handle project creation form" classname="projects-fixed.test.ts" time="11.105">
</testcase>
<testcase name="Projects Management - Fixed › should display project list or empty state" classname="projects-fixed.test.ts" time="10.6">
<system-out>
<![CDATA[✅ Projects page displays content correctly
]]>
</system-out>
</testcase>
<testcase name="Projects Management - Fixed › should have search functionality" classname="projects-fixed.test.ts" time="11.266">
<system-out>
<![CDATA[ℹ️ Search not implemented
]]>
</system-out>
</testcase>
</testsuite>
<testsuite name="projects-simple.test.ts" timestamp="2025-09-10T03:45:18.181Z" hostname="Mobile Chrome" tests="8" failures="2" skipped="0" time="97.535" errors="0">
<testcase name="Projects Tests - Simple › requires authentication to access projects" classname="projects-simple.test.ts" time="4.863">
</testcase>
<testcase name="Projects Tests - Simple › allows logged in users to view projects page" classname="projects-simple.test.ts" time="13.714">
</testcase>
<testcase name="Projects Tests - Simple › shows project form fields" classname="projects-simple.test.ts" time="19.705">
<failure message="projects-simple.test.ts:32:3 shows project form fields" type="FAILURE">
<![CDATA[  [Mobile Chrome] › projects-simple.test.ts:32:3 › Projects Tests - Simple › shows project form fields 

    Error: expect(locator).toBeVisible() failed

    Locator:  locator('button[type="submit"]').first()
    Expected: visible
    Received: hidden
    Timeout:  5000ms

    Call log:
      - Expect "toBeVisible" with timeout 5000ms
      - waiting for locator('button[type="submit"]').first()
        8 × locator resolved to <button type="submit" data-slot="button" data-rrdt-source="/app/components/search-bar.tsx:52:4" class="ring-ring ring-offset-background rounded-md text-sm font-medium ring-offset-2 outline-hidden transition-colors focus-within:ring-2 focus-visible:ring-2 disabled:pointer-events-none disabled:opacity-50 bg-primary text-primary-foreground hover:bg-primary/80 h-10 px-4 py-2 gap-4 flex w-full items-center justify-center">…</button>
          - unexpected value "hidden"


      43 |     // Check for submit button
      44 |     const submitButton = page.locator('button[type="submit"]').first()
    > 45 |     await expect(submitButton).toBeVisible()
         |                                ^
      46 |   })
      47 |
      48 |   test('validates required fields', async ({ authenticatedPage }) => {
        at C:\Users\Angelo A. Dela Cruz\Desktop\Week 4\epic-stack-main-Copy\tests\playwright-parallel\specs\projects-simple.test.ts:45:32

    attachment #1: screenshot (image/png) ──────────────────────────────────────────────────────────
    ..\..\..\test-results\projects-simple-Projects-T-ff60b-e-shows-project-form-fields-Mobile-Chrome\test-failed-1.png
    ────────────────────────────────────────────────────────────────────────────────────────────────

    attachment #2: video (video/webm) ──────────────────────────────────────────────────────────────
    ..\..\..\test-results\projects-simple-Projects-T-ff60b-e-shows-project-form-fields-Mobile-Chrome\video.webm
    ────────────────────────────────────────────────────────────────────────────────────────────────

    Error Context: ..\..\..\test-results\projects-simple-Projects-T-ff60b-e-shows-project-form-fields-Mobile-Chrome\error-context.md
]]>
</failure>
<system-out>
<![CDATA[
[[ATTACHMENT|..\..\..\test-results\projects-simple-Projects-T-ff60b-e-shows-project-form-fields-Mobile-Chrome\test-failed-1.png]]

[[ATTACHMENT|..\..\..\test-results\projects-simple-Projects-T-ff60b-e-shows-project-form-fields-Mobile-Chrome\video.webm]]

[[ATTACHMENT|..\..\..\test-results\projects-simple-Projects-T-ff60b-e-shows-project-form-fields-Mobile-Chrome\error-context.md]]
]]>
</system-out>
</testcase>
<testcase name="Projects Tests - Simple › validates required fields" classname="projects-simple.test.ts" time="22.965">
<failure message="projects-simple.test.ts:48:3 validates required fields" type="FAILURE">
<![CDATA[  [Mobile Chrome] › projects-simple.test.ts:48:3 › Projects Tests - Simple › validates required fields 

    TimeoutError: locator.click: Timeout 10000ms exceeded.
    Call log:
      - waiting for locator('button[type="submit"]').first()
        - locator resolved to <button type="submit" data-slot="button" data-rrdt-source="/app/components/search-bar.tsx:52:4" class="ring-ring ring-offset-background rounded-md text-sm font-medium ring-offset-2 outline-hidden transition-colors focus-within:ring-2 focus-visible:ring-2 disabled:pointer-events-none disabled:opacity-50 bg-primary text-primary-foreground hover:bg-primary/80 h-10 px-4 py-2 gap-4 flex w-full items-center justify-center">…</button>
      - attempting click action
        2 × waiting for element to be visible, enabled and stable
          - element is not visible
        - retrying click action
        - waiting 20ms
        2 × waiting for element to be visible, enabled and stable
          - element is not visible
        - retrying click action
          - waiting 100ms
        18 × waiting for element to be visible, enabled and stable
           - element is not visible
         - retrying click action
           - waiting 500ms


      59 |     // Try to submit empty form
      60 |     const submitButton = page.locator('button[type="submit"]').first()
    > 61 |     await submitButton.click()
         |                        ^
      62 |     
      63 |     // Check for validation error
      64 |     await page.waitForTimeout(1000)
        at C:\Users\Angelo A. Dela Cruz\Desktop\Week 4\epic-stack-main-Copy\tests\playwright-parallel\specs\projects-simple.test.ts:61:24

    attachment #1: screenshot (image/png) ──────────────────────────────────────────────────────────
    ..\..\..\test-results\projects-simple-Projects-T-3d742-e-validates-required-fields-Mobile-Chrome\test-failed-1.png
    ────────────────────────────────────────────────────────────────────────────────────────────────

    attachment #2: video (video/webm) ──────────────────────────────────────────────────────────────
    ..\..\..\test-results\projects-simple-Projects-T-3d742-e-validates-required-fields-Mobile-Chrome\video.webm
    ────────────────────────────────────────────────────────────────────────────────────────────────

    Error Context: ..\..\..\test-results\projects-simple-Projects-T-3d742-e-validates-required-fields-Mobile-Chrome\error-context.md
]]>
</failure>
<system-out>
<![CDATA[
[[ATTACHMENT|..\..\..\test-results\projects-simple-Projects-T-3d742-e-validates-required-fields-Mobile-Chrome\test-failed-1.png]]

[[ATTACHMENT|..\..\..\test-results\projects-simple-Projects-T-3d742-e-validates-required-fields-Mobile-Chrome\video.webm]]

[[ATTACHMENT|..\..\..\test-results\projects-simple-Projects-T-3d742-e-validates-required-fields-Mobile-Chrome\error-context.md]]
]]>
</system-out>
</testcase>
<testcase name="Projects Tests - Simple › can fill project form" classname="projects-simple.test.ts" time="11.637">
</testcase>
<testcase name="Projects Tests - Simple › displays project content or form" classname="projects-simple.test.ts" time="7.009">
</testcase>
<testcase name="Projects Tests - Simple › has search functionality" classname="projects-simple.test.ts" time="7.616">
</testcase>
<testcase name="Projects Tests - Simple › has proper page structure" classname="projects-simple.test.ts" time="10.026">
</testcase>
</testsuite>
<testsuite name="projects.test.ts" timestamp="2025-09-10T03:45:18.181Z" hostname="Mobile Chrome" tests="9" failures="2" skipped="2" time="150.967" errors="0">
<testcase name="Projects Management › should require authentication to access projects" classname="projects.test.ts" time="5.951">
</testcase>
<testcase name="Projects Management › should allow logged in users to view projects page" classname="projects.test.ts" time="12.755">
</testcase>
<testcase name="Projects Management › should allow users to create a new project" classname="projects.test.ts" time="20.81">
</testcase>
<testcase name="Projects Management › should validate required fields when creating a project" classname="projects.test.ts" time="19.567">
</testcase>
<testcase name="Projects Management › should allow users to edit an existing project" classname="projects.test.ts" time="28.06">
<failure message="projects.test.ts:104:3 should allow users to edit an existing project" type="FAILURE">
<![CDATA[  [Mobile Chrome] › projects.test.ts:104:3 › Projects Management › should allow users to edit an existing project 

    Error: expect(locator).toBeVisible() failed

    Locator:  locator('text=Updated Playwright Project 1757476663990')
    Expected: visible
    Received: <element(s) not found>
    Timeout:  5000ms

    Call log:
      - Expect "toBeVisible" with timeout 5000ms
      - waiting for locator('text=Updated Playwright Project 1757476663990')


      131 |       
      132 |       // Verify update - the name should appear in the projects list
    > 133 |       await expect(page.locator(`text=${updatedName}`)).toBeVisible({ timeout: 5000 })
          |                                                         ^
      134 |     } else {
      135 |       test.skip()
      136 |     }
        at C:\Users\Angelo A. Dela Cruz\Desktop\Week 4\epic-stack-main-Copy\tests\playwright-parallel\specs\projects.test.ts:133:57

    attachment #1: screenshot (image/png) ──────────────────────────────────────────────────────────
    ..\..\..\test-results\projects-Projects-Manageme-51741-to-edit-an-existing-project-Mobile-Chrome\test-failed-1.png
    ────────────────────────────────────────────────────────────────────────────────────────────────

    attachment #2: video (video/webm) ──────────────────────────────────────────────────────────────
    ..\..\..\test-results\projects-Projects-Manageme-51741-to-edit-an-existing-project-Mobile-Chrome\video.webm
    ────────────────────────────────────────────────────────────────────────────────────────────────

    Error Context: ..\..\..\test-results\projects-Projects-Manageme-51741-to-edit-an-existing-project-Mobile-Chrome\error-context.md
]]>
</failure>
<system-out>
<![CDATA[
[[ATTACHMENT|..\..\..\test-results\projects-Projects-Manageme-51741-to-edit-an-existing-project-Mobile-Chrome\test-failed-1.png]]

[[ATTACHMENT|..\..\..\test-results\projects-Projects-Manageme-51741-to-edit-an-existing-project-Mobile-Chrome\video.webm]]

[[ATTACHMENT|..\..\..\test-results\projects-Projects-Manageme-51741-to-edit-an-existing-project-Mobile-Chrome\error-context.md]]
]]>
</system-out>
</testcase>
<testcase name="Projects Management › should allow users to delete a project" classname="projects.test.ts" time="15.632">
<properties>
<property name="skip" value="">
</property>
</properties>
<skipped>
</skipped>
</testcase>
<testcase name="Projects Management › should display empty state when no projects exist" classname="projects.test.ts" time="15.338">
</testcase>
<testcase name="Projects Management › should handle project search/filter" classname="projects.test.ts" time="13.311">
<properties>
<property name="skip" value="">
</property>
</properties>
<skipped>
</skipped>
</testcase>
<testcase name="Projects Management › should handle concurrent project operations" classname="projects.test.ts" time="19.543">
<failure message="projects.test.ts:231:3 should handle concurrent project operations" type="FAILURE">
<![CDATA[  [Mobile Chrome] › projects.test.ts:231:3 › Projects Management › should handle concurrent project operations 

    Error: expect(locator).toBeVisible() failed

    Locator:  locator('text=Playwright Concurrent Test 2 1757476679549')
    Expected: visible
    Received: <element(s) not found>
    Timeout:  5000ms

    Call log:
      - Expect "toBeVisible" with timeout 5000ms
      - waiting for locator('text=Playwright Concurrent Test 2 1757476679549')


      253 |     // Verify both projects were created
      254 |     for (const name of projectNames) {
    > 255 |       await expect(page.locator(`text=${name}`)).toBeVisible({ timeout: 5000 })
          |                                                  ^
      256 |     }
      257 |   })
      258 | })
        at C:\Users\Angelo A. Dela Cruz\Desktop\Week 4\epic-stack-main-Copy\tests\playwright-parallel\specs\projects.test.ts:255:50

    attachment #1: screenshot (image/png) ──────────────────────────────────────────────────────────
    ..\..\..\test-results\projects-Projects-Manageme-aada8-ncurrent-project-operations-Mobile-Chrome\test-failed-1.png
    ────────────────────────────────────────────────────────────────────────────────────────────────

    attachment #2: video (video/webm) ──────────────────────────────────────────────────────────────
    ..\..\..\test-results\projects-Projects-Manageme-aada8-ncurrent-project-operations-Mobile-Chrome\video.webm
    ────────────────────────────────────────────────────────────────────────────────────────────────

    Error Context: ..\..\..\test-results\projects-Projects-Manageme-aada8-ncurrent-project-operations-Mobile-Chrome\error-context.md
]]>
</failure>
<system-out>
<![CDATA[
[[ATTACHMENT|..\..\..\test-results\projects-Projects-Manageme-aada8-ncurrent-project-operations-Mobile-Chrome\test-failed-1.png]]

[[ATTACHMENT|..\..\..\test-results\projects-Projects-Manageme-aada8-ncurrent-project-operations-Mobile-Chrome\video.webm]]

[[ATTACHMENT|..\..\..\test-results\projects-Projects-Manageme-aada8-ncurrent-project-operations-Mobile-Chrome\error-context.md]]
]]>
</system-out>
</testcase>
</testsuite>
<testsuite name="roles-assignment-basic.test.ts" timestamp="2025-09-10T03:45:18.181Z" hostname="Mobile Chrome" tests="10" failures="0" skipped="0" time="101.336" errors="0">
<testcase name="Roles and Permissions Basic Tests › should require authentication for protected routes" classname="roles-assignment-basic.test.ts" time="8.201">
<system-out>
<![CDATA[✅ Route /users/kody/notes/new requires authentication
✅ Route /projects requires authentication
✅ Route /timesheets requires authentication
]]>
</system-out>
</testcase>
<testcase name="Roles and Permissions Basic Tests › should allow authenticated access to resources" classname="roles-assignment-basic.test.ts" time="10.201">
<system-out>
<![CDATA[✅ Authenticated access to /users/kody
✅ Authenticated access to /users/kody/notes
✅ Authenticated access to /projects
]]>
</system-out>
</testcase>
<testcase name="Roles and Permissions Basic Tests › should show appropriate CRUD permissions for notes" classname="roles-assignment-basic.test.ts" time="9.566">
<system-out>
<![CDATA[✅ Notes page has 26 notes, can create: true
]]>
</system-out>
</testcase>
<testcase name="Roles and Permissions Basic Tests › should handle project permissions correctly" classname="roles-assignment-basic.test.ts" time="8.797">
<system-out>
<![CDATA[✅ Project permissions: { view: [33mtrue[39m, create: [33mfalse[39m, hasProjects: [33mtrue[39m }
]]>
</system-out>
</testcase>
<testcase name="Roles and Permissions Basic Tests › should handle timesheet permissions correctly" classname="roles-assignment-basic.test.ts" time="14.023">
<system-out>
<![CDATA[✅ Timesheet permissions: { view: [33mtrue[39m, hasGrid: [33mtrue[39m, canAdd: [33mtrue[39m }
]]>
</system-out>
</testcase>
<testcase name="Roles and Permissions Basic Tests › should handle session correctly" classname="roles-assignment-basic.test.ts" time="12.96">
<system-out>
<![CDATA[✅ Session management works correctly
]]>
</system-out>
</testcase>
<testcase name="Roles and Permissions Basic Tests › should prevent unauthorized API access" classname="roles-assignment-basic.test.ts" time="1.937">
<system-out>
<![CDATA[✅ Unauthorized API access returns 404
]]>
</system-out>
</testcase>
<testcase name="Roles and Permissions Basic Tests › should show correct UI for authenticated user" classname="roles-assignment-basic.test.ts" time="11.495">
<system-out>
<![CDATA[✅ User UI elements: { username: [33m1[39m, userMenu: [33mtrue[39m, logoutForm: [33mfalse[39m }
]]>
</system-out>
</testcase>
<testcase name="Roles and Permissions Basic Tests › should handle cross-user access appropriately" classname="roles-assignment-basic.test.ts" time="10.538">
<system-out>
<![CDATA[✅ Cross-user access handled appropriately
]]>
</system-out>
</testcase>
<testcase name="Roles and Permissions Basic Tests › should create and manage notes with proper permissions" classname="roles-assignment-basic.test.ts" time="13.618">
</testcase>
</testsuite>
<testsuite name="roles-assignment-fixed.test.ts" timestamp="2025-09-10T03:45:18.181Z" hostname="Mobile Chrome" tests="12" failures="1" skipped="0" time="135.862" errors="0">
<testcase name="Roles and Assignment Tests - Fixed › should enforce authentication on protected routes" classname="roles-assignment-fixed.test.ts" time="4.131">
<failure message="roles-assignment-fixed.test.ts:7:3 should enforce authentication on protected routes" type="FAILURE">
<![CDATA[  [Mobile Chrome] › roles-assignment-fixed.test.ts:7:3 › Roles and Assignment Tests - Fixed › should enforce authentication on protected routes 

    Error: expect(received).toBe(expected) // Object.is equality

    Expected: "/login"
    Received: "/users/kody/notes"

      21 |       await page.goto(`${BASE_URL}${route}`)
      22 |       const url = new URL(page.url())
    > 23 |       expect(url.pathname).toBe('/login')
         |                            ^
      24 |     }
      25 |     
      26 |     await context.close()
        at C:\Users\Angelo A. Dela Cruz\Desktop\Week 4\epic-stack-main-Copy\tests\playwright-parallel\specs\roles-assignment-fixed.test.ts:23:28

    attachment #1: screenshot (image/png) ──────────────────────────────────────────────────────────
    ..\..\..\test-results\roles-assignment-fixed-Rol-9d300-ication-on-protected-routes-Mobile-Chrome\test-failed-1.png
    ────────────────────────────────────────────────────────────────────────────────────────────────

    Error Context: ..\..\..\test-results\roles-assignment-fixed-Rol-9d300-ication-on-protected-routes-Mobile-Chrome\error-context.md
]]>
</failure>
<system-out>
<![CDATA[
[[ATTACHMENT|..\..\..\test-results\roles-assignment-fixed-Rol-9d300-ication-on-protected-routes-Mobile-Chrome\test-failed-1.png]]

[[ATTACHMENT|..\..\..\test-results\roles-assignment-fixed-Rol-9d300-ication-on-protected-routes-Mobile-Chrome\error-context.md]]
]]>
</system-out>
</testcase>
<testcase name="Roles and Assignment Tests - Fixed › should allow access to own resources" classname="roles-assignment-fixed.test.ts" time="13.122">
<system-out>
<![CDATA[✅ User can access own resources
]]>
</system-out>
</testcase>
<testcase name="Roles and Assignment Tests - Fixed › should show appropriate actions based on permissions" classname="roles-assignment-fixed.test.ts" time="15.333">
<system-out>
<![CDATA[✅ User permissions: { create: [33mtrue[39m, edit: [33mfalse[39m, delete: [33mfalse[39m }
]]>
</system-out>
</testcase>
<testcase name="Roles and Assignment Tests - Fixed › should handle project permissions" classname="roles-assignment-fixed.test.ts" time="15.069">
<system-out>
<![CDATA[✅ Project permissions: { canCreate: [33mfalse[39m, editButtons: [33m4[39m, deleteButtons: [33m4[39m }
]]>
</system-out>
</testcase>
<testcase name="Roles and Assignment Tests - Fixed › should handle timesheet permissions" classname="roles-assignment-fixed.test.ts" time="15.228">
<system-out>
<![CDATA[✅ Timesheet permissions: { add: [33mtrue[39m, edit: [33mfalse[39m, delete: [33mfalse[39m }
]]>
</system-out>
</testcase>
<testcase name="Roles and Assignment Tests - Fixed › should not show admin features to regular users" classname="roles-assignment-fixed.test.ts" time="16.153">
<system-out>
<![CDATA[✅ Admin features hidden from regular users
]]>
</system-out>
</testcase>
<testcase name="Roles and Assignment Tests - Fixed › should maintain session across navigation" classname="roles-assignment-fixed.test.ts" time="21.516">
<system-out>
<![CDATA[✅ Session maintained for /users/kody
✅ Session maintained for /users/kody/notes
✅ Session maintained for /projects
✅ Session maintained for /timesheets
]]>
</system-out>
</testcase>
<testcase name="Roles and Assignment Tests - Fixed › should handle session expiration" classname="roles-assignment-fixed.test.ts" time="7.762">
<system-out>
<![CDATA[✅ Session expiration handled correctly
]]>
</system-out>
</testcase>
<testcase name="Roles and Assignment Tests - Fixed › should validate API access control" classname="roles-assignment-fixed.test.ts" time="3.955">
<system-out>
<![CDATA[✅ API /api/timesheets returns 404
✅ API /api/projects returns 404
✅ API /api/user returns 404
]]>
</system-out>
</testcase>
<testcase name="Roles and Assignment Tests - Fixed › should prevent cross-user data access" classname="roles-assignment-fixed.test.ts" time="4.136">
<system-out>
<![CDATA[✅ Cross-user data access prevented
]]>
</system-out>
</testcase>
<testcase name="Roles and Assignment Tests - Fixed › should show user-specific UI elements" classname="roles-assignment-fixed.test.ts" time="14.291">
<system-out>
<![CDATA[✅ User-specific UI elements displayed
]]>
</system-out>
</testcase>
<testcase name="Roles and Assignment Tests - Fixed › should handle CRUD operations based on ownership" classname="roles-assignment-fixed.test.ts" time="5.166">
<system-out>
<![CDATA[ℹ️ New note link not found
]]>
</system-out>
</testcase>
</testsuite>
<testsuite name="roles-permissions.test.ts" timestamp="2025-09-10T03:45:18.181Z" hostname="Mobile Chrome" tests="12" failures="0" skipped="0" time="140.277" errors="0">
<testcase name="Roles and Permissions › should restrict admin features to admin users" classname="roles-permissions.test.ts" time="10.113">
</testcase>
<testcase name="Roles and Permissions › should allow different users to have different permissions" classname="roles-permissions.test.ts" time="13.099">
</testcase>
<testcase name="Roles and Permissions › should enforce ownership rules on notes" classname="roles-permissions.test.ts" time="15.364">
</testcase>
<testcase name="Roles and Permissions › should control project access based on permissions" classname="roles-permissions.test.ts" time="14.017">
</testcase>
<testcase name="Roles and Permissions › should enforce timesheet permissions" classname="roles-permissions.test.ts" time="14.144">
</testcase>
<testcase name="Roles and Permissions › should handle unauthorized access gracefully" classname="roles-permissions.test.ts" time="4.881">
</testcase>
<testcase name="Roles and Permissions › should maintain permission consistency across navigation" classname="roles-permissions.test.ts" time="17.402">
</testcase>
<testcase name="Roles and Permissions › should show appropriate UI elements based on user role" classname="roles-permissions.test.ts" time="11.219">
</testcase>
<testcase name="Roles and Permissions › should handle session expiration" classname="roles-permissions.test.ts" time="11.067">
</testcase>
<testcase name="Roles and Permissions › should validate CRUD permissions on resources" classname="roles-permissions.test.ts" time="11.836">
</testcase>
<testcase name="Roles and Permissions › should prevent cross-user data modification" classname="roles-permissions.test.ts" time="8.15">
</testcase>
<testcase name="Roles and Permissions › should apply role-based API access control" classname="roles-permissions.test.ts" time="8.985">
</testcase>
</testsuite>
<testsuite name="timesheets-basic.test.ts" timestamp="2025-09-10T03:45:18.181Z" hostname="Mobile Chrome" tests="5" failures="0" skipped="0" time="66.487" errors="0">
<testcase name="Timesheets Basic Tests › should require authentication for timesheets" classname="timesheets-basic.test.ts" time="5.113">
<system-out>
<![CDATA[✅ Authentication required for timesheets
]]>
</system-out>
</testcase>
<testcase name="Timesheets Basic Tests › should access timesheets after login" classname="timesheets-basic.test.ts" time="15.031">
<system-out>
<![CDATA[✅ Timesheets page accessible after login
]]>
</system-out>
</testcase>
<testcase name="Timesheets Basic Tests › should check for AG-Grid or timesheet content" classname="timesheets-basic.test.ts" time="16.739">
<system-out>
<![CDATA[✅ Timesheet content found on page
]]>
</system-out>
</testcase>
<testcase name="Timesheets Basic Tests › should look for AG-Grid elements" classname="timesheets-basic.test.ts" time="15.908">
<system-out>
<![CDATA[✅ Found grid element: .ag-root
]]>
</system-out>
</testcase>
<testcase name="Timesheets Basic Tests › should check for timesheet actions" classname="timesheets-basic.test.ts" time="13.696">
<system-out>
<![CDATA[✅ Found action buttons: Add, Create, Delete, Filter
]]>
</system-out>
</testcase>
</testsuite>
<testsuite name="timesheets-fixed.test.ts" timestamp="2025-09-10T03:45:18.181Z" hostname="Mobile Chrome" tests="8" failures="0" skipped="0" time="109.867" errors="0">
<testcase name="Timesheets Management - Fixed › should access timesheets page when authenticated" classname="timesheets-fixed.test.ts" time="6.726">
<system-out>
<![CDATA[✅ Timesheets page accessible
]]>
</system-out>
</testcase>
<testcase name="Timesheets Management - Fixed › should redirect to login when not authenticated" classname="timesheets-fixed.test.ts" time="16.372">
<system-out>
<![CDATA[✅ Authentication required for timesheets
]]>
</system-out>
</testcase>
<testcase name="Timesheets Management - Fixed › should display AG-Grid with headers" classname="timesheets-fixed.test.ts" time="16.779">
<system-out>
<![CDATA[✅ AG-Grid displayed with 17 headers
]]>
</system-out>
</testcase>
<testcase name="Timesheets Management - Fixed › should have add timesheet functionality" classname="timesheets-fixed.test.ts" time="18.69">
<system-out>
<![CDATA[✅ Add timesheet functionality works
]]>
</system-out>
</testcase>
<testcase name="Timesheets Management - Fixed › should handle row expansion for DTRs" classname="timesheets-fixed.test.ts" time="16.313">
<system-out>
<![CDATA[ℹ️ Expand button not found
]]>
</system-out>
</testcase>
<testcase name="Timesheets Management - Fixed › should display timesheet data or empty state" classname="timesheets-fixed.test.ts" time="12.117">
<system-out>
<![CDATA[✅ Timesheets page displays content correctly
]]>
</system-out>
</testcase>
<testcase name="Timesheets Management - Fixed › should have filter/search functionality" classname="timesheets-fixed.test.ts" time="11.533">
<system-out>
<![CDATA[ℹ️ Filter not implemented
]]>
</system-out>
</testcase>
<testcase name="Timesheets Management - Fixed › should verify single expansion policy" classname="timesheets-fixed.test.ts" time="11.337">
</testcase>
</testsuite>
<testsuite name="timesheets.test.ts" timestamp="2025-09-10T03:45:18.181Z" hostname="Mobile Chrome" tests="13" failures="0" skipped="0" time="140.778" errors="0">
<testcase name="Timesheet Management › should require authentication to access timesheets" classname="timesheets.test.ts" time="4.583">
</testcase>
<testcase name="Timesheet Management › should display timesheet grid for authenticated users" classname="timesheets.test.ts" time="9.755">
</testcase>
<testcase name="Timesheet Management › should create a new timesheet" classname="timesheets.test.ts" time="11.893">
</testcase>
<testcase name="Timesheet Management › should expand timesheet to show DTRs" classname="timesheets.test.ts" time="10.294">
</testcase>
<testcase name="Timesheet Management › should add DTR to timesheet" classname="timesheets.test.ts" time="9.958">
</testcase>
<testcase name="Timesheet Management › should add timelog to DTR" classname="timesheets.test.ts" time="10.291">
</testcase>
<testcase name="Timesheet Management › should add clock event to timelog" classname="timesheets.test.ts" time="13.633">
</testcase>
<testcase name="Timesheet Management › should edit timesheet details" classname="timesheets.test.ts" time="13.605">
</testcase>
<testcase name="Timesheet Management › should delete clock event" classname="timesheets.test.ts" time="12.154">
</testcase>
<testcase name="Timesheet Management › should handle single expansion policy" classname="timesheets.test.ts" time="9.864">
</testcase>
<testcase name="Timesheet Management › should calculate total hours correctly" classname="timesheets.test.ts" time="11.706">
</testcase>
<testcase name="Timesheet Management › should filter timesheets by employee" classname="timesheets.test.ts" time="11.184">
</testcase>
<testcase name="Timesheet Management › should export timesheet data" classname="timesheets.test.ts" time="11.858">
</testcase>
</testsuite>
<testsuite name="user-search.test.ts" timestamp="2025-09-10T03:45:18.181Z" hostname="Mobile Chrome" tests="12" failures="0" skipped="0" time="84.812" errors="0">
<testcase name="User Search Functionality › should handle search with no query" classname="user-search.test.ts" time="3.189">
<system-out>
<![CDATA[✅ Users page loads without search query
]]>
</system-out>
</testcase>
<testcase name="User Search Functionality › should search for existing user" classname="user-search.test.ts" time="6.189">
<system-out>
<![CDATA[✅ Search found user: kody
]]>
</system-out>
</testcase>
<testcase name="User Search Functionality › should handle search with no results" classname="user-search.test.ts" time="6.433">
<system-out>
<![CDATA[✅ Search handles no results correctly
]]>
</system-out>
</testcase>
<testcase name="User Search Functionality › should handle partial search terms" classname="user-search.test.ts" time="8.636">
<system-out>
<![CDATA[✅ Partial search 'kod' found kody
✅ Partial search 'ody' found kody
]]>
</system-out>
</testcase>
<testcase name="User Search Functionality › should handle special characters in search" classname="user-search.test.ts" time="12.715">
<system-out>
<![CDATA[✅ Special character search 'user@example' handled
✅ Special character search 'user+test' handled
✅ Special character search 'user#1' handled
✅ Special character search 'user&name' handled
]]>
</system-out>
</testcase>
<testcase name="User Search Functionality › should handle case-insensitive search" classname="user-search.test.ts" time="12.366">
<system-out>
<![CDATA[✅ Case variation 'KODY' found user
✅ Case variation 'Kody' found user
✅ Case variation 'kOdY' found user
✅ Case variation 'kody' found user
]]>
</system-out>
</testcase>
<testcase name="User Search Functionality › should update search via input field if available" classname="user-search.test.ts" time="7.754">
<system-out>
<![CDATA[✅ Search input field works
]]>
</system-out>
</testcase>
<testcase name="User Search Functionality › should handle empty search parameter" classname="user-search.test.ts" time="4.506">
<system-out>
<![CDATA[✅ Empty search parameter handled
]]>
</system-out>
</testcase>
<testcase name="User Search Functionality › should preserve search across navigation" classname="user-search.test.ts" time="8.399">
<system-out>
<![CDATA[✅ Search not preserved after navigation
]]>
</system-out>
</testcase>
<testcase name="User Search Functionality › should handle multiple search parameters" classname="user-search.test.ts" time="4.365">
<system-out>
<![CDATA[✅ Multiple query parameters handled
]]>
</system-out>
</testcase>
<testcase name="User Search Functionality › should handle very long search queries" classname="user-search.test.ts" time="4.274">
<system-out>
<![CDATA[✅ Long search query handled gracefully
]]>
</system-out>
</testcase>
<testcase name="User Search Functionality › should search from homepage if search is available" classname="user-search.test.ts" time="5.986">
<system-out>
<![CDATA[ℹ️ No search available on homepage
]]>
</system-out>
</testcase>
</testsuite>
<testsuite name="auth.test.ts" timestamp="2025-09-10T03:45:18.181Z" hostname="Mobile Safari" tests="6" failures="6" skipped="0" time="0.088" errors="0">
<testcase name="Authentication › should successfully login with valid credentials" classname="auth.test.ts" time="0.014">
<failure message="auth.test.ts:11:3 should successfully login with valid credentials" type="FAILURE">
<![CDATA[  [Mobile Safari] › auth.test.ts:11:3 › Authentication › should successfully login with valid credentials 

    Error: browserType.launch: Executable doesn't exist at C:\Users\Angelo A. Dela Cruz\AppData\Local\ms-playwright\webkit-2203\Playwright.exe
    ╔═════════════════════════════════════════════════════════════════════════╗
    ║ Looks like Playwright Test or Playwright was just installed or updated. ║
    ║ Please run the following command to download new browsers:              ║
    ║                                                                         ║
    ║     npx playwright install                                              ║
    ║                                                                         ║
    ║ <3 Playwright Team                                                      ║
    ╚═════════════════════════════════════════════════════════════════════════╝
]]>
</failure>
</testcase>
<testcase name="Authentication › should show error with invalid credentials" classname="auth.test.ts" time="0.019">
<failure message="auth.test.ts:32:3 should show error with invalid credentials" type="FAILURE">
<![CDATA[  [Mobile Safari] › auth.test.ts:32:3 › Authentication › should show error with invalid credentials 

    Error: browserType.launch: Executable doesn't exist at C:\Users\Angelo A. Dela Cruz\AppData\Local\ms-playwright\webkit-2203\Playwright.exe
    ╔═════════════════════════════════════════════════════════════════════════╗
    ║ Looks like Playwright Test or Playwright was just installed or updated. ║
    ║ Please run the following command to download new browsers:              ║
    ║                                                                         ║
    ║     npx playwright install                                              ║
    ║                                                                         ║
    ║ <3 Playwright Team                                                      ║
    ╚═════════════════════════════════════════════════════════════════════════╝
]]>
</failure>
</testcase>
<testcase name="Authentication › should successfully logout" classname="auth.test.ts" time="0.008">
<failure message="auth.test.ts:50:3 should successfully logout" type="FAILURE">
<![CDATA[  [Mobile Safari] › auth.test.ts:50:3 › Authentication › should successfully logout ────────────────

    Error: browserType.launch: Executable doesn't exist at C:\Users\Angelo A. Dela Cruz\AppData\Local\ms-playwright\webkit-2203\Playwright.exe
    ╔═════════════════════════════════════════════════════════════════════════╗
    ║ Looks like Playwright Test or Playwright was just installed or updated. ║
    ║ Please run the following command to download new browsers:              ║
    ║                                                                         ║
    ║     npx playwright install                                              ║
    ║                                                                         ║
    ║ <3 Playwright Team                                                      ║
    ╚═════════════════════════════════════════════════════════════════════════╝
]]>
</failure>
</testcase>
<testcase name="Authentication › should allow access to public notes without login" classname="auth.test.ts" time="0.012">
<failure message="auth.test.ts:75:3 should allow access to public notes without login" type="FAILURE">
<![CDATA[  [Mobile Safari] › auth.test.ts:75:3 › Authentication › should allow access to public notes without login 

    Error: browserType.launch: Executable doesn't exist at C:\Users\Angelo A. Dela Cruz\AppData\Local\ms-playwright\webkit-2203\Playwright.exe
    ╔═════════════════════════════════════════════════════════════════════════╗
    ║ Looks like Playwright Test or Playwright was just installed or updated. ║
    ║ Please run the following command to download new browsers:              ║
    ║                                                                         ║
    ║     npx playwright install                                              ║
    ║                                                                         ║
    ║ <3 Playwright Team                                                      ║
    ╚═════════════════════════════════════════════════════════════════════════╝
]]>
</failure>
</testcase>
<testcase name="Authentication › should persist login state across page navigation" classname="auth.test.ts" time="0.015">
<failure message="auth.test.ts:87:3 should persist login state across page navigation" type="FAILURE">
<![CDATA[  [Mobile Safari] › auth.test.ts:87:3 › Authentication › should persist login state across page navigation 

    Error: browserType.launch: Executable doesn't exist at C:\Users\Angelo A. Dela Cruz\AppData\Local\ms-playwright\webkit-2203\Playwright.exe
    ╔═════════════════════════════════════════════════════════════════════════╗
    ║ Looks like Playwright Test or Playwright was just installed or updated. ║
    ║ Please run the following command to download new browsers:              ║
    ║                                                                         ║
    ║     npx playwright install                                              ║
    ║                                                                         ║
    ║ <3 Playwright Team                                                      ║
    ╚═════════════════════════════════════════════════════════════════════════╝
]]>
</failure>
</testcase>
<testcase name="Authentication › should handle login form validation" classname="auth.test.ts" time="0.02">
<failure message="auth.test.ts:111:3 should handle login form validation" type="FAILURE">
<![CDATA[  [Mobile Safari] › auth.test.ts:111:3 › Authentication › should handle login form validation ──────

    Error: browserType.launch: Executable doesn't exist at C:\Users\Angelo A. Dela Cruz\AppData\Local\ms-playwright\webkit-2203\Playwright.exe
    ╔═════════════════════════════════════════════════════════════════════════╗
    ║ Looks like Playwright Test or Playwright was just installed or updated. ║
    ║ Please run the following command to download new browsers:              ║
    ║                                                                         ║
    ║     npx playwright install                                              ║
    ║                                                                         ║
    ║ <3 Playwright Team                                                      ║
    ╚═════════════════════════════════════════════════════════════════════════╝
]]>
</failure>
</testcase>
</testsuite>
<testsuite name="notes-comprehensive.test.ts" timestamp="2025-09-10T03:45:18.181Z" hostname="Mobile Safari" tests="10" failures="10" skipped="0" time="0.116" errors="0">
<testcase name="Notes Management - Comprehensive › should display notes list page" classname="notes-comprehensive.test.ts" time="0.011">
<failure message="notes-comprehensive.test.ts:20:3 should display notes list page" type="FAILURE">
<![CDATA[  [Mobile Safari] › notes-comprehensive.test.ts:20:3 › Notes Management - Comprehensive › should display notes list page 

    Error: browserType.launch: Executable doesn't exist at C:\Users\Angelo A. Dela Cruz\AppData\Local\ms-playwright\webkit-2203\Playwright.exe
    ╔═════════════════════════════════════════════════════════════════════════╗
    ║ Looks like Playwright Test or Playwright was just installed or updated. ║
    ║ Please run the following command to download new browsers:              ║
    ║                                                                         ║
    ║     npx playwright install                                              ║
    ║                                                                         ║
    ║ <3 Playwright Team                                                      ║
    ╚═════════════════════════════════════════════════════════════════════════╝
]]>
</failure>
</testcase>
<testcase name="Notes Management - Comprehensive › should create a new note" classname="notes-comprehensive.test.ts" time="0.013">
<failure message="notes-comprehensive.test.ts:38:3 should create a new note" type="FAILURE">
<![CDATA[  [Mobile Safari] › notes-comprehensive.test.ts:38:3 › Notes Management - Comprehensive › should create a new note 

    Error: browserType.launch: Executable doesn't exist at C:\Users\Angelo A. Dela Cruz\AppData\Local\ms-playwright\webkit-2203\Playwright.exe
    ╔═════════════════════════════════════════════════════════════════════════╗
    ║ Looks like Playwright Test or Playwright was just installed or updated. ║
    ║ Please run the following command to download new browsers:              ║
    ║                                                                         ║
    ║     npx playwright install                                              ║
    ║                                                                         ║
    ║ <3 Playwright Team                                                      ║
    ╚═════════════════════════════════════════════════════════════════════════╝
]]>
</failure>
</testcase>
<testcase name="Notes Management - Comprehensive › should view note details" classname="notes-comprehensive.test.ts" time="0.013">
<failure message="notes-comprehensive.test.ts:77:3 should view note details" type="FAILURE">
<![CDATA[  [Mobile Safari] › notes-comprehensive.test.ts:77:3 › Notes Management - Comprehensive › should view note details 

    Error: browserType.launch: Executable doesn't exist at C:\Users\Angelo A. Dela Cruz\AppData\Local\ms-playwright\webkit-2203\Playwright.exe
    ╔═════════════════════════════════════════════════════════════════════════╗
    ║ Looks like Playwright Test or Playwright was just installed or updated. ║
    ║ Please run the following command to download new browsers:              ║
    ║                                                                         ║
    ║     npx playwright install                                              ║
    ║                                                                         ║
    ║ <3 Playwright Team                                                      ║
    ╚═════════════════════════════════════════════════════════════════════════╝
]]>
</failure>
</testcase>
<testcase name="Notes Management - Comprehensive › should edit an existing note" classname="notes-comprehensive.test.ts" time="0.012">
<failure message="notes-comprehensive.test.ts:112:3 should edit an existing note" type="FAILURE">
<![CDATA[  [Mobile Safari] › notes-comprehensive.test.ts:112:3 › Notes Management - Comprehensive › should edit an existing note 

    Error: browserType.launch: Executable doesn't exist at C:\Users\Angelo A. Dela Cruz\AppData\Local\ms-playwright\webkit-2203\Playwright.exe
    ╔═════════════════════════════════════════════════════════════════════════╗
    ║ Looks like Playwright Test or Playwright was just installed or updated. ║
    ║ Please run the following command to download new browsers:              ║
    ║                                                                         ║
    ║     npx playwright install                                              ║
    ║                                                                         ║
    ║ <3 Playwright Team                                                      ║
    ╚═════════════════════════════════════════════════════════════════════════╝
]]>
</failure>
</testcase>
<testcase name="Notes Management - Comprehensive › should delete a note" classname="notes-comprehensive.test.ts" time="0.012">
<failure message="notes-comprehensive.test.ts:155:3 should delete a note" type="FAILURE">
<![CDATA[  [Mobile Safari] › notes-comprehensive.test.ts:155:3 › Notes Management - Comprehensive › should delete a note 

    Error: browserType.launch: Executable doesn't exist at C:\Users\Angelo A. Dela Cruz\AppData\Local\ms-playwright\webkit-2203\Playwright.exe
    ╔═════════════════════════════════════════════════════════════════════════╗
    ║ Looks like Playwright Test or Playwright was just installed or updated. ║
    ║ Please run the following command to download new browsers:              ║
    ║                                                                         ║
    ║     npx playwright install                                              ║
    ║                                                                         ║
    ║ <3 Playwright Team                                                      ║
    ╚═════════════════════════════════════════════════════════════════════════╝
]]>
</failure>
</testcase>
<testcase name="Notes Management - Comprehensive › should handle multiple notes" classname="notes-comprehensive.test.ts" time="0.008">
<failure message="notes-comprehensive.test.ts:190:3 should handle multiple notes" type="FAILURE">
<![CDATA[  [Mobile Safari] › notes-comprehensive.test.ts:190:3 › Notes Management - Comprehensive › should handle multiple notes 

    Error: browserType.launch: Executable doesn't exist at C:\Users\Angelo A. Dela Cruz\AppData\Local\ms-playwright\webkit-2203\Playwright.exe
    ╔═════════════════════════════════════════════════════════════════════════╗
    ║ Looks like Playwright Test or Playwright was just installed or updated. ║
    ║ Please run the following command to download new browsers:              ║
    ║                                                                         ║
    ║     npx playwright install                                              ║
    ║                                                                         ║
    ║ <3 Playwright Team                                                      ║
    ╚═════════════════════════════════════════════════════════════════════════╝
]]>
</failure>
</testcase>
<testcase name="Notes Management - Comprehensive › should validate note form" classname="notes-comprehensive.test.ts" time="0.013">
<failure message="notes-comprehensive.test.ts:227:3 should validate note form" type="FAILURE">
<![CDATA[  [Mobile Safari] › notes-comprehensive.test.ts:227:3 › Notes Management - Comprehensive › should validate note form 

    Error: browserType.launch: Executable doesn't exist at C:\Users\Angelo A. Dela Cruz\AppData\Local\ms-playwright\webkit-2203\Playwright.exe
    ╔═════════════════════════════════════════════════════════════════════════╗
    ║ Looks like Playwright Test or Playwright was just installed or updated. ║
    ║ Please run the following command to download new browsers:              ║
    ║                                                                         ║
    ║     npx playwright install                                              ║
    ║                                                                         ║
    ║ <3 Playwright Team                                                      ║
    ╚═════════════════════════════════════════════════════════════════════════╝
]]>
</failure>
</testcase>
<testcase name="Notes Management - Comprehensive › should search/filter notes" classname="notes-comprehensive.test.ts" time="0.01">
<failure message="notes-comprehensive.test.ts:261:3 should search/filter notes" type="FAILURE">
<![CDATA[  [Mobile Safari] › notes-comprehensive.test.ts:261:3 › Notes Management - Comprehensive › should search/filter notes 

    Error: browserType.launch: Executable doesn't exist at C:\Users\Angelo A. Dela Cruz\AppData\Local\ms-playwright\webkit-2203\Playwright.exe
    ╔═════════════════════════════════════════════════════════════════════════╗
    ║ Looks like Playwright Test or Playwright was just installed or updated. ║
    ║ Please run the following command to download new browsers:              ║
    ║                                                                         ║
    ║     npx playwright install                                              ║
    ║                                                                         ║
    ║ <3 Playwright Team                                                      ║
    ╚═════════════════════════════════════════════════════════════════════════╝
]]>
</failure>
</testcase>
<testcase name="Notes Management - Comprehensive › should handle note permissions" classname="notes-comprehensive.test.ts" time="0.012">
<failure message="notes-comprehensive.test.ts:283:3 should handle note permissions" type="FAILURE">
<![CDATA[  [Mobile Safari] › notes-comprehensive.test.ts:283:3 › Notes Management - Comprehensive › should handle note permissions 

    Error: browserType.launch: Executable doesn't exist at C:\Users\Angelo A. Dela Cruz\AppData\Local\ms-playwright\webkit-2203\Playwright.exe
    ╔═════════════════════════════════════════════════════════════════════════╗
    ║ Looks like Playwright Test or Playwright was just installed or updated. ║
    ║ Please run the following command to download new browsers:              ║
    ║                                                                         ║
    ║     npx playwright install                                              ║
    ║                                                                         ║
    ║ <3 Playwright Team                                                      ║
    ╚═════════════════════════════════════════════════════════════════════════╝
]]>
</failure>
</testcase>
<testcase name="Notes Management - Comprehensive › should handle long note content" classname="notes-comprehensive.test.ts" time="0.012">
<failure message="notes-comprehensive.test.ts:306:3 should handle long note content" type="FAILURE">
<![CDATA[  [Mobile Safari] › notes-comprehensive.test.ts:306:3 › Notes Management - Comprehensive › should handle long note content 

    Error: browserType.launch: Executable doesn't exist at C:\Users\Angelo A. Dela Cruz\AppData\Local\ms-playwright\webkit-2203\Playwright.exe
    ╔═════════════════════════════════════════════════════════════════════════╗
    ║ Looks like Playwright Test or Playwright was just installed or updated. ║
    ║ Please run the following command to download new browsers:              ║
    ║                                                                         ║
    ║     npx playwright install                                              ║
    ║                                                                         ║
    ║ <3 Playwright Team                                                      ║
    ╚═════════════════════════════════════════════════════════════════════════╝
]]>
</failure>
</testcase>
</testsuite>
<testsuite name="notes-debug.test.ts" timestamp="2025-09-10T03:45:18.181Z" hostname="Mobile Safari" tests="1" failures="1" skipped="0" time="0.022" errors="0">
<testcase name="Notes Debug › debug note creation" classname="notes-debug.test.ts" time="0.022">
<failure message="notes-debug.test.ts:4:3 debug note creation" type="FAILURE">
<![CDATA[  [Mobile Safari] › notes-debug.test.ts:4:3 › Notes Debug › debug note creation ────────────────────

    Error: browserType.launch: Executable doesn't exist at C:\Users\Angelo A. Dela Cruz\AppData\Local\ms-playwright\webkit-2203\Playwright.exe
    ╔═════════════════════════════════════════════════════════════════════════╗
    ║ Looks like Playwright Test or Playwright was just installed or updated. ║
    ║ Please run the following command to download new browsers:              ║
    ║                                                                         ║
    ║     npx playwright install                                              ║
    ║                                                                         ║
    ║ <3 Playwright Team                                                      ║
    ╚═════════════════════════════════════════════════════════════════════════╝
]]>
</failure>
</testcase>
</testsuite>
<testsuite name="notes-simple.test.ts" timestamp="2025-09-10T03:45:18.181Z" hostname="Mobile Safari" tests="6" failures="6" skipped="0" time="0.069" errors="0">
<testcase name="Notes Tests - Simple › can view public notes without login" classname="notes-simple.test.ts" time="0.012">
<failure message="notes-simple.test.ts:4:3 can view public notes without login" type="FAILURE">
<![CDATA[  [Mobile Safari] › notes-simple.test.ts:4:3 › Notes Tests - Simple › can view public notes without login 

    Error: browserType.launch: Executable doesn't exist at C:\Users\Angelo A. Dela Cruz\AppData\Local\ms-playwright\webkit-2203\Playwright.exe
    ╔═════════════════════════════════════════════════════════════════════════╗
    ║ Looks like Playwright Test or Playwright was just installed or updated. ║
    ║ Please run the following command to download new browsers:              ║
    ║                                                                         ║
    ║     npx playwright install                                              ║
    ║                                                                         ║
    ║ <3 Playwright Team                                                      ║
    ╚═════════════════════════════════════════════════════════════════════════╝
]]>
</failure>
</testcase>
<testcase name="Notes Tests - Simple › can view individual note" classname="notes-simple.test.ts" time="0.01">
<failure message="notes-simple.test.ts:17:3 can view individual note" type="FAILURE">
<![CDATA[  [Mobile Safari] › notes-simple.test.ts:17:3 › Notes Tests - Simple › can view individual note ────

    Error: browserType.launch: Executable doesn't exist at C:\Users\Angelo A. Dela Cruz\AppData\Local\ms-playwright\webkit-2203\Playwright.exe
    ╔═════════════════════════════════════════════════════════════════════════╗
    ║ Looks like Playwright Test or Playwright was just installed or updated. ║
    ║ Please run the following command to download new browsers:              ║
    ║                                                                         ║
    ║     npx playwright install                                              ║
    ║                                                                         ║
    ║ <3 Playwright Team                                                      ║
    ╚═════════════════════════════════════════════════════════════════════════╝
]]>
</failure>
</testcase>
<testcase name="Notes Tests - Simple › requires login to create notes" classname="notes-simple.test.ts" time="0.013">
<failure message="notes-simple.test.ts:59:3 requires login to create notes" type="FAILURE">
<![CDATA[  [Mobile Safari] › notes-simple.test.ts:59:3 › Notes Tests - Simple › requires login to create notes 

    Error: browserType.launch: Executable doesn't exist at C:\Users\Angelo A. Dela Cruz\AppData\Local\ms-playwright\webkit-2203\Playwright.exe
    ╔═════════════════════════════════════════════════════════════════════════╗
    ║ Looks like Playwright Test or Playwright was just installed or updated. ║
    ║ Please run the following command to download new browsers:              ║
    ║                                                                         ║
    ║     npx playwright install                                              ║
    ║                                                                         ║
    ║ <3 Playwright Team                                                      ║
    ╚═════════════════════════════════════════════════════════════════════════╝
]]>
</failure>
</testcase>
<testcase name="Notes Tests - Simple › can access note creation when logged in" classname="notes-simple.test.ts" time="0.013">
<failure message="notes-simple.test.ts:68:3 can access note creation when logged in" type="FAILURE">
<![CDATA[  [Mobile Safari] › notes-simple.test.ts:68:3 › Notes Tests - Simple › can access note creation when logged in 

    Error: browserType.launch: Executable doesn't exist at C:\Users\Angelo A. Dela Cruz\AppData\Local\ms-playwright\webkit-2203\Playwright.exe
    ╔═════════════════════════════════════════════════════════════════════════╗
    ║ Looks like Playwright Test or Playwright was just installed or updated. ║
    ║ Please run the following command to download new browsers:              ║
    ║                                                                         ║
    ║     npx playwright install                                              ║
    ║                                                                         ║
    ║ <3 Playwright Team                                                      ║
    ╚═════════════════════════════════════════════════════════════════════════╝
]]>
</failure>
</testcase>
<testcase name="Notes Tests - Simple › validates note creation form" classname="notes-simple.test.ts" time="0.011">
<failure message="notes-simple.test.ts:85:3 validates note creation form" type="FAILURE">
<![CDATA[  [Mobile Safari] › notes-simple.test.ts:85:3 › Notes Tests - Simple › validates note creation form 

    Error: browserType.launch: Executable doesn't exist at C:\Users\Angelo A. Dela Cruz\AppData\Local\ms-playwright\webkit-2203\Playwright.exe
    ╔═════════════════════════════════════════════════════════════════════════╗
    ║ Looks like Playwright Test or Playwright was just installed or updated. ║
    ║ Please run the following command to download new browsers:              ║
    ║                                                                         ║
    ║     npx playwright install                                              ║
    ║                                                                         ║
    ║ <3 Playwright Team                                                      ║
    ╚═════════════════════════════════════════════════════════════════════════╝
]]>
</failure>
</testcase>
<testcase name="Notes Tests - Simple › can search notes" classname="notes-simple.test.ts" time="0.01">
<failure message="notes-simple.test.ts:102:3 can search notes" type="FAILURE">
<![CDATA[  [Mobile Safari] › notes-simple.test.ts:102:3 › Notes Tests - Simple › can search notes ───────────

    Error: browserType.launch: Executable doesn't exist at C:\Users\Angelo A. Dela Cruz\AppData\Local\ms-playwright\webkit-2203\Playwright.exe
    ╔═════════════════════════════════════════════════════════════════════════╗
    ║ Looks like Playwright Test or Playwright was just installed or updated. ║
    ║ Please run the following command to download new browsers:              ║
    ║                                                                         ║
    ║     npx playwright install                                              ║
    ║                                                                         ║
    ║ <3 Playwright Team                                                      ║
    ╚═════════════════════════════════════════════════════════════════════════╝
]]>
</failure>
</testcase>
</testsuite>
<testsuite name="notes.test.ts" timestamp="2025-09-10T03:45:18.181Z" hostname="Mobile Safari" tests="6" failures="6" skipped="0" time="0.055" errors="0">
<testcase name="Notes Management › should allow users to create notes" classname="notes.test.ts" time="0.01">
<failure message="notes.test.ts:7:3 should allow users to create notes" type="FAILURE">
<![CDATA[  [Mobile Safari] › notes.test.ts:7:3 › Notes Management › should allow users to create notes ──────

    Error: browserType.launch: Executable doesn't exist at C:\Users\Angelo A. Dela Cruz\AppData\Local\ms-playwright\webkit-2203\Playwright.exe
    ╔═════════════════════════════════════════════════════════════════════════╗
    ║ Looks like Playwright Test or Playwright was just installed or updated. ║
    ║ Please run the following command to download new browsers:              ║
    ║                                                                         ║
    ║     npx playwright install                                              ║
    ║                                                                         ║
    ║ <3 Playwright Team                                                      ║
    ╚═════════════════════════════════════════════════════════════════════════╝
]]>
</failure>
</testcase>
<testcase name="Notes Management › should allow users to edit notes" classname="notes.test.ts" time="0.009">
<failure message="notes.test.ts:34:3 should allow users to edit notes" type="FAILURE">
<![CDATA[  [Mobile Safari] › notes.test.ts:34:3 › Notes Management › should allow users to edit notes ───────

    Error: browserType.launch: Executable doesn't exist at C:\Users\Angelo A. Dela Cruz\AppData\Local\ms-playwright\webkit-2203\Playwright.exe
    ╔═════════════════════════════════════════════════════════════════════════╗
    ║ Looks like Playwright Test or Playwright was just installed or updated. ║
    ║ Please run the following command to download new browsers:              ║
    ║                                                                         ║
    ║     npx playwright install                                              ║
    ║                                                                         ║
    ║ <3 Playwright Team                                                      ║
    ╚═════════════════════════════════════════════════════════════════════════╝
]]>
</failure>
</testcase>
<testcase name="Notes Management › should allow users to delete notes" classname="notes.test.ts" time="0.009">
<failure message="notes.test.ts:66:1 should allow users to delete notes" type="FAILURE">
<![CDATA[  [Mobile Safari] › notes.test.ts:66:1 › Notes Management › should allow users to delete notes ─────

    Error: browserType.launch: Executable doesn't exist at C:\Users\Angelo A. Dela Cruz\AppData\Local\ms-playwright\webkit-2203\Playwright.exe
    ╔═════════════════════════════════════════════════════════════════════════╗
    ║ Looks like Playwright Test or Playwright was just installed or updated. ║
    ║ Please run the following command to download new browsers:              ║
    ║                                                                         ║
    ║     npx playwright install                                              ║
    ║                                                                         ║
    ║ <3 Playwright Team                                                      ║
    ╚═════════════════════════════════════════════════════════════════════════╝
]]>
</failure>
</testcase>
<testcase name="Notes Management › should validate required fields when creating a note" classname="notes.test.ts" time="0.009">
<failure message="notes.test.ts:89:3 should validate required fields when creating a note" type="FAILURE">
<![CDATA[  [Mobile Safari] › notes.test.ts:89:3 › Notes Management › should validate required fields when creating a note 

    Error: browserType.launch: Executable doesn't exist at C:\Users\Angelo A. Dela Cruz\AppData\Local\ms-playwright\webkit-2203\Playwright.exe
    ╔═════════════════════════════════════════════════════════════════════════╗
    ║ Looks like Playwright Test or Playwright was just installed or updated. ║
    ║ Please run the following command to download new browsers:              ║
    ║                                                                         ║
    ║     npx playwright install                                              ║
    ║                                                                         ║
    ║ <3 Playwright Team                                                      ║
    ╚═════════════════════════════════════════════════════════════════════════╝
]]>
</failure>
</testcase>
<testcase name="Notes Management › should search and filter notes" classname="notes.test.ts" time="0.006">
<failure message="notes.test.ts:111:3 should search and filter notes" type="FAILURE">
<![CDATA[  [Mobile Safari] › notes.test.ts:111:3 › Notes Management › should search and filter notes ────────

    Error: browserType.launch: Executable doesn't exist at C:\Users\Angelo A. Dela Cruz\AppData\Local\ms-playwright\webkit-2203\Playwright.exe
    ╔═════════════════════════════════════════════════════════════════════════╗
    ║ Looks like Playwright Test or Playwright was just installed or updated. ║
    ║ Please run the following command to download new browsers:              ║
    ║                                                                         ║
    ║     npx playwright install                                              ║
    ║                                                                         ║
    ║ <3 Playwright Team                                                      ║
    ╚═════════════════════════════════════════════════════════════════════════╝
]]>
</failure>
</testcase>
<testcase name="Notes Management › should handle long note content gracefully" classname="notes.test.ts" time="0.012">
<failure message="notes.test.ts:137:3 should handle long note content gracefully" type="FAILURE">
<![CDATA[  [Mobile Safari] › notes.test.ts:137:3 › Notes Management › should handle long note content gracefully 

    Error: browserType.launch: Executable doesn't exist at C:\Users\Angelo A. Dela Cruz\AppData\Local\ms-playwright\webkit-2203\Playwright.exe
    ╔═════════════════════════════════════════════════════════════════════════╗
    ║ Looks like Playwright Test or Playwright was just installed or updated. ║
    ║ Please run the following command to download new browsers:              ║
    ║                                                                         ║
    ║     npx playwright install                                              ║
    ║                                                                         ║
    ║ <3 Playwright Team                                                      ║
    ╚═════════════════════════════════════════════════════════════════════════╝
]]>
</failure>
</testcase>
</testsuite>
<testsuite name="projects-fixed.test.ts" timestamp="2025-09-10T03:45:18.181Z" hostname="Mobile Safari" tests="5" failures="5" skipped="0" time="0.046" errors="0">
<testcase name="Projects Management - Fixed › should access projects page when authenticated" classname="projects-fixed.test.ts" time="0.011">
<failure message="projects-fixed.test.ts:15:3 should access projects page when authenticated" type="FAILURE">
<![CDATA[  [Mobile Safari] › projects-fixed.test.ts:15:3 › Projects Management - Fixed › should access projects page when authenticated 

    Error: browserType.launch: Executable doesn't exist at C:\Users\Angelo A. Dela Cruz\AppData\Local\ms-playwright\webkit-2203\Playwright.exe
    ╔═════════════════════════════════════════════════════════════════════════╗
    ║ Looks like Playwright Test or Playwright was just installed or updated. ║
    ║ Please run the following command to download new browsers:              ║
    ║                                                                         ║
    ║     npx playwright install                                              ║
    ║                                                                         ║
    ║ <3 Playwright Team                                                      ║
    ╚═════════════════════════════════════════════════════════════════════════╝
]]>
</failure>
</testcase>
<testcase name="Projects Management - Fixed › should redirect to login when not authenticated" classname="projects-fixed.test.ts" time="0.007">
<failure message="projects-fixed.test.ts:29:3 should redirect to login when not authenticated" type="FAILURE">
<![CDATA[  [Mobile Safari] › projects-fixed.test.ts:29:3 › Projects Management - Fixed › should redirect to login when not authenticated 

    Error: browserType.launch: Executable doesn't exist at C:\Users\Angelo A. Dela Cruz\AppData\Local\ms-playwright\webkit-2203\Playwright.exe
    ╔═════════════════════════════════════════════════════════════════════════╗
    ║ Looks like Playwright Test or Playwright was just installed or updated. ║
    ║ Please run the following command to download new browsers:              ║
    ║                                                                         ║
    ║     npx playwright install                                              ║
    ║                                                                         ║
    ║ <3 Playwright Team                                                      ║
    ╚═════════════════════════════════════════════════════════════════════════╝
]]>
</failure>
</testcase>
<testcase name="Projects Management - Fixed › should handle project creation form" classname="projects-fixed.test.ts" time="0.009">
<failure message="projects-fixed.test.ts:45:3 should handle project creation form" type="FAILURE">
<![CDATA[  [Mobile Safari] › projects-fixed.test.ts:45:3 › Projects Management - Fixed › should handle project creation form 

    Error: browserType.launch: Executable doesn't exist at C:\Users\Angelo A. Dela Cruz\AppData\Local\ms-playwright\webkit-2203\Playwright.exe
    ╔═════════════════════════════════════════════════════════════════════════╗
    ║ Looks like Playwright Test or Playwright was just installed or updated. ║
    ║ Please run the following command to download new browsers:              ║
    ║                                                                         ║
    ║     npx playwright install                                              ║
    ║                                                                         ║
    ║ <3 Playwright Team                                                      ║
    ╚═════════════════════════════════════════════════════════════════════════╝
]]>
</failure>
</testcase>
<testcase name="Projects Management - Fixed › should display project list or empty state" classname="projects-fixed.test.ts" time="0.008">
<failure message="projects-fixed.test.ts:74:3 should display project list or empty state" type="FAILURE">
<![CDATA[  [Mobile Safari] › projects-fixed.test.ts:74:3 › Projects Management - Fixed › should display project list or empty state 

    Error: browserType.launch: Executable doesn't exist at C:\Users\Angelo A. Dela Cruz\AppData\Local\ms-playwright\webkit-2203\Playwright.exe
    ╔═════════════════════════════════════════════════════════════════════════╗
    ║ Looks like Playwright Test or Playwright was just installed or updated. ║
    ║ Please run the following command to download new browsers:              ║
    ║                                                                         ║
    ║     npx playwright install                                              ║
    ║                                                                         ║
    ║ <3 Playwright Team                                                      ║
    ╚═════════════════════════════════════════════════════════════════════════╝
]]>
</failure>
</testcase>
<testcase name="Projects Management - Fixed › should have search functionality" classname="projects-fixed.test.ts" time="0.011">
<failure message="projects-fixed.test.ts:91:3 should have search functionality" type="FAILURE">
<![CDATA[  [Mobile Safari] › projects-fixed.test.ts:91:3 › Projects Management - Fixed › should have search functionality 

    Error: browserType.launch: Executable doesn't exist at C:\Users\Angelo A. Dela Cruz\AppData\Local\ms-playwright\webkit-2203\Playwright.exe
    ╔═════════════════════════════════════════════════════════════════════════╗
    ║ Looks like Playwright Test or Playwright was just installed or updated. ║
    ║ Please run the following command to download new browsers:              ║
    ║                                                                         ║
    ║     npx playwright install                                              ║
    ║                                                                         ║
    ║ <3 Playwright Team                                                      ║
    ╚═════════════════════════════════════════════════════════════════════════╝
]]>
</failure>
</testcase>
</testsuite>
<testsuite name="projects-simple.test.ts" timestamp="2025-09-10T03:45:18.181Z" hostname="Mobile Safari" tests="8" failures="8" skipped="0" time="0.089" errors="0">
<testcase name="Projects Tests - Simple › requires authentication to access projects" classname="projects-simple.test.ts" time="0.011">
<failure message="projects-simple.test.ts:4:3 requires authentication to access projects" type="FAILURE">
<![CDATA[  [Mobile Safari] › projects-simple.test.ts:4:3 › Projects Tests - Simple › requires authentication to access projects 

    Error: browserType.launch: Executable doesn't exist at C:\Users\Angelo A. Dela Cruz\AppData\Local\ms-playwright\webkit-2203\Playwright.exe
    ╔═════════════════════════════════════════════════════════════════════════╗
    ║ Looks like Playwright Test or Playwright was just installed or updated. ║
    ║ Please run the following command to download new browsers:              ║
    ║                                                                         ║
    ║     npx playwright install                                              ║
    ║                                                                         ║
    ║ <3 Playwright Team                                                      ║
    ╚═════════════════════════════════════════════════════════════════════════╝
]]>
</failure>
</testcase>
<testcase name="Projects Tests - Simple › allows logged in users to view projects page" classname="projects-simple.test.ts" time="0.012">
<failure message="projects-simple.test.ts:13:3 allows logged in users to view projects page" type="FAILURE">
<![CDATA[  [Mobile Safari] › projects-simple.test.ts:13:3 › Projects Tests - Simple › allows logged in users to view projects page 

    Error: browserType.launch: Executable doesn't exist at C:\Users\Angelo A. Dela Cruz\AppData\Local\ms-playwright\webkit-2203\Playwright.exe
    ╔═════════════════════════════════════════════════════════════════════════╗
    ║ Looks like Playwright Test or Playwright was just installed or updated. ║
    ║ Please run the following command to download new browsers:              ║
    ║                                                                         ║
    ║     npx playwright install                                              ║
    ║                                                                         ║
    ║ <3 Playwright Team                                                      ║
    ╚═════════════════════════════════════════════════════════════════════════╝
]]>
</failure>
</testcase>
<testcase name="Projects Tests - Simple › shows project form fields" classname="projects-simple.test.ts" time="0.013">
<failure message="projects-simple.test.ts:32:3 shows project form fields" type="FAILURE">
<![CDATA[  [Mobile Safari] › projects-simple.test.ts:32:3 › Projects Tests - Simple › shows project form fields 

    Error: browserType.launch: Executable doesn't exist at C:\Users\Angelo A. Dela Cruz\AppData\Local\ms-playwright\webkit-2203\Playwright.exe
    ╔═════════════════════════════════════════════════════════════════════════╗
    ║ Looks like Playwright Test or Playwright was just installed or updated. ║
    ║ Please run the following command to download new browsers:              ║
    ║                                                                         ║
    ║     npx playwright install                                              ║
    ║                                                                         ║
    ║ <3 Playwright Team                                                      ║
    ╚═════════════════════════════════════════════════════════════════════════╝
]]>
</failure>
</testcase>
<testcase name="Projects Tests - Simple › validates required fields" classname="projects-simple.test.ts" time="0.018">
<failure message="projects-simple.test.ts:48:3 validates required fields" type="FAILURE">
<![CDATA[  [Mobile Safari] › projects-simple.test.ts:48:3 › Projects Tests - Simple › validates required fields 

    Error: browserType.launch: Executable doesn't exist at C:\Users\Angelo A. Dela Cruz\AppData\Local\ms-playwright\webkit-2203\Playwright.exe
    ╔═════════════════════════════════════════════════════════════════════════╗
    ║ Looks like Playwright Test or Playwright was just installed or updated. ║
    ║ Please run the following command to download new browsers:              ║
    ║                                                                         ║
    ║     npx playwright install                                              ║
    ║                                                                         ║
    ║ <3 Playwright Team                                                      ║
    ╚═════════════════════════════════════════════════════════════════════════╝
]]>
</failure>
</testcase>
<testcase name="Projects Tests - Simple › can fill project form" classname="projects-simple.test.ts" time="0.008">
<failure message="projects-simple.test.ts:78:3 can fill project form" type="FAILURE">
<![CDATA[  [Mobile Safari] › projects-simple.test.ts:78:3 › Projects Tests - Simple › can fill project form ─

    Error: browserType.launch: Executable doesn't exist at C:\Users\Angelo A. Dela Cruz\AppData\Local\ms-playwright\webkit-2203\Playwright.exe
    ╔═════════════════════════════════════════════════════════════════════════╗
    ║ Looks like Playwright Test or Playwright was just installed or updated. ║
    ║ Please run the following command to download new browsers:              ║
    ║                                                                         ║
    ║     npx playwright install                                              ║
    ║                                                                         ║
    ║ <3 Playwright Team                                                      ║
    ╚═════════════════════════════════════════════════════════════════════════╝
]]>
</failure>
</testcase>
<testcase name="Projects Tests - Simple › displays project content or form" classname="projects-simple.test.ts" time="0.008">
<failure message="projects-simple.test.ts:101:3 displays project content or form" type="FAILURE">
<![CDATA[  [Mobile Safari] › projects-simple.test.ts:101:3 › Projects Tests - Simple › displays project content or form 

    Error: browserType.launch: Executable doesn't exist at C:\Users\Angelo A. Dela Cruz\AppData\Local\ms-playwright\webkit-2203\Playwright.exe
    ╔═════════════════════════════════════════════════════════════════════════╗
    ║ Looks like Playwright Test or Playwright was just installed or updated. ║
    ║ Please run the following command to download new browsers:              ║
    ║                                                                         ║
    ║     npx playwright install                                              ║
    ║                                                                         ║
    ║ <3 Playwright Team                                                      ║
    ╚═════════════════════════════════════════════════════════════════════════╝
]]>
</failure>
</testcase>
<testcase name="Projects Tests - Simple › has search functionality" classname="projects-simple.test.ts" time="0.009">
<failure message="projects-simple.test.ts:124:3 has search functionality" type="FAILURE">
<![CDATA[  [Mobile Safari] › projects-simple.test.ts:124:3 › Projects Tests - Simple › has search functionality 

    Error: browserType.launch: Executable doesn't exist at C:\Users\Angelo A. Dela Cruz\AppData\Local\ms-playwright\webkit-2203\Playwright.exe
    ╔═════════════════════════════════════════════════════════════════════════╗
    ║ Looks like Playwright Test or Playwright was just installed or updated. ║
    ║ Please run the following command to download new browsers:              ║
    ║                                                                         ║
    ║     npx playwright install                                              ║
    ║                                                                         ║
    ║ <3 Playwright Team                                                      ║
    ╚═════════════════════════════════════════════════════════════════════════╝
]]>
</failure>
</testcase>
<testcase name="Projects Tests - Simple › has proper page structure" classname="projects-simple.test.ts" time="0.01">
<failure message="projects-simple.test.ts:148:3 has proper page structure" type="FAILURE">
<![CDATA[  [Mobile Safari] › projects-simple.test.ts:148:3 › Projects Tests - Simple › has proper page structure 

    Error: browserType.launch: Executable doesn't exist at C:\Users\Angelo A. Dela Cruz\AppData\Local\ms-playwright\webkit-2203\Playwright.exe
    ╔═════════════════════════════════════════════════════════════════════════╗
    ║ Looks like Playwright Test or Playwright was just installed or updated. ║
    ║ Please run the following command to download new browsers:              ║
    ║                                                                         ║
    ║     npx playwright install                                              ║
    ║                                                                         ║
    ║ <3 Playwright Team                                                      ║
    ╚═════════════════════════════════════════════════════════════════════════╝
]]>
</failure>
</testcase>
</testsuite>
<testsuite name="projects.test.ts" timestamp="2025-09-10T03:45:18.181Z" hostname="Mobile Safari" tests="9" failures="9" skipped="0" time="0.101" errors="0">
<testcase name="Projects Management › should require authentication to access projects" classname="projects.test.ts" time="0.021">
<failure message="projects.test.ts:7:3 should require authentication to access projects" type="FAILURE">
<![CDATA[  [Mobile Safari] › projects.test.ts:7:3 › Projects Management › should require authentication to access projects 

    Error: browserType.launch: Executable doesn't exist at C:\Users\Angelo A. Dela Cruz\AppData\Local\ms-playwright\webkit-2203\Playwright.exe
    ╔═════════════════════════════════════════════════════════════════════════╗
    ║ Looks like Playwright Test or Playwright was just installed or updated. ║
    ║ Please run the following command to download new browsers:              ║
    ║                                                                         ║
    ║     npx playwright install                                              ║
    ║                                                                         ║
    ║ <3 Playwright Team                                                      ║
    ╚═════════════════════════════════════════════════════════════════════════╝
]]>
</failure>
</testcase>
<testcase name="Projects Management › should allow logged in users to view projects page" classname="projects.test.ts" time="0.011">
<failure message="projects.test.ts:16:3 should allow logged in users to view projects page" type="FAILURE">
<![CDATA[  [Mobile Safari] › projects.test.ts:16:3 › Projects Management › should allow logged in users to view projects page 

    Error: browserType.launch: Executable doesn't exist at C:\Users\Angelo A. Dela Cruz\AppData\Local\ms-playwright\webkit-2203\Playwright.exe
    ╔═════════════════════════════════════════════════════════════════════════╗
    ║ Looks like Playwright Test or Playwright was just installed or updated. ║
    ║ Please run the following command to download new browsers:              ║
    ║                                                                         ║
    ║     npx playwright install                                              ║
    ║                                                                         ║
    ║ <3 Playwright Team                                                      ║
    ╚═════════════════════════════════════════════════════════════════════════╝
]]>
</failure>
</testcase>
<testcase name="Projects Management › should allow users to create a new project" classname="projects.test.ts" time="0.008">
<failure message="projects.test.ts:37:3 should allow users to create a new project" type="FAILURE">
<![CDATA[  [Mobile Safari] › projects.test.ts:37:3 › Projects Management › should allow users to create a new project 

    Error: browserType.launch: Executable doesn't exist at C:\Users\Angelo A. Dela Cruz\AppData\Local\ms-playwright\webkit-2203\Playwright.exe
    ╔═════════════════════════════════════════════════════════════════════════╗
    ║ Looks like Playwright Test or Playwright was just installed or updated. ║
    ║ Please run the following command to download new browsers:              ║
    ║                                                                         ║
    ║     npx playwright install                                              ║
    ║                                                                         ║
    ║ <3 Playwright Team                                                      ║
    ╚═════════════════════════════════════════════════════════════════════════╝
]]>
</failure>
</testcase>
<testcase name="Projects Management › should validate required fields when creating a project" classname="projects.test.ts" time="0.014">
<failure message="projects.test.ts:66:3 should validate required fields when creating a project" type="FAILURE">
<![CDATA[  [Mobile Safari] › projects.test.ts:66:3 › Projects Management › should validate required fields when creating a project 

    Error: browserType.launch: Executable doesn't exist at C:\Users\Angelo A. Dela Cruz\AppData\Local\ms-playwright\webkit-2203\Playwright.exe
    ╔═════════════════════════════════════════════════════════════════════════╗
    ║ Looks like Playwright Test or Playwright was just installed or updated. ║
    ║ Please run the following command to download new browsers:              ║
    ║                                                                         ║
    ║     npx playwright install                                              ║
    ║                                                                         ║
    ║ <3 Playwright Team                                                      ║
    ╚═════════════════════════════════════════════════════════════════════════╝
]]>
</failure>
</testcase>
<testcase name="Projects Management › should allow users to edit an existing project" classname="projects.test.ts" time="0.008">
<failure message="projects.test.ts:104:3 should allow users to edit an existing project" type="FAILURE">
<![CDATA[  [Mobile Safari] › projects.test.ts:104:3 › Projects Management › should allow users to edit an existing project 

    Error: browserType.launch: Executable doesn't exist at C:\Users\Angelo A. Dela Cruz\AppData\Local\ms-playwright\webkit-2203\Playwright.exe
    ╔═════════════════════════════════════════════════════════════════════════╗
    ║ Looks like Playwright Test or Playwright was just installed or updated. ║
    ║ Please run the following command to download new browsers:              ║
    ║                                                                         ║
    ║     npx playwright install                                              ║
    ║                                                                         ║
    ║ <3 Playwright Team                                                      ║
    ╚═════════════════════════════════════════════════════════════════════════╝
]]>
</failure>
</testcase>
<testcase name="Projects Management › should allow users to delete a project" classname="projects.test.ts" time="0.008">
<failure message="projects.test.ts:139:3 should allow users to delete a project" type="FAILURE">
<![CDATA[  [Mobile Safari] › projects.test.ts:139:3 › Projects Management › should allow users to delete a project 

    Error: browserType.launch: Executable doesn't exist at C:\Users\Angelo A. Dela Cruz\AppData\Local\ms-playwright\webkit-2203\Playwright.exe
    ╔═════════════════════════════════════════════════════════════════════════╗
    ║ Looks like Playwright Test or Playwright was just installed or updated. ║
    ║ Please run the following command to download new browsers:              ║
    ║                                                                         ║
    ║     npx playwright install                                              ║
    ║                                                                         ║
    ║ <3 Playwright Team                                                      ║
    ╚═════════════════════════════════════════════════════════════════════════╝
]]>
</failure>
</testcase>
<testcase name="Projects Management › should display empty state when no projects exist" classname="projects.test.ts" time="0.01">
<failure message="projects.test.ts:177:3 should display empty state when no projects exist" type="FAILURE">
<![CDATA[  [Mobile Safari] › projects.test.ts:177:3 › Projects Management › should display empty state when no projects exist 

    Error: browserType.launch: Executable doesn't exist at C:\Users\Angelo A. Dela Cruz\AppData\Local\ms-playwright\webkit-2203\Playwright.exe
    ╔═════════════════════════════════════════════════════════════════════════╗
    ║ Looks like Playwright Test or Playwright was just installed or updated. ║
    ║ Please run the following command to download new browsers:              ║
    ║                                                                         ║
    ║     npx playwright install                                              ║
    ║                                                                         ║
    ║ <3 Playwright Team                                                      ║
    ╚═════════════════════════════════════════════════════════════════════════╝
]]>
</failure>
</testcase>
<testcase name="Projects Management › should handle project search/filter" classname="projects.test.ts" time="0.011">
<failure message="projects.test.ts:205:3 should handle project search/filter" type="FAILURE">
<![CDATA[  [Mobile Safari] › projects.test.ts:205:3 › Projects Management › should handle project search/filter 

    Error: browserType.launch: Executable doesn't exist at C:\Users\Angelo A. Dela Cruz\AppData\Local\ms-playwright\webkit-2203\Playwright.exe
    ╔═════════════════════════════════════════════════════════════════════════╗
    ║ Looks like Playwright Test or Playwright was just installed or updated. ║
    ║ Please run the following command to download new browsers:              ║
    ║                                                                         ║
    ║     npx playwright install                                              ║
    ║                                                                         ║
    ║ <3 Playwright Team                                                      ║
    ╚═════════════════════════════════════════════════════════════════════════╝
]]>
</failure>
</testcase>
<testcase name="Projects Management › should handle concurrent project operations" classname="projects.test.ts" time="0.01">
<failure message="projects.test.ts:231:3 should handle concurrent project operations" type="FAILURE">
<![CDATA[  [Mobile Safari] › projects.test.ts:231:3 › Projects Management › should handle concurrent project operations 

    Error: browserType.launch: Executable doesn't exist at C:\Users\Angelo A. Dela Cruz\AppData\Local\ms-playwright\webkit-2203\Playwright.exe
    ╔═════════════════════════════════════════════════════════════════════════╗
    ║ Looks like Playwright Test or Playwright was just installed or updated. ║
    ║ Please run the following command to download new browsers:              ║
    ║                                                                         ║
    ║     npx playwright install                                              ║
    ║                                                                         ║
    ║ <3 Playwright Team                                                      ║
    ╚═════════════════════════════════════════════════════════════════════════╝
]]>
</failure>
</testcase>
</testsuite>
<testsuite name="roles-assignment-basic.test.ts" timestamp="2025-09-10T03:45:18.181Z" hostname="Mobile Safari" tests="10" failures="10" skipped="0" time="0.096" errors="0">
<testcase name="Roles and Permissions Basic Tests › should require authentication for protected routes" classname="roles-assignment-basic.test.ts" time="0.009">
<failure message="roles-assignment-basic.test.ts:9:3 should require authentication for protected routes" type="FAILURE">
<![CDATA[  [Mobile Safari] › roles-assignment-basic.test.ts:9:3 › Roles and Permissions Basic Tests › should require authentication for protected routes 

    Error: browserType.launch: Executable doesn't exist at C:\Users\Angelo A. Dela Cruz\AppData\Local\ms-playwright\webkit-2203\Playwright.exe
    ╔═════════════════════════════════════════════════════════════════════════╗
    ║ Looks like Playwright Test or Playwright was just installed or updated. ║
    ║ Please run the following command to download new browsers:              ║
    ║                                                                         ║
    ║     npx playwright install                                              ║
    ║                                                                         ║
    ║ <3 Playwright Team                                                      ║
    ╚═════════════════════════════════════════════════════════════════════════╝
]]>
</failure>
</testcase>
<testcase name="Roles and Permissions Basic Tests › should allow authenticated access to resources" classname="roles-assignment-basic.test.ts" time="0.011">
<failure message="roles-assignment-basic.test.ts:27:3 should allow authenticated access to resources" type="FAILURE">
<![CDATA[  [Mobile Safari] › roles-assignment-basic.test.ts:27:3 › Roles and Permissions Basic Tests › should allow authenticated access to resources 

    Error: browserType.launch: Executable doesn't exist at C:\Users\Angelo A. Dela Cruz\AppData\Local\ms-playwright\webkit-2203\Playwright.exe
    ╔═════════════════════════════════════════════════════════════════════════╗
    ║ Looks like Playwright Test or Playwright was just installed or updated. ║
    ║ Please run the following command to download new browsers:              ║
    ║                                                                         ║
    ║     npx playwright install                                              ║
    ║                                                                         ║
    ║ <3 Playwright Team                                                      ║
    ╚═════════════════════════════════════════════════════════════════════════╝
]]>
</failure>
</testcase>
<testcase name="Roles and Permissions Basic Tests › should show appropriate CRUD permissions for notes" classname="roles-assignment-basic.test.ts" time="0.008">
<failure message="roles-assignment-basic.test.ts:56:3 should show appropriate CRUD permissions for notes" type="FAILURE">
<![CDATA[  [Mobile Safari] › roles-assignment-basic.test.ts:56:3 › Roles and Permissions Basic Tests › should show appropriate CRUD permissions for notes 

    Error: browserType.launch: Executable doesn't exist at C:\Users\Angelo A. Dela Cruz\AppData\Local\ms-playwright\webkit-2203\Playwright.exe
    ╔═════════════════════════════════════════════════════════════════════════╗
    ║ Looks like Playwright Test or Playwright was just installed or updated. ║
    ║ Please run the following command to download new browsers:              ║
    ║                                                                         ║
    ║     npx playwright install                                              ║
    ║                                                                         ║
    ║ <3 Playwright Team                                                      ║
    ╚═════════════════════════════════════════════════════════════════════════╝
]]>
</failure>
</testcase>
<testcase name="Roles and Permissions Basic Tests › should handle project permissions correctly" classname="roles-assignment-basic.test.ts" time="0.009">
<failure message="roles-assignment-basic.test.ts:78:3 should handle project permissions correctly" type="FAILURE">
<![CDATA[  [Mobile Safari] › roles-assignment-basic.test.ts:78:3 › Roles and Permissions Basic Tests › should handle project permissions correctly 

    Error: browserType.launch: Executable doesn't exist at C:\Users\Angelo A. Dela Cruz\AppData\Local\ms-playwright\webkit-2203\Playwright.exe
    ╔═════════════════════════════════════════════════════════════════════════╗
    ║ Looks like Playwright Test or Playwright was just installed or updated. ║
    ║ Please run the following command to download new browsers:              ║
    ║                                                                         ║
    ║     npx playwright install                                              ║
    ║                                                                         ║
    ║ <3 Playwright Team                                                      ║
    ╚═════════════════════════════════════════════════════════════════════════╝
]]>
</failure>
</testcase>
<testcase name="Roles and Permissions Basic Tests › should handle timesheet permissions correctly" classname="roles-assignment-basic.test.ts" time="0.006">
<failure message="roles-assignment-basic.test.ts:100:3 should handle timesheet permissions correctly" type="FAILURE">
<![CDATA[  [Mobile Safari] › roles-assignment-basic.test.ts:100:3 › Roles and Permissions Basic Tests › should handle timesheet permissions correctly 

    Error: browserType.launch: Executable doesn't exist at C:\Users\Angelo A. Dela Cruz\AppData\Local\ms-playwright\webkit-2203\Playwright.exe
    ╔═════════════════════════════════════════════════════════════════════════╗
    ║ Looks like Playwright Test or Playwright was just installed or updated. ║
    ║ Please run the following command to download new browsers:              ║
    ║                                                                         ║
    ║     npx playwright install                                              ║
    ║                                                                         ║
    ║ <3 Playwright Team                                                      ║
    ╚═════════════════════════════════════════════════════════════════════════╝
]]>
</failure>
</testcase>
<testcase name="Roles and Permissions Basic Tests › should handle session correctly" classname="roles-assignment-basic.test.ts" time="0.012">
<failure message="roles-assignment-basic.test.ts:125:3 should handle session correctly" type="FAILURE">
<![CDATA[  [Mobile Safari] › roles-assignment-basic.test.ts:125:3 › Roles and Permissions Basic Tests › should handle session correctly 

    Error: browserType.launch: Executable doesn't exist at C:\Users\Angelo A. Dela Cruz\AppData\Local\ms-playwright\webkit-2203\Playwright.exe
    ╔═════════════════════════════════════════════════════════════════════════╗
    ║ Looks like Playwright Test or Playwright was just installed or updated. ║
    ║ Please run the following command to download new browsers:              ║
    ║                                                                         ║
    ║     npx playwright install                                              ║
    ║                                                                         ║
    ║ <3 Playwright Team                                                      ║
    ╚═════════════════════════════════════════════════════════════════════════╝
]]>
</failure>
</testcase>
<testcase name="Roles and Permissions Basic Tests › should prevent unauthorized API access" classname="roles-assignment-basic.test.ts" time="0.015">
<failure message="roles-assignment-basic.test.ts:150:3 should prevent unauthorized API access" type="FAILURE">
<![CDATA[  [Mobile Safari] › roles-assignment-basic.test.ts:150:3 › Roles and Permissions Basic Tests › should prevent unauthorized API access 

    Error: browserType.launch: Executable doesn't exist at C:\Users\Angelo A. Dela Cruz\AppData\Local\ms-playwright\webkit-2203\Playwright.exe
    ╔═════════════════════════════════════════════════════════════════════════╗
    ║ Looks like Playwright Test or Playwright was just installed or updated. ║
    ║ Please run the following command to download new browsers:              ║
    ║                                                                         ║
    ║     npx playwright install                                              ║
    ║                                                                         ║
    ║ <3 Playwright Team                                                      ║
    ╚═════════════════════════════════════════════════════════════════════════╝
]]>
</failure>
</testcase>
<testcase name="Roles and Permissions Basic Tests › should show correct UI for authenticated user" classname="roles-assignment-basic.test.ts" time="0.008">
<failure message="roles-assignment-basic.test.ts:163:3 should show correct UI for authenticated user" type="FAILURE">
<![CDATA[  [Mobile Safari] › roles-assignment-basic.test.ts:163:3 › Roles and Permissions Basic Tests › should show correct UI for authenticated user 

    Error: browserType.launch: Executable doesn't exist at C:\Users\Angelo A. Dela Cruz\AppData\Local\ms-playwright\webkit-2203\Playwright.exe
    ╔═════════════════════════════════════════════════════════════════════════╗
    ║ Looks like Playwright Test or Playwright was just installed or updated. ║
    ║ Please run the following command to download new browsers:              ║
    ║                                                                         ║
    ║     npx playwright install                                              ║
    ║                                                                         ║
    ║ <3 Playwright Team                                                      ║
    ╚═════════════════════════════════════════════════════════════════════════╝
]]>
</failure>
</testcase>
<testcase name="Roles and Permissions Basic Tests › should handle cross-user access appropriately" classname="roles-assignment-basic.test.ts" time="0.009">
<failure message="roles-assignment-basic.test.ts:186:3 should handle cross-user access appropriately" type="FAILURE">
<![CDATA[  [Mobile Safari] › roles-assignment-basic.test.ts:186:3 › Roles and Permissions Basic Tests › should handle cross-user access appropriately 

    Error: browserType.launch: Executable doesn't exist at C:\Users\Angelo A. Dela Cruz\AppData\Local\ms-playwright\webkit-2203\Playwright.exe
    ╔═════════════════════════════════════════════════════════════════════════╗
    ║ Looks like Playwright Test or Playwright was just installed or updated. ║
    ║ Please run the following command to download new browsers:              ║
    ║                                                                         ║
    ║     npx playwright install                                              ║
    ║                                                                         ║
    ║ <3 Playwright Team                                                      ║
    ╚═════════════════════════════════════════════════════════════════════════╝
]]>
</failure>
</testcase>
<testcase name="Roles and Permissions Basic Tests › should create and manage notes with proper permissions" classname="roles-assignment-basic.test.ts" time="0.009">
<failure message="roles-assignment-basic.test.ts:212:3 should create and manage notes with proper permissions" type="FAILURE">
<![CDATA[  [Mobile Safari] › roles-assignment-basic.test.ts:212:3 › Roles and Permissions Basic Tests › should create and manage notes with proper permissions 

    Error: browserType.launch: Executable doesn't exist at C:\Users\Angelo A. Dela Cruz\AppData\Local\ms-playwright\webkit-2203\Playwright.exe
    ╔═════════════════════════════════════════════════════════════════════════╗
    ║ Looks like Playwright Test or Playwright was just installed or updated. ║
    ║ Please run the following command to download new browsers:              ║
    ║                                                                         ║
    ║     npx playwright install                                              ║
    ║                                                                         ║
    ║ <3 Playwright Team                                                      ║
    ╚═════════════════════════════════════════════════════════════════════════╝
]]>
</failure>
</testcase>
</testsuite>
<testsuite name="roles-assignment-fixed.test.ts" timestamp="2025-09-10T03:45:18.181Z" hostname="Mobile Safari" tests="12" failures="12" skipped="0" time="0.101" errors="0">
<testcase name="Roles and Assignment Tests - Fixed › should enforce authentication on protected routes" classname="roles-assignment-fixed.test.ts" time="0.009">
<failure message="roles-assignment-fixed.test.ts:7:3 should enforce authentication on protected routes" type="FAILURE">
<![CDATA[  [Mobile Safari] › roles-assignment-fixed.test.ts:7:3 › Roles and Assignment Tests - Fixed › should enforce authentication on protected routes 

    Error: browserType.launch: Executable doesn't exist at C:\Users\Angelo A. Dela Cruz\AppData\Local\ms-playwright\webkit-2203\Playwright.exe
    ╔═════════════════════════════════════════════════════════════════════════╗
    ║ Looks like Playwright Test or Playwright was just installed or updated. ║
    ║ Please run the following command to download new browsers:              ║
    ║                                                                         ║
    ║     npx playwright install                                              ║
    ║                                                                         ║
    ║ <3 Playwright Team                                                      ║
    ╚═════════════════════════════════════════════════════════════════════════╝
]]>
</failure>
</testcase>
<testcase name="Roles and Assignment Tests - Fixed › should allow access to own resources" classname="roles-assignment-fixed.test.ts" time="0.008">
<failure message="roles-assignment-fixed.test.ts:29:3 should allow access to own resources" type="FAILURE">
<![CDATA[  [Mobile Safari] › roles-assignment-fixed.test.ts:29:3 › Roles and Assignment Tests - Fixed › should allow access to own resources 

    Error: browserType.launch: Executable doesn't exist at C:\Users\Angelo A. Dela Cruz\AppData\Local\ms-playwright\webkit-2203\Playwright.exe
    ╔═════════════════════════════════════════════════════════════════════════╗
    ║ Looks like Playwright Test or Playwright was just installed or updated. ║
    ║ Please run the following command to download new browsers:              ║
    ║                                                                         ║
    ║     npx playwright install                                              ║
    ║                                                                         ║
    ║ <3 Playwright Team                                                      ║
    ╚═════════════════════════════════════════════════════════════════════════╝
]]>
</failure>
</testcase>
<testcase name="Roles and Assignment Tests - Fixed › should show appropriate actions based on permissions" classname="roles-assignment-fixed.test.ts" time="0.006">
<failure message="roles-assignment-fixed.test.ts:52:3 should show appropriate actions based on permissions" type="FAILURE">
<![CDATA[  [Mobile Safari] › roles-assignment-fixed.test.ts:52:3 › Roles and Assignment Tests - Fixed › should show appropriate actions based on permissions 

    Error: browserType.launch: Executable doesn't exist at C:\Users\Angelo A. Dela Cruz\AppData\Local\ms-playwright\webkit-2203\Playwright.exe
    ╔═════════════════════════════════════════════════════════════════════════╗
    ║ Looks like Playwright Test or Playwright was just installed or updated. ║
    ║ Please run the following command to download new browsers:              ║
    ║                                                                         ║
    ║     npx playwright install                                              ║
    ║                                                                         ║
    ║ <3 Playwright Team                                                      ║
    ╚═════════════════════════════════════════════════════════════════════════╝
]]>
</failure>
</testcase>
<testcase name="Roles and Assignment Tests - Fixed › should handle project permissions" classname="roles-assignment-fixed.test.ts" time="0.008">
<failure message="roles-assignment-fixed.test.ts:76:3 should handle project permissions" type="FAILURE">
<![CDATA[  [Mobile Safari] › roles-assignment-fixed.test.ts:76:3 › Roles and Assignment Tests - Fixed › should handle project permissions 

    Error: browserType.launch: Executable doesn't exist at C:\Users\Angelo A. Dela Cruz\AppData\Local\ms-playwright\webkit-2203\Playwright.exe
    ╔═════════════════════════════════════════════════════════════════════════╗
    ║ Looks like Playwright Test or Playwright was just installed or updated. ║
    ║ Please run the following command to download new browsers:              ║
    ║                                                                         ║
    ║     npx playwright install                                              ║
    ║                                                                         ║
    ║ <3 Playwright Team                                                      ║
    ╚═════════════════════════════════════════════════════════════════════════╝
]]>
</failure>
</testcase>
<testcase name="Roles and Assignment Tests - Fixed › should handle timesheet permissions" classname="roles-assignment-fixed.test.ts" time="0.01">
<failure message="roles-assignment-fixed.test.ts:104:3 should handle timesheet permissions" type="FAILURE">
<![CDATA[  [Mobile Safari] › roles-assignment-fixed.test.ts:104:3 › Roles and Assignment Tests - Fixed › should handle timesheet permissions 

    Error: browserType.launch: Executable doesn't exist at C:\Users\Angelo A. Dela Cruz\AppData\Local\ms-playwright\webkit-2203\Playwright.exe
    ╔═════════════════════════════════════════════════════════════════════════╗
    ║ Looks like Playwright Test or Playwright was just installed or updated. ║
    ║ Please run the following command to download new browsers:              ║
    ║                                                                         ║
    ║     npx playwright install                                              ║
    ║                                                                         ║
    ║ <3 Playwright Team                                                      ║
    ╚═════════════════════════════════════════════════════════════════════════╝
]]>
</failure>
</testcase>
<testcase name="Roles and Assignment Tests - Fixed › should not show admin features to regular users" classname="roles-assignment-fixed.test.ts" time="0.007">
<failure message="roles-assignment-fixed.test.ts:131:3 should not show admin features to regular users" type="FAILURE">
<![CDATA[  [Mobile Safari] › roles-assignment-fixed.test.ts:131:3 › Roles and Assignment Tests - Fixed › should not show admin features to regular users 

    Error: browserType.launch: Executable doesn't exist at C:\Users\Angelo A. Dela Cruz\AppData\Local\ms-playwright\webkit-2203\Playwright.exe
    ╔═════════════════════════════════════════════════════════════════════════╗
    ║ Looks like Playwright Test or Playwright was just installed or updated. ║
    ║ Please run the following command to download new browsers:              ║
    ║                                                                         ║
    ║     npx playwright install                                              ║
    ║                                                                         ║
    ║ <3 Playwright Team                                                      ║
    ╚═════════════════════════════════════════════════════════════════════════╝
]]>
</failure>
</testcase>
<testcase name="Roles and Assignment Tests - Fixed › should maintain session across navigation" classname="roles-assignment-fixed.test.ts" time="0.01">
<failure message="roles-assignment-fixed.test.ts:159:3 should maintain session across navigation" type="FAILURE">
<![CDATA[  [Mobile Safari] › roles-assignment-fixed.test.ts:159:3 › Roles and Assignment Tests - Fixed › should maintain session across navigation 

    Error: browserType.launch: Executable doesn't exist at C:\Users\Angelo A. Dela Cruz\AppData\Local\ms-playwright\webkit-2203\Playwright.exe
    ╔═════════════════════════════════════════════════════════════════════════╗
    ║ Looks like Playwright Test or Playwright was just installed or updated. ║
    ║ Please run the following command to download new browsers:              ║
    ║                                                                         ║
    ║     npx playwright install                                              ║
    ║                                                                         ║
    ║ <3 Playwright Team                                                      ║
    ╚═════════════════════════════════════════════════════════════════════════╝
]]>
</failure>
</testcase>
<testcase name="Roles and Assignment Tests - Fixed › should handle session expiration" classname="roles-assignment-fixed.test.ts" time="0.01">
<failure message="roles-assignment-fixed.test.ts:184:3 should handle session expiration" type="FAILURE">
<![CDATA[  [Mobile Safari] › roles-assignment-fixed.test.ts:184:3 › Roles and Assignment Tests - Fixed › should handle session expiration 

    Error: browserType.launch: Executable doesn't exist at C:\Users\Angelo A. Dela Cruz\AppData\Local\ms-playwright\webkit-2203\Playwright.exe
    ╔═════════════════════════════════════════════════════════════════════════╗
    ║ Looks like Playwright Test or Playwright was just installed or updated. ║
    ║ Please run the following command to download new browsers:              ║
    ║                                                                         ║
    ║     npx playwright install                                              ║
    ║                                                                         ║
    ║ <3 Playwright Team                                                      ║
    ╚═════════════════════════════════════════════════════════════════════════╝
]]>
</failure>
</testcase>
<testcase name="Roles and Assignment Tests - Fixed › should validate API access control" classname="roles-assignment-fixed.test.ts" time="0.007">
<failure message="roles-assignment-fixed.test.ts:202:3 should validate API access control" type="FAILURE">
<![CDATA[  [Mobile Safari] › roles-assignment-fixed.test.ts:202:3 › Roles and Assignment Tests - Fixed › should validate API access control 

    Error: browserType.launch: Executable doesn't exist at C:\Users\Angelo A. Dela Cruz\AppData\Local\ms-playwright\webkit-2203\Playwright.exe
    ╔═════════════════════════════════════════════════════════════════════════╗
    ║ Looks like Playwright Test or Playwright was just installed or updated. ║
    ║ Please run the following command to download new browsers:              ║
    ║                                                                         ║
    ║     npx playwright install                                              ║
    ║                                                                         ║
    ║ <3 Playwright Team                                                      ║
    ╚═════════════════════════════════════════════════════════════════════════╝
]]>
</failure>
</testcase>
<testcase name="Roles and Assignment Tests - Fixed › should prevent cross-user data access" classname="roles-assignment-fixed.test.ts" time="0.008">
<failure message="roles-assignment-fixed.test.ts:229:3 should prevent cross-user data access" type="FAILURE">
<![CDATA[  [Mobile Safari] › roles-assignment-fixed.test.ts:229:3 › Roles and Assignment Tests - Fixed › should prevent cross-user data access 

    Error: browserType.launch: Executable doesn't exist at C:\Users\Angelo A. Dela Cruz\AppData\Local\ms-playwright\webkit-2203\Playwright.exe
    ╔═════════════════════════════════════════════════════════════════════════╗
    ║ Looks like Playwright Test or Playwright was just installed or updated. ║
    ║ Please run the following command to download new browsers:              ║
    ║                                                                         ║
    ║     npx playwright install                                              ║
    ║                                                                         ║
    ║ <3 Playwright Team                                                      ║
    ╚═════════════════════════════════════════════════════════════════════════╝
]]>
</failure>
</testcase>
<testcase name="Roles and Assignment Tests - Fixed › should show user-specific UI elements" classname="roles-assignment-fixed.test.ts" time="0.008">
<failure message="roles-assignment-fixed.test.ts:249:3 should show user-specific UI elements" type="FAILURE">
<![CDATA[  [Mobile Safari] › roles-assignment-fixed.test.ts:249:3 › Roles and Assignment Tests - Fixed › should show user-specific UI elements 

    Error: browserType.launch: Executable doesn't exist at C:\Users\Angelo A. Dela Cruz\AppData\Local\ms-playwright\webkit-2203\Playwright.exe
    ╔═════════════════════════════════════════════════════════════════════════╗
    ║ Looks like Playwright Test or Playwright was just installed or updated. ║
    ║ Please run the following command to download new browsers:              ║
    ║                                                                         ║
    ║     npx playwright install                                              ║
    ║                                                                         ║
    ║ <3 Playwright Team                                                      ║
    ╚═════════════════════════════════════════════════════════════════════════╝
]]>
</failure>
</testcase>
<testcase name="Roles and Assignment Tests - Fixed › should handle CRUD operations based on ownership" classname="roles-assignment-fixed.test.ts" time="0.01">
<failure message="roles-assignment-fixed.test.ts:271:3 should handle CRUD operations based on ownership" type="FAILURE">
<![CDATA[  [Mobile Safari] › roles-assignment-fixed.test.ts:271:3 › Roles and Assignment Tests - Fixed › should handle CRUD operations based on ownership 

    Error: browserType.launch: Executable doesn't exist at C:\Users\Angelo A. Dela Cruz\AppData\Local\ms-playwright\webkit-2203\Playwright.exe
    ╔═════════════════════════════════════════════════════════════════════════╗
    ║ Looks like Playwright Test or Playwright was just installed or updated. ║
    ║ Please run the following command to download new browsers:              ║
    ║                                                                         ║
    ║     npx playwright install                                              ║
    ║                                                                         ║
    ║ <3 Playwright Team                                                      ║
    ╚═════════════════════════════════════════════════════════════════════════╝
]]>
</failure>
</testcase>
</testsuite>
<testsuite name="roles-permissions.test.ts" timestamp="2025-09-10T03:45:18.181Z" hostname="Mobile Safari" tests="12" failures="12" skipped="0" time="0.128" errors="0">
<testcase name="Roles and Permissions › should restrict admin features to admin users" classname="roles-permissions.test.ts" time="0.01">
<failure message="roles-permissions.test.ts:13:3 should restrict admin features to admin users" type="FAILURE">
<![CDATA[  [Mobile Safari] › roles-permissions.test.ts:13:3 › Roles and Permissions › should restrict admin features to admin users 

    Error: browserType.launch: Executable doesn't exist at C:\Users\Angelo A. Dela Cruz\AppData\Local\ms-playwright\webkit-2203\Playwright.exe
    ╔═════════════════════════════════════════════════════════════════════════╗
    ║ Looks like Playwright Test or Playwright was just installed or updated. ║
    ║ Please run the following command to download new browsers:              ║
    ║                                                                         ║
    ║     npx playwright install                                              ║
    ║                                                                         ║
    ║ <3 Playwright Team                                                      ║
    ╚═════════════════════════════════════════════════════════════════════════╝
]]>
</failure>
</testcase>
<testcase name="Roles and Permissions › should allow different users to have different permissions" classname="roles-permissions.test.ts" time="0.009">
<failure message="roles-permissions.test.ts:26:3 should allow different users to have different permissions" type="FAILURE">
<![CDATA[  [Mobile Safari] › roles-permissions.test.ts:26:3 › Roles and Permissions › should allow different users to have different permissions 

    Error: browserType.launch: Executable doesn't exist at C:\Users\Angelo A. Dela Cruz\AppData\Local\ms-playwright\webkit-2203\Playwright.exe
    ╔═════════════════════════════════════════════════════════════════════════╗
    ║ Looks like Playwright Test or Playwright was just installed or updated. ║
    ║ Please run the following command to download new browsers:              ║
    ║                                                                         ║
    ║     npx playwright install                                              ║
    ║                                                                         ║
    ║ <3 Playwright Team                                                      ║
    ╚═════════════════════════════════════════════════════════════════════════╝
]]>
</failure>
</testcase>
<testcase name="Roles and Permissions › should enforce ownership rules on notes" classname="roles-permissions.test.ts" time="0.011">
<failure message="roles-permissions.test.ts:38:3 should enforce ownership rules on notes" type="FAILURE">
<![CDATA[  [Mobile Safari] › roles-permissions.test.ts:38:3 › Roles and Permissions › should enforce ownership rules on notes 

    Error: browserType.launch: Executable doesn't exist at C:\Users\Angelo A. Dela Cruz\AppData\Local\ms-playwright\webkit-2203\Playwright.exe
    ╔═════════════════════════════════════════════════════════════════════════╗
    ║ Looks like Playwright Test or Playwright was just installed or updated. ║
    ║ Please run the following command to download new browsers:              ║
    ║                                                                         ║
    ║     npx playwright install                                              ║
    ║                                                                         ║
    ║ <3 Playwright Team                                                      ║
    ╚═════════════════════════════════════════════════════════════════════════╝
]]>
</failure>
</testcase>
<testcase name="Roles and Permissions › should control project access based on permissions" classname="roles-permissions.test.ts" time="0.011">
<failure message="roles-permissions.test.ts:60:3 should control project access based on permissions" type="FAILURE">
<![CDATA[  [Mobile Safari] › roles-permissions.test.ts:60:3 › Roles and Permissions › should control project access based on permissions 

    Error: browserType.launch: Executable doesn't exist at C:\Users\Angelo A. Dela Cruz\AppData\Local\ms-playwright\webkit-2203\Playwright.exe
    ╔═════════════════════════════════════════════════════════════════════════╗
    ║ Looks like Playwright Test or Playwright was just installed or updated. ║
    ║ Please run the following command to download new browsers:              ║
    ║                                                                         ║
    ║     npx playwright install                                              ║
    ║                                                                         ║
    ║ <3 Playwright Team                                                      ║
    ╚═════════════════════════════════════════════════════════════════════════╝
]]>
</failure>
</testcase>
<testcase name="Roles and Permissions › should enforce timesheet permissions" classname="roles-permissions.test.ts" time="0.011">
<failure message="roles-permissions.test.ts:79:3 should enforce timesheet permissions" type="FAILURE">
<![CDATA[  [Mobile Safari] › roles-permissions.test.ts:79:3 › Roles and Permissions › should enforce timesheet permissions 

    Error: browserType.launch: Executable doesn't exist at C:\Users\Angelo A. Dela Cruz\AppData\Local\ms-playwright\webkit-2203\Playwright.exe
    ╔═════════════════════════════════════════════════════════════════════════╗
    ║ Looks like Playwright Test or Playwright was just installed or updated. ║
    ║ Please run the following command to download new browsers:              ║
    ║                                                                         ║
    ║     npx playwright install                                              ║
    ║                                                                         ║
    ║ <3 Playwright Team                                                      ║
    ╚═════════════════════════════════════════════════════════════════════════╝
]]>
</failure>
</testcase>
<testcase name="Roles and Permissions › should handle unauthorized access gracefully" classname="roles-permissions.test.ts" time="0.009">
<failure message="roles-permissions.test.ts:110:3 should handle unauthorized access gracefully" type="FAILURE">
<![CDATA[  [Mobile Safari] › roles-permissions.test.ts:110:3 › Roles and Permissions › should handle unauthorized access gracefully 

    Error: browserType.launch: Executable doesn't exist at C:\Users\Angelo A. Dela Cruz\AppData\Local\ms-playwright\webkit-2203\Playwright.exe
    ╔═════════════════════════════════════════════════════════════════════════╗
    ║ Looks like Playwright Test or Playwright was just installed or updated. ║
    ║ Please run the following command to download new browsers:              ║
    ║                                                                         ║
    ║     npx playwright install                                              ║
    ║                                                                         ║
    ║ <3 Playwright Team                                                      ║
    ╚═════════════════════════════════════════════════════════════════════════╝
]]>
</failure>
</testcase>
<testcase name="Roles and Permissions › should maintain permission consistency across navigation" classname="roles-permissions.test.ts" time="0.01">
<failure message="roles-permissions.test.ts:125:3 should maintain permission consistency across navigation" type="FAILURE">
<![CDATA[  [Mobile Safari] › roles-permissions.test.ts:125:3 › Roles and Permissions › should maintain permission consistency across navigation 

    Error: browserType.launch: Executable doesn't exist at C:\Users\Angelo A. Dela Cruz\AppData\Local\ms-playwright\webkit-2203\Playwright.exe
    ╔═════════════════════════════════════════════════════════════════════════╗
    ║ Looks like Playwright Test or Playwright was just installed or updated. ║
    ║ Please run the following command to download new browsers:              ║
    ║                                                                         ║
    ║     npx playwright install                                              ║
    ║                                                                         ║
    ║ <3 Playwright Team                                                      ║
    ╚═════════════════════════════════════════════════════════════════════════╝
]]>
</failure>
</testcase>
<testcase name="Roles and Permissions › should show appropriate UI elements based on user role" classname="roles-permissions.test.ts" time="0.011">
<failure message="roles-permissions.test.ts:148:3 should show appropriate UI elements based on user role" type="FAILURE">
<![CDATA[  [Mobile Safari] › roles-permissions.test.ts:148:3 › Roles and Permissions › should show appropriate UI elements based on user role 

    Error: browserType.launch: Executable doesn't exist at C:\Users\Angelo A. Dela Cruz\AppData\Local\ms-playwright\webkit-2203\Playwright.exe
    ╔═════════════════════════════════════════════════════════════════════════╗
    ║ Looks like Playwright Test or Playwright was just installed or updated. ║
    ║ Please run the following command to download new browsers:              ║
    ║                                                                         ║
    ║     npx playwright install                                              ║
    ║                                                                         ║
    ║ <3 Playwright Team                                                      ║
    ╚═════════════════════════════════════════════════════════════════════════╝
]]>
</failure>
</testcase>
<testcase name="Roles and Permissions › should handle session expiration" classname="roles-permissions.test.ts" time="0.007">
<failure message="roles-permissions.test.ts:166:3 should handle session expiration" type="FAILURE">
<![CDATA[  [Mobile Safari] › roles-permissions.test.ts:166:3 › Roles and Permissions › should handle session expiration 

    Error: browserType.launch: Executable doesn't exist at C:\Users\Angelo A. Dela Cruz\AppData\Local\ms-playwright\webkit-2203\Playwright.exe
    ╔═════════════════════════════════════════════════════════════════════════╗
    ║ Looks like Playwright Test or Playwright was just installed or updated. ║
    ║ Please run the following command to download new browsers:              ║
    ║                                                                         ║
    ║     npx playwright install                                              ║
    ║                                                                         ║
    ║ <3 Playwright Team                                                      ║
    ╚═════════════════════════════════════════════════════════════════════════╝
]]>
</failure>
</testcase>
<testcase name="Roles and Permissions › should validate CRUD permissions on resources" classname="roles-permissions.test.ts" time="0.01">
<failure message="roles-permissions.test.ts:181:3 should validate CRUD permissions on resources" type="FAILURE">
<![CDATA[  [Mobile Safari] › roles-permissions.test.ts:181:3 › Roles and Permissions › should validate CRUD permissions on resources 

    Error: browserType.launch: Executable doesn't exist at C:\Users\Angelo A. Dela Cruz\AppData\Local\ms-playwright\webkit-2203\Playwright.exe
    ╔═════════════════════════════════════════════════════════════════════════╗
    ║ Looks like Playwright Test or Playwright was just installed or updated. ║
    ║ Please run the following command to download new browsers:              ║
    ║                                                                         ║
    ║     npx playwright install                                              ║
    ║                                                                         ║
    ║ <3 Playwright Team                                                      ║
    ╚═════════════════════════════════════════════════════════════════════════╝
]]>
</failure>
</testcase>
<testcase name="Roles and Permissions › should prevent cross-user data modification" classname="roles-permissions.test.ts" time="0.022">
<failure message="roles-permissions.test.ts:207:3 should prevent cross-user data modification" type="FAILURE">
<![CDATA[  [Mobile Safari] › roles-permissions.test.ts:207:3 › Roles and Permissions › should prevent cross-user data modification 

    Error: browserType.launch: Executable doesn't exist at C:\Users\Angelo A. Dela Cruz\AppData\Local\ms-playwright\webkit-2203\Playwright.exe
    ╔═════════════════════════════════════════════════════════════════════════╗
    ║ Looks like Playwright Test or Playwright was just installed or updated. ║
    ║ Please run the following command to download new browsers:              ║
    ║                                                                         ║
    ║     npx playwright install                                              ║
    ║                                                                         ║
    ║ <3 Playwright Team                                                      ║
    ╚═════════════════════════════════════════════════════════════════════════╝
]]>
</failure>
</testcase>
<testcase name="Roles and Permissions › should apply role-based API access control" classname="roles-permissions.test.ts" time="0.007">
<failure message="roles-permissions.test.ts:222:3 should apply role-based API access control" type="FAILURE">
<![CDATA[  [Mobile Safari] › roles-permissions.test.ts:222:3 › Roles and Permissions › should apply role-based API access control 

    Error: browserType.launch: Executable doesn't exist at C:\Users\Angelo A. Dela Cruz\AppData\Local\ms-playwright\webkit-2203\Playwright.exe
    ╔═════════════════════════════════════════════════════════════════════════╗
    ║ Looks like Playwright Test or Playwright was just installed or updated. ║
    ║ Please run the following command to download new browsers:              ║
    ║                                                                         ║
    ║     npx playwright install                                              ║
    ║                                                                         ║
    ║ <3 Playwright Team                                                      ║
    ╚═════════════════════════════════════════════════════════════════════════╝
]]>
</failure>
</testcase>
</testsuite>
<testsuite name="timesheets-basic.test.ts" timestamp="2025-09-10T03:45:18.181Z" hostname="Mobile Safari" tests="5" failures="5" skipped="0" time="0.055" errors="0">
<testcase name="Timesheets Basic Tests › should require authentication for timesheets" classname="timesheets-basic.test.ts" time="0.008">
<failure message="timesheets-basic.test.ts:7:3 should require authentication for timesheets" type="FAILURE">
<![CDATA[  [Mobile Safari] › timesheets-basic.test.ts:7:3 › Timesheets Basic Tests › should require authentication for timesheets 

    Error: browserType.launch: Executable doesn't exist at C:\Users\Angelo A. Dela Cruz\AppData\Local\ms-playwright\webkit-2203\Playwright.exe
    ╔═════════════════════════════════════════════════════════════════════════╗
    ║ Looks like Playwright Test or Playwright was just installed or updated. ║
    ║ Please run the following command to download new browsers:              ║
    ║                                                                         ║
    ║     npx playwright install                                              ║
    ║                                                                         ║
    ║ <3 Playwright Team                                                      ║
    ╚═════════════════════════════════════════════════════════════════════════╝
]]>
</failure>
</testcase>
<testcase name="Timesheets Basic Tests › should access timesheets after login" classname="timesheets-basic.test.ts" time="0.011">
<failure message="timesheets-basic.test.ts:18:3 should access timesheets after login" type="FAILURE">
<![CDATA[  [Mobile Safari] › timesheets-basic.test.ts:18:3 › Timesheets Basic Tests › should access timesheets after login 

    Error: browserType.launch: Executable doesn't exist at C:\Users\Angelo A. Dela Cruz\AppData\Local\ms-playwright\webkit-2203\Playwright.exe
    ╔═════════════════════════════════════════════════════════════════════════╗
    ║ Looks like Playwright Test or Playwright was just installed or updated. ║
    ║ Please run the following command to download new browsers:              ║
    ║                                                                         ║
    ║     npx playwright install                                              ║
    ║                                                                         ║
    ║ <3 Playwright Team                                                      ║
    ╚═════════════════════════════════════════════════════════════════════════╝
]]>
</failure>
</testcase>
<testcase name="Timesheets Basic Tests › should check for AG-Grid or timesheet content" classname="timesheets-basic.test.ts" time="0.011">
<failure message="timesheets-basic.test.ts:40:3 should check for AG-Grid or timesheet content" type="FAILURE">
<![CDATA[  [Mobile Safari] › timesheets-basic.test.ts:40:3 › Timesheets Basic Tests › should check for AG-Grid or timesheet content 

    Error: browserType.launch: Executable doesn't exist at C:\Users\Angelo A. Dela Cruz\AppData\Local\ms-playwright\webkit-2203\Playwright.exe
    ╔═════════════════════════════════════════════════════════════════════════╗
    ║ Looks like Playwright Test or Playwright was just installed or updated. ║
    ║ Please run the following command to download new browsers:              ║
    ║                                                                         ║
    ║     npx playwright install                                              ║
    ║                                                                         ║
    ║ <3 Playwright Team                                                      ║
    ╚═════════════════════════════════════════════════════════════════════════╝
]]>
</failure>
</testcase>
<testcase name="Timesheets Basic Tests › should look for AG-Grid elements" classname="timesheets-basic.test.ts" time="0.011">
<failure message="timesheets-basic.test.ts:67:3 should look for AG-Grid elements" type="FAILURE">
<![CDATA[  [Mobile Safari] › timesheets-basic.test.ts:67:3 › Timesheets Basic Tests › should look for AG-Grid elements 

    Error: browserType.launch: Executable doesn't exist at C:\Users\Angelo A. Dela Cruz\AppData\Local\ms-playwright\webkit-2203\Playwright.exe
    ╔═════════════════════════════════════════════════════════════════════════╗
    ║ Looks like Playwright Test or Playwright was just installed or updated. ║
    ║ Please run the following command to download new browsers:              ║
    ║                                                                         ║
    ║     npx playwright install                                              ║
    ║                                                                         ║
    ║ <3 Playwright Team                                                      ║
    ╚═════════════════════════════════════════════════════════════════════════╝
]]>
</failure>
</testcase>
<testcase name="Timesheets Basic Tests › should check for timesheet actions" classname="timesheets-basic.test.ts" time="0.014">
<failure message="timesheets-basic.test.ts:106:3 should check for timesheet actions" type="FAILURE">
<![CDATA[  [Mobile Safari] › timesheets-basic.test.ts:106:3 › Timesheets Basic Tests › should check for timesheet actions 

    Error: browserType.launch: Executable doesn't exist at C:\Users\Angelo A. Dela Cruz\AppData\Local\ms-playwright\webkit-2203\Playwright.exe
    ╔═════════════════════════════════════════════════════════════════════════╗
    ║ Looks like Playwright Test or Playwright was just installed or updated. ║
    ║ Please run the following command to download new browsers:              ║
    ║                                                                         ║
    ║     npx playwright install                                              ║
    ║                                                                         ║
    ║ <3 Playwright Team                                                      ║
    ╚═════════════════════════════════════════════════════════════════════════╝
]]>
</failure>
</testcase>
</testsuite>
<testsuite name="timesheets-fixed.test.ts" timestamp="2025-09-10T03:45:18.181Z" hostname="Mobile Safari" tests="8" failures="8" skipped="0" time="0.092" errors="0">
<testcase name="Timesheets Management - Fixed › should access timesheets page when authenticated" classname="timesheets-fixed.test.ts" time="0.011">
<failure message="timesheets-fixed.test.ts:15:3 should access timesheets page when authenticated" type="FAILURE">
<![CDATA[  [Mobile Safari] › timesheets-fixed.test.ts:15:3 › Timesheets Management - Fixed › should access timesheets page when authenticated 

    Error: browserType.launch: Executable doesn't exist at C:\Users\Angelo A. Dela Cruz\AppData\Local\ms-playwright\webkit-2203\Playwright.exe
    ╔═════════════════════════════════════════════════════════════════════════╗
    ║ Looks like Playwright Test or Playwright was just installed or updated. ║
    ║ Please run the following command to download new browsers:              ║
    ║                                                                         ║
    ║     npx playwright install                                              ║
    ║                                                                         ║
    ║ <3 Playwright Team                                                      ║
    ╚═════════════════════════════════════════════════════════════════════════╝
]]>
</failure>
</testcase>
<testcase name="Timesheets Management - Fixed › should redirect to login when not authenticated" classname="timesheets-fixed.test.ts" time="0.015">
<failure message="timesheets-fixed.test.ts:33:3 should redirect to login when not authenticated" type="FAILURE">
<![CDATA[  [Mobile Safari] › timesheets-fixed.test.ts:33:3 › Timesheets Management - Fixed › should redirect to login when not authenticated 

    Error: browserType.launch: Executable doesn't exist at C:\Users\Angelo A. Dela Cruz\AppData\Local\ms-playwright\webkit-2203\Playwright.exe
    ╔═════════════════════════════════════════════════════════════════════════╗
    ║ Looks like Playwright Test or Playwright was just installed or updated. ║
    ║ Please run the following command to download new browsers:              ║
    ║                                                                         ║
    ║     npx playwright install                                              ║
    ║                                                                         ║
    ║ <3 Playwright Team                                                      ║
    ╚═════════════════════════════════════════════════════════════════════════╝
]]>
</failure>
</testcase>
<testcase name="Timesheets Management - Fixed › should display AG-Grid with headers" classname="timesheets-fixed.test.ts" time="0.011">
<failure message="timesheets-fixed.test.ts:49:3 should display AG-Grid with headers" type="FAILURE">
<![CDATA[  [Mobile Safari] › timesheets-fixed.test.ts:49:3 › Timesheets Management - Fixed › should display AG-Grid with headers 

    Error: browserType.launch: Executable doesn't exist at C:\Users\Angelo A. Dela Cruz\AppData\Local\ms-playwright\webkit-2203\Playwright.exe
    ╔═════════════════════════════════════════════════════════════════════════╗
    ║ Looks like Playwright Test or Playwright was just installed or updated. ║
    ║ Please run the following command to download new browsers:              ║
    ║                                                                         ║
    ║     npx playwright install                                              ║
    ║                                                                         ║
    ║ <3 Playwright Team                                                      ║
    ╚═════════════════════════════════════════════════════════════════════════╝
]]>
</failure>
</testcase>
<testcase name="Timesheets Management - Fixed › should have add timesheet functionality" classname="timesheets-fixed.test.ts" time="0.013">
<failure message="timesheets-fixed.test.ts:69:3 should have add timesheet functionality" type="FAILURE">
<![CDATA[  [Mobile Safari] › timesheets-fixed.test.ts:69:3 › Timesheets Management - Fixed › should have add timesheet functionality 

    Error: browserType.launch: Executable doesn't exist at C:\Users\Angelo A. Dela Cruz\AppData\Local\ms-playwright\webkit-2203\Playwright.exe
    ╔═════════════════════════════════════════════════════════════════════════╗
    ║ Looks like Playwright Test or Playwright was just installed or updated. ║
    ║ Please run the following command to download new browsers:              ║
    ║                                                                         ║
    ║     npx playwright install                                              ║
    ║                                                                         ║
    ║ <3 Playwright Team                                                      ║
    ╚═════════════════════════════════════════════════════════════════════════╝
]]>
</failure>
</testcase>
<testcase name="Timesheets Management - Fixed › should handle row expansion for DTRs" classname="timesheets-fixed.test.ts" time="0.011">
<failure message="timesheets-fixed.test.ts:95:3 should handle row expansion for DTRs" type="FAILURE">
<![CDATA[  [Mobile Safari] › timesheets-fixed.test.ts:95:3 › Timesheets Management - Fixed › should handle row expansion for DTRs 

    Error: browserType.launch: Executable doesn't exist at C:\Users\Angelo A. Dela Cruz\AppData\Local\ms-playwright\webkit-2203\Playwright.exe
    ╔═════════════════════════════════════════════════════════════════════════╗
    ║ Looks like Playwright Test or Playwright was just installed or updated. ║
    ║ Please run the following command to download new browsers:              ║
    ║                                                                         ║
    ║     npx playwright install                                              ║
    ║                                                                         ║
    ║ <3 Playwright Team                                                      ║
    ╚═════════════════════════════════════════════════════════════════════════╝
]]>
</failure>
</testcase>
<testcase name="Timesheets Management - Fixed › should display timesheet data or empty state" classname="timesheets-fixed.test.ts" time="0.012">
<failure message="timesheets-fixed.test.ts:128:3 should display timesheet data or empty state" type="FAILURE">
<![CDATA[  [Mobile Safari] › timesheets-fixed.test.ts:128:3 › Timesheets Management - Fixed › should display timesheet data or empty state 

    Error: browserType.launch: Executable doesn't exist at C:\Users\Angelo A. Dela Cruz\AppData\Local\ms-playwright\webkit-2203\Playwright.exe
    ╔═════════════════════════════════════════════════════════════════════════╗
    ║ Looks like Playwright Test or Playwright was just installed or updated. ║
    ║ Please run the following command to download new browsers:              ║
    ║                                                                         ║
    ║     npx playwright install                                              ║
    ║                                                                         ║
    ║ <3 Playwright Team                                                      ║
    ╚═════════════════════════════════════════════════════════════════════════╝
]]>
</failure>
</testcase>
<testcase name="Timesheets Management - Fixed › should have filter/search functionality" classname="timesheets-fixed.test.ts" time="0.011">
<failure message="timesheets-fixed.test.ts:147:3 should have filter/search functionality" type="FAILURE">
<![CDATA[  [Mobile Safari] › timesheets-fixed.test.ts:147:3 › Timesheets Management - Fixed › should have filter/search functionality 

    Error: browserType.launch: Executable doesn't exist at C:\Users\Angelo A. Dela Cruz\AppData\Local\ms-playwright\webkit-2203\Playwright.exe
    ╔═════════════════════════════════════════════════════════════════════════╗
    ║ Looks like Playwright Test or Playwright was just installed or updated. ║
    ║ Please run the following command to download new browsers:              ║
    ║                                                                         ║
    ║     npx playwright install                                              ║
    ║                                                                         ║
    ║ <3 Playwright Team                                                      ║
    ╚═════════════════════════════════════════════════════════════════════════╝
]]>
</failure>
</testcase>
<testcase name="Timesheets Management - Fixed › should verify single expansion policy" classname="timesheets-fixed.test.ts" time="0.008">
<failure message="timesheets-fixed.test.ts:164:3 should verify single expansion policy" type="FAILURE">
<![CDATA[  [Mobile Safari] › timesheets-fixed.test.ts:164:3 › Timesheets Management - Fixed › should verify single expansion policy 

    Error: browserType.launch: Executable doesn't exist at C:\Users\Angelo A. Dela Cruz\AppData\Local\ms-playwright\webkit-2203\Playwright.exe
    ╔═════════════════════════════════════════════════════════════════════════╗
    ║ Looks like Playwright Test or Playwright was just installed or updated. ║
    ║ Please run the following command to download new browsers:              ║
    ║                                                                         ║
    ║     npx playwright install                                              ║
    ║                                                                         ║
    ║ <3 Playwright Team                                                      ║
    ╚═════════════════════════════════════════════════════════════════════════╝
]]>
</failure>
</testcase>
</testsuite>
<testsuite name="timesheets.test.ts" timestamp="2025-09-10T03:45:18.181Z" hostname="Mobile Safari" tests="13" failures="13" skipped="0" time="0.145" errors="0">
<testcase name="Timesheet Management › should require authentication to access timesheets" classname="timesheets.test.ts" time="0.01">
<failure message="timesheets.test.ts:7:3 should require authentication to access timesheets" type="FAILURE">
<![CDATA[  [Mobile Safari] › timesheets.test.ts:7:3 › Timesheet Management › should require authentication to access timesheets 

    Error: browserType.launch: Executable doesn't exist at C:\Users\Angelo A. Dela Cruz\AppData\Local\ms-playwright\webkit-2203\Playwright.exe
    ╔═════════════════════════════════════════════════════════════════════════╗
    ║ Looks like Playwright Test or Playwright was just installed or updated. ║
    ║ Please run the following command to download new browsers:              ║
    ║                                                                         ║
    ║     npx playwright install                                              ║
    ║                                                                         ║
    ║ <3 Playwright Team                                                      ║
    ╚═════════════════════════════════════════════════════════════════════════╝
]]>
</failure>
</testcase>
<testcase name="Timesheet Management › should display timesheet grid for authenticated users" classname="timesheets.test.ts" time="0.014">
<failure message="timesheets.test.ts:16:3 should display timesheet grid for authenticated users" type="FAILURE">
<![CDATA[  [Mobile Safari] › timesheets.test.ts:16:3 › Timesheet Management › should display timesheet grid for authenticated users 

    Error: browserType.launch: Executable doesn't exist at C:\Users\Angelo A. Dela Cruz\AppData\Local\ms-playwright\webkit-2203\Playwright.exe
    ╔═════════════════════════════════════════════════════════════════════════╗
    ║ Looks like Playwright Test or Playwright was just installed or updated. ║
    ║ Please run the following command to download new browsers:              ║
    ║                                                                         ║
    ║     npx playwright install                                              ║
    ║                                                                         ║
    ║ <3 Playwright Team                                                      ║
    ╚═════════════════════════════════════════════════════════════════════════╝
]]>
</failure>
</testcase>
<testcase name="Timesheet Management › should create a new timesheet" classname="timesheets.test.ts" time="0.011">
<failure message="timesheets.test.ts:33:3 should create a new timesheet" type="FAILURE">
<![CDATA[  [Mobile Safari] › timesheets.test.ts:33:3 › Timesheet Management › should create a new timesheet ─

    Error: browserType.launch: Executable doesn't exist at C:\Users\Angelo A. Dela Cruz\AppData\Local\ms-playwright\webkit-2203\Playwright.exe
    ╔═════════════════════════════════════════════════════════════════════════╗
    ║ Looks like Playwright Test or Playwright was just installed or updated. ║
    ║ Please run the following command to download new browsers:              ║
    ║                                                                         ║
    ║     npx playwright install                                              ║
    ║                                                                         ║
    ║ <3 Playwright Team                                                      ║
    ╚═════════════════════════════════════════════════════════════════════════╝
]]>
</failure>
</testcase>
<testcase name="Timesheet Management › should expand timesheet to show DTRs" classname="timesheets.test.ts" time="0.009">
<failure message="timesheets.test.ts:78:3 should expand timesheet to show DTRs" type="FAILURE">
<![CDATA[  [Mobile Safari] › timesheets.test.ts:78:3 › Timesheet Management › should expand timesheet to show DTRs 

    Error: browserType.launch: Executable doesn't exist at C:\Users\Angelo A. Dela Cruz\AppData\Local\ms-playwright\webkit-2203\Playwright.exe
    ╔═════════════════════════════════════════════════════════════════════════╗
    ║ Looks like Playwright Test or Playwright was just installed or updated. ║
    ║ Please run the following command to download new browsers:              ║
    ║                                                                         ║
    ║     npx playwright install                                              ║
    ║                                                                         ║
    ║ <3 Playwright Team                                                      ║
    ╚═════════════════════════════════════════════════════════════════════════╝
]]>
</failure>
</testcase>
<testcase name="Timesheet Management › should add DTR to timesheet" classname="timesheets.test.ts" time="0.011">
<failure message="timesheets.test.ts:99:3 should add DTR to timesheet" type="FAILURE">
<![CDATA[  [Mobile Safari] › timesheets.test.ts:99:3 › Timesheet Management › should add DTR to timesheet ───

    Error: browserType.launch: Executable doesn't exist at C:\Users\Angelo A. Dela Cruz\AppData\Local\ms-playwright\webkit-2203\Playwright.exe
    ╔═════════════════════════════════════════════════════════════════════════╗
    ║ Looks like Playwright Test or Playwright was just installed or updated. ║
    ║ Please run the following command to download new browsers:              ║
    ║                                                                         ║
    ║     npx playwright install                                              ║
    ║                                                                         ║
    ║ <3 Playwright Team                                                      ║
    ╚═════════════════════════════════════════════════════════════════════════╝
]]>
</failure>
</testcase>
<testcase name="Timesheet Management › should add timelog to DTR" classname="timesheets.test.ts" time="0.013">
<failure message="timesheets.test.ts:132:3 should add timelog to DTR" type="FAILURE">
<![CDATA[  [Mobile Safari] › timesheets.test.ts:132:3 › Timesheet Management › should add timelog to DTR ────

    Error: browserType.launch: Executable doesn't exist at C:\Users\Angelo A. Dela Cruz\AppData\Local\ms-playwright\webkit-2203\Playwright.exe
    ╔═════════════════════════════════════════════════════════════════════════╗
    ║ Looks like Playwright Test or Playwright was just installed or updated. ║
    ║ Please run the following command to download new browsers:              ║
    ║                                                                         ║
    ║     npx playwright install                                              ║
    ║                                                                         ║
    ║ <3 Playwright Team                                                      ║
    ╚═════════════════════════════════════════════════════════════════════════╝
]]>
</failure>
</testcase>
<testcase name="Timesheet Management › should add clock event to timelog" classname="timesheets.test.ts" time="0.014">
<failure message="timesheets.test.ts:177:3 should add clock event to timelog" type="FAILURE">
<![CDATA[  [Mobile Safari] › timesheets.test.ts:177:3 › Timesheet Management › should add clock event to timelog 

    Error: browserType.launch: Executable doesn't exist at C:\Users\Angelo A. Dela Cruz\AppData\Local\ms-playwright\webkit-2203\Playwright.exe
    ╔═════════════════════════════════════════════════════════════════════════╗
    ║ Looks like Playwright Test or Playwright was just installed or updated. ║
    ║ Please run the following command to download new browsers:              ║
    ║                                                                         ║
    ║     npx playwright install                                              ║
    ║                                                                         ║
    ║ <3 Playwright Team                                                      ║
    ╚═════════════════════════════════════════════════════════════════════════╝
]]>
</failure>
</testcase>
<testcase name="Timesheet Management › should edit timesheet details" classname="timesheets.test.ts" time="0.011">
<failure message="timesheets.test.ts:225:3 should edit timesheet details" type="FAILURE">
<![CDATA[  [Mobile Safari] › timesheets.test.ts:225:3 › Timesheet Management › should edit timesheet details 

    Error: browserType.launch: Executable doesn't exist at C:\Users\Angelo A. Dela Cruz\AppData\Local\ms-playwright\webkit-2203\Playwright.exe
    ╔═════════════════════════════════════════════════════════════════════════╗
    ║ Looks like Playwright Test or Playwright was just installed or updated. ║
    ║ Please run the following command to download new browsers:              ║
    ║                                                                         ║
    ║     npx playwright install                                              ║
    ║                                                                         ║
    ║ <3 Playwright Team                                                      ║
    ╚═════════════════════════════════════════════════════════════════════════╝
]]>
</failure>
</testcase>
<testcase name="Timesheet Management › should delete clock event" classname="timesheets.test.ts" time="0.012">
<failure message="timesheets.test.ts:255:3 should delete clock event" type="FAILURE">
<![CDATA[  [Mobile Safari] › timesheets.test.ts:255:3 › Timesheet Management › should delete clock event ────

    Error: browserType.launch: Executable doesn't exist at C:\Users\Angelo A. Dela Cruz\AppData\Local\ms-playwright\webkit-2203\Playwright.exe
    ╔═════════════════════════════════════════════════════════════════════════╗
    ║ Looks like Playwright Test or Playwright was just installed or updated. ║
    ║ Please run the following command to download new browsers:              ║
    ║                                                                         ║
    ║     npx playwright install                                              ║
    ║                                                                         ║
    ║ <3 Playwright Team                                                      ║
    ╚═════════════════════════════════════════════════════════════════════════╝
]]>
</failure>
</testcase>
<testcase name="Timesheet Management › should handle single expansion policy" classname="timesheets.test.ts" time="0.01">
<failure message="timesheets.test.ts:280:3 should handle single expansion policy" type="FAILURE">
<![CDATA[  [Mobile Safari] › timesheets.test.ts:280:3 › Timesheet Management › should handle single expansion policy 

    Error: browserType.launch: Executable doesn't exist at C:\Users\Angelo A. Dela Cruz\AppData\Local\ms-playwright\webkit-2203\Playwright.exe
    ╔═════════════════════════════════════════════════════════════════════════╗
    ║ Looks like Playwright Test or Playwright was just installed or updated. ║
    ║ Please run the following command to download new browsers:              ║
    ║                                                                         ║
    ║     npx playwright install                                              ║
    ║                                                                         ║
    ║ <3 Playwright Team                                                      ║
    ╚═════════════════════════════════════════════════════════════════════════╝
]]>
</failure>
</testcase>
<testcase name="Timesheet Management › should calculate total hours correctly" classname="timesheets.test.ts" time="0.011">
<failure message="timesheets.test.ts:308:3 should calculate total hours correctly" type="FAILURE">
<![CDATA[  [Mobile Safari] › timesheets.test.ts:308:3 › Timesheet Management › should calculate total hours correctly 

    Error: browserType.launch: Executable doesn't exist at C:\Users\Angelo A. Dela Cruz\AppData\Local\ms-playwright\webkit-2203\Playwright.exe
    ╔═════════════════════════════════════════════════════════════════════════╗
    ║ Looks like Playwright Test or Playwright was just installed or updated. ║
    ║ Please run the following command to download new browsers:              ║
    ║                                                                         ║
    ║     npx playwright install                                              ║
    ║                                                                         ║
    ║ <3 Playwright Team                                                      ║
    ╚═════════════════════════════════════════════════════════════════════════╝
]]>
</failure>
</testcase>
<testcase name="Timesheet Management › should filter timesheets by employee" classname="timesheets.test.ts" time="0.008">
<failure message="timesheets.test.ts:324:3 should filter timesheets by employee" type="FAILURE">
<![CDATA[  [Mobile Safari] › timesheets.test.ts:324:3 › Timesheet Management › should filter timesheets by employee 

    Error: browserType.launch: Executable doesn't exist at C:\Users\Angelo A. Dela Cruz\AppData\Local\ms-playwright\webkit-2203\Playwright.exe
    ╔═════════════════════════════════════════════════════════════════════════╗
    ║ Looks like Playwright Test or Playwright was just installed or updated. ║
    ║ Please run the following command to download new browsers:              ║
    ║                                                                         ║
    ║     npx playwright install                                              ║
    ║                                                                         ║
    ║ <3 Playwright Team                                                      ║
    ╚═════════════════════════════════════════════════════════════════════════╝
]]>
</failure>
</testcase>
<testcase name="Timesheet Management › should export timesheet data" classname="timesheets.test.ts" time="0.011">
<failure message="timesheets.test.ts:345:3 should export timesheet data" type="FAILURE">
<![CDATA[  [Mobile Safari] › timesheets.test.ts:345:3 › Timesheet Management › should export timesheet data ─

    Error: browserType.launch: Executable doesn't exist at C:\Users\Angelo A. Dela Cruz\AppData\Local\ms-playwright\webkit-2203\Playwright.exe
    ╔═════════════════════════════════════════════════════════════════════════╗
    ║ Looks like Playwright Test or Playwright was just installed or updated. ║
    ║ Please run the following command to download new browsers:              ║
    ║                                                                         ║
    ║     npx playwright install                                              ║
    ║                                                                         ║
    ║ <3 Playwright Team                                                      ║
    ╚═════════════════════════════════════════════════════════════════════════╝
]]>
</failure>
</testcase>
</testsuite>
<testsuite name="user-search.test.ts" timestamp="2025-09-10T03:45:18.181Z" hostname="Mobile Safari" tests="12" failures="12" skipped="0" time="0.13" errors="0">
<testcase name="User Search Functionality › should handle search with no query" classname="user-search.test.ts" time="0.015">
<failure message="user-search.test.ts:9:3 should handle search with no query" type="FAILURE">
<![CDATA[  [Mobile Safari] › user-search.test.ts:9:3 › User Search Functionality › should handle search with no query 

    Error: browserType.launch: Executable doesn't exist at C:\Users\Angelo A. Dela Cruz\AppData\Local\ms-playwright\webkit-2203\Playwright.exe
    ╔═════════════════════════════════════════════════════════════════════════╗
    ║ Looks like Playwright Test or Playwright was just installed or updated. ║
    ║ Please run the following command to download new browsers:              ║
    ║                                                                         ║
    ║     npx playwright install                                              ║
    ║                                                                         ║
    ║ <3 Playwright Team                                                      ║
    ╚═════════════════════════════════════════════════════════════════════════╝
]]>
</failure>
</testcase>
<testcase name="User Search Functionality › should search for existing user" classname="user-search.test.ts" time="0.017">
<failure message="user-search.test.ts:27:3 should search for existing user" type="FAILURE">
<![CDATA[  [Mobile Safari] › user-search.test.ts:27:3 › User Search Functionality › should search for existing user 

    Error: browserType.launch: Executable doesn't exist at C:\Users\Angelo A. Dela Cruz\AppData\Local\ms-playwright\webkit-2203\Playwright.exe
    ╔═════════════════════════════════════════════════════════════════════════╗
    ║ Looks like Playwright Test or Playwright was just installed or updated. ║
    ║ Please run the following command to download new browsers:              ║
    ║                                                                         ║
    ║     npx playwright install                                              ║
    ║                                                                         ║
    ║ <3 Playwright Team                                                      ║
    ╚═════════════════════════════════════════════════════════════════════════╝
]]>
</failure>
</testcase>
<testcase name="User Search Functionality › should handle search with no results" classname="user-search.test.ts" time="0.01">
<failure message="user-search.test.ts:46:3 should handle search with no results" type="FAILURE">
<![CDATA[  [Mobile Safari] › user-search.test.ts:46:3 › User Search Functionality › should handle search with no results 

    Error: browserType.launch: Executable doesn't exist at C:\Users\Angelo A. Dela Cruz\AppData\Local\ms-playwright\webkit-2203\Playwright.exe
    ╔═════════════════════════════════════════════════════════════════════════╗
    ║ Looks like Playwright Test or Playwright was just installed or updated. ║
    ║ Please run the following command to download new browsers:              ║
    ║                                                                         ║
    ║     npx playwright install                                              ║
    ║                                                                         ║
    ║ <3 Playwright Team                                                      ║
    ╚═════════════════════════════════════════════════════════════════════════╝
]]>
</failure>
</testcase>
<testcase name="User Search Functionality › should handle partial search terms" classname="user-search.test.ts" time="0.008">
<failure message="user-search.test.ts:66:3 should handle partial search terms" type="FAILURE">
<![CDATA[  [Mobile Safari] › user-search.test.ts:66:3 › User Search Functionality › should handle partial search terms 

    Error: browserType.launch: Executable doesn't exist at C:\Users\Angelo A. Dela Cruz\AppData\Local\ms-playwright\webkit-2203\Playwright.exe
    ╔═════════════════════════════════════════════════════════════════════════╗
    ║ Looks like Playwright Test or Playwright was just installed or updated. ║
    ║ Please run the following command to download new browsers:              ║
    ║                                                                         ║
    ║     npx playwright install                                              ║
    ║                                                                         ║
    ║ <3 Playwright Team                                                      ║
    ╚═════════════════════════════════════════════════════════════════════════╝
]]>
</failure>
</testcase>
<testcase name="User Search Functionality › should handle special characters in search" classname="user-search.test.ts" time="0.009">
<failure message="user-search.test.ts:89:3 should handle special characters in search" type="FAILURE">
<![CDATA[  [Mobile Safari] › user-search.test.ts:89:3 › User Search Functionality › should handle special characters in search 

    Error: browserType.launch: Executable doesn't exist at C:\Users\Angelo A. Dela Cruz\AppData\Local\ms-playwright\webkit-2203\Playwright.exe
    ╔═════════════════════════════════════════════════════════════════════════╗
    ║ Looks like Playwright Test or Playwright was just installed or updated. ║
    ║ Please run the following command to download new browsers:              ║
    ║                                                                         ║
    ║     npx playwright install                                              ║
    ║                                                                         ║
    ║ <3 Playwright Team                                                      ║
    ╚═════════════════════════════════════════════════════════════════════════╝
]]>
</failure>
</testcase>
<testcase name="User Search Functionality › should handle case-insensitive search" classname="user-search.test.ts" time="0.01">
<failure message="user-search.test.ts:110:3 should handle case-insensitive search" type="FAILURE">
<![CDATA[  [Mobile Safari] › user-search.test.ts:110:3 › User Search Functionality › should handle case-insensitive search 

    Error: browserType.launch: Executable doesn't exist at C:\Users\Angelo A. Dela Cruz\AppData\Local\ms-playwright\webkit-2203\Playwright.exe
    ╔═════════════════════════════════════════════════════════════════════════╗
    ║ Looks like Playwright Test or Playwright was just installed or updated. ║
    ║ Please run the following command to download new browsers:              ║
    ║                                                                         ║
    ║     npx playwright install                                              ║
    ║                                                                         ║
    ║ <3 Playwright Team                                                      ║
    ╚═════════════════════════════════════════════════════════════════════════╝
]]>
</failure>
</testcase>
<testcase name="User Search Functionality › should update search via input field if available" classname="user-search.test.ts" time="0.012">
<failure message="user-search.test.ts:125:3 should update search via input field if available" type="FAILURE">
<![CDATA[  [Mobile Safari] › user-search.test.ts:125:3 › User Search Functionality › should update search via input field if available 

    Error: browserType.launch: Executable doesn't exist at C:\Users\Angelo A. Dela Cruz\AppData\Local\ms-playwright\webkit-2203\Playwright.exe
    ╔═════════════════════════════════════════════════════════════════════════╗
    ║ Looks like Playwright Test or Playwright was just installed or updated. ║
    ║ Please run the following command to download new browsers:              ║
    ║                                                                         ║
    ║     npx playwright install                                              ║
    ║                                                                         ║
    ║ <3 Playwright Team                                                      ║
    ╚═════════════════════════════════════════════════════════════════════════╝
]]>
</failure>
</testcase>
<testcase name="User Search Functionality › should handle empty search parameter" classname="user-search.test.ts" time="0.01">
<failure message="user-search.test.ts:156:3 should handle empty search parameter" type="FAILURE">
<![CDATA[  [Mobile Safari] › user-search.test.ts:156:3 › User Search Functionality › should handle empty search parameter 

    Error: browserType.launch: Executable doesn't exist at C:\Users\Angelo A. Dela Cruz\AppData\Local\ms-playwright\webkit-2203\Playwright.exe
    ╔═════════════════════════════════════════════════════════════════════════╗
    ║ Looks like Playwright Test or Playwright was just installed or updated. ║
    ║ Please run the following command to download new browsers:              ║
    ║                                                                         ║
    ║     npx playwright install                                              ║
    ║                                                                         ║
    ║ <3 Playwright Team                                                      ║
    ╚═════════════════════════════════════════════════════════════════════════╝
]]>
</failure>
</testcase>
<testcase name="User Search Functionality › should preserve search across navigation" classname="user-search.test.ts" time="0.012">
<failure message="user-search.test.ts:172:3 should preserve search across navigation" type="FAILURE">
<![CDATA[  [Mobile Safari] › user-search.test.ts:172:3 › User Search Functionality › should preserve search across navigation 

    Error: browserType.launch: Executable doesn't exist at C:\Users\Angelo A. Dela Cruz\AppData\Local\ms-playwright\webkit-2203\Playwright.exe
    ╔═════════════════════════════════════════════════════════════════════════╗
    ║ Looks like Playwright Test or Playwright was just installed or updated. ║
    ║ Please run the following command to download new browsers:              ║
    ║                                                                         ║
    ║     npx playwright install                                              ║
    ║                                                                         ║
    ║ <3 Playwright Team                                                      ║
    ╚═════════════════════════════════════════════════════════════════════════╝
]]>
</failure>
</testcase>
<testcase name="User Search Functionality › should handle multiple search parameters" classname="user-search.test.ts" time="0.009">
<failure message="user-search.test.ts:202:3 should handle multiple search parameters" type="FAILURE">
<![CDATA[  [Mobile Safari] › user-search.test.ts:202:3 › User Search Functionality › should handle multiple search parameters 

    Error: browserType.launch: Executable doesn't exist at C:\Users\Angelo A. Dela Cruz\AppData\Local\ms-playwright\webkit-2203\Playwright.exe
    ╔═════════════════════════════════════════════════════════════════════════╗
    ║ Looks like Playwright Test or Playwright was just installed or updated. ║
    ║ Please run the following command to download new browsers:              ║
    ║                                                                         ║
    ║     npx playwright install                                              ║
    ║                                                                         ║
    ║ <3 Playwright Team                                                      ║
    ╚═════════════════════════════════════════════════════════════════════════╝
]]>
</failure>
</testcase>
<testcase name="User Search Functionality › should handle very long search queries" classname="user-search.test.ts" time="0.009">
<failure message="user-search.test.ts:219:3 should handle very long search queries" type="FAILURE">
<![CDATA[  [Mobile Safari] › user-search.test.ts:219:3 › User Search Functionality › should handle very long search queries 

    Error: browserType.launch: Executable doesn't exist at C:\Users\Angelo A. Dela Cruz\AppData\Local\ms-playwright\webkit-2203\Playwright.exe
    ╔═════════════════════════════════════════════════════════════════════════╗
    ║ Looks like Playwright Test or Playwright was just installed or updated. ║
    ║ Please run the following command to download new browsers:              ║
    ║                                                                         ║
    ║     npx playwright install                                              ║
    ║                                                                         ║
    ║ <3 Playwright Team                                                      ║
    ╚═════════════════════════════════════════════════════════════════════════╝
]]>
</failure>
</testcase>
<testcase name="User Search Functionality › should search from homepage if search is available" classname="user-search.test.ts" time="0.009">
<failure message="user-search.test.ts:241:3 should search from homepage if search is available" type="FAILURE">
<![CDATA[  [Mobile Safari] › user-search.test.ts:241:3 › User Search Functionality › should search from homepage if search is available 

    Error: browserType.launch: Executable doesn't exist at C:\Users\Angelo A. Dela Cruz\AppData\Local\ms-playwright\webkit-2203\Playwright.exe
    ╔═════════════════════════════════════════════════════════════════════════╗
    ║ Looks like Playwright Test or Playwright was just installed or updated. ║
    ║ Please run the following command to download new browsers:              ║
    ║                                                                         ║
    ║     npx playwright install                                              ║
    ║                                                                         ║
    ║ <3 Playwright Team                                                      ║
    ╚═════════════════════════════════════════════════════════════════════════╝
]]>
</failure>
</testcase>
</testsuite>
</testsuites>